<?xml version="1.0" encoding="UTF-8"?>
<testsuite xmlns:xsi="http://www.w3.org/2001/XMLSchema-instance" xsi:noNamespaceSchemaLocation="https://maven.apache.org/surefire/maven-surefire-plugin/xsd/surefire-test-report.xsd" name="TestSuite" time="18.483" tests="3" errors="0" skipped="1" failures="1">
  <properties>
    <property name="sun.desktop" value="windows"/>
    <property name="awt.toolkit" value="sun.awt.windows.WToolkit"/>
    <property name="file.encoding.pkg" value="sun.io"/>
    <property name="java.specification.version" value="1.8"/>
    <property name="sun.cpu.isalist" value="amd64"/>
    <property name="sun.jnu.encoding" value="GBK"/>
    <property name="java.class.path" value="D:\IDEA\wap-selenium\target\test-classes;D:\IDEA\wap-selenium\target\classes;D:\Server\Maven-Repository\org\seleniumhq\selenium\selenium-java\3.141.59\selenium-java-3.141.59.jar;D:\Server\Maven-Repository\org\seleniumhq\selenium\selenium-api\3.141.59\selenium-api-3.141.59.jar;D:\Server\Maven-Repository\org\seleniumhq\selenium\selenium-chrome-driver\3.141.59\selenium-chrome-driver-3.141.59.jar;D:\Server\Maven-Repository\org\seleniumhq\selenium\selenium-edge-driver\3.141.59\selenium-edge-driver-3.141.59.jar;D:\Server\Maven-Repository\org\seleniumhq\selenium\selenium-firefox-driver\3.141.59\selenium-firefox-driver-3.141.59.jar;D:\Server\Maven-Repository\org\seleniumhq\selenium\selenium-ie-driver\3.141.59\selenium-ie-driver-3.141.59.jar;D:\Server\Maven-Repository\org\seleniumhq\selenium\selenium-opera-driver\3.141.59\selenium-opera-driver-3.141.59.jar;D:\Server\Maven-Repository\org\seleniumhq\selenium\selenium-remote-driver\3.141.59\selenium-remote-driver-3.141.59.jar;D:\Server\Maven-Repository\org\seleniumhq\selenium\selenium-safari-driver\3.141.59\selenium-safari-driver-3.141.59.jar;D:\Server\Maven-Repository\org\seleniumhq\selenium\selenium-support\3.141.59\selenium-support-3.141.59.jar;D:\Server\Maven-Repository\net\bytebuddy\byte-buddy\1.8.15\byte-buddy-1.8.15.jar;D:\Server\Maven-Repository\org\apache\commons\commons-exec\1.3\commons-exec-1.3.jar;D:\Server\Maven-Repository\com\google\guava\guava\25.0-jre\guava-25.0-jre.jar;D:\Server\Maven-Repository\com\google\code\findbugs\jsr305\1.3.9\jsr305-1.3.9.jar;D:\Server\Maven-Repository\org\checkerframework\checker-compat-qual\2.0.0\checker-compat-qual-2.0.0.jar;D:\Server\Maven-Repository\com\google\errorprone\error_prone_annotations\2.1.3\error_prone_annotations-2.1.3.jar;D:\Server\Maven-Repository\com\google\j2objc\j2objc-annotations\1.1\j2objc-annotations-1.1.jar;D:\Server\Maven-Repository\org\codehaus\mojo\animal-sniffer-annotations\1.14\animal-sniffer-annotations-1.14.jar;D:\Server\Maven-Repository\com\squareup\okhttp3\okhttp\3.11.0\okhttp-3.11.0.jar;D:\Server\Maven-Repository\com\squareup\okio\okio\1.14.0\okio-1.14.0.jar;D:\Server\Maven-Repository\org\testng\testng\6.14.3\testng-6.14.3.jar;D:\Server\Maven-Repository\com\beust\jcommander\1.72\jcommander-1.72.jar;D:\Server\Maven-Repository\org\apache-extras\beanshell\bsh\2.0b6\bsh-2.0b6.jar;D:\Server\Maven-Repository\org\projectlombok\lombok\1.18.4\lombok-1.18.4.jar;D:\Server\Maven-Repository\org\slf4j\slf4j-api\1.7.25\slf4j-api-1.7.25.jar;D:\Server\Maven-Repository\org\apache\logging\log4j\log4j-api\2.11.1\log4j-api-2.11.1.jar;D:\Server\Maven-Repository\org\apache\logging\log4j\log4j-core\2.11.1\log4j-core-2.11.1.jar;D:\Server\Maven-Repository\org\apache\logging\log4j\log4j-slf4j-impl\2.11.1\log4j-slf4j-impl-2.11.1.jar;D:\Server\Maven-Repository\junit\junit\4.12\junit-4.12.jar;D:\Server\Maven-Repository\org\hamcrest\hamcrest-core\1.3\hamcrest-core-1.3.jar;D:\Server\Maven-Repository\io\qameta\allure\allure-testng\2.13.3\allure-testng-2.13.3.jar;D:\Server\Maven-Repository\io\qameta\allure\allure-java-commons\2.13.3\allure-java-commons-2.13.3.jar;D:\Server\Maven-Repository\io\qameta\allure\allure-model\2.13.3\allure-model-2.13.3.jar;D:\Server\Maven-Repository\com\fasterxml\jackson\core\jackson-databind\2.9.8\jackson-databind-2.9.8.jar;D:\Server\Maven-Repository\com\fasterxml\jackson\core\jackson-annotations\2.9.0\jackson-annotations-2.9.0.jar;D:\Server\Maven-Repository\com\fasterxml\jackson\core\jackson-core\2.9.8\jackson-core-2.9.8.jar;D:\Server\Maven-Repository\org\apache\tika\tika-core\1.20\tika-core-1.20.jar;D:\Server\Maven-Repository\org\jooq\joor-java-8\0.9.10\joor-java-8-0.9.10.jar;D:\Server\Maven-Repository\ru\yandex\qatools\allure\allure-testng-adaptor\1.3.6\allure-testng-adaptor-1.3.6.jar;D:\Server\Maven-Repository\ru\yandex\qatools\allure\allure-java-aspects\1.3.6\allure-java-aspects-1.3.6.jar;D:\Server\Maven-Repository\ru\yandex\qatools\allure\allure-java-commons\1.3.6\allure-java-commons-1.3.6.jar;D:\Server\Maven-Repository\ru\yandex\qatools\allure\allure-java-annotations\1.3.6\allure-java-annotations-1.3.6.jar;D:\Server\Maven-Repository\ru\yandex\qatools\allure\allure-model\1.3.6\allure-model-1.3.6.jar;D:\Server\Maven-Repository\ru\yandex\qatools\properties\properties-loader\1.4\properties-loader-1.4.jar;D:\Server\Maven-Repository\commons-beanutils\commons-beanutils-core\1.8.3\commons-beanutils-core-1.8.3.jar;D:\Server\Maven-Repository\org\jvnet\jaxb2_commons\jaxb2-basics-runtime\0.6.5\jaxb2-basics-runtime-0.6.5.jar;D:\Server\Maven-Repository\com\sun\xml\bind\jaxb-impl\2.2.7\jaxb-impl-2.2.7.jar;D:\Server\Maven-Repository\com\sun\xml\bind\jaxb-core\2.2.7\jaxb-core-2.2.7.jar;D:\Server\Maven-Repository\javax\xml\bind\jaxb-api\2.2.7\jaxb-api-2.2.7.jar;D:\Server\Maven-Repository\com\sun\istack\istack-commons-runtime\2.16\istack-commons-runtime-2.16.jar;D:\Server\Maven-Repository\com\sun\xml\fastinfoset\FastInfoset\1.2.12\FastInfoset-1.2.12.jar;D:\Server\Maven-Repository\javax\xml\bind\jsr173_api\1.0\jsr173_api-1.0.jar;D:\Server\Maven-Repository\org\aspectj\aspectjrt\1.7.4\aspectjrt-1.7.4.jar;D:\Server\Maven-Repository\net\sourceforge\htmlunit\htmlunit\2.30\htmlunit-2.30.jar;D:\Server\Maven-Repository\xalan\xalan\2.7.2\xalan-2.7.2.jar;D:\Server\Maven-Repository\xalan\serializer\2.7.2\serializer-2.7.2.jar;D:\Server\Maven-Repository\org\apache\commons\commons-lang3\3.7\commons-lang3-3.7.jar;D:\Server\Maven-Repository\org\apache\commons\commons-text\1.3\commons-text-1.3.jar;D:\Server\Maven-Repository\org\apache\httpcomponents\httpmime\4.5.5\httpmime-4.5.5.jar;D:\Server\Maven-Repository\org\apache\httpcomponents\httpclient\4.5.5\httpclient-4.5.5.jar;D:\Server\Maven-Repository\org\apache\httpcomponents\httpcore\4.4.9\httpcore-4.4.9.jar;D:\Server\Maven-Repository\net\sourceforge\htmlunit\htmlunit-core-js\2.28\htmlunit-core-js-2.28.jar;D:\Server\Maven-Repository\net\sourceforge\htmlunit\neko-htmlunit\2.30\neko-htmlunit-2.30.jar;D:\Server\Maven-Repository\xerces\xercesImpl\2.11.0\xercesImpl-2.11.0.jar;D:\Server\Maven-Repository\xml-apis\xml-apis\1.4.01\xml-apis-1.4.01.jar;D:\Server\Maven-Repository\net\sourceforge\htmlunit\htmlunit-cssparser\1.0.0\htmlunit-cssparser-1.0.0.jar;D:\Server\Maven-Repository\commons-io\commons-io\2.6\commons-io-2.6.jar;D:\Server\Maven-Repository\commons-logging\commons-logging\1.2\commons-logging-1.2.jar;D:\Server\Maven-Repository\commons-net\commons-net\3.6\commons-net-3.6.jar;D:\Server\Maven-Repository\org\eclipse\jetty\websocket\websocket-client\9.4.9.v20180320\websocket-client-9.4.9.v20180320.jar;D:\Server\Maven-Repository\org\eclipse\jetty\jetty-client\9.4.9.v20180320\jetty-client-9.4.9.v20180320.jar;D:\Server\Maven-Repository\org\eclipse\jetty\jetty-http\9.4.9.v20180320\jetty-http-9.4.9.v20180320.jar;D:\Server\Maven-Repository\org\eclipse\jetty\jetty-xml\9.4.9.v20180320\jetty-xml-9.4.9.v20180320.jar;D:\Server\Maven-Repository\org\eclipse\jetty\jetty-util\9.4.9.v20180320\jetty-util-9.4.9.v20180320.jar;D:\Server\Maven-Repository\org\eclipse\jetty\jetty-io\9.4.9.v20180320\jetty-io-9.4.9.v20180320.jar;D:\Server\Maven-Repository\org\eclipse\jetty\websocket\websocket-common\9.4.9.v20180320\websocket-common-9.4.9.v20180320.jar;D:\Server\Maven-Repository\org\eclipse\jetty\websocket\websocket-api\9.4.9.v20180320\websocket-api-9.4.9.v20180320.jar;D:\Server\Maven-Repository\org\apache\commons\commons-pool2\2.6.1\commons-pool2-2.6.1.jar;D:\Server\Maven-Repository\org\apache\poi\poi\4.1.0\poi-4.1.0.jar;D:\Server\Maven-Repository\commons-codec\commons-codec\1.12\commons-codec-1.12.jar;D:\Server\Maven-Repository\org\apache\commons\commons-collections4\4.3\commons-collections4-4.3.jar;D:\Server\Maven-Repository\org\apache\commons\commons-math3\3.6.1\commons-math3-3.6.1.jar;D:\Server\Maven-Repository\org\apache\poi\poi-ooxml\4.1.0\poi-ooxml-4.1.0.jar;D:\Server\Maven-Repository\org\apache\poi\poi-ooxml-schemas\4.1.0\poi-ooxml-schemas-4.1.0.jar;D:\Server\Maven-Repository\org\apache\xmlbeans\xmlbeans\3.1.0\xmlbeans-3.1.0.jar;D:\Server\Maven-Repository\org\apache\commons\commons-compress\1.18\commons-compress-1.18.jar;D:\Server\Maven-Repository\com\github\virtuald\curvesapi\1.06\curvesapi-1.06.jar;"/>
    <property name="java.vm.vendor" value="Oracle Corporation"/>
    <property name="sun.arch.data.model" value="64"/>
    <property name="user.variant" value=""/>
    <property name="java.vendor.url" value="http://java.oracle.com/"/>
    <property name="user.timezone" value="Asia/Shanghai"/>
    <property name="java.vm.specification.version" value="1.8"/>
    <property name="os.name" value="Windows 10"/>
    <property name="user.country" value="CN"/>
    <property name="sun.java.launcher" value="SUN_STANDARD"/>
    <property name="sun.boot.library.path" value="D:\Server\Java\jdk1.8.0_241\jre\bin"/>
    <property name="sun.java.command" value="C:\Users\ADMINI~1\AppData\Local\Temp\surefire8484608639877028727\surefirebooter4127146729829994196.jar C:\Users\Administrator\AppData\Local\Temp\surefire8484608639877028727 2020-06-12T15-33-36_713-jvmRun1 surefire8252445829064898635tmp surefire_03695597866464842514tmp"/>
    <property name="surefire.test.class.path" value="D:\IDEA\wap-selenium\target\test-classes;D:\IDEA\wap-selenium\target\classes;D:\Server\Maven-Repository\org\seleniumhq\selenium\selenium-java\3.141.59\selenium-java-3.141.59.jar;D:\Server\Maven-Repository\org\seleniumhq\selenium\selenium-api\3.141.59\selenium-api-3.141.59.jar;D:\Server\Maven-Repository\org\seleniumhq\selenium\selenium-chrome-driver\3.141.59\selenium-chrome-driver-3.141.59.jar;D:\Server\Maven-Repository\org\seleniumhq\selenium\selenium-edge-driver\3.141.59\selenium-edge-driver-3.141.59.jar;D:\Server\Maven-Repository\org\seleniumhq\selenium\selenium-firefox-driver\3.141.59\selenium-firefox-driver-3.141.59.jar;D:\Server\Maven-Repository\org\seleniumhq\selenium\selenium-ie-driver\3.141.59\selenium-ie-driver-3.141.59.jar;D:\Server\Maven-Repository\org\seleniumhq\selenium\selenium-opera-driver\3.141.59\selenium-opera-driver-3.141.59.jar;D:\Server\Maven-Repository\org\seleniumhq\selenium\selenium-remote-driver\3.141.59\selenium-remote-driver-3.141.59.jar;D:\Server\Maven-Repository\org\seleniumhq\selenium\selenium-safari-driver\3.141.59\selenium-safari-driver-3.141.59.jar;D:\Server\Maven-Repository\org\seleniumhq\selenium\selenium-support\3.141.59\selenium-support-3.141.59.jar;D:\Server\Maven-Repository\net\bytebuddy\byte-buddy\1.8.15\byte-buddy-1.8.15.jar;D:\Server\Maven-Repository\org\apache\commons\commons-exec\1.3\commons-exec-1.3.jar;D:\Server\Maven-Repository\com\google\guava\guava\25.0-jre\guava-25.0-jre.jar;D:\Server\Maven-Repository\com\google\code\findbugs\jsr305\1.3.9\jsr305-1.3.9.jar;D:\Server\Maven-Repository\org\checkerframework\checker-compat-qual\2.0.0\checker-compat-qual-2.0.0.jar;D:\Server\Maven-Repository\com\google\errorprone\error_prone_annotations\2.1.3\error_prone_annotations-2.1.3.jar;D:\Server\Maven-Repository\com\google\j2objc\j2objc-annotations\1.1\j2objc-annotations-1.1.jar;D:\Server\Maven-Repository\org\codehaus\mojo\animal-sniffer-annotations\1.14\animal-sniffer-annotations-1.14.jar;D:\Server\Maven-Repository\com\squareup\okhttp3\okhttp\3.11.0\okhttp-3.11.0.jar;D:\Server\Maven-Repository\com\squareup\okio\okio\1.14.0\okio-1.14.0.jar;D:\Server\Maven-Repository\org\testng\testng\6.14.3\testng-6.14.3.jar;D:\Server\Maven-Repository\com\beust\jcommander\1.72\jcommander-1.72.jar;D:\Server\Maven-Repository\org\apache-extras\beanshell\bsh\2.0b6\bsh-2.0b6.jar;D:\Server\Maven-Repository\org\projectlombok\lombok\1.18.4\lombok-1.18.4.jar;D:\Server\Maven-Repository\org\slf4j\slf4j-api\1.7.25\slf4j-api-1.7.25.jar;D:\Server\Maven-Repository\org\apache\logging\log4j\log4j-api\2.11.1\log4j-api-2.11.1.jar;D:\Server\Maven-Repository\org\apache\logging\log4j\log4j-core\2.11.1\log4j-core-2.11.1.jar;D:\Server\Maven-Repository\org\apache\logging\log4j\log4j-slf4j-impl\2.11.1\log4j-slf4j-impl-2.11.1.jar;D:\Server\Maven-Repository\junit\junit\4.12\junit-4.12.jar;D:\Server\Maven-Repository\org\hamcrest\hamcrest-core\1.3\hamcrest-core-1.3.jar;D:\Server\Maven-Repository\io\qameta\allure\allure-testng\2.13.3\allure-testng-2.13.3.jar;D:\Server\Maven-Repository\io\qameta\allure\allure-java-commons\2.13.3\allure-java-commons-2.13.3.jar;D:\Server\Maven-Repository\io\qameta\allure\allure-model\2.13.3\allure-model-2.13.3.jar;D:\Server\Maven-Repository\com\fasterxml\jackson\core\jackson-databind\2.9.8\jackson-databind-2.9.8.jar;D:\Server\Maven-Repository\com\fasterxml\jackson\core\jackson-annotations\2.9.0\jackson-annotations-2.9.0.jar;D:\Server\Maven-Repository\com\fasterxml\jackson\core\jackson-core\2.9.8\jackson-core-2.9.8.jar;D:\Server\Maven-Repository\org\apache\tika\tika-core\1.20\tika-core-1.20.jar;D:\Server\Maven-Repository\org\jooq\joor-java-8\0.9.10\joor-java-8-0.9.10.jar;D:\Server\Maven-Repository\ru\yandex\qatools\allure\allure-testng-adaptor\1.3.6\allure-testng-adaptor-1.3.6.jar;D:\Server\Maven-Repository\ru\yandex\qatools\allure\allure-java-aspects\1.3.6\allure-java-aspects-1.3.6.jar;D:\Server\Maven-Repository\ru\yandex\qatools\allure\allure-java-commons\1.3.6\allure-java-commons-1.3.6.jar;D:\Server\Maven-Repository\ru\yandex\qatools\allure\allure-java-annotations\1.3.6\allure-java-annotations-1.3.6.jar;D:\Server\Maven-Repository\ru\yandex\qatools\allure\allure-model\1.3.6\allure-model-1.3.6.jar;D:\Server\Maven-Repository\ru\yandex\qatools\properties\properties-loader\1.4\properties-loader-1.4.jar;D:\Server\Maven-Repository\commons-beanutils\commons-beanutils-core\1.8.3\commons-beanutils-core-1.8.3.jar;D:\Server\Maven-Repository\org\jvnet\jaxb2_commons\jaxb2-basics-runtime\0.6.5\jaxb2-basics-runtime-0.6.5.jar;D:\Server\Maven-Repository\com\sun\xml\bind\jaxb-impl\2.2.7\jaxb-impl-2.2.7.jar;D:\Server\Maven-Repository\com\sun\xml\bind\jaxb-core\2.2.7\jaxb-core-2.2.7.jar;D:\Server\Maven-Repository\javax\xml\bind\jaxb-api\2.2.7\jaxb-api-2.2.7.jar;D:\Server\Maven-Repository\com\sun\istack\istack-commons-runtime\2.16\istack-commons-runtime-2.16.jar;D:\Server\Maven-Repository\com\sun\xml\fastinfoset\FastInfoset\1.2.12\FastInfoset-1.2.12.jar;D:\Server\Maven-Repository\javax\xml\bind\jsr173_api\1.0\jsr173_api-1.0.jar;D:\Server\Maven-Repository\org\aspectj\aspectjrt\1.7.4\aspectjrt-1.7.4.jar;D:\Server\Maven-Repository\net\sourceforge\htmlunit\htmlunit\2.30\htmlunit-2.30.jar;D:\Server\Maven-Repository\xalan\xalan\2.7.2\xalan-2.7.2.jar;D:\Server\Maven-Repository\xalan\serializer\2.7.2\serializer-2.7.2.jar;D:\Server\Maven-Repository\org\apache\commons\commons-lang3\3.7\commons-lang3-3.7.jar;D:\Server\Maven-Repository\org\apache\commons\commons-text\1.3\commons-text-1.3.jar;D:\Server\Maven-Repository\org\apache\httpcomponents\httpmime\4.5.5\httpmime-4.5.5.jar;D:\Server\Maven-Repository\org\apache\httpcomponents\httpclient\4.5.5\httpclient-4.5.5.jar;D:\Server\Maven-Repository\org\apache\httpcomponents\httpcore\4.4.9\httpcore-4.4.9.jar;D:\Server\Maven-Repository\net\sourceforge\htmlunit\htmlunit-core-js\2.28\htmlunit-core-js-2.28.jar;D:\Server\Maven-Repository\net\sourceforge\htmlunit\neko-htmlunit\2.30\neko-htmlunit-2.30.jar;D:\Server\Maven-Repository\xerces\xercesImpl\2.11.0\xercesImpl-2.11.0.jar;D:\Server\Maven-Repository\xml-apis\xml-apis\1.4.01\xml-apis-1.4.01.jar;D:\Server\Maven-Repository\net\sourceforge\htmlunit\htmlunit-cssparser\1.0.0\htmlunit-cssparser-1.0.0.jar;D:\Server\Maven-Repository\commons-io\commons-io\2.6\commons-io-2.6.jar;D:\Server\Maven-Repository\commons-logging\commons-logging\1.2\commons-logging-1.2.jar;D:\Server\Maven-Repository\commons-net\commons-net\3.6\commons-net-3.6.jar;D:\Server\Maven-Repository\org\eclipse\jetty\websocket\websocket-client\9.4.9.v20180320\websocket-client-9.4.9.v20180320.jar;D:\Server\Maven-Repository\org\eclipse\jetty\jetty-client\9.4.9.v20180320\jetty-client-9.4.9.v20180320.jar;D:\Server\Maven-Repository\org\eclipse\jetty\jetty-http\9.4.9.v20180320\jetty-http-9.4.9.v20180320.jar;D:\Server\Maven-Repository\org\eclipse\jetty\jetty-xml\9.4.9.v20180320\jetty-xml-9.4.9.v20180320.jar;D:\Server\Maven-Repository\org\eclipse\jetty\jetty-util\9.4.9.v20180320\jetty-util-9.4.9.v20180320.jar;D:\Server\Maven-Repository\org\eclipse\jetty\jetty-io\9.4.9.v20180320\jetty-io-9.4.9.v20180320.jar;D:\Server\Maven-Repository\org\eclipse\jetty\websocket\websocket-common\9.4.9.v20180320\websocket-common-9.4.9.v20180320.jar;D:\Server\Maven-Repository\org\eclipse\jetty\websocket\websocket-api\9.4.9.v20180320\websocket-api-9.4.9.v20180320.jar;D:\Server\Maven-Repository\org\apache\commons\commons-pool2\2.6.1\commons-pool2-2.6.1.jar;D:\Server\Maven-Repository\org\apache\poi\poi\4.1.0\poi-4.1.0.jar;D:\Server\Maven-Repository\commons-codec\commons-codec\1.12\commons-codec-1.12.jar;D:\Server\Maven-Repository\org\apache\commons\commons-collections4\4.3\commons-collections4-4.3.jar;D:\Server\Maven-Repository\org\apache\commons\commons-math3\3.6.1\commons-math3-3.6.1.jar;D:\Server\Maven-Repository\org\apache\poi\poi-ooxml\4.1.0\poi-ooxml-4.1.0.jar;D:\Server\Maven-Repository\org\apache\poi\poi-ooxml-schemas\4.1.0\poi-ooxml-schemas-4.1.0.jar;D:\Server\Maven-Repository\org\apache\xmlbeans\xmlbeans\3.1.0\xmlbeans-3.1.0.jar;D:\Server\Maven-Repository\org\apache\commons\commons-compress\1.18\commons-compress-1.18.jar;D:\Server\Maven-Repository\com\github\virtuald\curvesapi\1.06\curvesapi-1.06.jar;"/>
    <property name="sun.cpu.endian" value="little"/>
    <property name="allure.results.directory" value="./target/allure-results"/>
    <property name="user.home" value="C:\Users\Administrator"/>
    <property name="user.language" value="zh"/>
    <property name="java.specification.vendor" value="Oracle Corporation"/>
    <property name="java.home" value="D:\Server\Java\jdk1.8.0_241\jre"/>
    <property name="basedir" value="D:\IDEA\wap-selenium"/>
    <property name="file.separator" value="\"/>
    <property name="line.separator" value="&#10;"/>
    <property name="java.vm.specification.vendor" value="Oracle Corporation"/>
    <property name="java.specification.name" value="Java Platform API Specification"/>
    <property name="java.awt.graphicsenv" value="sun.awt.Win32GraphicsEnvironment"/>
    <property name="surefire.real.class.path" value="C:\Users\ADMINI~1\AppData\Local\Temp\surefire8484608639877028727\surefirebooter4127146729829994196.jar;D:\Server\Maven-Repository/org/aspectj/aspectjweaver/1.9.5/aspectjweaver-1.9.5.jar"/>
    <property name="sun.boot.class.path" value="D:\Server\Java\jdk1.8.0_241\jre\lib\resources.jar;D:\Server\Java\jdk1.8.0_241\jre\lib\rt.jar;D:\Server\Java\jdk1.8.0_241\jre\lib\sunrsasign.jar;D:\Server\Java\jdk1.8.0_241\jre\lib\jsse.jar;D:\Server\Java\jdk1.8.0_241\jre\lib\jce.jar;D:\Server\Java\jdk1.8.0_241\jre\lib\charsets.jar;D:\Server\Java\jdk1.8.0_241\jre\lib\jfr.jar;D:\Server\Java\jdk1.8.0_241\jre\classes"/>
    <property name="user.script" value=""/>
    <property name="sun.management.compiler" value="HotSpot 64-Bit Tiered Compilers"/>
    <property name="java.runtime.version" value="1.8.0_241-b07"/>
    <property name="user.name" value="Administrator"/>
    <property name="path.separator" value=";"/>
    <property name="os.version" value="10.0"/>
    <property name="java.endorsed.dirs" value="D:\Server\Java\jdk1.8.0_241\jre\lib\endorsed"/>
    <property name="java.runtime.name" value="Java(TM) SE Runtime Environment"/>
    <property name="file.encoding" value="GBK"/>
    <property name="java.vm.name" value="Java HotSpot(TM) 64-Bit Server VM"/>
    <property name="localRepository" value="D:\Server\Maven-Repository"/>
    <property name="java.vendor.url.bug" value="http://bugreport.sun.com/bugreport/"/>
    <property name="java.io.tmpdir" value="C:\Users\ADMINI~1\AppData\Local\Temp\"/>
    <property name="java.version" value="1.8.0_241"/>
    <property name="user.dir" value="D:\IDEA\wap-selenium"/>
    <property name="os.arch" value="amd64"/>
    <property name="java.vm.specification.name" value="Java Virtual Machine Specification"/>
    <property name="java.awt.printerjob" value="sun.awt.windows.WPrinterJob"/>
    <property name="sun.os.patch.level" value=""/>
    <property name="java.library.path" value="D:\Server\Java\jdk1.8.0_241\jre\bin;C:\WINDOWS\Sun\Java\bin;C:\WINDOWS\system32;C:\WINDOWS;D:\Program Files (x86)\NetSarang\Xshell 6\;C:\Program Files (x86)\Common Files\Oracle\Java\javapath;C:\Windows\system32;C:\Windows;C:\Windows\System32\Wbem;C:\Windows\System32\WindowsPowerShell\v1.0\;C:\Windows\System32\OpenSSH\;C:\Program Files (x86)\NVIDIA Corporation\PhysX\Common;C:\Program Files\NVIDIA Corporation\NVIDIA NvDLISR;D:\Server\Java\jdk1.8.0_241\bin;C:\Program Files (x86)\Windows Kits\8.1\Windows Performance Toolkit\;D:\Server\Tomcat7\lib;D:\Server\Tomcat7\bin;D:\Server\mysql-5.7.25-winx64\bin;D:\Server\apache-maven-3.6.3\bin;D:\Program Files\Git\cmd;D:\Server\Java\android-sdk-windows\platform-tools;D:\Server\Java\android-sdk-windows\tools;D:\Server\allure-2.13.3\bin;D:\Server\apache-jmeter-4.0\lib\ext\ApacheJMeter_core.jar;D:\Server\apache-jmeter-4.0\lib\jorphan.jar;D:\Server\apache-jmeter-4.0\lib\logkit-2.0.jar;C:\WINDOWS\system32;C:\WINDOWS;C:\WINDOWS\System32\Wbem;C:\WINDOWS\System32\WindowsPowerShell\v1.0\;C:\WINDOWS\System32\OpenSSH\;C:\Users\Administrator\AppData\Local\Programs\Python\Python37\Scripts\;C:\Users\Administrator\AppData\Local\Programs\Python\Python37\;C:\Users\Administrator\AppData\Local\Microsoft\WindowsApps;;D:\Program Files (x86)\Fiddler;%USERPROFILE%\AppData\Local\Microsoft\WindowsApps;."/>
    <property name="java.vm.info" value="mixed mode"/>
    <property name="java.vendor" value="Oracle Corporation"/>
    <property name="java.vm.version" value="25.241-b07"/>
    <property name="java.ext.dirs" value="D:\Server\Java\jdk1.8.0_241\jre\lib\ext;C:\WINDOWS\Sun\Java\lib\ext"/>
    <property name="sun.io.unicode.encoding" value="UnicodeLittle"/>
    <property name="java.class.version" value="52.0"/>
  </properties>
  <testcase name="ywContentListTest" classname="com.sh.stt.testcase.yw.BJYWTest" time="2.075"/>
  <testcase name="beforeClass" classname="com.sh.stt.testcase.yw.AHYWTest" time="2.104">
    <failure type="java.lang.NullPointerException">java.lang.NullPointerException
	at com.sh.stt.testcase.yw.AHYWTest.beforeClass(AHYWTest.java:34)
</failure>
  </testcase>
  <testcase name="ywContentListTest" classname="com.sh.stt.testcase.yw.AHYWTest" time="0">
    <skipped/>
    <system-out><![CDATA[2020-06-12 15:33:53.446 [main-68] INFO  com.sh.stt.listener.LogListener.onTestSkipped - ========com.sh.stt.testcase.yw.AHYWTest.ywContentListTest跳过测试========
2020-06-12 15:33:53.450 [main-68] INFO  com.sh.stt.listener.LogListener.onTestSkipped - ========com.sh.stt.testcase.yw.AHYWTest.ywContentListTest跳过测试========
]]></system-out>
  </testcase>
</testsuite>