<?xml version="1.0" encoding="UTF-8"?>
<testsuite xmlns:xsi="http://www.w3.org/2001/XMLSchema-instance" xsi:noNamespaceSchemaLocation="https://maven.apache.org/surefire/maven-surefire-plugin/xsd/surefire-test-report.xsd" name="TestSuite" time="28.824" tests="868" errors="0" skipped="682" failures="186">
  <properties>
    <property name="sun.desktop" value="windows"/>
    <property name="awt.toolkit" value="sun.awt.windows.WToolkit"/>
    <property name="file.encoding.pkg" value="sun.io"/>
    <property name="java.specification.version" value="1.8"/>
    <property name="sun.cpu.isalist" value="amd64"/>
    <property name="sun.jnu.encoding" value="GBK"/>
    <property name="java.class.path" value="D:\IDEA\wap-selenium\target\test-classes;D:\IDEA\wap-selenium\target\classes;D:\Server\Maven-Repository\org\seleniumhq\selenium\selenium-java\3.141.59\selenium-java-3.141.59.jar;D:\Server\Maven-Repository\org\seleniumhq\selenium\selenium-api\3.141.59\selenium-api-3.141.59.jar;D:\Server\Maven-Repository\org\seleniumhq\selenium\selenium-chrome-driver\3.141.59\selenium-chrome-driver-3.141.59.jar;D:\Server\Maven-Repository\org\seleniumhq\selenium\selenium-edge-driver\3.141.59\selenium-edge-driver-3.141.59.jar;D:\Server\Maven-Repository\org\seleniumhq\selenium\selenium-firefox-driver\3.141.59\selenium-firefox-driver-3.141.59.jar;D:\Server\Maven-Repository\org\seleniumhq\selenium\selenium-ie-driver\3.141.59\selenium-ie-driver-3.141.59.jar;D:\Server\Maven-Repository\org\seleniumhq\selenium\selenium-opera-driver\3.141.59\selenium-opera-driver-3.141.59.jar;D:\Server\Maven-Repository\org\seleniumhq\selenium\selenium-remote-driver\3.141.59\selenium-remote-driver-3.141.59.jar;D:\Server\Maven-Repository\org\seleniumhq\selenium\selenium-safari-driver\3.141.59\selenium-safari-driver-3.141.59.jar;D:\Server\Maven-Repository\org\seleniumhq\selenium\selenium-support\3.141.59\selenium-support-3.141.59.jar;D:\Server\Maven-Repository\net\bytebuddy\byte-buddy\1.8.15\byte-buddy-1.8.15.jar;D:\Server\Maven-Repository\org\apache\commons\commons-exec\1.3\commons-exec-1.3.jar;D:\Server\Maven-Repository\com\google\guava\guava\25.0-jre\guava-25.0-jre.jar;D:\Server\Maven-Repository\com\google\code\findbugs\jsr305\1.3.9\jsr305-1.3.9.jar;D:\Server\Maven-Repository\org\checkerframework\checker-compat-qual\2.0.0\checker-compat-qual-2.0.0.jar;D:\Server\Maven-Repository\com\google\errorprone\error_prone_annotations\2.1.3\error_prone_annotations-2.1.3.jar;D:\Server\Maven-Repository\com\google\j2objc\j2objc-annotations\1.1\j2objc-annotations-1.1.jar;D:\Server\Maven-Repository\org\codehaus\mojo\animal-sniffer-annotations\1.14\animal-sniffer-annotations-1.14.jar;D:\Server\Maven-Repository\com\squareup\okhttp3\okhttp\3.11.0\okhttp-3.11.0.jar;D:\Server\Maven-Repository\com\squareup\okio\okio\1.14.0\okio-1.14.0.jar;D:\Server\Maven-Repository\org\testng\testng\6.14.3\testng-6.14.3.jar;D:\Server\Maven-Repository\com\beust\jcommander\1.72\jcommander-1.72.jar;D:\Server\Maven-Repository\org\apache-extras\beanshell\bsh\2.0b6\bsh-2.0b6.jar;D:\Server\Maven-Repository\org\projectlombok\lombok\1.18.4\lombok-1.18.4.jar;D:\Server\Maven-Repository\org\slf4j\slf4j-api\1.7.25\slf4j-api-1.7.25.jar;D:\Server\Maven-Repository\org\apache\logging\log4j\log4j-api\2.11.1\log4j-api-2.11.1.jar;D:\Server\Maven-Repository\org\apache\logging\log4j\log4j-core\2.11.1\log4j-core-2.11.1.jar;D:\Server\Maven-Repository\org\apache\logging\log4j\log4j-slf4j-impl\2.11.1\log4j-slf4j-impl-2.11.1.jar;D:\Server\Maven-Repository\junit\junit\4.12\junit-4.12.jar;D:\Server\Maven-Repository\org\hamcrest\hamcrest-core\1.3\hamcrest-core-1.3.jar;D:\Server\Maven-Repository\io\qameta\allure\allure-testng\2.13.3\allure-testng-2.13.3.jar;D:\Server\Maven-Repository\io\qameta\allure\allure-java-commons\2.13.3\allure-java-commons-2.13.3.jar;D:\Server\Maven-Repository\io\qameta\allure\allure-model\2.13.3\allure-model-2.13.3.jar;D:\Server\Maven-Repository\com\fasterxml\jackson\core\jackson-databind\2.9.8\jackson-databind-2.9.8.jar;D:\Server\Maven-Repository\com\fasterxml\jackson\core\jackson-annotations\2.9.0\jackson-annotations-2.9.0.jar;D:\Server\Maven-Repository\com\fasterxml\jackson\core\jackson-core\2.9.8\jackson-core-2.9.8.jar;D:\Server\Maven-Repository\org\apache\tika\tika-core\1.20\tika-core-1.20.jar;D:\Server\Maven-Repository\org\jooq\joor-java-8\0.9.10\joor-java-8-0.9.10.jar;D:\Server\Maven-Repository\ru\yandex\qatools\allure\allure-testng-adaptor\1.3.6\allure-testng-adaptor-1.3.6.jar;D:\Server\Maven-Repository\ru\yandex\qatools\allure\allure-java-aspects\1.3.6\allure-java-aspects-1.3.6.jar;D:\Server\Maven-Repository\ru\yandex\qatools\allure\allure-java-commons\1.3.6\allure-java-commons-1.3.6.jar;D:\Server\Maven-Repository\ru\yandex\qatools\allure\allure-java-annotations\1.3.6\allure-java-annotations-1.3.6.jar;D:\Server\Maven-Repository\ru\yandex\qatools\allure\allure-model\1.3.6\allure-model-1.3.6.jar;D:\Server\Maven-Repository\ru\yandex\qatools\properties\properties-loader\1.4\properties-loader-1.4.jar;D:\Server\Maven-Repository\commons-beanutils\commons-beanutils-core\1.8.3\commons-beanutils-core-1.8.3.jar;D:\Server\Maven-Repository\org\jvnet\jaxb2_commons\jaxb2-basics-runtime\0.6.5\jaxb2-basics-runtime-0.6.5.jar;D:\Server\Maven-Repository\com\sun\xml\bind\jaxb-impl\2.2.7\jaxb-impl-2.2.7.jar;D:\Server\Maven-Repository\com\sun\xml\bind\jaxb-core\2.2.7\jaxb-core-2.2.7.jar;D:\Server\Maven-Repository\javax\xml\bind\jaxb-api\2.2.7\jaxb-api-2.2.7.jar;D:\Server\Maven-Repository\com\sun\istack\istack-commons-runtime\2.16\istack-commons-runtime-2.16.jar;D:\Server\Maven-Repository\com\sun\xml\fastinfoset\FastInfoset\1.2.12\FastInfoset-1.2.12.jar;D:\Server\Maven-Repository\javax\xml\bind\jsr173_api\1.0\jsr173_api-1.0.jar;D:\Server\Maven-Repository\org\aspectj\aspectjrt\1.7.4\aspectjrt-1.7.4.jar;D:\Server\Maven-Repository\net\sourceforge\htmlunit\htmlunit\2.30\htmlunit-2.30.jar;D:\Server\Maven-Repository\xalan\xalan\2.7.2\xalan-2.7.2.jar;D:\Server\Maven-Repository\xalan\serializer\2.7.2\serializer-2.7.2.jar;D:\Server\Maven-Repository\org\apache\commons\commons-lang3\3.7\commons-lang3-3.7.jar;D:\Server\Maven-Repository\org\apache\commons\commons-text\1.3\commons-text-1.3.jar;D:\Server\Maven-Repository\org\apache\httpcomponents\httpmime\4.5.5\httpmime-4.5.5.jar;D:\Server\Maven-Repository\org\apache\httpcomponents\httpclient\4.5.5\httpclient-4.5.5.jar;D:\Server\Maven-Repository\org\apache\httpcomponents\httpcore\4.4.9\httpcore-4.4.9.jar;D:\Server\Maven-Repository\net\sourceforge\htmlunit\htmlunit-core-js\2.28\htmlunit-core-js-2.28.jar;D:\Server\Maven-Repository\net\sourceforge\htmlunit\neko-htmlunit\2.30\neko-htmlunit-2.30.jar;D:\Server\Maven-Repository\xerces\xercesImpl\2.11.0\xercesImpl-2.11.0.jar;D:\Server\Maven-Repository\xml-apis\xml-apis\1.4.01\xml-apis-1.4.01.jar;D:\Server\Maven-Repository\net\sourceforge\htmlunit\htmlunit-cssparser\1.0.0\htmlunit-cssparser-1.0.0.jar;D:\Server\Maven-Repository\commons-io\commons-io\2.6\commons-io-2.6.jar;D:\Server\Maven-Repository\commons-logging\commons-logging\1.2\commons-logging-1.2.jar;D:\Server\Maven-Repository\commons-net\commons-net\3.6\commons-net-3.6.jar;D:\Server\Maven-Repository\org\eclipse\jetty\websocket\websocket-client\9.4.9.v20180320\websocket-client-9.4.9.v20180320.jar;D:\Server\Maven-Repository\org\eclipse\jetty\jetty-client\9.4.9.v20180320\jetty-client-9.4.9.v20180320.jar;D:\Server\Maven-Repository\org\eclipse\jetty\jetty-http\9.4.9.v20180320\jetty-http-9.4.9.v20180320.jar;D:\Server\Maven-Repository\org\eclipse\jetty\jetty-xml\9.4.9.v20180320\jetty-xml-9.4.9.v20180320.jar;D:\Server\Maven-Repository\org\eclipse\jetty\jetty-util\9.4.9.v20180320\jetty-util-9.4.9.v20180320.jar;D:\Server\Maven-Repository\org\eclipse\jetty\jetty-io\9.4.9.v20180320\jetty-io-9.4.9.v20180320.jar;D:\Server\Maven-Repository\org\eclipse\jetty\websocket\websocket-common\9.4.9.v20180320\websocket-common-9.4.9.v20180320.jar;D:\Server\Maven-Repository\org\eclipse\jetty\websocket\websocket-api\9.4.9.v20180320\websocket-api-9.4.9.v20180320.jar;D:\Server\Maven-Repository\org\apache\commons\commons-pool2\2.6.1\commons-pool2-2.6.1.jar;D:\Server\Maven-Repository\org\apache\poi\poi\4.1.0\poi-4.1.0.jar;D:\Server\Maven-Repository\commons-codec\commons-codec\1.12\commons-codec-1.12.jar;D:\Server\Maven-Repository\org\apache\commons\commons-collections4\4.3\commons-collections4-4.3.jar;D:\Server\Maven-Repository\org\apache\commons\commons-math3\3.6.1\commons-math3-3.6.1.jar;D:\Server\Maven-Repository\org\apache\poi\poi-ooxml\4.1.0\poi-ooxml-4.1.0.jar;D:\Server\Maven-Repository\org\apache\poi\poi-ooxml-schemas\4.1.0\poi-ooxml-schemas-4.1.0.jar;D:\Server\Maven-Repository\org\apache\xmlbeans\xmlbeans\3.1.0\xmlbeans-3.1.0.jar;D:\Server\Maven-Repository\org\apache\commons\commons-compress\1.18\commons-compress-1.18.jar;D:\Server\Maven-Repository\com\github\virtuald\curvesapi\1.06\curvesapi-1.06.jar;"/>
    <property name="java.vm.vendor" value="Oracle Corporation"/>
    <property name="sun.arch.data.model" value="64"/>
    <property name="user.variant" value=""/>
    <property name="java.vendor.url" value="http://java.oracle.com/"/>
    <property name="user.timezone" value="Asia/Shanghai"/>
    <property name="java.vm.specification.version" value="1.8"/>
    <property name="os.name" value="Windows 10"/>
    <property name="user.country" value="CN"/>
    <property name="sun.java.launcher" value="SUN_STANDARD"/>
    <property name="sun.boot.library.path" value="D:\Server\Java\jdk1.8.0_241\jre\bin"/>
    <property name="sun.java.command" value="C:\Users\ADMINI~1\AppData\Local\Temp\surefire4009418913703086084\surefirebooter7584565751855786000.jar C:\Users\Administrator\AppData\Local\Temp\surefire4009418913703086084 2020-07-07T15-31-53_298-jvmRun1 surefire8895800077530627339tmp surefire_06025226072230824104tmp"/>
    <property name="surefire.test.class.path" value="D:\IDEA\wap-selenium\target\test-classes;D:\IDEA\wap-selenium\target\classes;D:\Server\Maven-Repository\org\seleniumhq\selenium\selenium-java\3.141.59\selenium-java-3.141.59.jar;D:\Server\Maven-Repository\org\seleniumhq\selenium\selenium-api\3.141.59\selenium-api-3.141.59.jar;D:\Server\Maven-Repository\org\seleniumhq\selenium\selenium-chrome-driver\3.141.59\selenium-chrome-driver-3.141.59.jar;D:\Server\Maven-Repository\org\seleniumhq\selenium\selenium-edge-driver\3.141.59\selenium-edge-driver-3.141.59.jar;D:\Server\Maven-Repository\org\seleniumhq\selenium\selenium-firefox-driver\3.141.59\selenium-firefox-driver-3.141.59.jar;D:\Server\Maven-Repository\org\seleniumhq\selenium\selenium-ie-driver\3.141.59\selenium-ie-driver-3.141.59.jar;D:\Server\Maven-Repository\org\seleniumhq\selenium\selenium-opera-driver\3.141.59\selenium-opera-driver-3.141.59.jar;D:\Server\Maven-Repository\org\seleniumhq\selenium\selenium-remote-driver\3.141.59\selenium-remote-driver-3.141.59.jar;D:\Server\Maven-Repository\org\seleniumhq\selenium\selenium-safari-driver\3.141.59\selenium-safari-driver-3.141.59.jar;D:\Server\Maven-Repository\org\seleniumhq\selenium\selenium-support\3.141.59\selenium-support-3.141.59.jar;D:\Server\Maven-Repository\net\bytebuddy\byte-buddy\1.8.15\byte-buddy-1.8.15.jar;D:\Server\Maven-Repository\org\apache\commons\commons-exec\1.3\commons-exec-1.3.jar;D:\Server\Maven-Repository\com\google\guava\guava\25.0-jre\guava-25.0-jre.jar;D:\Server\Maven-Repository\com\google\code\findbugs\jsr305\1.3.9\jsr305-1.3.9.jar;D:\Server\Maven-Repository\org\checkerframework\checker-compat-qual\2.0.0\checker-compat-qual-2.0.0.jar;D:\Server\Maven-Repository\com\google\errorprone\error_prone_annotations\2.1.3\error_prone_annotations-2.1.3.jar;D:\Server\Maven-Repository\com\google\j2objc\j2objc-annotations\1.1\j2objc-annotations-1.1.jar;D:\Server\Maven-Repository\org\codehaus\mojo\animal-sniffer-annotations\1.14\animal-sniffer-annotations-1.14.jar;D:\Server\Maven-Repository\com\squareup\okhttp3\okhttp\3.11.0\okhttp-3.11.0.jar;D:\Server\Maven-Repository\com\squareup\okio\okio\1.14.0\okio-1.14.0.jar;D:\Server\Maven-Repository\org\testng\testng\6.14.3\testng-6.14.3.jar;D:\Server\Maven-Repository\com\beust\jcommander\1.72\jcommander-1.72.jar;D:\Server\Maven-Repository\org\apache-extras\beanshell\bsh\2.0b6\bsh-2.0b6.jar;D:\Server\Maven-Repository\org\projectlombok\lombok\1.18.4\lombok-1.18.4.jar;D:\Server\Maven-Repository\org\slf4j\slf4j-api\1.7.25\slf4j-api-1.7.25.jar;D:\Server\Maven-Repository\org\apache\logging\log4j\log4j-api\2.11.1\log4j-api-2.11.1.jar;D:\Server\Maven-Repository\org\apache\logging\log4j\log4j-core\2.11.1\log4j-core-2.11.1.jar;D:\Server\Maven-Repository\org\apache\logging\log4j\log4j-slf4j-impl\2.11.1\log4j-slf4j-impl-2.11.1.jar;D:\Server\Maven-Repository\junit\junit\4.12\junit-4.12.jar;D:\Server\Maven-Repository\org\hamcrest\hamcrest-core\1.3\hamcrest-core-1.3.jar;D:\Server\Maven-Repository\io\qameta\allure\allure-testng\2.13.3\allure-testng-2.13.3.jar;D:\Server\Maven-Repository\io\qameta\allure\allure-java-commons\2.13.3\allure-java-commons-2.13.3.jar;D:\Server\Maven-Repository\io\qameta\allure\allure-model\2.13.3\allure-model-2.13.3.jar;D:\Server\Maven-Repository\com\fasterxml\jackson\core\jackson-databind\2.9.8\jackson-databind-2.9.8.jar;D:\Server\Maven-Repository\com\fasterxml\jackson\core\jackson-annotations\2.9.0\jackson-annotations-2.9.0.jar;D:\Server\Maven-Repository\com\fasterxml\jackson\core\jackson-core\2.9.8\jackson-core-2.9.8.jar;D:\Server\Maven-Repository\org\apache\tika\tika-core\1.20\tika-core-1.20.jar;D:\Server\Maven-Repository\org\jooq\joor-java-8\0.9.10\joor-java-8-0.9.10.jar;D:\Server\Maven-Repository\ru\yandex\qatools\allure\allure-testng-adaptor\1.3.6\allure-testng-adaptor-1.3.6.jar;D:\Server\Maven-Repository\ru\yandex\qatools\allure\allure-java-aspects\1.3.6\allure-java-aspects-1.3.6.jar;D:\Server\Maven-Repository\ru\yandex\qatools\allure\allure-java-commons\1.3.6\allure-java-commons-1.3.6.jar;D:\Server\Maven-Repository\ru\yandex\qatools\allure\allure-java-annotations\1.3.6\allure-java-annotations-1.3.6.jar;D:\Server\Maven-Repository\ru\yandex\qatools\allure\allure-model\1.3.6\allure-model-1.3.6.jar;D:\Server\Maven-Repository\ru\yandex\qatools\properties\properties-loader\1.4\properties-loader-1.4.jar;D:\Server\Maven-Repository\commons-beanutils\commons-beanutils-core\1.8.3\commons-beanutils-core-1.8.3.jar;D:\Server\Maven-Repository\org\jvnet\jaxb2_commons\jaxb2-basics-runtime\0.6.5\jaxb2-basics-runtime-0.6.5.jar;D:\Server\Maven-Repository\com\sun\xml\bind\jaxb-impl\2.2.7\jaxb-impl-2.2.7.jar;D:\Server\Maven-Repository\com\sun\xml\bind\jaxb-core\2.2.7\jaxb-core-2.2.7.jar;D:\Server\Maven-Repository\javax\xml\bind\jaxb-api\2.2.7\jaxb-api-2.2.7.jar;D:\Server\Maven-Repository\com\sun\istack\istack-commons-runtime\2.16\istack-commons-runtime-2.16.jar;D:\Server\Maven-Repository\com\sun\xml\fastinfoset\FastInfoset\1.2.12\FastInfoset-1.2.12.jar;D:\Server\Maven-Repository\javax\xml\bind\jsr173_api\1.0\jsr173_api-1.0.jar;D:\Server\Maven-Repository\org\aspectj\aspectjrt\1.7.4\aspectjrt-1.7.4.jar;D:\Server\Maven-Repository\net\sourceforge\htmlunit\htmlunit\2.30\htmlunit-2.30.jar;D:\Server\Maven-Repository\xalan\xalan\2.7.2\xalan-2.7.2.jar;D:\Server\Maven-Repository\xalan\serializer\2.7.2\serializer-2.7.2.jar;D:\Server\Maven-Repository\org\apache\commons\commons-lang3\3.7\commons-lang3-3.7.jar;D:\Server\Maven-Repository\org\apache\commons\commons-text\1.3\commons-text-1.3.jar;D:\Server\Maven-Repository\org\apache\httpcomponents\httpmime\4.5.5\httpmime-4.5.5.jar;D:\Server\Maven-Repository\org\apache\httpcomponents\httpclient\4.5.5\httpclient-4.5.5.jar;D:\Server\Maven-Repository\org\apache\httpcomponents\httpcore\4.4.9\httpcore-4.4.9.jar;D:\Server\Maven-Repository\net\sourceforge\htmlunit\htmlunit-core-js\2.28\htmlunit-core-js-2.28.jar;D:\Server\Maven-Repository\net\sourceforge\htmlunit\neko-htmlunit\2.30\neko-htmlunit-2.30.jar;D:\Server\Maven-Repository\xerces\xercesImpl\2.11.0\xercesImpl-2.11.0.jar;D:\Server\Maven-Repository\xml-apis\xml-apis\1.4.01\xml-apis-1.4.01.jar;D:\Server\Maven-Repository\net\sourceforge\htmlunit\htmlunit-cssparser\1.0.0\htmlunit-cssparser-1.0.0.jar;D:\Server\Maven-Repository\commons-io\commons-io\2.6\commons-io-2.6.jar;D:\Server\Maven-Repository\commons-logging\commons-logging\1.2\commons-logging-1.2.jar;D:\Server\Maven-Repository\commons-net\commons-net\3.6\commons-net-3.6.jar;D:\Server\Maven-Repository\org\eclipse\jetty\websocket\websocket-client\9.4.9.v20180320\websocket-client-9.4.9.v20180320.jar;D:\Server\Maven-Repository\org\eclipse\jetty\jetty-client\9.4.9.v20180320\jetty-client-9.4.9.v20180320.jar;D:\Server\Maven-Repository\org\eclipse\jetty\jetty-http\9.4.9.v20180320\jetty-http-9.4.9.v20180320.jar;D:\Server\Maven-Repository\org\eclipse\jetty\jetty-xml\9.4.9.v20180320\jetty-xml-9.4.9.v20180320.jar;D:\Server\Maven-Repository\org\eclipse\jetty\jetty-util\9.4.9.v20180320\jetty-util-9.4.9.v20180320.jar;D:\Server\Maven-Repository\org\eclipse\jetty\jetty-io\9.4.9.v20180320\jetty-io-9.4.9.v20180320.jar;D:\Server\Maven-Repository\org\eclipse\jetty\websocket\websocket-common\9.4.9.v20180320\websocket-common-9.4.9.v20180320.jar;D:\Server\Maven-Repository\org\eclipse\jetty\websocket\websocket-api\9.4.9.v20180320\websocket-api-9.4.9.v20180320.jar;D:\Server\Maven-Repository\org\apache\commons\commons-pool2\2.6.1\commons-pool2-2.6.1.jar;D:\Server\Maven-Repository\org\apache\poi\poi\4.1.0\poi-4.1.0.jar;D:\Server\Maven-Repository\commons-codec\commons-codec\1.12\commons-codec-1.12.jar;D:\Server\Maven-Repository\org\apache\commons\commons-collections4\4.3\commons-collections4-4.3.jar;D:\Server\Maven-Repository\org\apache\commons\commons-math3\3.6.1\commons-math3-3.6.1.jar;D:\Server\Maven-Repository\org\apache\poi\poi-ooxml\4.1.0\poi-ooxml-4.1.0.jar;D:\Server\Maven-Repository\org\apache\poi\poi-ooxml-schemas\4.1.0\poi-ooxml-schemas-4.1.0.jar;D:\Server\Maven-Repository\org\apache\xmlbeans\xmlbeans\3.1.0\xmlbeans-3.1.0.jar;D:\Server\Maven-Repository\org\apache\commons\commons-compress\1.18\commons-compress-1.18.jar;D:\Server\Maven-Repository\com\github\virtuald\curvesapi\1.06\curvesapi-1.06.jar;"/>
    <property name="sun.cpu.endian" value="little"/>
    <property name="allure.results.directory" value="./target/allure-results"/>
    <property name="user.home" value="C:\Users\Administrator"/>
    <property name="user.language" value="zh"/>
    <property name="java.specification.vendor" value="Oracle Corporation"/>
    <property name="java.home" value="D:\Server\Java\jdk1.8.0_241\jre"/>
    <property name="basedir" value="D:\IDEA\wap-selenium"/>
    <property name="file.separator" value="\"/>
    <property name="line.separator" value="&#10;"/>
    <property name="java.vm.specification.vendor" value="Oracle Corporation"/>
    <property name="java.specification.name" value="Java Platform API Specification"/>
    <property name="java.awt.graphicsenv" value="sun.awt.Win32GraphicsEnvironment"/>
    <property name="surefire.real.class.path" value="C:\Users\ADMINI~1\AppData\Local\Temp\surefire4009418913703086084\surefirebooter7584565751855786000.jar;D:\Server\Maven-Repository/org/aspectj/aspectjweaver/1.9.5/aspectjweaver-1.9.5.jar"/>
    <property name="sun.boot.class.path" value="D:\Server\Java\jdk1.8.0_241\jre\lib\resources.jar;D:\Server\Java\jdk1.8.0_241\jre\lib\rt.jar;D:\Server\Java\jdk1.8.0_241\jre\lib\sunrsasign.jar;D:\Server\Java\jdk1.8.0_241\jre\lib\jsse.jar;D:\Server\Java\jdk1.8.0_241\jre\lib\jce.jar;D:\Server\Java\jdk1.8.0_241\jre\lib\charsets.jar;D:\Server\Java\jdk1.8.0_241\jre\lib\jfr.jar;D:\Server\Java\jdk1.8.0_241\jre\classes"/>
    <property name="user.script" value=""/>
    <property name="sun.management.compiler" value="HotSpot 64-Bit Tiered Compilers"/>
    <property name="java.runtime.version" value="1.8.0_241-b07"/>
    <property name="user.name" value="Administrator"/>
    <property name="path.separator" value=";"/>
    <property name="os.version" value="10.0"/>
    <property name="java.endorsed.dirs" value="D:\Server\Java\jdk1.8.0_241\jre\lib\endorsed"/>
    <property name="java.runtime.name" value="Java(TM) SE Runtime Environment"/>
    <property name="file.encoding" value="GBK"/>
    <property name="java.vm.name" value="Java HotSpot(TM) 64-Bit Server VM"/>
    <property name="localRepository" value="D:\Server\Maven-Repository"/>
    <property name="java.vendor.url.bug" value="http://bugreport.sun.com/bugreport/"/>
    <property name="java.io.tmpdir" value="C:\Users\ADMINI~1\AppData\Local\Temp\"/>
    <property name="java.version" value="1.8.0_241"/>
    <property name="user.dir" value="D:\IDEA\wap-selenium"/>
    <property name="os.arch" value="amd64"/>
    <property name="java.vm.specification.name" value="Java Virtual Machine Specification"/>
    <property name="java.awt.printerjob" value="sun.awt.windows.WPrinterJob"/>
    <property name="sun.os.patch.level" value=""/>
    <property name="java.library.path" value="D:\Server\Java\jdk1.8.0_241\jre\bin;C:\WINDOWS\Sun\Java\bin;C:\WINDOWS\system32;C:\WINDOWS;D:\Program Files (x86)\NetSarang\Xshell 6\;C:\Program Files (x86)\Common Files\Oracle\Java\javapath;C:\Windows\system32;C:\Windows;C:\Windows\System32\Wbem;C:\Windows\System32\WindowsPowerShell\v1.0\;C:\Windows\System32\OpenSSH\;C:\Program Files (x86)\NVIDIA Corporation\PhysX\Common;C:\Program Files\NVIDIA Corporation\NVIDIA NvDLISR;D:\Server\Java\jdk1.8.0_241\bin;C:\Program Files (x86)\Windows Kits\8.1\Windows Performance Toolkit\;D:\Server\Tomcat7\lib;D:\Server\Tomcat7\bin;D:\Server\mysql-5.7.25-winx64\bin;D:\Server\apache-maven-3.6.3\bin;D:\Program Files\Git\cmd;D:\Server\Java\android-sdk-windows\platform-tools;D:\Server\Java\android-sdk-windows\tools;D:\Server\allure-2.13.3\bin;D:\Server\apache-jmeter-4.0\lib\ext\ApacheJMeter_core.jar;D:\Server\apache-jmeter-4.0\lib\jorphan.jar;D:\Server\apache-jmeter-4.0\lib\logkit-2.0.jar;C:\WINDOWS\system32;C:\WINDOWS;C:\WINDOWS\System32\Wbem;C:\WINDOWS\System32\WindowsPowerShell\v1.0\;C:\WINDOWS\System32\OpenSSH\;D:\tools\Python27;D:\tools\Python27\Scripts;C:\Users\Administrator\AppData\Local\Microsoft\WindowsApps;;D:\Program Files (x86)\Fiddler;C:\Users\Administrator\AppData\Local\Microsoft\WindowsApps;."/>
    <property name="java.vm.info" value="mixed mode"/>
    <property name="java.vendor" value="Oracle Corporation"/>
    <property name="java.vm.version" value="25.241-b07"/>
    <property name="java.ext.dirs" value="D:\Server\Java\jdk1.8.0_241\jre\lib\ext;C:\WINDOWS\Sun\Java\lib\ext"/>
    <property name="sun.io.unicode.encoding" value="UnicodeLittle"/>
    <property name="java.class.version" value="52.0"/>
  </properties>
  <testcase name="beforeClass" classname="com.sh.stt.testcase.index.BJIndexTest" time="3.802">
    <failure type="java.lang.NullPointerException">java.lang.NullPointerException
</failure>
    <system-out><![CDATA[[TestNG] [WARN] Ignoring duplicate listener : com.sh.stt.listener.AssertListener
[TestNG] [WARN] Ignoring duplicate listener : com.sh.stt.listener.LogListener
2020-07-07 15:31:58.345 [main-26] INFO  com.sh.stt.util.PropertiesReader.readProperties - 读取项目配置文件
2020-07-07 15:31:58.359 [main-22] INFO  com.sh.stt.listener.LogListener.onStart - ====================wap-selenium开始====================
2020-07-07 15:31:58.368 [main-22] INFO  com.sh.stt.listener.LogListener.onStart - ====================wap-selenium开始====================
2020-07-07 15:31:58.538 [main-133] ERROR com.sh.stt.base.BaseDriver.startBrowser - chrome浏览器启动失败！
]]></system-out>
    <system-err><![CDATA[java.lang.IllegalStateException: The driver executable does not exist: D:\IDEA\wap-selenium\target\test-classes\driver\driver\chromedriver.exe
	at com.google.common.base.Preconditions.checkState(Preconditions.java:585)
	at org.openqa.selenium.remote.service.DriverService.checkExecutable(DriverService.java:146)
	at org.openqa.selenium.remote.service.DriverService.findExecutable(DriverService.java:141)
	at org.openqa.selenium.chrome.ChromeDriverService.access$000(ChromeDriverService.java:35)
	at org.openqa.selenium.chrome.ChromeDriverService$Builder.findDefaultExecutable(ChromeDriverService.java:159)
	at org.openqa.selenium.remote.service.DriverService$Builder.build(DriverService.java:355)
	at org.openqa.selenium.chrome.ChromeDriverService.createDefaultService(ChromeDriverService.java:94)
	at org.openqa.selenium.chrome.ChromeDriver.<init>(ChromeDriver.java:157)
	at com.sh.stt.base.BaseDriver.startBrowser(BaseDriver.java:130)
	at com.sh.stt.base.BaseTest.beforeClass(BaseTest.java:60)
	at sun.reflect.NativeMethodAccessorImpl.invoke0(Native Method)
	at sun.reflect.NativeMethodAccessorImpl.invoke(NativeMethodAccessorImpl.java:62)
	at sun.reflect.DelegatingMethodAccessorImpl.invoke(DelegatingMethodAccessorImpl.java:43)
	at java.lang.reflect.Method.invoke(Method.java:498)
	at org.testng.internal.MethodInvocationHelper.invokeMethod(MethodInvocationHelper.java:124)
	at org.testng.internal.MethodInvocationHelper.invokeMethodConsideringTimeout(MethodInvocationHelper.java:59)
	at org.testng.internal.Invoker.invokeConfigurationMethod(Invoker.java:458)
	at org.testng.internal.Invoker.invokeConfigurations(Invoker.java:222)
	at org.testng.internal.Invoker.invokeConfigurations(Invoker.java:142)
	at org.testng.internal.TestMethodWorker.invokeBeforeClassMethods(TestMethodWorker.java:168)
	at org.testng.internal.TestMethodWorker.run(TestMethodWorker.java:105)
	at org.testng.TestRunner.privateRun(TestRunner.java:648)
	at org.testng.TestRunner.run(TestRunner.java:505)
	at org.testng.SuiteRunner.runTest(SuiteRunner.java:455)
	at org.testng.SuiteRunner.runSequentially(SuiteRunner.java:450)
	at org.testng.SuiteRunner.privateRun(SuiteRunner.java:415)
	at org.testng.SuiteRunner.run(SuiteRunner.java:364)
	at org.testng.SuiteRunnerWorker.runSuite(SuiteRunnerWorker.java:52)
	at org.testng.SuiteRunnerWorker.run(SuiteRunnerWorker.java:84)
	at org.testng.TestNG.runSuitesSequentially(TestNG.java:1208)
	at org.testng.TestNG.runSuitesSequentially(TestNG.java:1204)
	at org.testng.TestNG.runSuitesLocally(TestNG.java:1137)
	at org.testng.TestNG.runSuites(TestNG.java:1049)
	at org.testng.TestNG.run(TestNG.java:1017)
	at org.apache.maven.surefire.testng.TestNGExecutor.run(TestNGExecutor.java:283)
	at org.apache.maven.surefire.testng.TestNGXmlTestSuite.execute(TestNGXmlTestSuite.java:75)
	at org.apache.maven.surefire.testng.TestNGProvider.invoke(TestNGProvider.java:120)
	at org.apache.maven.surefire.booter.ForkedBooter.invokeProviderInSameClassLoader(ForkedBooter.java:384)
	at org.apache.maven.surefire.booter.ForkedBooter.runSuitesInProcess(ForkedBooter.java:345)
	at org.apache.maven.surefire.booter.ForkedBooter.execute(ForkedBooter.java:126)
	at org.apache.maven.surefire.booter.ForkedBooter.main(ForkedBooter.java:418)
]]></system-err>
  </testcase>
  <testcase name="beforeMethod" classname="com.sh.stt.testcase.index.BJIndexTest" time="0">
    <skipped/>
  </testcase>
  <testcase name="beforeMethod" classname="com.sh.stt.testcase.index.BJIndexTest" time="0">
    <skipped/>
    <system-out><![CDATA[2020-07-07 15:31:58.827 [main-68] INFO  com.sh.stt.listener.LogListener.onTestSkipped - ========com.sh.stt.testcase.index.BJIndexTest.advBannerListTest跳过测试========
]]></system-out>
  </testcase>
  <testcase name="beforeMethod" classname="com.sh.stt.testcase.index.BJIndexTest" time="0">
    <skipped/>
    <system-out><![CDATA[2020-07-07 15:31:58.840 [main-68] INFO  com.sh.stt.listener.LogListener.onTestSkipped - ========com.sh.stt.testcase.index.BJIndexTest.quickListTest跳过测试========
]]></system-out>
  </testcase>
  <testcase name="beforeMethod" classname="com.sh.stt.testcase.index.BJIndexTest" time="0">
    <skipped/>
    <system-out><![CDATA[2020-07-07 15:31:58.851 [main-68] INFO  com.sh.stt.listener.LogListener.onTestSkipped - ========com.sh.stt.testcase.index.BJIndexTest.tlAdvListTest跳过测试========
]]></system-out>
  </testcase>
  <testcase name="beforeMethod" classname="com.sh.stt.testcase.index.BJIndexTest" time="0">
    <skipped/>
    <system-out><![CDATA[2020-07-07 15:31:58.866 [main-68] INFO  com.sh.stt.listener.LogListener.onTestSkipped - ========com.sh.stt.testcase.index.BJIndexTest.familyShareListTest跳过测试========
]]></system-out>
  </testcase>
  <testcase name="beforeMethod" classname="com.sh.stt.testcase.index.BJIndexTest" time="0">
    <skipped/>
    <system-out><![CDATA[2020-07-07 15:31:58.877 [main-68] INFO  com.sh.stt.listener.LogListener.onTestSkipped - ========com.sh.stt.testcase.index.BJIndexTest.terminalRecomListTest跳过测试========
]]></system-out>
  </testcase>
  <testcase name="beforeMethod" classname="com.sh.stt.testcase.index.BJIndexTest" time="0">
    <skipped/>
    <system-out><![CDATA[2020-07-07 15:31:58.887 [main-68] INFO  com.sh.stt.listener.LogListener.onTestSkipped - ========com.sh.stt.testcase.index.BJIndexTest.serviceRecomListTest跳过测试========
]]></system-out>
  </testcase>
  <testcase name="beforeMethod" classname="com.sh.stt.testcase.index.BJIndexTest" time="0">
    <skipped/>
    <system-out><![CDATA[2020-07-07 15:31:58.892 [main-68] INFO  com.sh.stt.listener.LogListener.onTestSkipped - ========com.sh.stt.testcase.index.BJIndexTest.cardRecomLeftTest跳过测试========
]]></system-out>
  </testcase>
  <testcase name="beforeMethod" classname="com.sh.stt.testcase.index.BJIndexTest" time="0">
    <skipped/>
    <system-out><![CDATA[2020-07-07 15:31:58.898 [main-68] INFO  com.sh.stt.listener.LogListener.onTestSkipped - ========com.sh.stt.testcase.index.BJIndexTest.cardRecomRightListTest跳过测试========
]]></system-out>
  </testcase>
  <testcase name="advBannerListTest" classname="com.sh.stt.testcase.index.BJIndexTest" time="0">
    <skipped/>
    <system-out><![CDATA[2020-07-07 15:31:58.815 [main-68] INFO  com.sh.stt.listener.LogListener.onTestSkipped - ========com.sh.stt.testcase.index.BJIndexTest.advBannerListTest跳过测试========
]]></system-out>
  </testcase>
  <testcase name="quickListTest" classname="com.sh.stt.testcase.index.BJIndexTest" time="0">
    <skipped/>
    <system-out><![CDATA[2020-07-07 15:31:58.828 [main-68] INFO  com.sh.stt.listener.LogListener.onTestSkipped - ========com.sh.stt.testcase.index.BJIndexTest.quickListTest跳过测试========
]]></system-out>
  </testcase>
  <testcase name="tlAdvListTest" classname="com.sh.stt.testcase.index.BJIndexTest" time="0">
    <skipped/>
    <system-out><![CDATA[2020-07-07 15:31:58.841 [main-68] INFO  com.sh.stt.listener.LogListener.onTestSkipped - ========com.sh.stt.testcase.index.BJIndexTest.tlAdvListTest跳过测试========
]]></system-out>
  </testcase>
  <testcase name="familyShareListTest" classname="com.sh.stt.testcase.index.BJIndexTest" time="0">
    <skipped/>
    <system-out><![CDATA[2020-07-07 15:31:58.852 [main-68] INFO  com.sh.stt.listener.LogListener.onTestSkipped - ========com.sh.stt.testcase.index.BJIndexTest.familyShareListTest跳过测试========
]]></system-out>
  </testcase>
  <testcase name="terminalRecomListTest" classname="com.sh.stt.testcase.index.BJIndexTest" time="0">
    <skipped/>
    <system-out><![CDATA[2020-07-07 15:31:58.867 [main-68] INFO  com.sh.stt.listener.LogListener.onTestSkipped - ========com.sh.stt.testcase.index.BJIndexTest.terminalRecomListTest跳过测试========
]]></system-out>
  </testcase>
  <testcase name="serviceRecomListTest" classname="com.sh.stt.testcase.index.BJIndexTest" time="0">
    <skipped/>
    <system-out><![CDATA[2020-07-07 15:31:58.878 [main-68] INFO  com.sh.stt.listener.LogListener.onTestSkipped - ========com.sh.stt.testcase.index.BJIndexTest.serviceRecomListTest跳过测试========
]]></system-out>
  </testcase>
  <testcase name="cardRecomLeftTest" classname="com.sh.stt.testcase.index.BJIndexTest" time="0">
    <skipped/>
    <system-out><![CDATA[2020-07-07 15:31:58.888 [main-68] INFO  com.sh.stt.listener.LogListener.onTestSkipped - ========com.sh.stt.testcase.index.BJIndexTest.cardRecomLeftTest跳过测试========
]]></system-out>
  </testcase>
  <testcase name="cardRecomRightListTest" classname="com.sh.stt.testcase.index.BJIndexTest" time="0">
    <skipped/>
    <system-out><![CDATA[2020-07-07 15:31:58.893 [main-68] INFO  com.sh.stt.listener.LogListener.onTestSkipped - ========com.sh.stt.testcase.index.BJIndexTest.cardRecomRightListTest跳过测试========
]]></system-out>
  </testcase>
  <testcase name="featureListTest" classname="com.sh.stt.testcase.index.BJIndexTest" time="0">
    <skipped/>
    <system-out><![CDATA[2020-07-07 15:31:58.899 [main-68] INFO  com.sh.stt.listener.LogListener.onTestSkipped - ========com.sh.stt.testcase.index.BJIndexTest.featureListTest跳过测试========
]]></system-out>
  </testcase>
  <testcase name="afterClass" classname="com.sh.stt.testcase.index.BJIndexTest" time="4.093">
    <failure type="java.lang.NullPointerException">java.lang.NullPointerException
</failure>
    <system-out><![CDATA[2020-07-07 15:31:58.908 [main-68] INFO  com.sh.stt.listener.LogListener.onTestSkipped - ========com.sh.stt.testcase.index.BJIndexTest.featureListTest跳过测试========
]]></system-out>
  </testcase>
  <testcase name="beforeClass" classname="com.sh.stt.testcase.index.AHIndexTest" time="4.513">
    <failure type="java.lang.NullPointerException">java.lang.NullPointerException
</failure>
    <system-out><![CDATA[2020-07-07 15:31:58.943 [main-133] ERROR com.sh.stt.base.BaseDriver.startBrowser - chrome浏览器启动失败！
]]></system-out>
    <system-err><![CDATA[java.lang.IllegalStateException: The driver executable does not exist: D:\IDEA\wap-selenium\target\test-classes\driver\driver\chromedriver.exe
	at com.google.common.base.Preconditions.checkState(Preconditions.java:585)
	at org.openqa.selenium.remote.service.DriverService.checkExecutable(DriverService.java:146)
	at org.openqa.selenium.remote.service.DriverService.findExecutable(DriverService.java:141)
	at org.openqa.selenium.chrome.ChromeDriverService.access$000(ChromeDriverService.java:35)
	at org.openqa.selenium.chrome.ChromeDriverService$Builder.findDefaultExecutable(ChromeDriverService.java:159)
	at org.openqa.selenium.remote.service.DriverService$Builder.build(DriverService.java:355)
	at org.openqa.selenium.chrome.ChromeDriverService.createDefaultService(ChromeDriverService.java:94)
	at org.openqa.selenium.chrome.ChromeDriver.<init>(ChromeDriver.java:157)
	at com.sh.stt.base.BaseDriver.startBrowser(BaseDriver.java:130)
	at com.sh.stt.base.BaseTest.beforeClass(BaseTest.java:60)
	at sun.reflect.NativeMethodAccessorImpl.invoke0(Native Method)
	at sun.reflect.NativeMethodAccessorImpl.invoke(NativeMethodAccessorImpl.java:62)
	at sun.reflect.DelegatingMethodAccessorImpl.invoke(DelegatingMethodAccessorImpl.java:43)
	at java.lang.reflect.Method.invoke(Method.java:498)
	at org.testng.internal.MethodInvocationHelper.invokeMethod(MethodInvocationHelper.java:124)
	at org.testng.internal.MethodInvocationHelper.invokeMethodConsideringTimeout(MethodInvocationHelper.java:59)
	at org.testng.internal.Invoker.invokeConfigurationMethod(Invoker.java:458)
	at org.testng.internal.Invoker.invokeConfigurations(Invoker.java:222)
	at org.testng.internal.Invoker.invokeConfigurations(Invoker.java:142)
	at org.testng.internal.TestMethodWorker.invokeBeforeClassMethods(TestMethodWorker.java:168)
	at org.testng.internal.TestMethodWorker.run(TestMethodWorker.java:105)
	at org.testng.TestRunner.privateRun(TestRunner.java:648)
	at org.testng.TestRunner.run(TestRunner.java:505)
	at org.testng.SuiteRunner.runTest(SuiteRunner.java:455)
	at org.testng.SuiteRunner.runSequentially(SuiteRunner.java:450)
	at org.testng.SuiteRunner.privateRun(SuiteRunner.java:415)
	at org.testng.SuiteRunner.run(SuiteRunner.java:364)
	at org.testng.SuiteRunnerWorker.runSuite(SuiteRunnerWorker.java:52)
	at org.testng.SuiteRunnerWorker.run(SuiteRunnerWorker.java:84)
	at org.testng.TestNG.runSuitesSequentially(TestNG.java:1208)
	at org.testng.TestNG.runSuitesSequentially(TestNG.java:1204)
	at org.testng.TestNG.runSuitesLocally(TestNG.java:1137)
	at org.testng.TestNG.runSuites(TestNG.java:1049)
	at org.testng.TestNG.run(TestNG.java:1017)
	at org.apache.maven.surefire.testng.TestNGExecutor.run(TestNGExecutor.java:283)
	at org.apache.maven.surefire.testng.TestNGXmlTestSuite.execute(TestNGXmlTestSuite.java:75)
	at org.apache.maven.surefire.testng.TestNGProvider.invoke(TestNGProvider.java:120)
	at org.apache.maven.surefire.booter.ForkedBooter.invokeProviderInSameClassLoader(ForkedBooter.java:384)
	at org.apache.maven.surefire.booter.ForkedBooter.runSuitesInProcess(ForkedBooter.java:345)
	at org.apache.maven.surefire.booter.ForkedBooter.execute(ForkedBooter.java:126)
	at org.apache.maven.surefire.booter.ForkedBooter.main(ForkedBooter.java:418)
]]></system-err>
  </testcase>
  <testcase name="beforeMethod" classname="com.sh.stt.testcase.index.AHIndexTest" time="0">
    <skipped/>
  </testcase>
  <testcase name="beforeMethod" classname="com.sh.stt.testcase.index.AHIndexTest" time="0">
    <skipped/>
    <system-out><![CDATA[2020-07-07 15:31:58.951 [main-68] INFO  com.sh.stt.listener.LogListener.onTestSkipped - ========com.sh.stt.testcase.index.AHIndexTest.advBannerListTest跳过测试========
]]></system-out>
  </testcase>
  <testcase name="beforeMethod" classname="com.sh.stt.testcase.index.AHIndexTest" time="0">
    <skipped/>
    <system-out><![CDATA[2020-07-07 15:31:58.958 [main-68] INFO  com.sh.stt.listener.LogListener.onTestSkipped - ========com.sh.stt.testcase.index.AHIndexTest.quickListTest跳过测试========
]]></system-out>
  </testcase>
  <testcase name="beforeMethod" classname="com.sh.stt.testcase.index.AHIndexTest" time="0">
    <skipped/>
    <system-out><![CDATA[2020-07-07 15:31:58.966 [main-68] INFO  com.sh.stt.listener.LogListener.onTestSkipped - ========com.sh.stt.testcase.index.AHIndexTest.tlAdvListTest跳过测试========
]]></system-out>
  </testcase>
  <testcase name="beforeMethod" classname="com.sh.stt.testcase.index.AHIndexTest" time="0">
    <skipped/>
    <system-out><![CDATA[2020-07-07 15:31:58.975 [main-68] INFO  com.sh.stt.listener.LogListener.onTestSkipped - ========com.sh.stt.testcase.index.AHIndexTest.familyShareListTest跳过测试========
]]></system-out>
  </testcase>
  <testcase name="beforeMethod" classname="com.sh.stt.testcase.index.AHIndexTest" time="0">
    <skipped/>
    <system-out><![CDATA[2020-07-07 15:31:58.980 [main-68] INFO  com.sh.stt.listener.LogListener.onTestSkipped - ========com.sh.stt.testcase.index.AHIndexTest.terminalRecomListTest跳过测试========
]]></system-out>
  </testcase>
  <testcase name="beforeMethod" classname="com.sh.stt.testcase.index.AHIndexTest" time="0">
    <skipped/>
    <system-out><![CDATA[2020-07-07 15:31:58.987 [main-68] INFO  com.sh.stt.listener.LogListener.onTestSkipped - ========com.sh.stt.testcase.index.AHIndexTest.serviceRecomListTest跳过测试========
]]></system-out>
  </testcase>
  <testcase name="beforeMethod" classname="com.sh.stt.testcase.index.AHIndexTest" time="0">
    <skipped/>
    <system-out><![CDATA[2020-07-07 15:31:58.995 [main-68] INFO  com.sh.stt.listener.LogListener.onTestSkipped - ========com.sh.stt.testcase.index.AHIndexTest.cardRecomLeftTest跳过测试========
]]></system-out>
  </testcase>
  <testcase name="beforeMethod" classname="com.sh.stt.testcase.index.AHIndexTest" time="0">
    <skipped/>
    <system-out><![CDATA[2020-07-07 15:31:59.002 [main-68] INFO  com.sh.stt.listener.LogListener.onTestSkipped - ========com.sh.stt.testcase.index.AHIndexTest.cardRecomRightListTest跳过测试========
]]></system-out>
  </testcase>
  <testcase name="advBannerListTest" classname="com.sh.stt.testcase.index.AHIndexTest" time="0">
    <skipped/>
    <system-out><![CDATA[2020-07-07 15:31:58.948 [main-68] INFO  com.sh.stt.listener.LogListener.onTestSkipped - ========com.sh.stt.testcase.index.AHIndexTest.advBannerListTest跳过测试========
]]></system-out>
  </testcase>
  <testcase name="quickListTest" classname="com.sh.stt.testcase.index.AHIndexTest" time="0">
    <skipped/>
    <system-out><![CDATA[2020-07-07 15:31:58.952 [main-68] INFO  com.sh.stt.listener.LogListener.onTestSkipped - ========com.sh.stt.testcase.index.AHIndexTest.quickListTest跳过测试========
]]></system-out>
  </testcase>
  <testcase name="tlAdvListTest" classname="com.sh.stt.testcase.index.AHIndexTest" time="0">
    <skipped/>
    <system-out><![CDATA[2020-07-07 15:31:58.959 [main-68] INFO  com.sh.stt.listener.LogListener.onTestSkipped - ========com.sh.stt.testcase.index.AHIndexTest.tlAdvListTest跳过测试========
]]></system-out>
  </testcase>
  <testcase name="familyShareListTest" classname="com.sh.stt.testcase.index.AHIndexTest" time="0">
    <skipped/>
    <system-out><![CDATA[2020-07-07 15:31:58.966 [main-68] INFO  com.sh.stt.listener.LogListener.onTestSkipped - ========com.sh.stt.testcase.index.AHIndexTest.familyShareListTest跳过测试========
]]></system-out>
  </testcase>
  <testcase name="terminalRecomListTest" classname="com.sh.stt.testcase.index.AHIndexTest" time="0">
    <skipped/>
    <system-out><![CDATA[2020-07-07 15:31:58.976 [main-68] INFO  com.sh.stt.listener.LogListener.onTestSkipped - ========com.sh.stt.testcase.index.AHIndexTest.terminalRecomListTest跳过测试========
]]></system-out>
  </testcase>
  <testcase name="serviceRecomListTest" classname="com.sh.stt.testcase.index.AHIndexTest" time="0">
    <skipped/>
    <system-out><![CDATA[2020-07-07 15:31:58.981 [main-68] INFO  com.sh.stt.listener.LogListener.onTestSkipped - ========com.sh.stt.testcase.index.AHIndexTest.serviceRecomListTest跳过测试========
]]></system-out>
  </testcase>
  <testcase name="cardRecomLeftTest" classname="com.sh.stt.testcase.index.AHIndexTest" time="0">
    <skipped/>
    <system-out><![CDATA[2020-07-07 15:31:58.989 [main-68] INFO  com.sh.stt.listener.LogListener.onTestSkipped - ========com.sh.stt.testcase.index.AHIndexTest.cardRecomLeftTest跳过测试========
]]></system-out>
  </testcase>
  <testcase name="cardRecomRightListTest" classname="com.sh.stt.testcase.index.AHIndexTest" time="0">
    <skipped/>
    <system-out><![CDATA[2020-07-07 15:31:58.997 [main-68] INFO  com.sh.stt.listener.LogListener.onTestSkipped - ========com.sh.stt.testcase.index.AHIndexTest.cardRecomRightListTest跳过测试========
]]></system-out>
  </testcase>
  <testcase name="featureListTest" classname="com.sh.stt.testcase.index.AHIndexTest" time="0">
    <skipped/>
    <system-out><![CDATA[2020-07-07 15:31:59.003 [main-68] INFO  com.sh.stt.listener.LogListener.onTestSkipped - ========com.sh.stt.testcase.index.AHIndexTest.featureListTest跳过测试========
]]></system-out>
  </testcase>
  <testcase name="afterClass" classname="com.sh.stt.testcase.index.AHIndexTest" time="4.712">
    <failure type="java.lang.NullPointerException">java.lang.NullPointerException
</failure>
    <system-out><![CDATA[2020-07-07 15:31:59.008 [main-68] INFO  com.sh.stt.listener.LogListener.onTestSkipped - ========com.sh.stt.testcase.index.AHIndexTest.featureListTest跳过测试========
]]></system-out>
  </testcase>
  <testcase name="beforeClass" classname="com.sh.stt.testcase.index.CQIndexTest" time="4.959">
    <failure type="java.lang.NullPointerException">java.lang.NullPointerException
</failure>
    <system-out><![CDATA[2020-07-07 15:31:59.038 [main-133] ERROR com.sh.stt.base.BaseDriver.startBrowser - chrome浏览器启动失败！
]]></system-out>
    <system-err><![CDATA[java.lang.IllegalStateException: The driver executable does not exist: D:\IDEA\wap-selenium\target\test-classes\driver\driver\chromedriver.exe
	at com.google.common.base.Preconditions.checkState(Preconditions.java:585)
	at org.openqa.selenium.remote.service.DriverService.checkExecutable(DriverService.java:146)
	at org.openqa.selenium.remote.service.DriverService.findExecutable(DriverService.java:141)
	at org.openqa.selenium.chrome.ChromeDriverService.access$000(ChromeDriverService.java:35)
	at org.openqa.selenium.chrome.ChromeDriverService$Builder.findDefaultExecutable(ChromeDriverService.java:159)
	at org.openqa.selenium.remote.service.DriverService$Builder.build(DriverService.java:355)
	at org.openqa.selenium.chrome.ChromeDriverService.createDefaultService(ChromeDriverService.java:94)
	at org.openqa.selenium.chrome.ChromeDriver.<init>(ChromeDriver.java:157)
	at com.sh.stt.base.BaseDriver.startBrowser(BaseDriver.java:130)
	at com.sh.stt.base.BaseTest.beforeClass(BaseTest.java:60)
	at sun.reflect.NativeMethodAccessorImpl.invoke0(Native Method)
	at sun.reflect.NativeMethodAccessorImpl.invoke(NativeMethodAccessorImpl.java:62)
	at sun.reflect.DelegatingMethodAccessorImpl.invoke(DelegatingMethodAccessorImpl.java:43)
	at java.lang.reflect.Method.invoke(Method.java:498)
	at org.testng.internal.MethodInvocationHelper.invokeMethod(MethodInvocationHelper.java:124)
	at org.testng.internal.MethodInvocationHelper.invokeMethodConsideringTimeout(MethodInvocationHelper.java:59)
	at org.testng.internal.Invoker.invokeConfigurationMethod(Invoker.java:458)
	at org.testng.internal.Invoker.invokeConfigurations(Invoker.java:222)
	at org.testng.internal.Invoker.invokeConfigurations(Invoker.java:142)
	at org.testng.internal.TestMethodWorker.invokeBeforeClassMethods(TestMethodWorker.java:168)
	at org.testng.internal.TestMethodWorker.run(TestMethodWorker.java:105)
	at org.testng.TestRunner.privateRun(TestRunner.java:648)
	at org.testng.TestRunner.run(TestRunner.java:505)
	at org.testng.SuiteRunner.runTest(SuiteRunner.java:455)
	at org.testng.SuiteRunner.runSequentially(SuiteRunner.java:450)
	at org.testng.SuiteRunner.privateRun(SuiteRunner.java:415)
	at org.testng.SuiteRunner.run(SuiteRunner.java:364)
	at org.testng.SuiteRunnerWorker.runSuite(SuiteRunnerWorker.java:52)
	at org.testng.SuiteRunnerWorker.run(SuiteRunnerWorker.java:84)
	at org.testng.TestNG.runSuitesSequentially(TestNG.java:1208)
	at org.testng.TestNG.runSuitesSequentially(TestNG.java:1204)
	at org.testng.TestNG.runSuitesLocally(TestNG.java:1137)
	at org.testng.TestNG.runSuites(TestNG.java:1049)
	at org.testng.TestNG.run(TestNG.java:1017)
	at org.apache.maven.surefire.testng.TestNGExecutor.run(TestNGExecutor.java:283)
	at org.apache.maven.surefire.testng.TestNGXmlTestSuite.execute(TestNGXmlTestSuite.java:75)
	at org.apache.maven.surefire.testng.TestNGProvider.invoke(TestNGProvider.java:120)
	at org.apache.maven.surefire.booter.ForkedBooter.invokeProviderInSameClassLoader(ForkedBooter.java:384)
	at org.apache.maven.surefire.booter.ForkedBooter.runSuitesInProcess(ForkedBooter.java:345)
	at org.apache.maven.surefire.booter.ForkedBooter.execute(ForkedBooter.java:126)
	at org.apache.maven.surefire.booter.ForkedBooter.main(ForkedBooter.java:418)
]]></system-err>
  </testcase>
  <testcase name="beforeMethod" classname="com.sh.stt.testcase.index.CQIndexTest" time="0">
    <skipped/>
  </testcase>
  <testcase name="beforeMethod" classname="com.sh.stt.testcase.index.CQIndexTest" time="0">
    <skipped/>
    <system-out><![CDATA[2020-07-07 15:31:59.047 [main-68] INFO  com.sh.stt.listener.LogListener.onTestSkipped - ========com.sh.stt.testcase.index.CQIndexTest.advBannerListTest跳过测试========
]]></system-out>
  </testcase>
  <testcase name="beforeMethod" classname="com.sh.stt.testcase.index.CQIndexTest" time="0">
    <skipped/>
    <system-out><![CDATA[2020-07-07 15:31:59.053 [main-68] INFO  com.sh.stt.listener.LogListener.onTestSkipped - ========com.sh.stt.testcase.index.CQIndexTest.quickListTest跳过测试========
]]></system-out>
  </testcase>
  <testcase name="beforeMethod" classname="com.sh.stt.testcase.index.CQIndexTest" time="0">
    <skipped/>
    <system-out><![CDATA[2020-07-07 15:31:59.067 [main-68] INFO  com.sh.stt.listener.LogListener.onTestSkipped - ========com.sh.stt.testcase.index.CQIndexTest.tlAdvListTest跳过测试========
]]></system-out>
  </testcase>
  <testcase name="beforeMethod" classname="com.sh.stt.testcase.index.CQIndexTest" time="0">
    <skipped/>
    <system-out><![CDATA[2020-07-07 15:31:59.072 [main-68] INFO  com.sh.stt.listener.LogListener.onTestSkipped - ========com.sh.stt.testcase.index.CQIndexTest.familyShareListTest跳过测试========
]]></system-out>
  </testcase>
  <testcase name="beforeMethod" classname="com.sh.stt.testcase.index.CQIndexTest" time="0">
    <skipped/>
    <system-out><![CDATA[2020-07-07 15:31:59.082 [main-68] INFO  com.sh.stt.listener.LogListener.onTestSkipped - ========com.sh.stt.testcase.index.CQIndexTest.terminalRecomListTest跳过测试========
]]></system-out>
  </testcase>
  <testcase name="beforeMethod" classname="com.sh.stt.testcase.index.CQIndexTest" time="0">
    <skipped/>
    <system-out><![CDATA[2020-07-07 15:31:59.088 [main-68] INFO  com.sh.stt.listener.LogListener.onTestSkipped - ========com.sh.stt.testcase.index.CQIndexTest.serviceRecomListTest跳过测试========
]]></system-out>
  </testcase>
  <testcase name="beforeMethod" classname="com.sh.stt.testcase.index.CQIndexTest" time="0">
    <skipped/>
    <system-out><![CDATA[2020-07-07 15:31:59.093 [main-68] INFO  com.sh.stt.listener.LogListener.onTestSkipped - ========com.sh.stt.testcase.index.CQIndexTest.cardRecomLeftTest跳过测试========
]]></system-out>
  </testcase>
  <testcase name="beforeMethod" classname="com.sh.stt.testcase.index.CQIndexTest" time="0">
    <skipped/>
    <system-out><![CDATA[2020-07-07 15:31:59.104 [main-68] INFO  com.sh.stt.listener.LogListener.onTestSkipped - ========com.sh.stt.testcase.index.CQIndexTest.cardRecomRightListTest跳过测试========
]]></system-out>
  </testcase>
  <testcase name="advBannerListTest" classname="com.sh.stt.testcase.index.CQIndexTest" time="0">
    <skipped/>
    <system-out><![CDATA[2020-07-07 15:31:59.043 [main-68] INFO  com.sh.stt.listener.LogListener.onTestSkipped - ========com.sh.stt.testcase.index.CQIndexTest.advBannerListTest跳过测试========
]]></system-out>
  </testcase>
  <testcase name="quickListTest" classname="com.sh.stt.testcase.index.CQIndexTest" time="0">
    <skipped/>
    <system-out><![CDATA[2020-07-07 15:31:59.048 [main-68] INFO  com.sh.stt.listener.LogListener.onTestSkipped - ========com.sh.stt.testcase.index.CQIndexTest.quickListTest跳过测试========
]]></system-out>
  </testcase>
  <testcase name="tlAdvListTest" classname="com.sh.stt.testcase.index.CQIndexTest" time="0">
    <skipped/>
    <system-out><![CDATA[2020-07-07 15:31:59.061 [main-68] INFO  com.sh.stt.listener.LogListener.onTestSkipped - ========com.sh.stt.testcase.index.CQIndexTest.tlAdvListTest跳过测试========
]]></system-out>
  </testcase>
  <testcase name="familyShareListTest" classname="com.sh.stt.testcase.index.CQIndexTest" time="0">
    <skipped/>
    <system-out><![CDATA[2020-07-07 15:31:59.068 [main-68] INFO  com.sh.stt.listener.LogListener.onTestSkipped - ========com.sh.stt.testcase.index.CQIndexTest.familyShareListTest跳过测试========
]]></system-out>
  </testcase>
  <testcase name="terminalRecomListTest" classname="com.sh.stt.testcase.index.CQIndexTest" time="0">
    <skipped/>
    <system-out><![CDATA[2020-07-07 15:31:59.073 [main-68] INFO  com.sh.stt.listener.LogListener.onTestSkipped - ========com.sh.stt.testcase.index.CQIndexTest.terminalRecomListTest跳过测试========
]]></system-out>
  </testcase>
  <testcase name="serviceRecomListTest" classname="com.sh.stt.testcase.index.CQIndexTest" time="0">
    <skipped/>
    <system-out><![CDATA[2020-07-07 15:31:59.082 [main-68] INFO  com.sh.stt.listener.LogListener.onTestSkipped - ========com.sh.stt.testcase.index.CQIndexTest.serviceRecomListTest跳过测试========
]]></system-out>
  </testcase>
  <testcase name="cardRecomLeftTest" classname="com.sh.stt.testcase.index.CQIndexTest" time="0">
    <skipped/>
    <system-out><![CDATA[2020-07-07 15:31:59.089 [main-68] INFO  com.sh.stt.listener.LogListener.onTestSkipped - ========com.sh.stt.testcase.index.CQIndexTest.cardRecomLeftTest跳过测试========
]]></system-out>
  </testcase>
  <testcase name="cardRecomRightListTest" classname="com.sh.stt.testcase.index.CQIndexTest" time="0">
    <skipped/>
    <system-out><![CDATA[2020-07-07 15:31:59.094 [main-68] INFO  com.sh.stt.listener.LogListener.onTestSkipped - ========com.sh.stt.testcase.index.CQIndexTest.cardRecomRightListTest跳过测试========
]]></system-out>
  </testcase>
  <testcase name="featureListTest" classname="com.sh.stt.testcase.index.CQIndexTest" time="0">
    <skipped/>
    <system-out><![CDATA[2020-07-07 15:31:59.105 [main-68] INFO  com.sh.stt.listener.LogListener.onTestSkipped - ========com.sh.stt.testcase.index.CQIndexTest.featureListTest跳过测试========
]]></system-out>
  </testcase>
  <testcase name="afterClass" classname="com.sh.stt.testcase.index.CQIndexTest" time="5.122">
    <failure type="java.lang.NullPointerException">java.lang.NullPointerException
</failure>
    <system-out><![CDATA[2020-07-07 15:31:59.114 [main-68] INFO  com.sh.stt.listener.LogListener.onTestSkipped - ========com.sh.stt.testcase.index.CQIndexTest.featureListTest跳过测试========
]]></system-out>
  </testcase>
  <testcase name="beforeClass" classname="com.sh.stt.testcase.index.FJIndexTest" time="5.316">
    <failure type="java.lang.NullPointerException">java.lang.NullPointerException
</failure>
    <system-out><![CDATA[2020-07-07 15:31:59.146 [main-133] ERROR com.sh.stt.base.BaseDriver.startBrowser - chrome浏览器启动失败！
]]></system-out>
    <system-err><![CDATA[java.lang.IllegalStateException: The driver executable does not exist: D:\IDEA\wap-selenium\target\test-classes\driver\driver\chromedriver.exe
	at com.google.common.base.Preconditions.checkState(Preconditions.java:585)
	at org.openqa.selenium.remote.service.DriverService.checkExecutable(DriverService.java:146)
	at org.openqa.selenium.remote.service.DriverService.findExecutable(DriverService.java:141)
	at org.openqa.selenium.chrome.ChromeDriverService.access$000(ChromeDriverService.java:35)
	at org.openqa.selenium.chrome.ChromeDriverService$Builder.findDefaultExecutable(ChromeDriverService.java:159)
	at org.openqa.selenium.remote.service.DriverService$Builder.build(DriverService.java:355)
	at org.openqa.selenium.chrome.ChromeDriverService.createDefaultService(ChromeDriverService.java:94)
	at org.openqa.selenium.chrome.ChromeDriver.<init>(ChromeDriver.java:157)
	at com.sh.stt.base.BaseDriver.startBrowser(BaseDriver.java:130)
	at com.sh.stt.base.BaseTest.beforeClass(BaseTest.java:60)
	at sun.reflect.NativeMethodAccessorImpl.invoke0(Native Method)
	at sun.reflect.NativeMethodAccessorImpl.invoke(NativeMethodAccessorImpl.java:62)
	at sun.reflect.DelegatingMethodAccessorImpl.invoke(DelegatingMethodAccessorImpl.java:43)
	at java.lang.reflect.Method.invoke(Method.java:498)
	at org.testng.internal.MethodInvocationHelper.invokeMethod(MethodInvocationHelper.java:124)
	at org.testng.internal.MethodInvocationHelper.invokeMethodConsideringTimeout(MethodInvocationHelper.java:59)
	at org.testng.internal.Invoker.invokeConfigurationMethod(Invoker.java:458)
	at org.testng.internal.Invoker.invokeConfigurations(Invoker.java:222)
	at org.testng.internal.Invoker.invokeConfigurations(Invoker.java:142)
	at org.testng.internal.TestMethodWorker.invokeBeforeClassMethods(TestMethodWorker.java:168)
	at org.testng.internal.TestMethodWorker.run(TestMethodWorker.java:105)
	at org.testng.TestRunner.privateRun(TestRunner.java:648)
	at org.testng.TestRunner.run(TestRunner.java:505)
	at org.testng.SuiteRunner.runTest(SuiteRunner.java:455)
	at org.testng.SuiteRunner.runSequentially(SuiteRunner.java:450)
	at org.testng.SuiteRunner.privateRun(SuiteRunner.java:415)
	at org.testng.SuiteRunner.run(SuiteRunner.java:364)
	at org.testng.SuiteRunnerWorker.runSuite(SuiteRunnerWorker.java:52)
	at org.testng.SuiteRunnerWorker.run(SuiteRunnerWorker.java:84)
	at org.testng.TestNG.runSuitesSequentially(TestNG.java:1208)
	at org.testng.TestNG.runSuitesSequentially(TestNG.java:1204)
	at org.testng.TestNG.runSuitesLocally(TestNG.java:1137)
	at org.testng.TestNG.runSuites(TestNG.java:1049)
	at org.testng.TestNG.run(TestNG.java:1017)
	at org.apache.maven.surefire.testng.TestNGExecutor.run(TestNGExecutor.java:283)
	at org.apache.maven.surefire.testng.TestNGXmlTestSuite.execute(TestNGXmlTestSuite.java:75)
	at org.apache.maven.surefire.testng.TestNGProvider.invoke(TestNGProvider.java:120)
	at org.apache.maven.surefire.booter.ForkedBooter.invokeProviderInSameClassLoader(ForkedBooter.java:384)
	at org.apache.maven.surefire.booter.ForkedBooter.runSuitesInProcess(ForkedBooter.java:345)
	at org.apache.maven.surefire.booter.ForkedBooter.execute(ForkedBooter.java:126)
	at org.apache.maven.surefire.booter.ForkedBooter.main(ForkedBooter.java:418)
]]></system-err>
  </testcase>
  <testcase name="beforeMethod" classname="com.sh.stt.testcase.index.FJIndexTest" time="0">
    <skipped/>
  </testcase>
  <testcase name="beforeMethod" classname="com.sh.stt.testcase.index.FJIndexTest" time="0">
    <skipped/>
    <system-out><![CDATA[2020-07-07 15:31:59.157 [main-68] INFO  com.sh.stt.listener.LogListener.onTestSkipped - ========com.sh.stt.testcase.index.FJIndexTest.advBannerListTest跳过测试========
]]></system-out>
  </testcase>
  <testcase name="beforeMethod" classname="com.sh.stt.testcase.index.FJIndexTest" time="0">
    <skipped/>
    <system-out><![CDATA[2020-07-07 15:31:59.167 [main-68] INFO  com.sh.stt.listener.LogListener.onTestSkipped - ========com.sh.stt.testcase.index.FJIndexTest.quickListTest跳过测试========
]]></system-out>
  </testcase>
  <testcase name="beforeMethod" classname="com.sh.stt.testcase.index.FJIndexTest" time="0">
    <skipped/>
    <system-out><![CDATA[2020-07-07 15:31:59.172 [main-68] INFO  com.sh.stt.listener.LogListener.onTestSkipped - ========com.sh.stt.testcase.index.FJIndexTest.tlAdvListTest跳过测试========
]]></system-out>
  </testcase>
  <testcase name="beforeMethod" classname="com.sh.stt.testcase.index.FJIndexTest" time="0">
    <skipped/>
    <system-out><![CDATA[2020-07-07 15:31:59.185 [main-68] INFO  com.sh.stt.listener.LogListener.onTestSkipped - ========com.sh.stt.testcase.index.FJIndexTest.familyShareListTest跳过测试========
]]></system-out>
  </testcase>
  <testcase name="beforeMethod" classname="com.sh.stt.testcase.index.FJIndexTest" time="0">
    <skipped/>
    <system-out><![CDATA[2020-07-07 15:31:59.192 [main-68] INFO  com.sh.stt.listener.LogListener.onTestSkipped - ========com.sh.stt.testcase.index.FJIndexTest.terminalRecomListTest跳过测试========
]]></system-out>
  </testcase>
  <testcase name="beforeMethod" classname="com.sh.stt.testcase.index.FJIndexTest" time="0">
    <skipped/>
    <system-out><![CDATA[2020-07-07 15:31:59.198 [main-68] INFO  com.sh.stt.listener.LogListener.onTestSkipped - ========com.sh.stt.testcase.index.FJIndexTest.serviceRecomListTest跳过测试========
]]></system-out>
  </testcase>
  <testcase name="beforeMethod" classname="com.sh.stt.testcase.index.FJIndexTest" time="0">
    <skipped/>
    <system-out><![CDATA[2020-07-07 15:31:59.204 [main-68] INFO  com.sh.stt.listener.LogListener.onTestSkipped - ========com.sh.stt.testcase.index.FJIndexTest.cardRecomLeftTest跳过测试========
]]></system-out>
  </testcase>
  <testcase name="beforeMethod" classname="com.sh.stt.testcase.index.FJIndexTest" time="0">
    <skipped/>
    <system-out><![CDATA[2020-07-07 15:31:59.211 [main-68] INFO  com.sh.stt.listener.LogListener.onTestSkipped - ========com.sh.stt.testcase.index.FJIndexTest.cardRecomRightListTest跳过测试========
]]></system-out>
  </testcase>
  <testcase name="advBannerListTest" classname="com.sh.stt.testcase.index.FJIndexTest" time="0">
    <skipped/>
    <system-out><![CDATA[2020-07-07 15:31:59.152 [main-68] INFO  com.sh.stt.listener.LogListener.onTestSkipped - ========com.sh.stt.testcase.index.FJIndexTest.advBannerListTest跳过测试========
]]></system-out>
  </testcase>
  <testcase name="quickListTest" classname="com.sh.stt.testcase.index.FJIndexTest" time="0">
    <skipped/>
    <system-out><![CDATA[2020-07-07 15:31:59.158 [main-68] INFO  com.sh.stt.listener.LogListener.onTestSkipped - ========com.sh.stt.testcase.index.FJIndexTest.quickListTest跳过测试========
]]></system-out>
  </testcase>
  <testcase name="tlAdvListTest" classname="com.sh.stt.testcase.index.FJIndexTest" time="0">
    <skipped/>
    <system-out><![CDATA[2020-07-07 15:31:59.168 [main-68] INFO  com.sh.stt.listener.LogListener.onTestSkipped - ========com.sh.stt.testcase.index.FJIndexTest.tlAdvListTest跳过测试========
]]></system-out>
  </testcase>
  <testcase name="familyShareListTest" classname="com.sh.stt.testcase.index.FJIndexTest" time="0">
    <skipped/>
    <system-out><![CDATA[2020-07-07 15:31:59.174 [main-68] INFO  com.sh.stt.listener.LogListener.onTestSkipped - ========com.sh.stt.testcase.index.FJIndexTest.familyShareListTest跳过测试========
]]></system-out>
  </testcase>
  <testcase name="terminalRecomListTest" classname="com.sh.stt.testcase.index.FJIndexTest" time="0">
    <skipped/>
    <system-out><![CDATA[2020-07-07 15:31:59.185 [main-68] INFO  com.sh.stt.listener.LogListener.onTestSkipped - ========com.sh.stt.testcase.index.FJIndexTest.terminalRecomListTest跳过测试========
]]></system-out>
  </testcase>
  <testcase name="serviceRecomListTest" classname="com.sh.stt.testcase.index.FJIndexTest" time="0">
    <skipped/>
    <system-out><![CDATA[2020-07-07 15:31:59.193 [main-68] INFO  com.sh.stt.listener.LogListener.onTestSkipped - ========com.sh.stt.testcase.index.FJIndexTest.serviceRecomListTest跳过测试========
]]></system-out>
  </testcase>
  <testcase name="cardRecomLeftTest" classname="com.sh.stt.testcase.index.FJIndexTest" time="0">
    <skipped/>
    <system-out><![CDATA[2020-07-07 15:31:59.199 [main-68] INFO  com.sh.stt.listener.LogListener.onTestSkipped - ========com.sh.stt.testcase.index.FJIndexTest.cardRecomLeftTest跳过测试========
]]></system-out>
  </testcase>
  <testcase name="cardRecomRightListTest" classname="com.sh.stt.testcase.index.FJIndexTest" time="0">
    <skipped/>
    <system-out><![CDATA[2020-07-07 15:31:59.205 [main-68] INFO  com.sh.stt.listener.LogListener.onTestSkipped - ========com.sh.stt.testcase.index.FJIndexTest.cardRecomRightListTest跳过测试========
]]></system-out>
  </testcase>
  <testcase name="featureListTest" classname="com.sh.stt.testcase.index.FJIndexTest" time="0">
    <skipped/>
    <system-out><![CDATA[2020-07-07 15:31:59.213 [main-68] INFO  com.sh.stt.listener.LogListener.onTestSkipped - ========com.sh.stt.testcase.index.FJIndexTest.featureListTest跳过测试========
]]></system-out>
  </testcase>
  <testcase name="afterClass" classname="com.sh.stt.testcase.index.FJIndexTest" time="5.494">
    <failure type="java.lang.NullPointerException">java.lang.NullPointerException
</failure>
    <system-out><![CDATA[2020-07-07 15:31:59.219 [main-68] INFO  com.sh.stt.listener.LogListener.onTestSkipped - ========com.sh.stt.testcase.index.FJIndexTest.featureListTest跳过测试========
]]></system-out>
  </testcase>
  <testcase name="beforeClass" classname="com.sh.stt.testcase.index.GDIndexTest" time="5.691">
    <failure type="java.lang.NullPointerException">java.lang.NullPointerException
</failure>
    <system-out><![CDATA[2020-07-07 15:31:59.251 [main-133] ERROR com.sh.stt.base.BaseDriver.startBrowser - chrome浏览器启动失败！
]]></system-out>
    <system-err><![CDATA[java.lang.IllegalStateException: The driver executable does not exist: D:\IDEA\wap-selenium\target\test-classes\driver\driver\chromedriver.exe
	at com.google.common.base.Preconditions.checkState(Preconditions.java:585)
	at org.openqa.selenium.remote.service.DriverService.checkExecutable(DriverService.java:146)
	at org.openqa.selenium.remote.service.DriverService.findExecutable(DriverService.java:141)
	at org.openqa.selenium.chrome.ChromeDriverService.access$000(ChromeDriverService.java:35)
	at org.openqa.selenium.chrome.ChromeDriverService$Builder.findDefaultExecutable(ChromeDriverService.java:159)
	at org.openqa.selenium.remote.service.DriverService$Builder.build(DriverService.java:355)
	at org.openqa.selenium.chrome.ChromeDriverService.createDefaultService(ChromeDriverService.java:94)
	at org.openqa.selenium.chrome.ChromeDriver.<init>(ChromeDriver.java:157)
	at com.sh.stt.base.BaseDriver.startBrowser(BaseDriver.java:130)
	at com.sh.stt.base.BaseTest.beforeClass(BaseTest.java:60)
	at sun.reflect.NativeMethodAccessorImpl.invoke0(Native Method)
	at sun.reflect.NativeMethodAccessorImpl.invoke(NativeMethodAccessorImpl.java:62)
	at sun.reflect.DelegatingMethodAccessorImpl.invoke(DelegatingMethodAccessorImpl.java:43)
	at java.lang.reflect.Method.invoke(Method.java:498)
	at org.testng.internal.MethodInvocationHelper.invokeMethod(MethodInvocationHelper.java:124)
	at org.testng.internal.MethodInvocationHelper.invokeMethodConsideringTimeout(MethodInvocationHelper.java:59)
	at org.testng.internal.Invoker.invokeConfigurationMethod(Invoker.java:458)
	at org.testng.internal.Invoker.invokeConfigurations(Invoker.java:222)
	at org.testng.internal.Invoker.invokeConfigurations(Invoker.java:142)
	at org.testng.internal.TestMethodWorker.invokeBeforeClassMethods(TestMethodWorker.java:168)
	at org.testng.internal.TestMethodWorker.run(TestMethodWorker.java:105)
	at org.testng.TestRunner.privateRun(TestRunner.java:648)
	at org.testng.TestRunner.run(TestRunner.java:505)
	at org.testng.SuiteRunner.runTest(SuiteRunner.java:455)
	at org.testng.SuiteRunner.runSequentially(SuiteRunner.java:450)
	at org.testng.SuiteRunner.privateRun(SuiteRunner.java:415)
	at org.testng.SuiteRunner.run(SuiteRunner.java:364)
	at org.testng.SuiteRunnerWorker.runSuite(SuiteRunnerWorker.java:52)
	at org.testng.SuiteRunnerWorker.run(SuiteRunnerWorker.java:84)
	at org.testng.TestNG.runSuitesSequentially(TestNG.java:1208)
	at org.testng.TestNG.runSuitesSequentially(TestNG.java:1204)
	at org.testng.TestNG.runSuitesLocally(TestNG.java:1137)
	at org.testng.TestNG.runSuites(TestNG.java:1049)
	at org.testng.TestNG.run(TestNG.java:1017)
	at org.apache.maven.surefire.testng.TestNGExecutor.run(TestNGExecutor.java:283)
	at org.apache.maven.surefire.testng.TestNGXmlTestSuite.execute(TestNGXmlTestSuite.java:75)
	at org.apache.maven.surefire.testng.TestNGProvider.invoke(TestNGProvider.java:120)
	at org.apache.maven.surefire.booter.ForkedBooter.invokeProviderInSameClassLoader(ForkedBooter.java:384)
	at org.apache.maven.surefire.booter.ForkedBooter.runSuitesInProcess(ForkedBooter.java:345)
	at org.apache.maven.surefire.booter.ForkedBooter.execute(ForkedBooter.java:126)
	at org.apache.maven.surefire.booter.ForkedBooter.main(ForkedBooter.java:418)
]]></system-err>
  </testcase>
  <testcase name="beforeMethod" classname="com.sh.stt.testcase.index.GDIndexTest" time="0">
    <skipped/>
  </testcase>
  <testcase name="beforeMethod" classname="com.sh.stt.testcase.index.GDIndexTest" time="0">
    <skipped/>
    <system-out><![CDATA[2020-07-07 15:31:59.261 [main-68] INFO  com.sh.stt.listener.LogListener.onTestSkipped - ========com.sh.stt.testcase.index.GDIndexTest.advBannerListTest跳过测试========
]]></system-out>
  </testcase>
  <testcase name="beforeMethod" classname="com.sh.stt.testcase.index.GDIndexTest" time="0">
    <skipped/>
    <system-out><![CDATA[2020-07-07 15:31:59.266 [main-68] INFO  com.sh.stt.listener.LogListener.onTestSkipped - ========com.sh.stt.testcase.index.GDIndexTest.quickListTest跳过测试========
]]></system-out>
  </testcase>
  <testcase name="beforeMethod" classname="com.sh.stt.testcase.index.GDIndexTest" time="0">
    <skipped/>
    <system-out><![CDATA[2020-07-07 15:31:59.274 [main-68] INFO  com.sh.stt.listener.LogListener.onTestSkipped - ========com.sh.stt.testcase.index.GDIndexTest.tlAdvListTest跳过测试========
]]></system-out>
  </testcase>
  <testcase name="beforeMethod" classname="com.sh.stt.testcase.index.GDIndexTest" time="0">
    <skipped/>
    <system-out><![CDATA[2020-07-07 15:31:59.279 [main-68] INFO  com.sh.stt.listener.LogListener.onTestSkipped - ========com.sh.stt.testcase.index.GDIndexTest.familyShareListTest跳过测试========
]]></system-out>
  </testcase>
  <testcase name="beforeMethod" classname="com.sh.stt.testcase.index.GDIndexTest" time="0">
    <skipped/>
    <system-out><![CDATA[2020-07-07 15:31:59.284 [main-68] INFO  com.sh.stt.listener.LogListener.onTestSkipped - ========com.sh.stt.testcase.index.GDIndexTest.terminalRecomListTest跳过测试========
]]></system-out>
  </testcase>
  <testcase name="beforeMethod" classname="com.sh.stt.testcase.index.GDIndexTest" time="0">
    <skipped/>
    <system-out><![CDATA[2020-07-07 15:31:59.288 [main-68] INFO  com.sh.stt.listener.LogListener.onTestSkipped - ========com.sh.stt.testcase.index.GDIndexTest.serviceRecomListTest跳过测试========
]]></system-out>
  </testcase>
  <testcase name="beforeMethod" classname="com.sh.stt.testcase.index.GDIndexTest" time="0">
    <skipped/>
    <system-out><![CDATA[2020-07-07 15:31:59.292 [main-68] INFO  com.sh.stt.listener.LogListener.onTestSkipped - ========com.sh.stt.testcase.index.GDIndexTest.cardRecomLeftTest跳过测试========
]]></system-out>
  </testcase>
  <testcase name="beforeMethod" classname="com.sh.stt.testcase.index.GDIndexTest" time="0">
    <skipped/>
    <system-out><![CDATA[2020-07-07 15:31:59.300 [main-68] INFO  com.sh.stt.listener.LogListener.onTestSkipped - ========com.sh.stt.testcase.index.GDIndexTest.cardRecomRightListTest跳过测试========
]]></system-out>
  </testcase>
  <testcase name="advBannerListTest" classname="com.sh.stt.testcase.index.GDIndexTest" time="0">
    <skipped/>
    <system-out><![CDATA[2020-07-07 15:31:59.255 [main-68] INFO  com.sh.stt.listener.LogListener.onTestSkipped - ========com.sh.stt.testcase.index.GDIndexTest.advBannerListTest跳过测试========
]]></system-out>
  </testcase>
  <testcase name="quickListTest" classname="com.sh.stt.testcase.index.GDIndexTest" time="0">
    <skipped/>
    <system-out><![CDATA[2020-07-07 15:31:59.262 [main-68] INFO  com.sh.stt.listener.LogListener.onTestSkipped - ========com.sh.stt.testcase.index.GDIndexTest.quickListTest跳过测试========
]]></system-out>
  </testcase>
  <testcase name="tlAdvListTest" classname="com.sh.stt.testcase.index.GDIndexTest" time="0">
    <skipped/>
    <system-out><![CDATA[2020-07-07 15:31:59.267 [main-68] INFO  com.sh.stt.listener.LogListener.onTestSkipped - ========com.sh.stt.testcase.index.GDIndexTest.tlAdvListTest跳过测试========
]]></system-out>
  </testcase>
  <testcase name="familyShareListTest" classname="com.sh.stt.testcase.index.GDIndexTest" time="0">
    <skipped/>
    <system-out><![CDATA[2020-07-07 15:31:59.275 [main-68] INFO  com.sh.stt.listener.LogListener.onTestSkipped - ========com.sh.stt.testcase.index.GDIndexTest.familyShareListTest跳过测试========
]]></system-out>
  </testcase>
  <testcase name="terminalRecomListTest" classname="com.sh.stt.testcase.index.GDIndexTest" time="0">
    <skipped/>
    <system-out><![CDATA[2020-07-07 15:31:59.280 [main-68] INFO  com.sh.stt.listener.LogListener.onTestSkipped - ========com.sh.stt.testcase.index.GDIndexTest.terminalRecomListTest跳过测试========
]]></system-out>
  </testcase>
  <testcase name="serviceRecomListTest" classname="com.sh.stt.testcase.index.GDIndexTest" time="0">
    <skipped/>
    <system-out><![CDATA[2020-07-07 15:31:59.284 [main-68] INFO  com.sh.stt.listener.LogListener.onTestSkipped - ========com.sh.stt.testcase.index.GDIndexTest.serviceRecomListTest跳过测试========
]]></system-out>
  </testcase>
  <testcase name="cardRecomLeftTest" classname="com.sh.stt.testcase.index.GDIndexTest" time="0">
    <skipped/>
    <system-out><![CDATA[2020-07-07 15:31:59.289 [main-68] INFO  com.sh.stt.listener.LogListener.onTestSkipped - ========com.sh.stt.testcase.index.GDIndexTest.cardRecomLeftTest跳过测试========
]]></system-out>
  </testcase>
  <testcase name="cardRecomRightListTest" classname="com.sh.stt.testcase.index.GDIndexTest" time="0">
    <skipped/>
    <system-out><![CDATA[2020-07-07 15:31:59.292 [main-68] INFO  com.sh.stt.listener.LogListener.onTestSkipped - ========com.sh.stt.testcase.index.GDIndexTest.cardRecomRightListTest跳过测试========
]]></system-out>
  </testcase>
  <testcase name="featureListTest" classname="com.sh.stt.testcase.index.GDIndexTest" time="0">
    <skipped/>
    <system-out><![CDATA[2020-07-07 15:31:59.301 [main-68] INFO  com.sh.stt.listener.LogListener.onTestSkipped - ========com.sh.stt.testcase.index.GDIndexTest.featureListTest跳过测试========
]]></system-out>
  </testcase>
  <testcase name="afterClass" classname="com.sh.stt.testcase.index.GDIndexTest" time="5.857">
    <failure type="java.lang.NullPointerException">java.lang.NullPointerException
</failure>
    <system-out><![CDATA[2020-07-07 15:31:59.305 [main-68] INFO  com.sh.stt.listener.LogListener.onTestSkipped - ========com.sh.stt.testcase.index.GDIndexTest.featureListTest跳过测试========
]]></system-out>
  </testcase>
  <testcase name="beforeClass" classname="com.sh.stt.testcase.index.GXIndexTest" time="6.063">
    <failure type="java.lang.NullPointerException">java.lang.NullPointerException
</failure>
    <system-out><![CDATA[2020-07-07 15:31:59.331 [main-133] ERROR com.sh.stt.base.BaseDriver.startBrowser - chrome浏览器启动失败！
]]></system-out>
    <system-err><![CDATA[java.lang.IllegalStateException: The driver executable does not exist: D:\IDEA\wap-selenium\target\test-classes\driver\driver\chromedriver.exe
	at com.google.common.base.Preconditions.checkState(Preconditions.java:585)
	at org.openqa.selenium.remote.service.DriverService.checkExecutable(DriverService.java:146)
	at org.openqa.selenium.remote.service.DriverService.findExecutable(DriverService.java:141)
	at org.openqa.selenium.chrome.ChromeDriverService.access$000(ChromeDriverService.java:35)
	at org.openqa.selenium.chrome.ChromeDriverService$Builder.findDefaultExecutable(ChromeDriverService.java:159)
	at org.openqa.selenium.remote.service.DriverService$Builder.build(DriverService.java:355)
	at org.openqa.selenium.chrome.ChromeDriverService.createDefaultService(ChromeDriverService.java:94)
	at org.openqa.selenium.chrome.ChromeDriver.<init>(ChromeDriver.java:157)
	at com.sh.stt.base.BaseDriver.startBrowser(BaseDriver.java:130)
	at com.sh.stt.base.BaseTest.beforeClass(BaseTest.java:60)
	at sun.reflect.NativeMethodAccessorImpl.invoke0(Native Method)
	at sun.reflect.NativeMethodAccessorImpl.invoke(NativeMethodAccessorImpl.java:62)
	at sun.reflect.DelegatingMethodAccessorImpl.invoke(DelegatingMethodAccessorImpl.java:43)
	at java.lang.reflect.Method.invoke(Method.java:498)
	at org.testng.internal.MethodInvocationHelper.invokeMethod(MethodInvocationHelper.java:124)
	at org.testng.internal.MethodInvocationHelper.invokeMethodConsideringTimeout(MethodInvocationHelper.java:59)
	at org.testng.internal.Invoker.invokeConfigurationMethod(Invoker.java:458)
	at org.testng.internal.Invoker.invokeConfigurations(Invoker.java:222)
	at org.testng.internal.Invoker.invokeConfigurations(Invoker.java:142)
	at org.testng.internal.TestMethodWorker.invokeBeforeClassMethods(TestMethodWorker.java:168)
	at org.testng.internal.TestMethodWorker.run(TestMethodWorker.java:105)
	at org.testng.TestRunner.privateRun(TestRunner.java:648)
	at org.testng.TestRunner.run(TestRunner.java:505)
	at org.testng.SuiteRunner.runTest(SuiteRunner.java:455)
	at org.testng.SuiteRunner.runSequentially(SuiteRunner.java:450)
	at org.testng.SuiteRunner.privateRun(SuiteRunner.java:415)
	at org.testng.SuiteRunner.run(SuiteRunner.java:364)
	at org.testng.SuiteRunnerWorker.runSuite(SuiteRunnerWorker.java:52)
	at org.testng.SuiteRunnerWorker.run(SuiteRunnerWorker.java:84)
	at org.testng.TestNG.runSuitesSequentially(TestNG.java:1208)
	at org.testng.TestNG.runSuitesSequentially(TestNG.java:1204)
	at org.testng.TestNG.runSuitesLocally(TestNG.java:1137)
	at org.testng.TestNG.runSuites(TestNG.java:1049)
	at org.testng.TestNG.run(TestNG.java:1017)
	at org.apache.maven.surefire.testng.TestNGExecutor.run(TestNGExecutor.java:283)
	at org.apache.maven.surefire.testng.TestNGXmlTestSuite.execute(TestNGXmlTestSuite.java:75)
	at org.apache.maven.surefire.testng.TestNGProvider.invoke(TestNGProvider.java:120)
	at org.apache.maven.surefire.booter.ForkedBooter.invokeProviderInSameClassLoader(ForkedBooter.java:384)
	at org.apache.maven.surefire.booter.ForkedBooter.runSuitesInProcess(ForkedBooter.java:345)
	at org.apache.maven.surefire.booter.ForkedBooter.execute(ForkedBooter.java:126)
	at org.apache.maven.surefire.booter.ForkedBooter.main(ForkedBooter.java:418)
]]></system-err>
  </testcase>
  <testcase name="beforeMethod" classname="com.sh.stt.testcase.index.GXIndexTest" time="0">
    <skipped/>
  </testcase>
  <testcase name="beforeMethod" classname="com.sh.stt.testcase.index.GXIndexTest" time="0">
    <skipped/>
    <system-out><![CDATA[2020-07-07 15:31:59.340 [main-68] INFO  com.sh.stt.listener.LogListener.onTestSkipped - ========com.sh.stt.testcase.index.GXIndexTest.advBannerListTest跳过测试========
]]></system-out>
  </testcase>
  <testcase name="beforeMethod" classname="com.sh.stt.testcase.index.GXIndexTest" time="0">
    <skipped/>
    <system-out><![CDATA[2020-07-07 15:31:59.348 [main-68] INFO  com.sh.stt.listener.LogListener.onTestSkipped - ========com.sh.stt.testcase.index.GXIndexTest.quickListTest跳过测试========
]]></system-out>
  </testcase>
  <testcase name="beforeMethod" classname="com.sh.stt.testcase.index.GXIndexTest" time="0">
    <skipped/>
    <system-out><![CDATA[2020-07-07 15:31:59.355 [main-68] INFO  com.sh.stt.listener.LogListener.onTestSkipped - ========com.sh.stt.testcase.index.GXIndexTest.tlAdvListTest跳过测试========
]]></system-out>
  </testcase>
  <testcase name="beforeMethod" classname="com.sh.stt.testcase.index.GXIndexTest" time="0">
    <skipped/>
    <system-out><![CDATA[2020-07-07 15:31:59.362 [main-68] INFO  com.sh.stt.listener.LogListener.onTestSkipped - ========com.sh.stt.testcase.index.GXIndexTest.familyShareListTest跳过测试========
]]></system-out>
  </testcase>
  <testcase name="beforeMethod" classname="com.sh.stt.testcase.index.GXIndexTest" time="0">
    <skipped/>
    <system-out><![CDATA[2020-07-07 15:31:59.367 [main-68] INFO  com.sh.stt.listener.LogListener.onTestSkipped - ========com.sh.stt.testcase.index.GXIndexTest.terminalRecomListTest跳过测试========
]]></system-out>
  </testcase>
  <testcase name="beforeMethod" classname="com.sh.stt.testcase.index.GXIndexTest" time="0">
    <skipped/>
    <system-out><![CDATA[2020-07-07 15:31:59.373 [main-68] INFO  com.sh.stt.listener.LogListener.onTestSkipped - ========com.sh.stt.testcase.index.GXIndexTest.serviceRecomListTest跳过测试========
]]></system-out>
  </testcase>
  <testcase name="beforeMethod" classname="com.sh.stt.testcase.index.GXIndexTest" time="0">
    <skipped/>
    <system-out><![CDATA[2020-07-07 15:31:59.378 [main-68] INFO  com.sh.stt.listener.LogListener.onTestSkipped - ========com.sh.stt.testcase.index.GXIndexTest.cardRecomLeftTest跳过测试========
]]></system-out>
  </testcase>
  <testcase name="beforeMethod" classname="com.sh.stt.testcase.index.GXIndexTest" time="0">
    <skipped/>
    <system-out><![CDATA[2020-07-07 15:31:59.390 [main-68] INFO  com.sh.stt.listener.LogListener.onTestSkipped - ========com.sh.stt.testcase.index.GXIndexTest.cardRecomRightListTest跳过测试========
]]></system-out>
  </testcase>
  <testcase name="advBannerListTest" classname="com.sh.stt.testcase.index.GXIndexTest" time="0">
    <skipped/>
    <system-out><![CDATA[2020-07-07 15:31:59.335 [main-68] INFO  com.sh.stt.listener.LogListener.onTestSkipped - ========com.sh.stt.testcase.index.GXIndexTest.advBannerListTest跳过测试========
]]></system-out>
  </testcase>
  <testcase name="quickListTest" classname="com.sh.stt.testcase.index.GXIndexTest" time="0">
    <skipped/>
    <system-out><![CDATA[2020-07-07 15:31:59.341 [main-68] INFO  com.sh.stt.listener.LogListener.onTestSkipped - ========com.sh.stt.testcase.index.GXIndexTest.quickListTest跳过测试========
]]></system-out>
  </testcase>
  <testcase name="tlAdvListTest" classname="com.sh.stt.testcase.index.GXIndexTest" time="0">
    <skipped/>
    <system-out><![CDATA[2020-07-07 15:31:59.351 [main-68] INFO  com.sh.stt.listener.LogListener.onTestSkipped - ========com.sh.stt.testcase.index.GXIndexTest.tlAdvListTest跳过测试========
]]></system-out>
  </testcase>
  <testcase name="familyShareListTest" classname="com.sh.stt.testcase.index.GXIndexTest" time="0">
    <skipped/>
    <system-out><![CDATA[2020-07-07 15:31:59.356 [main-68] INFO  com.sh.stt.listener.LogListener.onTestSkipped - ========com.sh.stt.testcase.index.GXIndexTest.familyShareListTest跳过测试========
]]></system-out>
  </testcase>
  <testcase name="terminalRecomListTest" classname="com.sh.stt.testcase.index.GXIndexTest" time="0">
    <skipped/>
    <system-out><![CDATA[2020-07-07 15:31:59.363 [main-68] INFO  com.sh.stt.listener.LogListener.onTestSkipped - ========com.sh.stt.testcase.index.GXIndexTest.terminalRecomListTest跳过测试========
]]></system-out>
  </testcase>
  <testcase name="serviceRecomListTest" classname="com.sh.stt.testcase.index.GXIndexTest" time="0">
    <skipped/>
    <system-out><![CDATA[2020-07-07 15:31:59.368 [main-68] INFO  com.sh.stt.listener.LogListener.onTestSkipped - ========com.sh.stt.testcase.index.GXIndexTest.serviceRecomListTest跳过测试========
]]></system-out>
  </testcase>
  <testcase name="cardRecomLeftTest" classname="com.sh.stt.testcase.index.GXIndexTest" time="0">
    <skipped/>
    <system-out><![CDATA[2020-07-07 15:31:59.374 [main-68] INFO  com.sh.stt.listener.LogListener.onTestSkipped - ========com.sh.stt.testcase.index.GXIndexTest.cardRecomLeftTest跳过测试========
]]></system-out>
  </testcase>
  <testcase name="cardRecomRightListTest" classname="com.sh.stt.testcase.index.GXIndexTest" time="0">
    <skipped/>
    <system-out><![CDATA[2020-07-07 15:31:59.380 [main-68] INFO  com.sh.stt.listener.LogListener.onTestSkipped - ========com.sh.stt.testcase.index.GXIndexTest.cardRecomRightListTest跳过测试========
]]></system-out>
  </testcase>
  <testcase name="featureListTest" classname="com.sh.stt.testcase.index.GXIndexTest" time="0">
    <skipped/>
    <system-out><![CDATA[2020-07-07 15:31:59.390 [main-68] INFO  com.sh.stt.listener.LogListener.onTestSkipped - ========com.sh.stt.testcase.index.GXIndexTest.featureListTest跳过测试========
]]></system-out>
  </testcase>
  <testcase name="afterClass" classname="com.sh.stt.testcase.index.GXIndexTest" time="6.253">
    <failure type="java.lang.NullPointerException">java.lang.NullPointerException
</failure>
    <system-out><![CDATA[2020-07-07 15:31:59.394 [main-68] INFO  com.sh.stt.listener.LogListener.onTestSkipped - ========com.sh.stt.testcase.index.GXIndexTest.featureListTest跳过测试========
]]></system-out>
  </testcase>
  <testcase name="beforeClass" classname="com.sh.stt.testcase.index.GSIndexTest" time="6.513">
    <failure type="java.lang.NullPointerException">java.lang.NullPointerException
</failure>
    <system-out><![CDATA[2020-07-07 15:31:59.425 [main-133] ERROR com.sh.stt.base.BaseDriver.startBrowser - chrome浏览器启动失败！
]]></system-out>
    <system-err><![CDATA[java.lang.IllegalStateException: The driver executable does not exist: D:\IDEA\wap-selenium\target\test-classes\driver\driver\chromedriver.exe
	at com.google.common.base.Preconditions.checkState(Preconditions.java:585)
	at org.openqa.selenium.remote.service.DriverService.checkExecutable(DriverService.java:146)
	at org.openqa.selenium.remote.service.DriverService.findExecutable(DriverService.java:141)
	at org.openqa.selenium.chrome.ChromeDriverService.access$000(ChromeDriverService.java:35)
	at org.openqa.selenium.chrome.ChromeDriverService$Builder.findDefaultExecutable(ChromeDriverService.java:159)
	at org.openqa.selenium.remote.service.DriverService$Builder.build(DriverService.java:355)
	at org.openqa.selenium.chrome.ChromeDriverService.createDefaultService(ChromeDriverService.java:94)
	at org.openqa.selenium.chrome.ChromeDriver.<init>(ChromeDriver.java:157)
	at com.sh.stt.base.BaseDriver.startBrowser(BaseDriver.java:130)
	at com.sh.stt.base.BaseTest.beforeClass(BaseTest.java:60)
	at sun.reflect.NativeMethodAccessorImpl.invoke0(Native Method)
	at sun.reflect.NativeMethodAccessorImpl.invoke(NativeMethodAccessorImpl.java:62)
	at sun.reflect.DelegatingMethodAccessorImpl.invoke(DelegatingMethodAccessorImpl.java:43)
	at java.lang.reflect.Method.invoke(Method.java:498)
	at org.testng.internal.MethodInvocationHelper.invokeMethod(MethodInvocationHelper.java:124)
	at org.testng.internal.MethodInvocationHelper.invokeMethodConsideringTimeout(MethodInvocationHelper.java:59)
	at org.testng.internal.Invoker.invokeConfigurationMethod(Invoker.java:458)
	at org.testng.internal.Invoker.invokeConfigurations(Invoker.java:222)
	at org.testng.internal.Invoker.invokeConfigurations(Invoker.java:142)
	at org.testng.internal.TestMethodWorker.invokeBeforeClassMethods(TestMethodWorker.java:168)
	at org.testng.internal.TestMethodWorker.run(TestMethodWorker.java:105)
	at org.testng.TestRunner.privateRun(TestRunner.java:648)
	at org.testng.TestRunner.run(TestRunner.java:505)
	at org.testng.SuiteRunner.runTest(SuiteRunner.java:455)
	at org.testng.SuiteRunner.runSequentially(SuiteRunner.java:450)
	at org.testng.SuiteRunner.privateRun(SuiteRunner.java:415)
	at org.testng.SuiteRunner.run(SuiteRunner.java:364)
	at org.testng.SuiteRunnerWorker.runSuite(SuiteRunnerWorker.java:52)
	at org.testng.SuiteRunnerWorker.run(SuiteRunnerWorker.java:84)
	at org.testng.TestNG.runSuitesSequentially(TestNG.java:1208)
	at org.testng.TestNG.runSuitesSequentially(TestNG.java:1204)
	at org.testng.TestNG.runSuitesLocally(TestNG.java:1137)
	at org.testng.TestNG.runSuites(TestNG.java:1049)
	at org.testng.TestNG.run(TestNG.java:1017)
	at org.apache.maven.surefire.testng.TestNGExecutor.run(TestNGExecutor.java:283)
	at org.apache.maven.surefire.testng.TestNGXmlTestSuite.execute(TestNGXmlTestSuite.java:75)
	at org.apache.maven.surefire.testng.TestNGProvider.invoke(TestNGProvider.java:120)
	at org.apache.maven.surefire.booter.ForkedBooter.invokeProviderInSameClassLoader(ForkedBooter.java:384)
	at org.apache.maven.surefire.booter.ForkedBooter.runSuitesInProcess(ForkedBooter.java:345)
	at org.apache.maven.surefire.booter.ForkedBooter.execute(ForkedBooter.java:126)
	at org.apache.maven.surefire.booter.ForkedBooter.main(ForkedBooter.java:418)
]]></system-err>
  </testcase>
  <testcase name="beforeMethod" classname="com.sh.stt.testcase.index.GSIndexTest" time="0">
    <skipped/>
  </testcase>
  <testcase name="beforeMethod" classname="com.sh.stt.testcase.index.GSIndexTest" time="0">
    <skipped/>
    <system-out><![CDATA[2020-07-07 15:31:59.434 [main-68] INFO  com.sh.stt.listener.LogListener.onTestSkipped - ========com.sh.stt.testcase.index.GSIndexTest.advBannerListTest跳过测试========
]]></system-out>
  </testcase>
  <testcase name="beforeMethod" classname="com.sh.stt.testcase.index.GSIndexTest" time="0">
    <skipped/>
    <system-out><![CDATA[2020-07-07 15:31:59.438 [main-68] INFO  com.sh.stt.listener.LogListener.onTestSkipped - ========com.sh.stt.testcase.index.GSIndexTest.quickListTest跳过测试========
]]></system-out>
  </testcase>
  <testcase name="beforeMethod" classname="com.sh.stt.testcase.index.GSIndexTest" time="0">
    <skipped/>
    <system-out><![CDATA[2020-07-07 15:31:59.443 [main-68] INFO  com.sh.stt.listener.LogListener.onTestSkipped - ========com.sh.stt.testcase.index.GSIndexTest.tlAdvListTest跳过测试========
]]></system-out>
  </testcase>
  <testcase name="beforeMethod" classname="com.sh.stt.testcase.index.GSIndexTest" time="0">
    <skipped/>
    <system-out><![CDATA[2020-07-07 15:31:59.447 [main-68] INFO  com.sh.stt.listener.LogListener.onTestSkipped - ========com.sh.stt.testcase.index.GSIndexTest.familyShareListTest跳过测试========
]]></system-out>
  </testcase>
  <testcase name="beforeMethod" classname="com.sh.stt.testcase.index.GSIndexTest" time="0">
    <skipped/>
    <system-out><![CDATA[2020-07-07 15:31:59.450 [main-68] INFO  com.sh.stt.listener.LogListener.onTestSkipped - ========com.sh.stt.testcase.index.GSIndexTest.terminalRecomListTest跳过测试========
]]></system-out>
  </testcase>
  <testcase name="beforeMethod" classname="com.sh.stt.testcase.index.GSIndexTest" time="0">
    <skipped/>
    <system-out><![CDATA[2020-07-07 15:31:59.455 [main-68] INFO  com.sh.stt.listener.LogListener.onTestSkipped - ========com.sh.stt.testcase.index.GSIndexTest.serviceRecomListTest跳过测试========
]]></system-out>
  </testcase>
  <testcase name="beforeMethod" classname="com.sh.stt.testcase.index.GSIndexTest" time="0">
    <skipped/>
    <system-out><![CDATA[2020-07-07 15:31:59.459 [main-68] INFO  com.sh.stt.listener.LogListener.onTestSkipped - ========com.sh.stt.testcase.index.GSIndexTest.cardRecomLeftTest跳过测试========
]]></system-out>
  </testcase>
  <testcase name="beforeMethod" classname="com.sh.stt.testcase.index.GSIndexTest" time="0">
    <skipped/>
    <system-out><![CDATA[2020-07-07 15:31:59.464 [main-68] INFO  com.sh.stt.listener.LogListener.onTestSkipped - ========com.sh.stt.testcase.index.GSIndexTest.cardRecomRightListTest跳过测试========
]]></system-out>
  </testcase>
  <testcase name="advBannerListTest" classname="com.sh.stt.testcase.index.GSIndexTest" time="0">
    <skipped/>
    <system-out><![CDATA[2020-07-07 15:31:59.431 [main-68] INFO  com.sh.stt.listener.LogListener.onTestSkipped - ========com.sh.stt.testcase.index.GSIndexTest.advBannerListTest跳过测试========
]]></system-out>
  </testcase>
  <testcase name="quickListTest" classname="com.sh.stt.testcase.index.GSIndexTest" time="0">
    <skipped/>
    <system-out><![CDATA[2020-07-07 15:31:59.435 [main-68] INFO  com.sh.stt.listener.LogListener.onTestSkipped - ========com.sh.stt.testcase.index.GSIndexTest.quickListTest跳过测试========
]]></system-out>
  </testcase>
  <testcase name="tlAdvListTest" classname="com.sh.stt.testcase.index.GSIndexTest" time="0">
    <skipped/>
    <system-out><![CDATA[2020-07-07 15:31:59.439 [main-68] INFO  com.sh.stt.listener.LogListener.onTestSkipped - ========com.sh.stt.testcase.index.GSIndexTest.tlAdvListTest跳过测试========
]]></system-out>
  </testcase>
  <testcase name="familyShareListTest" classname="com.sh.stt.testcase.index.GSIndexTest" time="0">
    <skipped/>
    <system-out><![CDATA[2020-07-07 15:31:59.443 [main-68] INFO  com.sh.stt.listener.LogListener.onTestSkipped - ========com.sh.stt.testcase.index.GSIndexTest.familyShareListTest跳过测试========
]]></system-out>
  </testcase>
  <testcase name="terminalRecomListTest" classname="com.sh.stt.testcase.index.GSIndexTest" time="0">
    <skipped/>
    <system-out><![CDATA[2020-07-07 15:31:59.447 [main-68] INFO  com.sh.stt.listener.LogListener.onTestSkipped - ========com.sh.stt.testcase.index.GSIndexTest.terminalRecomListTest跳过测试========
]]></system-out>
  </testcase>
  <testcase name="serviceRecomListTest" classname="com.sh.stt.testcase.index.GSIndexTest" time="0">
    <skipped/>
    <system-out><![CDATA[2020-07-07 15:31:59.451 [main-68] INFO  com.sh.stt.listener.LogListener.onTestSkipped - ========com.sh.stt.testcase.index.GSIndexTest.serviceRecomListTest跳过测试========
]]></system-out>
  </testcase>
  <testcase name="cardRecomLeftTest" classname="com.sh.stt.testcase.index.GSIndexTest" time="0">
    <skipped/>
    <system-out><![CDATA[2020-07-07 15:31:59.456 [main-68] INFO  com.sh.stt.listener.LogListener.onTestSkipped - ========com.sh.stt.testcase.index.GSIndexTest.cardRecomLeftTest跳过测试========
]]></system-out>
  </testcase>
  <testcase name="cardRecomRightListTest" classname="com.sh.stt.testcase.index.GSIndexTest" time="0">
    <skipped/>
    <system-out><![CDATA[2020-07-07 15:31:59.460 [main-68] INFO  com.sh.stt.listener.LogListener.onTestSkipped - ========com.sh.stt.testcase.index.GSIndexTest.cardRecomRightListTest跳过测试========
]]></system-out>
  </testcase>
  <testcase name="featureListTest" classname="com.sh.stt.testcase.index.GSIndexTest" time="0">
    <skipped/>
    <system-out><![CDATA[2020-07-07 15:31:59.465 [main-68] INFO  com.sh.stt.listener.LogListener.onTestSkipped - ========com.sh.stt.testcase.index.GSIndexTest.featureListTest跳过测试========
]]></system-out>
  </testcase>
  <testcase name="afterClass" classname="com.sh.stt.testcase.index.GSIndexTest" time="6.68">
    <failure type="java.lang.NullPointerException">java.lang.NullPointerException
</failure>
    <system-out><![CDATA[2020-07-07 15:31:59.468 [main-68] INFO  com.sh.stt.listener.LogListener.onTestSkipped - ========com.sh.stt.testcase.index.GSIndexTest.featureListTest跳过测试========
]]></system-out>
  </testcase>
  <testcase name="beforeClass" classname="com.sh.stt.testcase.index.GZIndexTest" time="6.9">
    <failure type="java.lang.NullPointerException">java.lang.NullPointerException
</failure>
    <system-out><![CDATA[2020-07-07 15:31:59.490 [main-133] ERROR com.sh.stt.base.BaseDriver.startBrowser - chrome浏览器启动失败！
]]></system-out>
    <system-err><![CDATA[java.lang.IllegalStateException: The driver executable does not exist: D:\IDEA\wap-selenium\target\test-classes\driver\driver\chromedriver.exe
	at com.google.common.base.Preconditions.checkState(Preconditions.java:585)
	at org.openqa.selenium.remote.service.DriverService.checkExecutable(DriverService.java:146)
	at org.openqa.selenium.remote.service.DriverService.findExecutable(DriverService.java:141)
	at org.openqa.selenium.chrome.ChromeDriverService.access$000(ChromeDriverService.java:35)
	at org.openqa.selenium.chrome.ChromeDriverService$Builder.findDefaultExecutable(ChromeDriverService.java:159)
	at org.openqa.selenium.remote.service.DriverService$Builder.build(DriverService.java:355)
	at org.openqa.selenium.chrome.ChromeDriverService.createDefaultService(ChromeDriverService.java:94)
	at org.openqa.selenium.chrome.ChromeDriver.<init>(ChromeDriver.java:157)
	at com.sh.stt.base.BaseDriver.startBrowser(BaseDriver.java:130)
	at com.sh.stt.base.BaseTest.beforeClass(BaseTest.java:60)
	at sun.reflect.NativeMethodAccessorImpl.invoke0(Native Method)
	at sun.reflect.NativeMethodAccessorImpl.invoke(NativeMethodAccessorImpl.java:62)
	at sun.reflect.DelegatingMethodAccessorImpl.invoke(DelegatingMethodAccessorImpl.java:43)
	at java.lang.reflect.Method.invoke(Method.java:498)
	at org.testng.internal.MethodInvocationHelper.invokeMethod(MethodInvocationHelper.java:124)
	at org.testng.internal.MethodInvocationHelper.invokeMethodConsideringTimeout(MethodInvocationHelper.java:59)
	at org.testng.internal.Invoker.invokeConfigurationMethod(Invoker.java:458)
	at org.testng.internal.Invoker.invokeConfigurations(Invoker.java:222)
	at org.testng.internal.Invoker.invokeConfigurations(Invoker.java:142)
	at org.testng.internal.TestMethodWorker.invokeBeforeClassMethods(TestMethodWorker.java:168)
	at org.testng.internal.TestMethodWorker.run(TestMethodWorker.java:105)
	at org.testng.TestRunner.privateRun(TestRunner.java:648)
	at org.testng.TestRunner.run(TestRunner.java:505)
	at org.testng.SuiteRunner.runTest(SuiteRunner.java:455)
	at org.testng.SuiteRunner.runSequentially(SuiteRunner.java:450)
	at org.testng.SuiteRunner.privateRun(SuiteRunner.java:415)
	at org.testng.SuiteRunner.run(SuiteRunner.java:364)
	at org.testng.SuiteRunnerWorker.runSuite(SuiteRunnerWorker.java:52)
	at org.testng.SuiteRunnerWorker.run(SuiteRunnerWorker.java:84)
	at org.testng.TestNG.runSuitesSequentially(TestNG.java:1208)
	at org.testng.TestNG.runSuitesSequentially(TestNG.java:1204)
	at org.testng.TestNG.runSuitesLocally(TestNG.java:1137)
	at org.testng.TestNG.runSuites(TestNG.java:1049)
	at org.testng.TestNG.run(TestNG.java:1017)
	at org.apache.maven.surefire.testng.TestNGExecutor.run(TestNGExecutor.java:283)
	at org.apache.maven.surefire.testng.TestNGXmlTestSuite.execute(TestNGXmlTestSuite.java:75)
	at org.apache.maven.surefire.testng.TestNGProvider.invoke(TestNGProvider.java:120)
	at org.apache.maven.surefire.booter.ForkedBooter.invokeProviderInSameClassLoader(ForkedBooter.java:384)
	at org.apache.maven.surefire.booter.ForkedBooter.runSuitesInProcess(ForkedBooter.java:345)
	at org.apache.maven.surefire.booter.ForkedBooter.execute(ForkedBooter.java:126)
	at org.apache.maven.surefire.booter.ForkedBooter.main(ForkedBooter.java:418)
]]></system-err>
  </testcase>
  <testcase name="beforeMethod" classname="com.sh.stt.testcase.index.GZIndexTest" time="0">
    <skipped/>
  </testcase>
  <testcase name="beforeMethod" classname="com.sh.stt.testcase.index.GZIndexTest" time="0">
    <skipped/>
    <system-out><![CDATA[2020-07-07 15:31:59.499 [main-68] INFO  com.sh.stt.listener.LogListener.onTestSkipped - ========com.sh.stt.testcase.index.GZIndexTest.advBannerListTest跳过测试========
]]></system-out>
  </testcase>
  <testcase name="beforeMethod" classname="com.sh.stt.testcase.index.GZIndexTest" time="0">
    <skipped/>
    <system-out><![CDATA[2020-07-07 15:31:59.502 [main-68] INFO  com.sh.stt.listener.LogListener.onTestSkipped - ========com.sh.stt.testcase.index.GZIndexTest.quickListTest跳过测试========
]]></system-out>
  </testcase>
  <testcase name="beforeMethod" classname="com.sh.stt.testcase.index.GZIndexTest" time="0">
    <skipped/>
    <system-out><![CDATA[2020-07-07 15:31:59.506 [main-68] INFO  com.sh.stt.listener.LogListener.onTestSkipped - ========com.sh.stt.testcase.index.GZIndexTest.tlAdvListTest跳过测试========
]]></system-out>
  </testcase>
  <testcase name="beforeMethod" classname="com.sh.stt.testcase.index.GZIndexTest" time="0">
    <skipped/>
    <system-out><![CDATA[2020-07-07 15:31:59.510 [main-68] INFO  com.sh.stt.listener.LogListener.onTestSkipped - ========com.sh.stt.testcase.index.GZIndexTest.familyShareListTest跳过测试========
]]></system-out>
  </testcase>
  <testcase name="beforeMethod" classname="com.sh.stt.testcase.index.GZIndexTest" time="0">
    <skipped/>
    <system-out><![CDATA[2020-07-07 15:31:59.513 [main-68] INFO  com.sh.stt.listener.LogListener.onTestSkipped - ========com.sh.stt.testcase.index.GZIndexTest.terminalRecomListTest跳过测试========
]]></system-out>
  </testcase>
  <testcase name="beforeMethod" classname="com.sh.stt.testcase.index.GZIndexTest" time="0">
    <skipped/>
    <system-out><![CDATA[2020-07-07 15:31:59.519 [main-68] INFO  com.sh.stt.listener.LogListener.onTestSkipped - ========com.sh.stt.testcase.index.GZIndexTest.serviceRecomListTest跳过测试========
]]></system-out>
  </testcase>
  <testcase name="beforeMethod" classname="com.sh.stt.testcase.index.GZIndexTest" time="0">
    <skipped/>
    <system-out><![CDATA[2020-07-07 15:31:59.523 [main-68] INFO  com.sh.stt.listener.LogListener.onTestSkipped - ========com.sh.stt.testcase.index.GZIndexTest.cardRecomLeftTest跳过测试========
]]></system-out>
  </testcase>
  <testcase name="beforeMethod" classname="com.sh.stt.testcase.index.GZIndexTest" time="0">
    <skipped/>
    <system-out><![CDATA[2020-07-07 15:31:59.527 [main-68] INFO  com.sh.stt.listener.LogListener.onTestSkipped - ========com.sh.stt.testcase.index.GZIndexTest.cardRecomRightListTest跳过测试========
]]></system-out>
  </testcase>
  <testcase name="advBannerListTest" classname="com.sh.stt.testcase.index.GZIndexTest" time="0">
    <skipped/>
    <system-out><![CDATA[2020-07-07 15:31:59.494 [main-68] INFO  com.sh.stt.listener.LogListener.onTestSkipped - ========com.sh.stt.testcase.index.GZIndexTest.advBannerListTest跳过测试========
]]></system-out>
  </testcase>
  <testcase name="quickListTest" classname="com.sh.stt.testcase.index.GZIndexTest" time="0">
    <skipped/>
    <system-out><![CDATA[2020-07-07 15:31:59.499 [main-68] INFO  com.sh.stt.listener.LogListener.onTestSkipped - ========com.sh.stt.testcase.index.GZIndexTest.quickListTest跳过测试========
]]></system-out>
  </testcase>
  <testcase name="tlAdvListTest" classname="com.sh.stt.testcase.index.GZIndexTest" time="0">
    <skipped/>
    <system-out><![CDATA[2020-07-07 15:31:59.503 [main-68] INFO  com.sh.stt.listener.LogListener.onTestSkipped - ========com.sh.stt.testcase.index.GZIndexTest.tlAdvListTest跳过测试========
]]></system-out>
  </testcase>
  <testcase name="familyShareListTest" classname="com.sh.stt.testcase.index.GZIndexTest" time="0">
    <skipped/>
    <system-out><![CDATA[2020-07-07 15:31:59.506 [main-68] INFO  com.sh.stt.listener.LogListener.onTestSkipped - ========com.sh.stt.testcase.index.GZIndexTest.familyShareListTest跳过测试========
]]></system-out>
  </testcase>
  <testcase name="terminalRecomListTest" classname="com.sh.stt.testcase.index.GZIndexTest" time="0">
    <skipped/>
    <system-out><![CDATA[2020-07-07 15:31:59.510 [main-68] INFO  com.sh.stt.listener.LogListener.onTestSkipped - ========com.sh.stt.testcase.index.GZIndexTest.terminalRecomListTest跳过测试========
]]></system-out>
  </testcase>
  <testcase name="serviceRecomListTest" classname="com.sh.stt.testcase.index.GZIndexTest" time="0">
    <skipped/>
    <system-out><![CDATA[2020-07-07 15:31:59.515 [main-68] INFO  com.sh.stt.listener.LogListener.onTestSkipped - ========com.sh.stt.testcase.index.GZIndexTest.serviceRecomListTest跳过测试========
]]></system-out>
  </testcase>
  <testcase name="cardRecomLeftTest" classname="com.sh.stt.testcase.index.GZIndexTest" time="0">
    <skipped/>
    <system-out><![CDATA[2020-07-07 15:31:59.519 [main-68] INFO  com.sh.stt.listener.LogListener.onTestSkipped - ========com.sh.stt.testcase.index.GZIndexTest.cardRecomLeftTest跳过测试========
]]></system-out>
  </testcase>
  <testcase name="cardRecomRightListTest" classname="com.sh.stt.testcase.index.GZIndexTest" time="0">
    <skipped/>
    <system-out><![CDATA[2020-07-07 15:31:59.523 [main-68] INFO  com.sh.stt.listener.LogListener.onTestSkipped - ========com.sh.stt.testcase.index.GZIndexTest.cardRecomRightListTest跳过测试========
]]></system-out>
  </testcase>
  <testcase name="featureListTest" classname="com.sh.stt.testcase.index.GZIndexTest" time="0">
    <skipped/>
    <system-out><![CDATA[2020-07-07 15:31:59.527 [main-68] INFO  com.sh.stt.listener.LogListener.onTestSkipped - ========com.sh.stt.testcase.index.GZIndexTest.featureListTest跳过测试========
]]></system-out>
  </testcase>
  <testcase name="afterClass" classname="com.sh.stt.testcase.index.GZIndexTest" time="7.125">
    <failure type="java.lang.NullPointerException">java.lang.NullPointerException
</failure>
    <system-out><![CDATA[2020-07-07 15:31:59.531 [main-68] INFO  com.sh.stt.listener.LogListener.onTestSkipped - ========com.sh.stt.testcase.index.GZIndexTest.featureListTest跳过测试========
]]></system-out>
  </testcase>
  <testcase name="beforeClass" classname="com.sh.stt.testcase.index.HEIndexTest" time="7.364">
    <failure type="java.lang.NullPointerException">java.lang.NullPointerException
</failure>
    <system-out><![CDATA[2020-07-07 15:31:59.551 [main-133] ERROR com.sh.stt.base.BaseDriver.startBrowser - chrome浏览器启动失败！
]]></system-out>
    <system-err><![CDATA[java.lang.IllegalStateException: The driver executable does not exist: D:\IDEA\wap-selenium\target\test-classes\driver\driver\chromedriver.exe
	at com.google.common.base.Preconditions.checkState(Preconditions.java:585)
	at org.openqa.selenium.remote.service.DriverService.checkExecutable(DriverService.java:146)
	at org.openqa.selenium.remote.service.DriverService.findExecutable(DriverService.java:141)
	at org.openqa.selenium.chrome.ChromeDriverService.access$000(ChromeDriverService.java:35)
	at org.openqa.selenium.chrome.ChromeDriverService$Builder.findDefaultExecutable(ChromeDriverService.java:159)
	at org.openqa.selenium.remote.service.DriverService$Builder.build(DriverService.java:355)
	at org.openqa.selenium.chrome.ChromeDriverService.createDefaultService(ChromeDriverService.java:94)
	at org.openqa.selenium.chrome.ChromeDriver.<init>(ChromeDriver.java:157)
	at com.sh.stt.base.BaseDriver.startBrowser(BaseDriver.java:130)
	at com.sh.stt.base.BaseTest.beforeClass(BaseTest.java:60)
	at sun.reflect.NativeMethodAccessorImpl.invoke0(Native Method)
	at sun.reflect.NativeMethodAccessorImpl.invoke(NativeMethodAccessorImpl.java:62)
	at sun.reflect.DelegatingMethodAccessorImpl.invoke(DelegatingMethodAccessorImpl.java:43)
	at java.lang.reflect.Method.invoke(Method.java:498)
	at org.testng.internal.MethodInvocationHelper.invokeMethod(MethodInvocationHelper.java:124)
	at org.testng.internal.MethodInvocationHelper.invokeMethodConsideringTimeout(MethodInvocationHelper.java:59)
	at org.testng.internal.Invoker.invokeConfigurationMethod(Invoker.java:458)
	at org.testng.internal.Invoker.invokeConfigurations(Invoker.java:222)
	at org.testng.internal.Invoker.invokeConfigurations(Invoker.java:142)
	at org.testng.internal.TestMethodWorker.invokeBeforeClassMethods(TestMethodWorker.java:168)
	at org.testng.internal.TestMethodWorker.run(TestMethodWorker.java:105)
	at org.testng.TestRunner.privateRun(TestRunner.java:648)
	at org.testng.TestRunner.run(TestRunner.java:505)
	at org.testng.SuiteRunner.runTest(SuiteRunner.java:455)
	at org.testng.SuiteRunner.runSequentially(SuiteRunner.java:450)
	at org.testng.SuiteRunner.privateRun(SuiteRunner.java:415)
	at org.testng.SuiteRunner.run(SuiteRunner.java:364)
	at org.testng.SuiteRunnerWorker.runSuite(SuiteRunnerWorker.java:52)
	at org.testng.SuiteRunnerWorker.run(SuiteRunnerWorker.java:84)
	at org.testng.TestNG.runSuitesSequentially(TestNG.java:1208)
	at org.testng.TestNG.runSuitesSequentially(TestNG.java:1204)
	at org.testng.TestNG.runSuitesLocally(TestNG.java:1137)
	at org.testng.TestNG.runSuites(TestNG.java:1049)
	at org.testng.TestNG.run(TestNG.java:1017)
	at org.apache.maven.surefire.testng.TestNGExecutor.run(TestNGExecutor.java:283)
	at org.apache.maven.surefire.testng.TestNGXmlTestSuite.execute(TestNGXmlTestSuite.java:75)
	at org.apache.maven.surefire.testng.TestNGProvider.invoke(TestNGProvider.java:120)
	at org.apache.maven.surefire.booter.ForkedBooter.invokeProviderInSameClassLoader(ForkedBooter.java:384)
	at org.apache.maven.surefire.booter.ForkedBooter.runSuitesInProcess(ForkedBooter.java:345)
	at org.apache.maven.surefire.booter.ForkedBooter.execute(ForkedBooter.java:126)
	at org.apache.maven.surefire.booter.ForkedBooter.main(ForkedBooter.java:418)
]]></system-err>
  </testcase>
  <testcase name="beforeMethod" classname="com.sh.stt.testcase.index.HEIndexTest" time="0">
    <skipped/>
  </testcase>
  <testcase name="beforeMethod" classname="com.sh.stt.testcase.index.HEIndexTest" time="0">
    <skipped/>
    <system-out><![CDATA[2020-07-07 15:31:59.558 [main-68] INFO  com.sh.stt.listener.LogListener.onTestSkipped - ========com.sh.stt.testcase.index.HEIndexTest.advBannerListTest跳过测试========
]]></system-out>
  </testcase>
  <testcase name="beforeMethod" classname="com.sh.stt.testcase.index.HEIndexTest" time="0">
    <skipped/>
    <system-out><![CDATA[2020-07-07 15:31:59.562 [main-68] INFO  com.sh.stt.listener.LogListener.onTestSkipped - ========com.sh.stt.testcase.index.HEIndexTest.quickListTest跳过测试========
]]></system-out>
  </testcase>
  <testcase name="beforeMethod" classname="com.sh.stt.testcase.index.HEIndexTest" time="0">
    <skipped/>
    <system-out><![CDATA[2020-07-07 15:31:59.566 [main-68] INFO  com.sh.stt.listener.LogListener.onTestSkipped - ========com.sh.stt.testcase.index.HEIndexTest.tlAdvListTest跳过测试========
]]></system-out>
  </testcase>
  <testcase name="beforeMethod" classname="com.sh.stt.testcase.index.HEIndexTest" time="0">
    <skipped/>
    <system-out><![CDATA[2020-07-07 15:31:59.570 [main-68] INFO  com.sh.stt.listener.LogListener.onTestSkipped - ========com.sh.stt.testcase.index.HEIndexTest.familyShareListTest跳过测试========
]]></system-out>
  </testcase>
  <testcase name="beforeMethod" classname="com.sh.stt.testcase.index.HEIndexTest" time="0">
    <skipped/>
    <system-out><![CDATA[2020-07-07 15:31:59.583 [main-68] INFO  com.sh.stt.listener.LogListener.onTestSkipped - ========com.sh.stt.testcase.index.HEIndexTest.terminalRecomListTest跳过测试========
]]></system-out>
  </testcase>
  <testcase name="beforeMethod" classname="com.sh.stt.testcase.index.HEIndexTest" time="0">
    <skipped/>
    <system-out><![CDATA[2020-07-07 15:31:59.587 [main-68] INFO  com.sh.stt.listener.LogListener.onTestSkipped - ========com.sh.stt.testcase.index.HEIndexTest.serviceRecomListTest跳过测试========
]]></system-out>
  </testcase>
  <testcase name="beforeMethod" classname="com.sh.stt.testcase.index.HEIndexTest" time="0">
    <skipped/>
    <system-out><![CDATA[2020-07-07 15:31:59.591 [main-68] INFO  com.sh.stt.listener.LogListener.onTestSkipped - ========com.sh.stt.testcase.index.HEIndexTest.cardRecomLeftTest跳过测试========
]]></system-out>
  </testcase>
  <testcase name="beforeMethod" classname="com.sh.stt.testcase.index.HEIndexTest" time="0">
    <skipped/>
    <system-out><![CDATA[2020-07-07 15:31:59.596 [main-68] INFO  com.sh.stt.listener.LogListener.onTestSkipped - ========com.sh.stt.testcase.index.HEIndexTest.cardRecomRightListTest跳过测试========
]]></system-out>
  </testcase>
  <testcase name="advBannerListTest" classname="com.sh.stt.testcase.index.HEIndexTest" time="0">
    <skipped/>
    <system-out><![CDATA[2020-07-07 15:31:59.555 [main-68] INFO  com.sh.stt.listener.LogListener.onTestSkipped - ========com.sh.stt.testcase.index.HEIndexTest.advBannerListTest跳过测试========
]]></system-out>
  </testcase>
  <testcase name="quickListTest" classname="com.sh.stt.testcase.index.HEIndexTest" time="0">
    <skipped/>
    <system-out><![CDATA[2020-07-07 15:31:59.559 [main-68] INFO  com.sh.stt.listener.LogListener.onTestSkipped - ========com.sh.stt.testcase.index.HEIndexTest.quickListTest跳过测试========
]]></system-out>
  </testcase>
  <testcase name="tlAdvListTest" classname="com.sh.stt.testcase.index.HEIndexTest" time="0">
    <skipped/>
    <system-out><![CDATA[2020-07-07 15:31:59.563 [main-68] INFO  com.sh.stt.listener.LogListener.onTestSkipped - ========com.sh.stt.testcase.index.HEIndexTest.tlAdvListTest跳过测试========
]]></system-out>
  </testcase>
  <testcase name="familyShareListTest" classname="com.sh.stt.testcase.index.HEIndexTest" time="0">
    <skipped/>
    <system-out><![CDATA[2020-07-07 15:31:59.567 [main-68] INFO  com.sh.stt.listener.LogListener.onTestSkipped - ========com.sh.stt.testcase.index.HEIndexTest.familyShareListTest跳过测试========
]]></system-out>
  </testcase>
  <testcase name="terminalRecomListTest" classname="com.sh.stt.testcase.index.HEIndexTest" time="0">
    <skipped/>
    <system-out><![CDATA[2020-07-07 15:31:59.571 [main-68] INFO  com.sh.stt.listener.LogListener.onTestSkipped - ========com.sh.stt.testcase.index.HEIndexTest.terminalRecomListTest跳过测试========
]]></system-out>
  </testcase>
  <testcase name="serviceRecomListTest" classname="com.sh.stt.testcase.index.HEIndexTest" time="0">
    <skipped/>
    <system-out><![CDATA[2020-07-07 15:31:59.584 [main-68] INFO  com.sh.stt.listener.LogListener.onTestSkipped - ========com.sh.stt.testcase.index.HEIndexTest.serviceRecomListTest跳过测试========
]]></system-out>
  </testcase>
  <testcase name="cardRecomLeftTest" classname="com.sh.stt.testcase.index.HEIndexTest" time="0">
    <skipped/>
    <system-out><![CDATA[2020-07-07 15:31:59.588 [main-68] INFO  com.sh.stt.listener.LogListener.onTestSkipped - ========com.sh.stt.testcase.index.HEIndexTest.cardRecomLeftTest跳过测试========
]]></system-out>
  </testcase>
  <testcase name="cardRecomRightListTest" classname="com.sh.stt.testcase.index.HEIndexTest" time="0">
    <skipped/>
    <system-out><![CDATA[2020-07-07 15:31:59.592 [main-68] INFO  com.sh.stt.listener.LogListener.onTestSkipped - ========com.sh.stt.testcase.index.HEIndexTest.cardRecomRightListTest跳过测试========
]]></system-out>
  </testcase>
  <testcase name="featureListTest" classname="com.sh.stt.testcase.index.HEIndexTest" time="0">
    <skipped/>
    <system-out><![CDATA[2020-07-07 15:31:59.596 [main-68] INFO  com.sh.stt.listener.LogListener.onTestSkipped - ========com.sh.stt.testcase.index.HEIndexTest.featureListTest跳过测试========
]]></system-out>
  </testcase>
  <testcase name="afterClass" classname="com.sh.stt.testcase.index.HEIndexTest" time="7.819">
    <failure type="java.lang.NullPointerException">java.lang.NullPointerException
</failure>
    <system-out><![CDATA[2020-07-07 15:31:59.600 [main-68] INFO  com.sh.stt.listener.LogListener.onTestSkipped - ========com.sh.stt.testcase.index.HEIndexTest.featureListTest跳过测试========
]]></system-out>
  </testcase>
  <testcase name="beforeClass" classname="com.sh.stt.testcase.index.HAIndexTest" time="8.188">
    <failure type="java.lang.NullPointerException">java.lang.NullPointerException
</failure>
    <system-out><![CDATA[2020-07-07 15:31:59.621 [main-133] ERROR com.sh.stt.base.BaseDriver.startBrowser - chrome浏览器启动失败！
]]></system-out>
    <system-err><![CDATA[java.lang.IllegalStateException: The driver executable does not exist: D:\IDEA\wap-selenium\target\test-classes\driver\driver\chromedriver.exe
	at com.google.common.base.Preconditions.checkState(Preconditions.java:585)
	at org.openqa.selenium.remote.service.DriverService.checkExecutable(DriverService.java:146)
	at org.openqa.selenium.remote.service.DriverService.findExecutable(DriverService.java:141)
	at org.openqa.selenium.chrome.ChromeDriverService.access$000(ChromeDriverService.java:35)
	at org.openqa.selenium.chrome.ChromeDriverService$Builder.findDefaultExecutable(ChromeDriverService.java:159)
	at org.openqa.selenium.remote.service.DriverService$Builder.build(DriverService.java:355)
	at org.openqa.selenium.chrome.ChromeDriverService.createDefaultService(ChromeDriverService.java:94)
	at org.openqa.selenium.chrome.ChromeDriver.<init>(ChromeDriver.java:157)
	at com.sh.stt.base.BaseDriver.startBrowser(BaseDriver.java:130)
	at com.sh.stt.base.BaseTest.beforeClass(BaseTest.java:60)
	at sun.reflect.NativeMethodAccessorImpl.invoke0(Native Method)
	at sun.reflect.NativeMethodAccessorImpl.invoke(NativeMethodAccessorImpl.java:62)
	at sun.reflect.DelegatingMethodAccessorImpl.invoke(DelegatingMethodAccessorImpl.java:43)
	at java.lang.reflect.Method.invoke(Method.java:498)
	at org.testng.internal.MethodInvocationHelper.invokeMethod(MethodInvocationHelper.java:124)
	at org.testng.internal.MethodInvocationHelper.invokeMethodConsideringTimeout(MethodInvocationHelper.java:59)
	at org.testng.internal.Invoker.invokeConfigurationMethod(Invoker.java:458)
	at org.testng.internal.Invoker.invokeConfigurations(Invoker.java:222)
	at org.testng.internal.Invoker.invokeConfigurations(Invoker.java:142)
	at org.testng.internal.TestMethodWorker.invokeBeforeClassMethods(TestMethodWorker.java:168)
	at org.testng.internal.TestMethodWorker.run(TestMethodWorker.java:105)
	at org.testng.TestRunner.privateRun(TestRunner.java:648)
	at org.testng.TestRunner.run(TestRunner.java:505)
	at org.testng.SuiteRunner.runTest(SuiteRunner.java:455)
	at org.testng.SuiteRunner.runSequentially(SuiteRunner.java:450)
	at org.testng.SuiteRunner.privateRun(SuiteRunner.java:415)
	at org.testng.SuiteRunner.run(SuiteRunner.java:364)
	at org.testng.SuiteRunnerWorker.runSuite(SuiteRunnerWorker.java:52)
	at org.testng.SuiteRunnerWorker.run(SuiteRunnerWorker.java:84)
	at org.testng.TestNG.runSuitesSequentially(TestNG.java:1208)
	at org.testng.TestNG.runSuitesSequentially(TestNG.java:1204)
	at org.testng.TestNG.runSuitesLocally(TestNG.java:1137)
	at org.testng.TestNG.runSuites(TestNG.java:1049)
	at org.testng.TestNG.run(TestNG.java:1017)
	at org.apache.maven.surefire.testng.TestNGExecutor.run(TestNGExecutor.java:283)
	at org.apache.maven.surefire.testng.TestNGXmlTestSuite.execute(TestNGXmlTestSuite.java:75)
	at org.apache.maven.surefire.testng.TestNGProvider.invoke(TestNGProvider.java:120)
	at org.apache.maven.surefire.booter.ForkedBooter.invokeProviderInSameClassLoader(ForkedBooter.java:384)
	at org.apache.maven.surefire.booter.ForkedBooter.runSuitesInProcess(ForkedBooter.java:345)
	at org.apache.maven.surefire.booter.ForkedBooter.execute(ForkedBooter.java:126)
	at org.apache.maven.surefire.booter.ForkedBooter.main(ForkedBooter.java:418)
]]></system-err>
  </testcase>
  <testcase name="beforeMethod" classname="com.sh.stt.testcase.index.HAIndexTest" time="0">
    <skipped/>
  </testcase>
  <testcase name="beforeMethod" classname="com.sh.stt.testcase.index.HAIndexTest" time="0">
    <skipped/>
    <system-out><![CDATA[2020-07-07 15:31:59.629 [main-68] INFO  com.sh.stt.listener.LogListener.onTestSkipped - ========com.sh.stt.testcase.index.HAIndexTest.advBannerListTest跳过测试========
]]></system-out>
  </testcase>
  <testcase name="beforeMethod" classname="com.sh.stt.testcase.index.HAIndexTest" time="0">
    <skipped/>
    <system-out><![CDATA[2020-07-07 15:31:59.634 [main-68] INFO  com.sh.stt.listener.LogListener.onTestSkipped - ========com.sh.stt.testcase.index.HAIndexTest.quickListTest跳过测试========
]]></system-out>
  </testcase>
  <testcase name="beforeMethod" classname="com.sh.stt.testcase.index.HAIndexTest" time="0">
    <skipped/>
    <system-out><![CDATA[2020-07-07 15:31:59.639 [main-68] INFO  com.sh.stt.listener.LogListener.onTestSkipped - ========com.sh.stt.testcase.index.HAIndexTest.tlAdvListTest跳过测试========
]]></system-out>
  </testcase>
  <testcase name="beforeMethod" classname="com.sh.stt.testcase.index.HAIndexTest" time="0">
    <skipped/>
    <system-out><![CDATA[2020-07-07 15:31:59.644 [main-68] INFO  com.sh.stt.listener.LogListener.onTestSkipped - ========com.sh.stt.testcase.index.HAIndexTest.familyShareListTest跳过测试========
]]></system-out>
  </testcase>
  <testcase name="beforeMethod" classname="com.sh.stt.testcase.index.HAIndexTest" time="0">
    <skipped/>
    <system-out><![CDATA[2020-07-07 15:31:59.649 [main-68] INFO  com.sh.stt.listener.LogListener.onTestSkipped - ========com.sh.stt.testcase.index.HAIndexTest.terminalRecomListTest跳过测试========
]]></system-out>
  </testcase>
  <testcase name="beforeMethod" classname="com.sh.stt.testcase.index.HAIndexTest" time="0">
    <skipped/>
    <system-out><![CDATA[2020-07-07 15:31:59.654 [main-68] INFO  com.sh.stt.listener.LogListener.onTestSkipped - ========com.sh.stt.testcase.index.HAIndexTest.serviceRecomListTest跳过测试========
]]></system-out>
  </testcase>
  <testcase name="beforeMethod" classname="com.sh.stt.testcase.index.HAIndexTest" time="0">
    <skipped/>
    <system-out><![CDATA[2020-07-07 15:31:59.663 [main-68] INFO  com.sh.stt.listener.LogListener.onTestSkipped - ========com.sh.stt.testcase.index.HAIndexTest.cardRecomLeftTest跳过测试========
]]></system-out>
  </testcase>
  <testcase name="beforeMethod" classname="com.sh.stt.testcase.index.HAIndexTest" time="0">
    <skipped/>
    <system-out><![CDATA[2020-07-07 15:31:59.673 [main-68] INFO  com.sh.stt.listener.LogListener.onTestSkipped - ========com.sh.stt.testcase.index.HAIndexTest.cardRecomRightListTest跳过测试========
]]></system-out>
  </testcase>
  <testcase name="advBannerListTest" classname="com.sh.stt.testcase.index.HAIndexTest" time="0">
    <skipped/>
    <system-out><![CDATA[2020-07-07 15:31:59.625 [main-68] INFO  com.sh.stt.listener.LogListener.onTestSkipped - ========com.sh.stt.testcase.index.HAIndexTest.advBannerListTest跳过测试========
]]></system-out>
  </testcase>
  <testcase name="quickListTest" classname="com.sh.stt.testcase.index.HAIndexTest" time="0">
    <skipped/>
    <system-out><![CDATA[2020-07-07 15:31:59.630 [main-68] INFO  com.sh.stt.listener.LogListener.onTestSkipped - ========com.sh.stt.testcase.index.HAIndexTest.quickListTest跳过测试========
]]></system-out>
  </testcase>
  <testcase name="tlAdvListTest" classname="com.sh.stt.testcase.index.HAIndexTest" time="0">
    <skipped/>
    <system-out><![CDATA[2020-07-07 15:31:59.635 [main-68] INFO  com.sh.stt.listener.LogListener.onTestSkipped - ========com.sh.stt.testcase.index.HAIndexTest.tlAdvListTest跳过测试========
]]></system-out>
  </testcase>
  <testcase name="familyShareListTest" classname="com.sh.stt.testcase.index.HAIndexTest" time="0">
    <skipped/>
    <system-out><![CDATA[2020-07-07 15:31:59.640 [main-68] INFO  com.sh.stt.listener.LogListener.onTestSkipped - ========com.sh.stt.testcase.index.HAIndexTest.familyShareListTest跳过测试========
]]></system-out>
  </testcase>
  <testcase name="terminalRecomListTest" classname="com.sh.stt.testcase.index.HAIndexTest" time="0">
    <skipped/>
    <system-out><![CDATA[2020-07-07 15:31:59.644 [main-68] INFO  com.sh.stt.listener.LogListener.onTestSkipped - ========com.sh.stt.testcase.index.HAIndexTest.terminalRecomListTest跳过测试========
]]></system-out>
  </testcase>
  <testcase name="serviceRecomListTest" classname="com.sh.stt.testcase.index.HAIndexTest" time="0">
    <skipped/>
    <system-out><![CDATA[2020-07-07 15:31:59.650 [main-68] INFO  com.sh.stt.listener.LogListener.onTestSkipped - ========com.sh.stt.testcase.index.HAIndexTest.serviceRecomListTest跳过测试========
]]></system-out>
  </testcase>
  <testcase name="cardRecomLeftTest" classname="com.sh.stt.testcase.index.HAIndexTest" time="0">
    <skipped/>
    <system-out><![CDATA[2020-07-07 15:31:59.655 [main-68] INFO  com.sh.stt.listener.LogListener.onTestSkipped - ========com.sh.stt.testcase.index.HAIndexTest.cardRecomLeftTest跳过测试========
]]></system-out>
  </testcase>
  <testcase name="cardRecomRightListTest" classname="com.sh.stt.testcase.index.HAIndexTest" time="0">
    <skipped/>
    <system-out><![CDATA[2020-07-07 15:31:59.664 [main-68] INFO  com.sh.stt.listener.LogListener.onTestSkipped - ========com.sh.stt.testcase.index.HAIndexTest.cardRecomRightListTest跳过测试========
]]></system-out>
  </testcase>
  <testcase name="featureListTest" classname="com.sh.stt.testcase.index.HAIndexTest" time="0">
    <skipped/>
    <system-out><![CDATA[2020-07-07 15:31:59.674 [main-68] INFO  com.sh.stt.listener.LogListener.onTestSkipped - ========com.sh.stt.testcase.index.HAIndexTest.featureListTest跳过测试========
]]></system-out>
  </testcase>
  <testcase name="afterClass" classname="com.sh.stt.testcase.index.HAIndexTest" time="8.425">
    <failure type="java.lang.NullPointerException">java.lang.NullPointerException
</failure>
    <system-out><![CDATA[2020-07-07 15:31:59.679 [main-68] INFO  com.sh.stt.listener.LogListener.onTestSkipped - ========com.sh.stt.testcase.index.HAIndexTest.featureListTest跳过测试========
]]></system-out>
  </testcase>
  <testcase name="beforeClass" classname="com.sh.stt.testcase.index.HIIndexTest" time="8.6">
    <failure type="java.lang.NullPointerException">java.lang.NullPointerException
</failure>
    <system-out><![CDATA[2020-07-07 15:31:59.699 [main-133] ERROR com.sh.stt.base.BaseDriver.startBrowser - chrome浏览器启动失败！
]]></system-out>
    <system-err><![CDATA[java.lang.IllegalStateException: The driver executable does not exist: D:\IDEA\wap-selenium\target\test-classes\driver\driver\chromedriver.exe
	at com.google.common.base.Preconditions.checkState(Preconditions.java:585)
	at org.openqa.selenium.remote.service.DriverService.checkExecutable(DriverService.java:146)
	at org.openqa.selenium.remote.service.DriverService.findExecutable(DriverService.java:141)
	at org.openqa.selenium.chrome.ChromeDriverService.access$000(ChromeDriverService.java:35)
	at org.openqa.selenium.chrome.ChromeDriverService$Builder.findDefaultExecutable(ChromeDriverService.java:159)
	at org.openqa.selenium.remote.service.DriverService$Builder.build(DriverService.java:355)
	at org.openqa.selenium.chrome.ChromeDriverService.createDefaultService(ChromeDriverService.java:94)
	at org.openqa.selenium.chrome.ChromeDriver.<init>(ChromeDriver.java:157)
	at com.sh.stt.base.BaseDriver.startBrowser(BaseDriver.java:130)
	at com.sh.stt.base.BaseTest.beforeClass(BaseTest.java:60)
	at sun.reflect.NativeMethodAccessorImpl.invoke0(Native Method)
	at sun.reflect.NativeMethodAccessorImpl.invoke(NativeMethodAccessorImpl.java:62)
	at sun.reflect.DelegatingMethodAccessorImpl.invoke(DelegatingMethodAccessorImpl.java:43)
	at java.lang.reflect.Method.invoke(Method.java:498)
	at org.testng.internal.MethodInvocationHelper.invokeMethod(MethodInvocationHelper.java:124)
	at org.testng.internal.MethodInvocationHelper.invokeMethodConsideringTimeout(MethodInvocationHelper.java:59)
	at org.testng.internal.Invoker.invokeConfigurationMethod(Invoker.java:458)
	at org.testng.internal.Invoker.invokeConfigurations(Invoker.java:222)
	at org.testng.internal.Invoker.invokeConfigurations(Invoker.java:142)
	at org.testng.internal.TestMethodWorker.invokeBeforeClassMethods(TestMethodWorker.java:168)
	at org.testng.internal.TestMethodWorker.run(TestMethodWorker.java:105)
	at org.testng.TestRunner.privateRun(TestRunner.java:648)
	at org.testng.TestRunner.run(TestRunner.java:505)
	at org.testng.SuiteRunner.runTest(SuiteRunner.java:455)
	at org.testng.SuiteRunner.runSequentially(SuiteRunner.java:450)
	at org.testng.SuiteRunner.privateRun(SuiteRunner.java:415)
	at org.testng.SuiteRunner.run(SuiteRunner.java:364)
	at org.testng.SuiteRunnerWorker.runSuite(SuiteRunnerWorker.java:52)
	at org.testng.SuiteRunnerWorker.run(SuiteRunnerWorker.java:84)
	at org.testng.TestNG.runSuitesSequentially(TestNG.java:1208)
	at org.testng.TestNG.runSuitesSequentially(TestNG.java:1204)
	at org.testng.TestNG.runSuitesLocally(TestNG.java:1137)
	at org.testng.TestNG.runSuites(TestNG.java:1049)
	at org.testng.TestNG.run(TestNG.java:1017)
	at org.apache.maven.surefire.testng.TestNGExecutor.run(TestNGExecutor.java:283)
	at org.apache.maven.surefire.testng.TestNGXmlTestSuite.execute(TestNGXmlTestSuite.java:75)
	at org.apache.maven.surefire.testng.TestNGProvider.invoke(TestNGProvider.java:120)
	at org.apache.maven.surefire.booter.ForkedBooter.invokeProviderInSameClassLoader(ForkedBooter.java:384)
	at org.apache.maven.surefire.booter.ForkedBooter.runSuitesInProcess(ForkedBooter.java:345)
	at org.apache.maven.surefire.booter.ForkedBooter.execute(ForkedBooter.java:126)
	at org.apache.maven.surefire.booter.ForkedBooter.main(ForkedBooter.java:418)
]]></system-err>
  </testcase>
  <testcase name="beforeMethod" classname="com.sh.stt.testcase.index.HIIndexTest" time="0">
    <skipped/>
  </testcase>
  <testcase name="beforeMethod" classname="com.sh.stt.testcase.index.HIIndexTest" time="0">
    <skipped/>
    <system-out><![CDATA[2020-07-07 15:31:59.707 [main-68] INFO  com.sh.stt.listener.LogListener.onTestSkipped - ========com.sh.stt.testcase.index.HIIndexTest.advBannerListTest跳过测试========
]]></system-out>
  </testcase>
  <testcase name="beforeMethod" classname="com.sh.stt.testcase.index.HIIndexTest" time="0">
    <skipped/>
    <system-out><![CDATA[2020-07-07 15:31:59.713 [main-68] INFO  com.sh.stt.listener.LogListener.onTestSkipped - ========com.sh.stt.testcase.index.HIIndexTest.quickListTest跳过测试========
]]></system-out>
  </testcase>
  <testcase name="beforeMethod" classname="com.sh.stt.testcase.index.HIIndexTest" time="0">
    <skipped/>
    <system-out><![CDATA[2020-07-07 15:31:59.718 [main-68] INFO  com.sh.stt.listener.LogListener.onTestSkipped - ========com.sh.stt.testcase.index.HIIndexTest.tlAdvListTest跳过测试========
]]></system-out>
  </testcase>
  <testcase name="beforeMethod" classname="com.sh.stt.testcase.index.HIIndexTest" time="0">
    <skipped/>
    <system-out><![CDATA[2020-07-07 15:31:59.723 [main-68] INFO  com.sh.stt.listener.LogListener.onTestSkipped - ========com.sh.stt.testcase.index.HIIndexTest.familyShareListTest跳过测试========
]]></system-out>
  </testcase>
  <testcase name="beforeMethod" classname="com.sh.stt.testcase.index.HIIndexTest" time="0">
    <skipped/>
    <system-out><![CDATA[2020-07-07 15:31:59.729 [main-68] INFO  com.sh.stt.listener.LogListener.onTestSkipped - ========com.sh.stt.testcase.index.HIIndexTest.terminalRecomListTest跳过测试========
]]></system-out>
  </testcase>
  <testcase name="beforeMethod" classname="com.sh.stt.testcase.index.HIIndexTest" time="0">
    <skipped/>
    <system-out><![CDATA[2020-07-07 15:31:59.736 [main-68] INFO  com.sh.stt.listener.LogListener.onTestSkipped - ========com.sh.stt.testcase.index.HIIndexTest.serviceRecomListTest跳过测试========
]]></system-out>
  </testcase>
  <testcase name="beforeMethod" classname="com.sh.stt.testcase.index.HIIndexTest" time="0">
    <skipped/>
    <system-out><![CDATA[2020-07-07 15:31:59.742 [main-68] INFO  com.sh.stt.listener.LogListener.onTestSkipped - ========com.sh.stt.testcase.index.HIIndexTest.cardRecomLeftTest跳过测试========
]]></system-out>
  </testcase>
  <testcase name="beforeMethod" classname="com.sh.stt.testcase.index.HIIndexTest" time="0">
    <skipped/>
    <system-out><![CDATA[2020-07-07 15:31:59.748 [main-68] INFO  com.sh.stt.listener.LogListener.onTestSkipped - ========com.sh.stt.testcase.index.HIIndexTest.cardRecomRightListTest跳过测试========
]]></system-out>
  </testcase>
  <testcase name="advBannerListTest" classname="com.sh.stt.testcase.index.HIIndexTest" time="0">
    <skipped/>
    <system-out><![CDATA[2020-07-07 15:31:59.704 [main-68] INFO  com.sh.stt.listener.LogListener.onTestSkipped - ========com.sh.stt.testcase.index.HIIndexTest.advBannerListTest跳过测试========
]]></system-out>
  </testcase>
  <testcase name="quickListTest" classname="com.sh.stt.testcase.index.HIIndexTest" time="0">
    <skipped/>
    <system-out><![CDATA[2020-07-07 15:31:59.708 [main-68] INFO  com.sh.stt.listener.LogListener.onTestSkipped - ========com.sh.stt.testcase.index.HIIndexTest.quickListTest跳过测试========
]]></system-out>
  </testcase>
  <testcase name="tlAdvListTest" classname="com.sh.stt.testcase.index.HIIndexTest" time="0">
    <skipped/>
    <system-out><![CDATA[2020-07-07 15:31:59.714 [main-68] INFO  com.sh.stt.listener.LogListener.onTestSkipped - ========com.sh.stt.testcase.index.HIIndexTest.tlAdvListTest跳过测试========
]]></system-out>
  </testcase>
  <testcase name="familyShareListTest" classname="com.sh.stt.testcase.index.HIIndexTest" time="0">
    <skipped/>
    <system-out><![CDATA[2020-07-07 15:31:59.719 [main-68] INFO  com.sh.stt.listener.LogListener.onTestSkipped - ========com.sh.stt.testcase.index.HIIndexTest.familyShareListTest跳过测试========
]]></system-out>
  </testcase>
  <testcase name="terminalRecomListTest" classname="com.sh.stt.testcase.index.HIIndexTest" time="0">
    <skipped/>
    <system-out><![CDATA[2020-07-07 15:31:59.724 [main-68] INFO  com.sh.stt.listener.LogListener.onTestSkipped - ========com.sh.stt.testcase.index.HIIndexTest.terminalRecomListTest跳过测试========
]]></system-out>
  </testcase>
  <testcase name="serviceRecomListTest" classname="com.sh.stt.testcase.index.HIIndexTest" time="0">
    <skipped/>
    <system-out><![CDATA[2020-07-07 15:31:59.730 [main-68] INFO  com.sh.stt.listener.LogListener.onTestSkipped - ========com.sh.stt.testcase.index.HIIndexTest.serviceRecomListTest跳过测试========
]]></system-out>
  </testcase>
  <testcase name="cardRecomLeftTest" classname="com.sh.stt.testcase.index.HIIndexTest" time="0">
    <skipped/>
    <system-out><![CDATA[2020-07-07 15:31:59.737 [main-68] INFO  com.sh.stt.listener.LogListener.onTestSkipped - ========com.sh.stt.testcase.index.HIIndexTest.cardRecomLeftTest跳过测试========
]]></system-out>
  </testcase>
  <testcase name="cardRecomRightListTest" classname="com.sh.stt.testcase.index.HIIndexTest" time="0">
    <skipped/>
    <system-out><![CDATA[2020-07-07 15:31:59.743 [main-68] INFO  com.sh.stt.listener.LogListener.onTestSkipped - ========com.sh.stt.testcase.index.HIIndexTest.cardRecomRightListTest跳过测试========
]]></system-out>
  </testcase>
  <testcase name="featureListTest" classname="com.sh.stt.testcase.index.HIIndexTest" time="0">
    <skipped/>
    <system-out><![CDATA[2020-07-07 15:31:59.748 [main-68] INFO  com.sh.stt.listener.LogListener.onTestSkipped - ========com.sh.stt.testcase.index.HIIndexTest.featureListTest跳过测试========
]]></system-out>
  </testcase>
  <testcase name="afterClass" classname="com.sh.stt.testcase.index.HIIndexTest" time="8.732">
    <failure type="java.lang.NullPointerException">java.lang.NullPointerException
</failure>
    <system-out><![CDATA[2020-07-07 15:31:59.753 [main-68] INFO  com.sh.stt.listener.LogListener.onTestSkipped - ========com.sh.stt.testcase.index.HIIndexTest.featureListTest跳过测试========
]]></system-out>
  </testcase>
  <testcase name="beforeClass" classname="com.sh.stt.testcase.index.HBIndexTest" time="8.895">
    <failure type="java.lang.NullPointerException">java.lang.NullPointerException
</failure>
    <system-out><![CDATA[2020-07-07 15:31:59.780 [main-133] ERROR com.sh.stt.base.BaseDriver.startBrowser - chrome浏览器启动失败！
]]></system-out>
    <system-err><![CDATA[java.lang.IllegalStateException: The driver executable does not exist: D:\IDEA\wap-selenium\target\test-classes\driver\driver\chromedriver.exe
	at com.google.common.base.Preconditions.checkState(Preconditions.java:585)
	at org.openqa.selenium.remote.service.DriverService.checkExecutable(DriverService.java:146)
	at org.openqa.selenium.remote.service.DriverService.findExecutable(DriverService.java:141)
	at org.openqa.selenium.chrome.ChromeDriverService.access$000(ChromeDriverService.java:35)
	at org.openqa.selenium.chrome.ChromeDriverService$Builder.findDefaultExecutable(ChromeDriverService.java:159)
	at org.openqa.selenium.remote.service.DriverService$Builder.build(DriverService.java:355)
	at org.openqa.selenium.chrome.ChromeDriverService.createDefaultService(ChromeDriverService.java:94)
	at org.openqa.selenium.chrome.ChromeDriver.<init>(ChromeDriver.java:157)
	at com.sh.stt.base.BaseDriver.startBrowser(BaseDriver.java:130)
	at com.sh.stt.base.BaseTest.beforeClass(BaseTest.java:60)
	at sun.reflect.NativeMethodAccessorImpl.invoke0(Native Method)
	at sun.reflect.NativeMethodAccessorImpl.invoke(NativeMethodAccessorImpl.java:62)
	at sun.reflect.DelegatingMethodAccessorImpl.invoke(DelegatingMethodAccessorImpl.java:43)
	at java.lang.reflect.Method.invoke(Method.java:498)
	at org.testng.internal.MethodInvocationHelper.invokeMethod(MethodInvocationHelper.java:124)
	at org.testng.internal.MethodInvocationHelper.invokeMethodConsideringTimeout(MethodInvocationHelper.java:59)
	at org.testng.internal.Invoker.invokeConfigurationMethod(Invoker.java:458)
	at org.testng.internal.Invoker.invokeConfigurations(Invoker.java:222)
	at org.testng.internal.Invoker.invokeConfigurations(Invoker.java:142)
	at org.testng.internal.TestMethodWorker.invokeBeforeClassMethods(TestMethodWorker.java:168)
	at org.testng.internal.TestMethodWorker.run(TestMethodWorker.java:105)
	at org.testng.TestRunner.privateRun(TestRunner.java:648)
	at org.testng.TestRunner.run(TestRunner.java:505)
	at org.testng.SuiteRunner.runTest(SuiteRunner.java:455)
	at org.testng.SuiteRunner.runSequentially(SuiteRunner.java:450)
	at org.testng.SuiteRunner.privateRun(SuiteRunner.java:415)
	at org.testng.SuiteRunner.run(SuiteRunner.java:364)
	at org.testng.SuiteRunnerWorker.runSuite(SuiteRunnerWorker.java:52)
	at org.testng.SuiteRunnerWorker.run(SuiteRunnerWorker.java:84)
	at org.testng.TestNG.runSuitesSequentially(TestNG.java:1208)
	at org.testng.TestNG.runSuitesSequentially(TestNG.java:1204)
	at org.testng.TestNG.runSuitesLocally(TestNG.java:1137)
	at org.testng.TestNG.runSuites(TestNG.java:1049)
	at org.testng.TestNG.run(TestNG.java:1017)
	at org.apache.maven.surefire.testng.TestNGExecutor.run(TestNGExecutor.java:283)
	at org.apache.maven.surefire.testng.TestNGXmlTestSuite.execute(TestNGXmlTestSuite.java:75)
	at org.apache.maven.surefire.testng.TestNGProvider.invoke(TestNGProvider.java:120)
	at org.apache.maven.surefire.booter.ForkedBooter.invokeProviderInSameClassLoader(ForkedBooter.java:384)
	at org.apache.maven.surefire.booter.ForkedBooter.runSuitesInProcess(ForkedBooter.java:345)
	at org.apache.maven.surefire.booter.ForkedBooter.execute(ForkedBooter.java:126)
	at org.apache.maven.surefire.booter.ForkedBooter.main(ForkedBooter.java:418)
]]></system-err>
  </testcase>
  <testcase name="beforeMethod" classname="com.sh.stt.testcase.index.HBIndexTest" time="0">
    <skipped/>
  </testcase>
  <testcase name="beforeMethod" classname="com.sh.stt.testcase.index.HBIndexTest" time="0">
    <skipped/>
    <system-out><![CDATA[2020-07-07 15:31:59.809 [main-68] INFO  com.sh.stt.listener.LogListener.onTestSkipped - ========com.sh.stt.testcase.index.HBIndexTest.advBannerListTest跳过测试========
]]></system-out>
  </testcase>
  <testcase name="beforeMethod" classname="com.sh.stt.testcase.index.HBIndexTest" time="0">
    <skipped/>
    <system-out><![CDATA[2020-07-07 15:31:59.814 [main-68] INFO  com.sh.stt.listener.LogListener.onTestSkipped - ========com.sh.stt.testcase.index.HBIndexTest.quickListTest跳过测试========
]]></system-out>
  </testcase>
  <testcase name="beforeMethod" classname="com.sh.stt.testcase.index.HBIndexTest" time="0">
    <skipped/>
    <system-out><![CDATA[2020-07-07 15:31:59.818 [main-68] INFO  com.sh.stt.listener.LogListener.onTestSkipped - ========com.sh.stt.testcase.index.HBIndexTest.tlAdvListTest跳过测试========
]]></system-out>
  </testcase>
  <testcase name="beforeMethod" classname="com.sh.stt.testcase.index.HBIndexTest" time="0">
    <skipped/>
    <system-out><![CDATA[2020-07-07 15:31:59.824 [main-68] INFO  com.sh.stt.listener.LogListener.onTestSkipped - ========com.sh.stt.testcase.index.HBIndexTest.familyShareListTest跳过测试========
]]></system-out>
  </testcase>
  <testcase name="beforeMethod" classname="com.sh.stt.testcase.index.HBIndexTest" time="0">
    <skipped/>
    <system-out><![CDATA[2020-07-07 15:31:59.832 [main-68] INFO  com.sh.stt.listener.LogListener.onTestSkipped - ========com.sh.stt.testcase.index.HBIndexTest.terminalRecomListTest跳过测试========
]]></system-out>
  </testcase>
  <testcase name="beforeMethod" classname="com.sh.stt.testcase.index.HBIndexTest" time="0">
    <skipped/>
    <system-out><![CDATA[2020-07-07 15:31:59.850 [main-68] INFO  com.sh.stt.listener.LogListener.onTestSkipped - ========com.sh.stt.testcase.index.HBIndexTest.serviceRecomListTest跳过测试========
]]></system-out>
  </testcase>
  <testcase name="beforeMethod" classname="com.sh.stt.testcase.index.HBIndexTest" time="0">
    <skipped/>
    <system-out><![CDATA[2020-07-07 15:31:59.855 [main-68] INFO  com.sh.stt.listener.LogListener.onTestSkipped - ========com.sh.stt.testcase.index.HBIndexTest.cardRecomLeftTest跳过测试========
]]></system-out>
  </testcase>
  <testcase name="beforeMethod" classname="com.sh.stt.testcase.index.HBIndexTest" time="0">
    <skipped/>
    <system-out><![CDATA[2020-07-07 15:31:59.859 [main-68] INFO  com.sh.stt.listener.LogListener.onTestSkipped - ========com.sh.stt.testcase.index.HBIndexTest.cardRecomRightListTest跳过测试========
]]></system-out>
  </testcase>
  <testcase name="advBannerListTest" classname="com.sh.stt.testcase.index.HBIndexTest" time="0">
    <skipped/>
    <system-out><![CDATA[2020-07-07 15:31:59.806 [main-68] INFO  com.sh.stt.listener.LogListener.onTestSkipped - ========com.sh.stt.testcase.index.HBIndexTest.advBannerListTest跳过测试========
]]></system-out>
  </testcase>
  <testcase name="quickListTest" classname="com.sh.stt.testcase.index.HBIndexTest" time="0">
    <skipped/>
    <system-out><![CDATA[2020-07-07 15:31:59.810 [main-68] INFO  com.sh.stt.listener.LogListener.onTestSkipped - ========com.sh.stt.testcase.index.HBIndexTest.quickListTest跳过测试========
]]></system-out>
  </testcase>
  <testcase name="tlAdvListTest" classname="com.sh.stt.testcase.index.HBIndexTest" time="0">
    <skipped/>
    <system-out><![CDATA[2020-07-07 15:31:59.815 [main-68] INFO  com.sh.stt.listener.LogListener.onTestSkipped - ========com.sh.stt.testcase.index.HBIndexTest.tlAdvListTest跳过测试========
]]></system-out>
  </testcase>
  <testcase name="familyShareListTest" classname="com.sh.stt.testcase.index.HBIndexTest" time="0">
    <skipped/>
    <system-out><![CDATA[2020-07-07 15:31:59.819 [main-68] INFO  com.sh.stt.listener.LogListener.onTestSkipped - ========com.sh.stt.testcase.index.HBIndexTest.familyShareListTest跳过测试========
]]></system-out>
  </testcase>
  <testcase name="terminalRecomListTest" classname="com.sh.stt.testcase.index.HBIndexTest" time="0">
    <skipped/>
    <system-out><![CDATA[2020-07-07 15:31:59.825 [main-68] INFO  com.sh.stt.listener.LogListener.onTestSkipped - ========com.sh.stt.testcase.index.HBIndexTest.terminalRecomListTest跳过测试========
]]></system-out>
  </testcase>
  <testcase name="serviceRecomListTest" classname="com.sh.stt.testcase.index.HBIndexTest" time="0">
    <skipped/>
    <system-out><![CDATA[2020-07-07 15:31:59.834 [main-68] INFO  com.sh.stt.listener.LogListener.onTestSkipped - ========com.sh.stt.testcase.index.HBIndexTest.serviceRecomListTest跳过测试========
]]></system-out>
  </testcase>
  <testcase name="cardRecomLeftTest" classname="com.sh.stt.testcase.index.HBIndexTest" time="0">
    <skipped/>
    <system-out><![CDATA[2020-07-07 15:31:59.851 [main-68] INFO  com.sh.stt.listener.LogListener.onTestSkipped - ========com.sh.stt.testcase.index.HBIndexTest.cardRecomLeftTest跳过测试========
]]></system-out>
  </testcase>
  <testcase name="cardRecomRightListTest" classname="com.sh.stt.testcase.index.HBIndexTest" time="0">
    <skipped/>
    <system-out><![CDATA[2020-07-07 15:31:59.856 [main-68] INFO  com.sh.stt.listener.LogListener.onTestSkipped - ========com.sh.stt.testcase.index.HBIndexTest.cardRecomRightListTest跳过测试========
]]></system-out>
  </testcase>
  <testcase name="featureListTest" classname="com.sh.stt.testcase.index.HBIndexTest" time="0">
    <skipped/>
    <system-out><![CDATA[2020-07-07 15:31:59.860 [main-68] INFO  com.sh.stt.listener.LogListener.onTestSkipped - ========com.sh.stt.testcase.index.HBIndexTest.featureListTest跳过测试========
]]></system-out>
  </testcase>
  <testcase name="afterClass" classname="com.sh.stt.testcase.index.HBIndexTest" time="9.063">
    <failure type="java.lang.NullPointerException">java.lang.NullPointerException
</failure>
    <system-out><![CDATA[2020-07-07 15:31:59.866 [main-68] INFO  com.sh.stt.listener.LogListener.onTestSkipped - ========com.sh.stt.testcase.index.HBIndexTest.featureListTest跳过测试========
]]></system-out>
  </testcase>
  <testcase name="beforeClass" classname="com.sh.stt.testcase.index.HNIndexTest" time="9.251">
    <failure type="java.lang.NullPointerException">java.lang.NullPointerException
</failure>
    <system-out><![CDATA[2020-07-07 15:31:59.897 [main-133] ERROR com.sh.stt.base.BaseDriver.startBrowser - chrome浏览器启动失败！
]]></system-out>
    <system-err><![CDATA[java.lang.IllegalStateException: The driver executable does not exist: D:\IDEA\wap-selenium\target\test-classes\driver\driver\chromedriver.exe
	at com.google.common.base.Preconditions.checkState(Preconditions.java:585)
	at org.openqa.selenium.remote.service.DriverService.checkExecutable(DriverService.java:146)
	at org.openqa.selenium.remote.service.DriverService.findExecutable(DriverService.java:141)
	at org.openqa.selenium.chrome.ChromeDriverService.access$000(ChromeDriverService.java:35)
	at org.openqa.selenium.chrome.ChromeDriverService$Builder.findDefaultExecutable(ChromeDriverService.java:159)
	at org.openqa.selenium.remote.service.DriverService$Builder.build(DriverService.java:355)
	at org.openqa.selenium.chrome.ChromeDriverService.createDefaultService(ChromeDriverService.java:94)
	at org.openqa.selenium.chrome.ChromeDriver.<init>(ChromeDriver.java:157)
	at com.sh.stt.base.BaseDriver.startBrowser(BaseDriver.java:130)
	at com.sh.stt.base.BaseTest.beforeClass(BaseTest.java:60)
	at sun.reflect.NativeMethodAccessorImpl.invoke0(Native Method)
	at sun.reflect.NativeMethodAccessorImpl.invoke(NativeMethodAccessorImpl.java:62)
	at sun.reflect.DelegatingMethodAccessorImpl.invoke(DelegatingMethodAccessorImpl.java:43)
	at java.lang.reflect.Method.invoke(Method.java:498)
	at org.testng.internal.MethodInvocationHelper.invokeMethod(MethodInvocationHelper.java:124)
	at org.testng.internal.MethodInvocationHelper.invokeMethodConsideringTimeout(MethodInvocationHelper.java:59)
	at org.testng.internal.Invoker.invokeConfigurationMethod(Invoker.java:458)
	at org.testng.internal.Invoker.invokeConfigurations(Invoker.java:222)
	at org.testng.internal.Invoker.invokeConfigurations(Invoker.java:142)
	at org.testng.internal.TestMethodWorker.invokeBeforeClassMethods(TestMethodWorker.java:168)
	at org.testng.internal.TestMethodWorker.run(TestMethodWorker.java:105)
	at org.testng.TestRunner.privateRun(TestRunner.java:648)
	at org.testng.TestRunner.run(TestRunner.java:505)
	at org.testng.SuiteRunner.runTest(SuiteRunner.java:455)
	at org.testng.SuiteRunner.runSequentially(SuiteRunner.java:450)
	at org.testng.SuiteRunner.privateRun(SuiteRunner.java:415)
	at org.testng.SuiteRunner.run(SuiteRunner.java:364)
	at org.testng.SuiteRunnerWorker.runSuite(SuiteRunnerWorker.java:52)
	at org.testng.SuiteRunnerWorker.run(SuiteRunnerWorker.java:84)
	at org.testng.TestNG.runSuitesSequentially(TestNG.java:1208)
	at org.testng.TestNG.runSuitesSequentially(TestNG.java:1204)
	at org.testng.TestNG.runSuitesLocally(TestNG.java:1137)
	at org.testng.TestNG.runSuites(TestNG.java:1049)
	at org.testng.TestNG.run(TestNG.java:1017)
	at org.apache.maven.surefire.testng.TestNGExecutor.run(TestNGExecutor.java:283)
	at org.apache.maven.surefire.testng.TestNGXmlTestSuite.execute(TestNGXmlTestSuite.java:75)
	at org.apache.maven.surefire.testng.TestNGProvider.invoke(TestNGProvider.java:120)
	at org.apache.maven.surefire.booter.ForkedBooter.invokeProviderInSameClassLoader(ForkedBooter.java:384)
	at org.apache.maven.surefire.booter.ForkedBooter.runSuitesInProcess(ForkedBooter.java:345)
	at org.apache.maven.surefire.booter.ForkedBooter.execute(ForkedBooter.java:126)
	at org.apache.maven.surefire.booter.ForkedBooter.main(ForkedBooter.java:418)
]]></system-err>
  </testcase>
  <testcase name="beforeMethod" classname="com.sh.stt.testcase.index.HNIndexTest" time="0">
    <skipped/>
  </testcase>
  <testcase name="beforeMethod" classname="com.sh.stt.testcase.index.HNIndexTest" time="0">
    <skipped/>
    <system-out><![CDATA[2020-07-07 15:31:59.904 [main-68] INFO  com.sh.stt.listener.LogListener.onTestSkipped - ========com.sh.stt.testcase.index.HNIndexTest.advBannerListTest跳过测试========
]]></system-out>
  </testcase>
  <testcase name="beforeMethod" classname="com.sh.stt.testcase.index.HNIndexTest" time="0">
    <skipped/>
    <system-out><![CDATA[2020-07-07 15:31:59.910 [main-68] INFO  com.sh.stt.listener.LogListener.onTestSkipped - ========com.sh.stt.testcase.index.HNIndexTest.quickListTest跳过测试========
]]></system-out>
  </testcase>
  <testcase name="beforeMethod" classname="com.sh.stt.testcase.index.HNIndexTest" time="0">
    <skipped/>
    <system-out><![CDATA[2020-07-07 15:31:59.914 [main-68] INFO  com.sh.stt.listener.LogListener.onTestSkipped - ========com.sh.stt.testcase.index.HNIndexTest.tlAdvListTest跳过测试========
]]></system-out>
  </testcase>
  <testcase name="beforeMethod" classname="com.sh.stt.testcase.index.HNIndexTest" time="0">
    <skipped/>
    <system-out><![CDATA[2020-07-07 15:31:59.919 [main-68] INFO  com.sh.stt.listener.LogListener.onTestSkipped - ========com.sh.stt.testcase.index.HNIndexTest.familyShareListTest跳过测试========
]]></system-out>
  </testcase>
  <testcase name="beforeMethod" classname="com.sh.stt.testcase.index.HNIndexTest" time="0">
    <skipped/>
    <system-out><![CDATA[2020-07-07 15:31:59.926 [main-68] INFO  com.sh.stt.listener.LogListener.onTestSkipped - ========com.sh.stt.testcase.index.HNIndexTest.terminalRecomListTest跳过测试========
]]></system-out>
  </testcase>
  <testcase name="beforeMethod" classname="com.sh.stt.testcase.index.HNIndexTest" time="0">
    <skipped/>
    <system-out><![CDATA[2020-07-07 15:31:59.931 [main-68] INFO  com.sh.stt.listener.LogListener.onTestSkipped - ========com.sh.stt.testcase.index.HNIndexTest.serviceRecomListTest跳过测试========
]]></system-out>
  </testcase>
  <testcase name="beforeMethod" classname="com.sh.stt.testcase.index.HNIndexTest" time="0">
    <skipped/>
    <system-out><![CDATA[2020-07-07 15:31:59.938 [main-68] INFO  com.sh.stt.listener.LogListener.onTestSkipped - ========com.sh.stt.testcase.index.HNIndexTest.cardRecomLeftTest跳过测试========
]]></system-out>
  </testcase>
  <testcase name="beforeMethod" classname="com.sh.stt.testcase.index.HNIndexTest" time="0">
    <skipped/>
    <system-out><![CDATA[2020-07-07 15:31:59.942 [main-68] INFO  com.sh.stt.listener.LogListener.onTestSkipped - ========com.sh.stt.testcase.index.HNIndexTest.cardRecomRightListTest跳过测试========
]]></system-out>
  </testcase>
  <testcase name="advBannerListTest" classname="com.sh.stt.testcase.index.HNIndexTest" time="0">
    <skipped/>
    <system-out><![CDATA[2020-07-07 15:31:59.901 [main-68] INFO  com.sh.stt.listener.LogListener.onTestSkipped - ========com.sh.stt.testcase.index.HNIndexTest.advBannerListTest跳过测试========
]]></system-out>
  </testcase>
  <testcase name="quickListTest" classname="com.sh.stt.testcase.index.HNIndexTest" time="0">
    <skipped/>
    <system-out><![CDATA[2020-07-07 15:31:59.905 [main-68] INFO  com.sh.stt.listener.LogListener.onTestSkipped - ========com.sh.stt.testcase.index.HNIndexTest.quickListTest跳过测试========
]]></system-out>
  </testcase>
  <testcase name="tlAdvListTest" classname="com.sh.stt.testcase.index.HNIndexTest" time="0">
    <skipped/>
    <system-out><![CDATA[2020-07-07 15:31:59.910 [main-68] INFO  com.sh.stt.listener.LogListener.onTestSkipped - ========com.sh.stt.testcase.index.HNIndexTest.tlAdvListTest跳过测试========
]]></system-out>
  </testcase>
  <testcase name="familyShareListTest" classname="com.sh.stt.testcase.index.HNIndexTest" time="0">
    <skipped/>
    <system-out><![CDATA[2020-07-07 15:31:59.915 [main-68] INFO  com.sh.stt.listener.LogListener.onTestSkipped - ========com.sh.stt.testcase.index.HNIndexTest.familyShareListTest跳过测试========
]]></system-out>
  </testcase>
  <testcase name="terminalRecomListTest" classname="com.sh.stt.testcase.index.HNIndexTest" time="0">
    <skipped/>
    <system-out><![CDATA[2020-07-07 15:31:59.920 [main-68] INFO  com.sh.stt.listener.LogListener.onTestSkipped - ========com.sh.stt.testcase.index.HNIndexTest.terminalRecomListTest跳过测试========
]]></system-out>
  </testcase>
  <testcase name="serviceRecomListTest" classname="com.sh.stt.testcase.index.HNIndexTest" time="0">
    <skipped/>
    <system-out><![CDATA[2020-07-07 15:31:59.927 [main-68] INFO  com.sh.stt.listener.LogListener.onTestSkipped - ========com.sh.stt.testcase.index.HNIndexTest.serviceRecomListTest跳过测试========
]]></system-out>
  </testcase>
  <testcase name="cardRecomLeftTest" classname="com.sh.stt.testcase.index.HNIndexTest" time="0">
    <skipped/>
    <system-out><![CDATA[2020-07-07 15:31:59.932 [main-68] INFO  com.sh.stt.listener.LogListener.onTestSkipped - ========com.sh.stt.testcase.index.HNIndexTest.cardRecomLeftTest跳过测试========
]]></system-out>
  </testcase>
  <testcase name="cardRecomRightListTest" classname="com.sh.stt.testcase.index.HNIndexTest" time="0">
    <skipped/>
    <system-out><![CDATA[2020-07-07 15:31:59.939 [main-68] INFO  com.sh.stt.listener.LogListener.onTestSkipped - ========com.sh.stt.testcase.index.HNIndexTest.cardRecomRightListTest跳过测试========
]]></system-out>
  </testcase>
  <testcase name="featureListTest" classname="com.sh.stt.testcase.index.HNIndexTest" time="0">
    <skipped/>
    <system-out><![CDATA[2020-07-07 15:31:59.943 [main-68] INFO  com.sh.stt.listener.LogListener.onTestSkipped - ========com.sh.stt.testcase.index.HNIndexTest.featureListTest跳过测试========
]]></system-out>
  </testcase>
  <testcase name="afterClass" classname="com.sh.stt.testcase.index.HNIndexTest" time="9.395">
    <failure type="java.lang.NullPointerException">java.lang.NullPointerException
</failure>
    <system-out><![CDATA[2020-07-07 15:31:59.947 [main-68] INFO  com.sh.stt.listener.LogListener.onTestSkipped - ========com.sh.stt.testcase.index.HNIndexTest.featureListTest跳过测试========
]]></system-out>
  </testcase>
  <testcase name="beforeClass" classname="com.sh.stt.testcase.index.HLIndexTest" time="9.57">
    <failure type="java.lang.NullPointerException">java.lang.NullPointerException
</failure>
    <system-out><![CDATA[2020-07-07 15:31:59.971 [main-133] ERROR com.sh.stt.base.BaseDriver.startBrowser - chrome浏览器启动失败！
]]></system-out>
    <system-err><![CDATA[java.lang.IllegalStateException: The driver executable does not exist: D:\IDEA\wap-selenium\target\test-classes\driver\driver\chromedriver.exe
	at com.google.common.base.Preconditions.checkState(Preconditions.java:585)
	at org.openqa.selenium.remote.service.DriverService.checkExecutable(DriverService.java:146)
	at org.openqa.selenium.remote.service.DriverService.findExecutable(DriverService.java:141)
	at org.openqa.selenium.chrome.ChromeDriverService.access$000(ChromeDriverService.java:35)
	at org.openqa.selenium.chrome.ChromeDriverService$Builder.findDefaultExecutable(ChromeDriverService.java:159)
	at org.openqa.selenium.remote.service.DriverService$Builder.build(DriverService.java:355)
	at org.openqa.selenium.chrome.ChromeDriverService.createDefaultService(ChromeDriverService.java:94)
	at org.openqa.selenium.chrome.ChromeDriver.<init>(ChromeDriver.java:157)
	at com.sh.stt.base.BaseDriver.startBrowser(BaseDriver.java:130)
	at com.sh.stt.base.BaseTest.beforeClass(BaseTest.java:60)
	at sun.reflect.NativeMethodAccessorImpl.invoke0(Native Method)
	at sun.reflect.NativeMethodAccessorImpl.invoke(NativeMethodAccessorImpl.java:62)
	at sun.reflect.DelegatingMethodAccessorImpl.invoke(DelegatingMethodAccessorImpl.java:43)
	at java.lang.reflect.Method.invoke(Method.java:498)
	at org.testng.internal.MethodInvocationHelper.invokeMethod(MethodInvocationHelper.java:124)
	at org.testng.internal.MethodInvocationHelper.invokeMethodConsideringTimeout(MethodInvocationHelper.java:59)
	at org.testng.internal.Invoker.invokeConfigurationMethod(Invoker.java:458)
	at org.testng.internal.Invoker.invokeConfigurations(Invoker.java:222)
	at org.testng.internal.Invoker.invokeConfigurations(Invoker.java:142)
	at org.testng.internal.TestMethodWorker.invokeBeforeClassMethods(TestMethodWorker.java:168)
	at org.testng.internal.TestMethodWorker.run(TestMethodWorker.java:105)
	at org.testng.TestRunner.privateRun(TestRunner.java:648)
	at org.testng.TestRunner.run(TestRunner.java:505)
	at org.testng.SuiteRunner.runTest(SuiteRunner.java:455)
	at org.testng.SuiteRunner.runSequentially(SuiteRunner.java:450)
	at org.testng.SuiteRunner.privateRun(SuiteRunner.java:415)
	at org.testng.SuiteRunner.run(SuiteRunner.java:364)
	at org.testng.SuiteRunnerWorker.runSuite(SuiteRunnerWorker.java:52)
	at org.testng.SuiteRunnerWorker.run(SuiteRunnerWorker.java:84)
	at org.testng.TestNG.runSuitesSequentially(TestNG.java:1208)
	at org.testng.TestNG.runSuitesSequentially(TestNG.java:1204)
	at org.testng.TestNG.runSuitesLocally(TestNG.java:1137)
	at org.testng.TestNG.runSuites(TestNG.java:1049)
	at org.testng.TestNG.run(TestNG.java:1017)
	at org.apache.maven.surefire.testng.TestNGExecutor.run(TestNGExecutor.java:283)
	at org.apache.maven.surefire.testng.TestNGXmlTestSuite.execute(TestNGXmlTestSuite.java:75)
	at org.apache.maven.surefire.testng.TestNGProvider.invoke(TestNGProvider.java:120)
	at org.apache.maven.surefire.booter.ForkedBooter.invokeProviderInSameClassLoader(ForkedBooter.java:384)
	at org.apache.maven.surefire.booter.ForkedBooter.runSuitesInProcess(ForkedBooter.java:345)
	at org.apache.maven.surefire.booter.ForkedBooter.execute(ForkedBooter.java:126)
	at org.apache.maven.surefire.booter.ForkedBooter.main(ForkedBooter.java:418)
]]></system-err>
  </testcase>
  <testcase name="beforeMethod" classname="com.sh.stt.testcase.index.HLIndexTest" time="0">
    <skipped/>
  </testcase>
  <testcase name="beforeMethod" classname="com.sh.stt.testcase.index.HLIndexTest" time="0">
    <skipped/>
    <system-out><![CDATA[2020-07-07 15:31:59.978 [main-68] INFO  com.sh.stt.listener.LogListener.onTestSkipped - ========com.sh.stt.testcase.index.HLIndexTest.advBannerListTest跳过测试========
]]></system-out>
  </testcase>
  <testcase name="beforeMethod" classname="com.sh.stt.testcase.index.HLIndexTest" time="0">
    <skipped/>
    <system-out><![CDATA[2020-07-07 15:31:59.983 [main-68] INFO  com.sh.stt.listener.LogListener.onTestSkipped - ========com.sh.stt.testcase.index.HLIndexTest.quickListTest跳过测试========
]]></system-out>
  </testcase>
  <testcase name="beforeMethod" classname="com.sh.stt.testcase.index.HLIndexTest" time="0">
    <skipped/>
    <system-out><![CDATA[2020-07-07 15:31:59.986 [main-68] INFO  com.sh.stt.listener.LogListener.onTestSkipped - ========com.sh.stt.testcase.index.HLIndexTest.tlAdvListTest跳过测试========
]]></system-out>
  </testcase>
  <testcase name="beforeMethod" classname="com.sh.stt.testcase.index.HLIndexTest" time="0">
    <skipped/>
    <system-out><![CDATA[2020-07-07 15:31:59.990 [main-68] INFO  com.sh.stt.listener.LogListener.onTestSkipped - ========com.sh.stt.testcase.index.HLIndexTest.familyShareListTest跳过测试========
]]></system-out>
  </testcase>
  <testcase name="beforeMethod" classname="com.sh.stt.testcase.index.HLIndexTest" time="0">
    <skipped/>
    <system-out><![CDATA[2020-07-07 15:31:59.994 [main-68] INFO  com.sh.stt.listener.LogListener.onTestSkipped - ========com.sh.stt.testcase.index.HLIndexTest.terminalRecomListTest跳过测试========
]]></system-out>
  </testcase>
  <testcase name="beforeMethod" classname="com.sh.stt.testcase.index.HLIndexTest" time="0">
    <skipped/>
    <system-out><![CDATA[2020-07-07 15:31:59.998 [main-68] INFO  com.sh.stt.listener.LogListener.onTestSkipped - ========com.sh.stt.testcase.index.HLIndexTest.serviceRecomListTest跳过测试========
]]></system-out>
  </testcase>
  <testcase name="beforeMethod" classname="com.sh.stt.testcase.index.HLIndexTest" time="0">
    <skipped/>
    <system-out><![CDATA[2020-07-07 15:32:00.002 [main-68] INFO  com.sh.stt.listener.LogListener.onTestSkipped - ========com.sh.stt.testcase.index.HLIndexTest.cardRecomLeftTest跳过测试========
]]></system-out>
  </testcase>
  <testcase name="beforeMethod" classname="com.sh.stt.testcase.index.HLIndexTest" time="0">
    <skipped/>
    <system-out><![CDATA[2020-07-07 15:32:00.007 [main-68] INFO  com.sh.stt.listener.LogListener.onTestSkipped - ========com.sh.stt.testcase.index.HLIndexTest.cardRecomRightListTest跳过测试========
]]></system-out>
  </testcase>
  <testcase name="advBannerListTest" classname="com.sh.stt.testcase.index.HLIndexTest" time="0">
    <skipped/>
    <system-out><![CDATA[2020-07-07 15:31:59.975 [main-68] INFO  com.sh.stt.listener.LogListener.onTestSkipped - ========com.sh.stt.testcase.index.HLIndexTest.advBannerListTest跳过测试========
]]></system-out>
  </testcase>
  <testcase name="quickListTest" classname="com.sh.stt.testcase.index.HLIndexTest" time="0">
    <skipped/>
    <system-out><![CDATA[2020-07-07 15:31:59.979 [main-68] INFO  com.sh.stt.listener.LogListener.onTestSkipped - ========com.sh.stt.testcase.index.HLIndexTest.quickListTest跳过测试========
]]></system-out>
  </testcase>
  <testcase name="tlAdvListTest" classname="com.sh.stt.testcase.index.HLIndexTest" time="0">
    <skipped/>
    <system-out><![CDATA[2020-07-07 15:31:59.984 [main-68] INFO  com.sh.stt.listener.LogListener.onTestSkipped - ========com.sh.stt.testcase.index.HLIndexTest.tlAdvListTest跳过测试========
]]></system-out>
  </testcase>
  <testcase name="familyShareListTest" classname="com.sh.stt.testcase.index.HLIndexTest" time="0">
    <skipped/>
    <system-out><![CDATA[2020-07-07 15:31:59.987 [main-68] INFO  com.sh.stt.listener.LogListener.onTestSkipped - ========com.sh.stt.testcase.index.HLIndexTest.familyShareListTest跳过测试========
]]></system-out>
  </testcase>
  <testcase name="terminalRecomListTest" classname="com.sh.stt.testcase.index.HLIndexTest" time="0">
    <skipped/>
    <system-out><![CDATA[2020-07-07 15:31:59.991 [main-68] INFO  com.sh.stt.listener.LogListener.onTestSkipped - ========com.sh.stt.testcase.index.HLIndexTest.terminalRecomListTest跳过测试========
]]></system-out>
  </testcase>
  <testcase name="serviceRecomListTest" classname="com.sh.stt.testcase.index.HLIndexTest" time="0">
    <skipped/>
    <system-out><![CDATA[2020-07-07 15:31:59.994 [main-68] INFO  com.sh.stt.listener.LogListener.onTestSkipped - ========com.sh.stt.testcase.index.HLIndexTest.serviceRecomListTest跳过测试========
]]></system-out>
  </testcase>
  <testcase name="cardRecomLeftTest" classname="com.sh.stt.testcase.index.HLIndexTest" time="0">
    <skipped/>
    <system-out><![CDATA[2020-07-07 15:31:59.999 [main-68] INFO  com.sh.stt.listener.LogListener.onTestSkipped - ========com.sh.stt.testcase.index.HLIndexTest.cardRecomLeftTest跳过测试========
]]></system-out>
  </testcase>
  <testcase name="cardRecomRightListTest" classname="com.sh.stt.testcase.index.HLIndexTest" time="0">
    <skipped/>
    <system-out><![CDATA[2020-07-07 15:32:00.002 [main-68] INFO  com.sh.stt.listener.LogListener.onTestSkipped - ========com.sh.stt.testcase.index.HLIndexTest.cardRecomRightListTest跳过测试========
]]></system-out>
  </testcase>
  <testcase name="featureListTest" classname="com.sh.stt.testcase.index.HLIndexTest" time="0">
    <skipped/>
    <system-out><![CDATA[2020-07-07 15:32:00.007 [main-68] INFO  com.sh.stt.listener.LogListener.onTestSkipped - ========com.sh.stt.testcase.index.HLIndexTest.featureListTest跳过测试========
]]></system-out>
  </testcase>
  <testcase name="afterClass" classname="com.sh.stt.testcase.index.HLIndexTest" time="9.707">
    <failure type="java.lang.NullPointerException">java.lang.NullPointerException
</failure>
    <system-out><![CDATA[2020-07-07 15:32:00.010 [main-68] INFO  com.sh.stt.listener.LogListener.onTestSkipped - ========com.sh.stt.testcase.index.HLIndexTest.featureListTest跳过测试========
]]></system-out>
  </testcase>
  <testcase name="beforeClass" classname="com.sh.stt.testcase.index.JLIndexTest" time="9.867">
    <failure type="java.lang.NullPointerException">java.lang.NullPointerException
</failure>
    <system-out><![CDATA[2020-07-07 15:32:00.030 [main-133] ERROR com.sh.stt.base.BaseDriver.startBrowser - chrome浏览器启动失败！
]]></system-out>
    <system-err><![CDATA[java.lang.IllegalStateException: The driver executable does not exist: D:\IDEA\wap-selenium\target\test-classes\driver\driver\chromedriver.exe
	at com.google.common.base.Preconditions.checkState(Preconditions.java:585)
	at org.openqa.selenium.remote.service.DriverService.checkExecutable(DriverService.java:146)
	at org.openqa.selenium.remote.service.DriverService.findExecutable(DriverService.java:141)
	at org.openqa.selenium.chrome.ChromeDriverService.access$000(ChromeDriverService.java:35)
	at org.openqa.selenium.chrome.ChromeDriverService$Builder.findDefaultExecutable(ChromeDriverService.java:159)
	at org.openqa.selenium.remote.service.DriverService$Builder.build(DriverService.java:355)
	at org.openqa.selenium.chrome.ChromeDriverService.createDefaultService(ChromeDriverService.java:94)
	at org.openqa.selenium.chrome.ChromeDriver.<init>(ChromeDriver.java:157)
	at com.sh.stt.base.BaseDriver.startBrowser(BaseDriver.java:130)
	at com.sh.stt.base.BaseTest.beforeClass(BaseTest.java:60)
	at sun.reflect.NativeMethodAccessorImpl.invoke0(Native Method)
	at sun.reflect.NativeMethodAccessorImpl.invoke(NativeMethodAccessorImpl.java:62)
	at sun.reflect.DelegatingMethodAccessorImpl.invoke(DelegatingMethodAccessorImpl.java:43)
	at java.lang.reflect.Method.invoke(Method.java:498)
	at org.testng.internal.MethodInvocationHelper.invokeMethod(MethodInvocationHelper.java:124)
	at org.testng.internal.MethodInvocationHelper.invokeMethodConsideringTimeout(MethodInvocationHelper.java:59)
	at org.testng.internal.Invoker.invokeConfigurationMethod(Invoker.java:458)
	at org.testng.internal.Invoker.invokeConfigurations(Invoker.java:222)
	at org.testng.internal.Invoker.invokeConfigurations(Invoker.java:142)
	at org.testng.internal.TestMethodWorker.invokeBeforeClassMethods(TestMethodWorker.java:168)
	at org.testng.internal.TestMethodWorker.run(TestMethodWorker.java:105)
	at org.testng.TestRunner.privateRun(TestRunner.java:648)
	at org.testng.TestRunner.run(TestRunner.java:505)
	at org.testng.SuiteRunner.runTest(SuiteRunner.java:455)
	at org.testng.SuiteRunner.runSequentially(SuiteRunner.java:450)
	at org.testng.SuiteRunner.privateRun(SuiteRunner.java:415)
	at org.testng.SuiteRunner.run(SuiteRunner.java:364)
	at org.testng.SuiteRunnerWorker.runSuite(SuiteRunnerWorker.java:52)
	at org.testng.SuiteRunnerWorker.run(SuiteRunnerWorker.java:84)
	at org.testng.TestNG.runSuitesSequentially(TestNG.java:1208)
	at org.testng.TestNG.runSuitesSequentially(TestNG.java:1204)
	at org.testng.TestNG.runSuitesLocally(TestNG.java:1137)
	at org.testng.TestNG.runSuites(TestNG.java:1049)
	at org.testng.TestNG.run(TestNG.java:1017)
	at org.apache.maven.surefire.testng.TestNGExecutor.run(TestNGExecutor.java:283)
	at org.apache.maven.surefire.testng.TestNGXmlTestSuite.execute(TestNGXmlTestSuite.java:75)
	at org.apache.maven.surefire.testng.TestNGProvider.invoke(TestNGProvider.java:120)
	at org.apache.maven.surefire.booter.ForkedBooter.invokeProviderInSameClassLoader(ForkedBooter.java:384)
	at org.apache.maven.surefire.booter.ForkedBooter.runSuitesInProcess(ForkedBooter.java:345)
	at org.apache.maven.surefire.booter.ForkedBooter.execute(ForkedBooter.java:126)
	at org.apache.maven.surefire.booter.ForkedBooter.main(ForkedBooter.java:418)
]]></system-err>
  </testcase>
  <testcase name="beforeMethod" classname="com.sh.stt.testcase.index.JLIndexTest" time="0">
    <skipped/>
  </testcase>
  <testcase name="beforeMethod" classname="com.sh.stt.testcase.index.JLIndexTest" time="0">
    <skipped/>
    <system-out><![CDATA[2020-07-07 15:32:00.037 [main-68] INFO  com.sh.stt.listener.LogListener.onTestSkipped - ========com.sh.stt.testcase.index.JLIndexTest.advBannerListTest跳过测试========
]]></system-out>
  </testcase>
  <testcase name="beforeMethod" classname="com.sh.stt.testcase.index.JLIndexTest" time="0">
    <skipped/>
    <system-out><![CDATA[2020-07-07 15:32:00.047 [main-68] INFO  com.sh.stt.listener.LogListener.onTestSkipped - ========com.sh.stt.testcase.index.JLIndexTest.quickListTest跳过测试========
]]></system-out>
  </testcase>
  <testcase name="beforeMethod" classname="com.sh.stt.testcase.index.JLIndexTest" time="0">
    <skipped/>
    <system-out><![CDATA[2020-07-07 15:32:00.051 [main-68] INFO  com.sh.stt.listener.LogListener.onTestSkipped - ========com.sh.stt.testcase.index.JLIndexTest.tlAdvListTest跳过测试========
]]></system-out>
  </testcase>
  <testcase name="beforeMethod" classname="com.sh.stt.testcase.index.JLIndexTest" time="0">
    <skipped/>
    <system-out><![CDATA[2020-07-07 15:32:00.055 [main-68] INFO  com.sh.stt.listener.LogListener.onTestSkipped - ========com.sh.stt.testcase.index.JLIndexTest.familyShareListTest跳过测试========
]]></system-out>
  </testcase>
  <testcase name="beforeMethod" classname="com.sh.stt.testcase.index.JLIndexTest" time="0">
    <skipped/>
    <system-out><![CDATA[2020-07-07 15:32:00.058 [main-68] INFO  com.sh.stt.listener.LogListener.onTestSkipped - ========com.sh.stt.testcase.index.JLIndexTest.terminalRecomListTest跳过测试========
]]></system-out>
  </testcase>
  <testcase name="beforeMethod" classname="com.sh.stt.testcase.index.JLIndexTest" time="0">
    <skipped/>
    <system-out><![CDATA[2020-07-07 15:32:00.063 [main-68] INFO  com.sh.stt.listener.LogListener.onTestSkipped - ========com.sh.stt.testcase.index.JLIndexTest.serviceRecomListTest跳过测试========
]]></system-out>
  </testcase>
  <testcase name="beforeMethod" classname="com.sh.stt.testcase.index.JLIndexTest" time="0">
    <skipped/>
    <system-out><![CDATA[2020-07-07 15:32:00.067 [main-68] INFO  com.sh.stt.listener.LogListener.onTestSkipped - ========com.sh.stt.testcase.index.JLIndexTest.cardRecomLeftTest跳过测试========
]]></system-out>
  </testcase>
  <testcase name="beforeMethod" classname="com.sh.stt.testcase.index.JLIndexTest" time="0">
    <skipped/>
    <system-out><![CDATA[2020-07-07 15:32:00.070 [main-68] INFO  com.sh.stt.listener.LogListener.onTestSkipped - ========com.sh.stt.testcase.index.JLIndexTest.cardRecomRightListTest跳过测试========
]]></system-out>
  </testcase>
  <testcase name="advBannerListTest" classname="com.sh.stt.testcase.index.JLIndexTest" time="0">
    <skipped/>
    <system-out><![CDATA[2020-07-07 15:32:00.034 [main-68] INFO  com.sh.stt.listener.LogListener.onTestSkipped - ========com.sh.stt.testcase.index.JLIndexTest.advBannerListTest跳过测试========
]]></system-out>
  </testcase>
  <testcase name="quickListTest" classname="com.sh.stt.testcase.index.JLIndexTest" time="0">
    <skipped/>
    <system-out><![CDATA[2020-07-07 15:32:00.038 [main-68] INFO  com.sh.stt.listener.LogListener.onTestSkipped - ========com.sh.stt.testcase.index.JLIndexTest.quickListTest跳过测试========
]]></system-out>
  </testcase>
  <testcase name="tlAdvListTest" classname="com.sh.stt.testcase.index.JLIndexTest" time="0">
    <skipped/>
    <system-out><![CDATA[2020-07-07 15:32:00.048 [main-68] INFO  com.sh.stt.listener.LogListener.onTestSkipped - ========com.sh.stt.testcase.index.JLIndexTest.tlAdvListTest跳过测试========
]]></system-out>
  </testcase>
  <testcase name="familyShareListTest" classname="com.sh.stt.testcase.index.JLIndexTest" time="0">
    <skipped/>
    <system-out><![CDATA[2020-07-07 15:32:00.052 [main-68] INFO  com.sh.stt.listener.LogListener.onTestSkipped - ========com.sh.stt.testcase.index.JLIndexTest.familyShareListTest跳过测试========
]]></system-out>
  </testcase>
  <testcase name="terminalRecomListTest" classname="com.sh.stt.testcase.index.JLIndexTest" time="0">
    <skipped/>
    <system-out><![CDATA[2020-07-07 15:32:00.055 [main-68] INFO  com.sh.stt.listener.LogListener.onTestSkipped - ========com.sh.stt.testcase.index.JLIndexTest.terminalRecomListTest跳过测试========
]]></system-out>
  </testcase>
  <testcase name="serviceRecomListTest" classname="com.sh.stt.testcase.index.JLIndexTest" time="0">
    <skipped/>
    <system-out><![CDATA[2020-07-07 15:32:00.059 [main-68] INFO  com.sh.stt.listener.LogListener.onTestSkipped - ========com.sh.stt.testcase.index.JLIndexTest.serviceRecomListTest跳过测试========
]]></system-out>
  </testcase>
  <testcase name="cardRecomLeftTest" classname="com.sh.stt.testcase.index.JLIndexTest" time="0">
    <skipped/>
    <system-out><![CDATA[2020-07-07 15:32:00.064 [main-68] INFO  com.sh.stt.listener.LogListener.onTestSkipped - ========com.sh.stt.testcase.index.JLIndexTest.cardRecomLeftTest跳过测试========
]]></system-out>
  </testcase>
  <testcase name="cardRecomRightListTest" classname="com.sh.stt.testcase.index.JLIndexTest" time="0">
    <skipped/>
    <system-out><![CDATA[2020-07-07 15:32:00.067 [main-68] INFO  com.sh.stt.listener.LogListener.onTestSkipped - ========com.sh.stt.testcase.index.JLIndexTest.cardRecomRightListTest跳过测试========
]]></system-out>
  </testcase>
  <testcase name="featureListTest" classname="com.sh.stt.testcase.index.JLIndexTest" time="0">
    <skipped/>
    <system-out><![CDATA[2020-07-07 15:32:00.071 [main-68] INFO  com.sh.stt.listener.LogListener.onTestSkipped - ========com.sh.stt.testcase.index.JLIndexTest.featureListTest跳过测试========
]]></system-out>
  </testcase>
  <testcase name="afterClass" classname="com.sh.stt.testcase.index.JLIndexTest" time="10.004">
    <failure type="java.lang.NullPointerException">java.lang.NullPointerException
</failure>
    <system-out><![CDATA[2020-07-07 15:32:00.074 [main-68] INFO  com.sh.stt.listener.LogListener.onTestSkipped - ========com.sh.stt.testcase.index.JLIndexTest.featureListTest跳过测试========
]]></system-out>
  </testcase>
  <testcase name="beforeClass" classname="com.sh.stt.testcase.index.JSIndexTest" time="10.164">
    <failure type="java.lang.NullPointerException">java.lang.NullPointerException
</failure>
    <system-out><![CDATA[2020-07-07 15:32:00.094 [main-133] ERROR com.sh.stt.base.BaseDriver.startBrowser - chrome浏览器启动失败！
]]></system-out>
    <system-err><![CDATA[java.lang.IllegalStateException: The driver executable does not exist: D:\IDEA\wap-selenium\target\test-classes\driver\driver\chromedriver.exe
	at com.google.common.base.Preconditions.checkState(Preconditions.java:585)
	at org.openqa.selenium.remote.service.DriverService.checkExecutable(DriverService.java:146)
	at org.openqa.selenium.remote.service.DriverService.findExecutable(DriverService.java:141)
	at org.openqa.selenium.chrome.ChromeDriverService.access$000(ChromeDriverService.java:35)
	at org.openqa.selenium.chrome.ChromeDriverService$Builder.findDefaultExecutable(ChromeDriverService.java:159)
	at org.openqa.selenium.remote.service.DriverService$Builder.build(DriverService.java:355)
	at org.openqa.selenium.chrome.ChromeDriverService.createDefaultService(ChromeDriverService.java:94)
	at org.openqa.selenium.chrome.ChromeDriver.<init>(ChromeDriver.java:157)
	at com.sh.stt.base.BaseDriver.startBrowser(BaseDriver.java:130)
	at com.sh.stt.base.BaseTest.beforeClass(BaseTest.java:60)
	at sun.reflect.NativeMethodAccessorImpl.invoke0(Native Method)
	at sun.reflect.NativeMethodAccessorImpl.invoke(NativeMethodAccessorImpl.java:62)
	at sun.reflect.DelegatingMethodAccessorImpl.invoke(DelegatingMethodAccessorImpl.java:43)
	at java.lang.reflect.Method.invoke(Method.java:498)
	at org.testng.internal.MethodInvocationHelper.invokeMethod(MethodInvocationHelper.java:124)
	at org.testng.internal.MethodInvocationHelper.invokeMethodConsideringTimeout(MethodInvocationHelper.java:59)
	at org.testng.internal.Invoker.invokeConfigurationMethod(Invoker.java:458)
	at org.testng.internal.Invoker.invokeConfigurations(Invoker.java:222)
	at org.testng.internal.Invoker.invokeConfigurations(Invoker.java:142)
	at org.testng.internal.TestMethodWorker.invokeBeforeClassMethods(TestMethodWorker.java:168)
	at org.testng.internal.TestMethodWorker.run(TestMethodWorker.java:105)
	at org.testng.TestRunner.privateRun(TestRunner.java:648)
	at org.testng.TestRunner.run(TestRunner.java:505)
	at org.testng.SuiteRunner.runTest(SuiteRunner.java:455)
	at org.testng.SuiteRunner.runSequentially(SuiteRunner.java:450)
	at org.testng.SuiteRunner.privateRun(SuiteRunner.java:415)
	at org.testng.SuiteRunner.run(SuiteRunner.java:364)
	at org.testng.SuiteRunnerWorker.runSuite(SuiteRunnerWorker.java:52)
	at org.testng.SuiteRunnerWorker.run(SuiteRunnerWorker.java:84)
	at org.testng.TestNG.runSuitesSequentially(TestNG.java:1208)
	at org.testng.TestNG.runSuitesSequentially(TestNG.java:1204)
	at org.testng.TestNG.runSuitesLocally(TestNG.java:1137)
	at org.testng.TestNG.runSuites(TestNG.java:1049)
	at org.testng.TestNG.run(TestNG.java:1017)
	at org.apache.maven.surefire.testng.TestNGExecutor.run(TestNGExecutor.java:283)
	at org.apache.maven.surefire.testng.TestNGXmlTestSuite.execute(TestNGXmlTestSuite.java:75)
	at org.apache.maven.surefire.testng.TestNGProvider.invoke(TestNGProvider.java:120)
	at org.apache.maven.surefire.booter.ForkedBooter.invokeProviderInSameClassLoader(ForkedBooter.java:384)
	at org.apache.maven.surefire.booter.ForkedBooter.runSuitesInProcess(ForkedBooter.java:345)
	at org.apache.maven.surefire.booter.ForkedBooter.execute(ForkedBooter.java:126)
	at org.apache.maven.surefire.booter.ForkedBooter.main(ForkedBooter.java:418)
]]></system-err>
  </testcase>
  <testcase name="beforeMethod" classname="com.sh.stt.testcase.index.JSIndexTest" time="0">
    <skipped/>
  </testcase>
  <testcase name="beforeMethod" classname="com.sh.stt.testcase.index.JSIndexTest" time="0">
    <skipped/>
    <system-out><![CDATA[2020-07-07 15:32:00.101 [main-68] INFO  com.sh.stt.listener.LogListener.onTestSkipped - ========com.sh.stt.testcase.index.JSIndexTest.advBannerListTest跳过测试========
]]></system-out>
  </testcase>
  <testcase name="beforeMethod" classname="com.sh.stt.testcase.index.JSIndexTest" time="0">
    <skipped/>
    <system-out><![CDATA[2020-07-07 15:32:00.105 [main-68] INFO  com.sh.stt.listener.LogListener.onTestSkipped - ========com.sh.stt.testcase.index.JSIndexTest.quickListTest跳过测试========
]]></system-out>
  </testcase>
  <testcase name="beforeMethod" classname="com.sh.stt.testcase.index.JSIndexTest" time="0">
    <skipped/>
    <system-out><![CDATA[2020-07-07 15:32:00.108 [main-68] INFO  com.sh.stt.listener.LogListener.onTestSkipped - ========com.sh.stt.testcase.index.JSIndexTest.tlAdvListTest跳过测试========
]]></system-out>
  </testcase>
  <testcase name="beforeMethod" classname="com.sh.stt.testcase.index.JSIndexTest" time="0">
    <skipped/>
    <system-out><![CDATA[2020-07-07 15:32:00.112 [main-68] INFO  com.sh.stt.listener.LogListener.onTestSkipped - ========com.sh.stt.testcase.index.JSIndexTest.familyShareListTest跳过测试========
]]></system-out>
  </testcase>
  <testcase name="beforeMethod" classname="com.sh.stt.testcase.index.JSIndexTest" time="0">
    <skipped/>
    <system-out><![CDATA[2020-07-07 15:32:00.117 [main-68] INFO  com.sh.stt.listener.LogListener.onTestSkipped - ========com.sh.stt.testcase.index.JSIndexTest.terminalRecomListTest跳过测试========
]]></system-out>
  </testcase>
  <testcase name="beforeMethod" classname="com.sh.stt.testcase.index.JSIndexTest" time="0">
    <skipped/>
    <system-out><![CDATA[2020-07-07 15:32:00.121 [main-68] INFO  com.sh.stt.listener.LogListener.onTestSkipped - ========com.sh.stt.testcase.index.JSIndexTest.serviceRecomListTest跳过测试========
]]></system-out>
  </testcase>
  <testcase name="beforeMethod" classname="com.sh.stt.testcase.index.JSIndexTest" time="0">
    <skipped/>
    <system-out><![CDATA[2020-07-07 15:32:00.124 [main-68] INFO  com.sh.stt.listener.LogListener.onTestSkipped - ========com.sh.stt.testcase.index.JSIndexTest.cardRecomLeftTest跳过测试========
]]></system-out>
  </testcase>
  <testcase name="beforeMethod" classname="com.sh.stt.testcase.index.JSIndexTest" time="0">
    <skipped/>
    <system-out><![CDATA[2020-07-07 15:32:00.128 [main-68] INFO  com.sh.stt.listener.LogListener.onTestSkipped - ========com.sh.stt.testcase.index.JSIndexTest.cardRecomRightListTest跳过测试========
]]></system-out>
  </testcase>
  <testcase name="advBannerListTest" classname="com.sh.stt.testcase.index.JSIndexTest" time="0">
    <skipped/>
    <system-out><![CDATA[2020-07-07 15:32:00.098 [main-68] INFO  com.sh.stt.listener.LogListener.onTestSkipped - ========com.sh.stt.testcase.index.JSIndexTest.advBannerListTest跳过测试========
]]></system-out>
  </testcase>
  <testcase name="quickListTest" classname="com.sh.stt.testcase.index.JSIndexTest" time="0">
    <skipped/>
    <system-out><![CDATA[2020-07-07 15:32:00.102 [main-68] INFO  com.sh.stt.listener.LogListener.onTestSkipped - ========com.sh.stt.testcase.index.JSIndexTest.quickListTest跳过测试========
]]></system-out>
  </testcase>
  <testcase name="tlAdvListTest" classname="com.sh.stt.testcase.index.JSIndexTest" time="0">
    <skipped/>
    <system-out><![CDATA[2020-07-07 15:32:00.105 [main-68] INFO  com.sh.stt.listener.LogListener.onTestSkipped - ========com.sh.stt.testcase.index.JSIndexTest.tlAdvListTest跳过测试========
]]></system-out>
  </testcase>
  <testcase name="familyShareListTest" classname="com.sh.stt.testcase.index.JSIndexTest" time="0">
    <skipped/>
    <system-out><![CDATA[2020-07-07 15:32:00.109 [main-68] INFO  com.sh.stt.listener.LogListener.onTestSkipped - ========com.sh.stt.testcase.index.JSIndexTest.familyShareListTest跳过测试========
]]></system-out>
  </testcase>
  <testcase name="terminalRecomListTest" classname="com.sh.stt.testcase.index.JSIndexTest" time="0">
    <skipped/>
    <system-out><![CDATA[2020-07-07 15:32:00.113 [main-68] INFO  com.sh.stt.listener.LogListener.onTestSkipped - ========com.sh.stt.testcase.index.JSIndexTest.terminalRecomListTest跳过测试========
]]></system-out>
  </testcase>
  <testcase name="serviceRecomListTest" classname="com.sh.stt.testcase.index.JSIndexTest" time="0">
    <skipped/>
    <system-out><![CDATA[2020-07-07 15:32:00.118 [main-68] INFO  com.sh.stt.listener.LogListener.onTestSkipped - ========com.sh.stt.testcase.index.JSIndexTest.serviceRecomListTest跳过测试========
]]></system-out>
  </testcase>
  <testcase name="cardRecomLeftTest" classname="com.sh.stt.testcase.index.JSIndexTest" time="0">
    <skipped/>
    <system-out><![CDATA[2020-07-07 15:32:00.121 [main-68] INFO  com.sh.stt.listener.LogListener.onTestSkipped - ========com.sh.stt.testcase.index.JSIndexTest.cardRecomLeftTest跳过测试========
]]></system-out>
  </testcase>
  <testcase name="cardRecomRightListTest" classname="com.sh.stt.testcase.index.JSIndexTest" time="0">
    <skipped/>
    <system-out><![CDATA[2020-07-07 15:32:00.125 [main-68] INFO  com.sh.stt.listener.LogListener.onTestSkipped - ========com.sh.stt.testcase.index.JSIndexTest.cardRecomRightListTest跳过测试========
]]></system-out>
  </testcase>
  <testcase name="featureListTest" classname="com.sh.stt.testcase.index.JSIndexTest" time="0">
    <skipped/>
    <system-out><![CDATA[2020-07-07 15:32:00.129 [main-68] INFO  com.sh.stt.listener.LogListener.onTestSkipped - ========com.sh.stt.testcase.index.JSIndexTest.featureListTest跳过测试========
]]></system-out>
  </testcase>
  <testcase name="afterClass" classname="com.sh.stt.testcase.index.JSIndexTest" time="10.299">
    <failure type="java.lang.NullPointerException">java.lang.NullPointerException
</failure>
    <system-out><![CDATA[2020-07-07 15:32:00.132 [main-68] INFO  com.sh.stt.listener.LogListener.onTestSkipped - ========com.sh.stt.testcase.index.JSIndexTest.featureListTest跳过测试========
]]></system-out>
  </testcase>
  <testcase name="beforeClass" classname="com.sh.stt.testcase.index.JXIndexTest" time="10.497">
    <failure type="java.lang.NullPointerException">java.lang.NullPointerException
</failure>
    <system-out><![CDATA[2020-07-07 15:32:00.151 [main-133] ERROR com.sh.stt.base.BaseDriver.startBrowser - chrome浏览器启动失败！
]]></system-out>
    <system-err><![CDATA[java.lang.IllegalStateException: The driver executable does not exist: D:\IDEA\wap-selenium\target\test-classes\driver\driver\chromedriver.exe
	at com.google.common.base.Preconditions.checkState(Preconditions.java:585)
	at org.openqa.selenium.remote.service.DriverService.checkExecutable(DriverService.java:146)
	at org.openqa.selenium.remote.service.DriverService.findExecutable(DriverService.java:141)
	at org.openqa.selenium.chrome.ChromeDriverService.access$000(ChromeDriverService.java:35)
	at org.openqa.selenium.chrome.ChromeDriverService$Builder.findDefaultExecutable(ChromeDriverService.java:159)
	at org.openqa.selenium.remote.service.DriverService$Builder.build(DriverService.java:355)
	at org.openqa.selenium.chrome.ChromeDriverService.createDefaultService(ChromeDriverService.java:94)
	at org.openqa.selenium.chrome.ChromeDriver.<init>(ChromeDriver.java:157)
	at com.sh.stt.base.BaseDriver.startBrowser(BaseDriver.java:130)
	at com.sh.stt.base.BaseTest.beforeClass(BaseTest.java:60)
	at sun.reflect.GeneratedMethodAccessor33.invoke(Unknown Source)
	at sun.reflect.DelegatingMethodAccessorImpl.invoke(DelegatingMethodAccessorImpl.java:43)
	at java.lang.reflect.Method.invoke(Method.java:498)
	at org.testng.internal.MethodInvocationHelper.invokeMethod(MethodInvocationHelper.java:124)
	at org.testng.internal.MethodInvocationHelper.invokeMethodConsideringTimeout(MethodInvocationHelper.java:59)
	at org.testng.internal.Invoker.invokeConfigurationMethod(Invoker.java:458)
	at org.testng.internal.Invoker.invokeConfigurations(Invoker.java:222)
	at org.testng.internal.Invoker.invokeConfigurations(Invoker.java:142)
	at org.testng.internal.TestMethodWorker.invokeBeforeClassMethods(TestMethodWorker.java:168)
	at org.testng.internal.TestMethodWorker.run(TestMethodWorker.java:105)
	at org.testng.TestRunner.privateRun(TestRunner.java:648)
	at org.testng.TestRunner.run(TestRunner.java:505)
	at org.testng.SuiteRunner.runTest(SuiteRunner.java:455)
	at org.testng.SuiteRunner.runSequentially(SuiteRunner.java:450)
	at org.testng.SuiteRunner.privateRun(SuiteRunner.java:415)
	at org.testng.SuiteRunner.run(SuiteRunner.java:364)
	at org.testng.SuiteRunnerWorker.runSuite(SuiteRunnerWorker.java:52)
	at org.testng.SuiteRunnerWorker.run(SuiteRunnerWorker.java:84)
	at org.testng.TestNG.runSuitesSequentially(TestNG.java:1208)
	at org.testng.TestNG.runSuitesSequentially(TestNG.java:1204)
	at org.testng.TestNG.runSuitesLocally(TestNG.java:1137)
	at org.testng.TestNG.runSuites(TestNG.java:1049)
	at org.testng.TestNG.run(TestNG.java:1017)
	at org.apache.maven.surefire.testng.TestNGExecutor.run(TestNGExecutor.java:283)
	at org.apache.maven.surefire.testng.TestNGXmlTestSuite.execute(TestNGXmlTestSuite.java:75)
	at org.apache.maven.surefire.testng.TestNGProvider.invoke(TestNGProvider.java:120)
	at org.apache.maven.surefire.booter.ForkedBooter.invokeProviderInSameClassLoader(ForkedBooter.java:384)
	at org.apache.maven.surefire.booter.ForkedBooter.runSuitesInProcess(ForkedBooter.java:345)
	at org.apache.maven.surefire.booter.ForkedBooter.execute(ForkedBooter.java:126)
	at org.apache.maven.surefire.booter.ForkedBooter.main(ForkedBooter.java:418)
]]></system-err>
  </testcase>
  <testcase name="beforeMethod" classname="com.sh.stt.testcase.index.JXIndexTest" time="0">
    <skipped/>
  </testcase>
  <testcase name="beforeMethod" classname="com.sh.stt.testcase.index.JXIndexTest" time="0">
    <skipped/>
    <system-out><![CDATA[2020-07-07 15:32:00.158 [main-68] INFO  com.sh.stt.listener.LogListener.onTestSkipped - ========com.sh.stt.testcase.index.JXIndexTest.advBannerListTest跳过测试========
]]></system-out>
  </testcase>
  <testcase name="beforeMethod" classname="com.sh.stt.testcase.index.JXIndexTest" time="0">
    <skipped/>
    <system-out><![CDATA[2020-07-07 15:32:00.162 [main-68] INFO  com.sh.stt.listener.LogListener.onTestSkipped - ========com.sh.stt.testcase.index.JXIndexTest.quickListTest跳过测试========
]]></system-out>
  </testcase>
  <testcase name="beforeMethod" classname="com.sh.stt.testcase.index.JXIndexTest" time="0">
    <skipped/>
    <system-out><![CDATA[2020-07-07 15:32:00.165 [main-68] INFO  com.sh.stt.listener.LogListener.onTestSkipped - ========com.sh.stt.testcase.index.JXIndexTest.tlAdvListTest跳过测试========
]]></system-out>
  </testcase>
  <testcase name="beforeMethod" classname="com.sh.stt.testcase.index.JXIndexTest" time="0">
    <skipped/>
    <system-out><![CDATA[2020-07-07 15:32:00.169 [main-68] INFO  com.sh.stt.listener.LogListener.onTestSkipped - ========com.sh.stt.testcase.index.JXIndexTest.familyShareListTest跳过测试========
]]></system-out>
  </testcase>
  <testcase name="beforeMethod" classname="com.sh.stt.testcase.index.JXIndexTest" time="0">
    <skipped/>
    <system-out><![CDATA[2020-07-07 15:32:00.173 [main-68] INFO  com.sh.stt.listener.LogListener.onTestSkipped - ========com.sh.stt.testcase.index.JXIndexTest.terminalRecomListTest跳过测试========
]]></system-out>
  </testcase>
  <testcase name="beforeMethod" classname="com.sh.stt.testcase.index.JXIndexTest" time="0">
    <skipped/>
    <system-out><![CDATA[2020-07-07 15:32:00.176 [main-68] INFO  com.sh.stt.listener.LogListener.onTestSkipped - ========com.sh.stt.testcase.index.JXIndexTest.serviceRecomListTest跳过测试========
]]></system-out>
  </testcase>
  <testcase name="beforeMethod" classname="com.sh.stt.testcase.index.JXIndexTest" time="0">
    <skipped/>
    <system-out><![CDATA[2020-07-07 15:32:00.180 [main-68] INFO  com.sh.stt.listener.LogListener.onTestSkipped - ========com.sh.stt.testcase.index.JXIndexTest.cardRecomLeftTest跳过测试========
]]></system-out>
  </testcase>
  <testcase name="beforeMethod" classname="com.sh.stt.testcase.index.JXIndexTest" time="0">
    <skipped/>
    <system-out><![CDATA[2020-07-07 15:32:00.185 [main-68] INFO  com.sh.stt.listener.LogListener.onTestSkipped - ========com.sh.stt.testcase.index.JXIndexTest.cardRecomRightListTest跳过测试========
]]></system-out>
  </testcase>
  <testcase name="advBannerListTest" classname="com.sh.stt.testcase.index.JXIndexTest" time="0">
    <skipped/>
    <system-out><![CDATA[2020-07-07 15:32:00.155 [main-68] INFO  com.sh.stt.listener.LogListener.onTestSkipped - ========com.sh.stt.testcase.index.JXIndexTest.advBannerListTest跳过测试========
]]></system-out>
  </testcase>
  <testcase name="quickListTest" classname="com.sh.stt.testcase.index.JXIndexTest" time="0">
    <skipped/>
    <system-out><![CDATA[2020-07-07 15:32:00.159 [main-68] INFO  com.sh.stt.listener.LogListener.onTestSkipped - ========com.sh.stt.testcase.index.JXIndexTest.quickListTest跳过测试========
]]></system-out>
  </testcase>
  <testcase name="tlAdvListTest" classname="com.sh.stt.testcase.index.JXIndexTest" time="0">
    <skipped/>
    <system-out><![CDATA[2020-07-07 15:32:00.162 [main-68] INFO  com.sh.stt.listener.LogListener.onTestSkipped - ========com.sh.stt.testcase.index.JXIndexTest.tlAdvListTest跳过测试========
]]></system-out>
  </testcase>
  <testcase name="familyShareListTest" classname="com.sh.stt.testcase.index.JXIndexTest" time="0">
    <skipped/>
    <system-out><![CDATA[2020-07-07 15:32:00.166 [main-68] INFO  com.sh.stt.listener.LogListener.onTestSkipped - ========com.sh.stt.testcase.index.JXIndexTest.familyShareListTest跳过测试========
]]></system-out>
  </testcase>
  <testcase name="terminalRecomListTest" classname="com.sh.stt.testcase.index.JXIndexTest" time="0">
    <skipped/>
    <system-out><![CDATA[2020-07-07 15:32:00.170 [main-68] INFO  com.sh.stt.listener.LogListener.onTestSkipped - ========com.sh.stt.testcase.index.JXIndexTest.terminalRecomListTest跳过测试========
]]></system-out>
  </testcase>
  <testcase name="serviceRecomListTest" classname="com.sh.stt.testcase.index.JXIndexTest" time="0">
    <skipped/>
    <system-out><![CDATA[2020-07-07 15:32:00.173 [main-68] INFO  com.sh.stt.listener.LogListener.onTestSkipped - ========com.sh.stt.testcase.index.JXIndexTest.serviceRecomListTest跳过测试========
]]></system-out>
  </testcase>
  <testcase name="cardRecomLeftTest" classname="com.sh.stt.testcase.index.JXIndexTest" time="0">
    <skipped/>
    <system-out><![CDATA[2020-07-07 15:32:00.177 [main-68] INFO  com.sh.stt.listener.LogListener.onTestSkipped - ========com.sh.stt.testcase.index.JXIndexTest.cardRecomLeftTest跳过测试========
]]></system-out>
  </testcase>
  <testcase name="cardRecomRightListTest" classname="com.sh.stt.testcase.index.JXIndexTest" time="0">
    <skipped/>
    <system-out><![CDATA[2020-07-07 15:32:00.181 [main-68] INFO  com.sh.stt.listener.LogListener.onTestSkipped - ========com.sh.stt.testcase.index.JXIndexTest.cardRecomRightListTest跳过测试========
]]></system-out>
  </testcase>
  <testcase name="featureListTest" classname="com.sh.stt.testcase.index.JXIndexTest" time="0">
    <skipped/>
    <system-out><![CDATA[2020-07-07 15:32:00.185 [main-68] INFO  com.sh.stt.listener.LogListener.onTestSkipped - ========com.sh.stt.testcase.index.JXIndexTest.featureListTest跳过测试========
]]></system-out>
  </testcase>
  <testcase name="afterClass" classname="com.sh.stt.testcase.index.JXIndexTest" time="10.653">
    <failure type="java.lang.NullPointerException">java.lang.NullPointerException
</failure>
    <system-out><![CDATA[2020-07-07 15:32:00.188 [main-68] INFO  com.sh.stt.listener.LogListener.onTestSkipped - ========com.sh.stt.testcase.index.JXIndexTest.featureListTest跳过测试========
]]></system-out>
  </testcase>
  <testcase name="beforeClass" classname="com.sh.stt.testcase.index.LNIndexTest" time="10.816">
    <failure type="java.lang.NullPointerException">java.lang.NullPointerException
</failure>
    <system-out><![CDATA[2020-07-07 15:32:00.209 [main-133] ERROR com.sh.stt.base.BaseDriver.startBrowser - chrome浏览器启动失败！
]]></system-out>
    <system-err><![CDATA[java.lang.IllegalStateException: The driver executable does not exist: D:\IDEA\wap-selenium\target\test-classes\driver\driver\chromedriver.exe
	at com.google.common.base.Preconditions.checkState(Preconditions.java:585)
	at org.openqa.selenium.remote.service.DriverService.checkExecutable(DriverService.java:146)
	at org.openqa.selenium.remote.service.DriverService.findExecutable(DriverService.java:141)
	at org.openqa.selenium.chrome.ChromeDriverService.access$000(ChromeDriverService.java:35)
	at org.openqa.selenium.chrome.ChromeDriverService$Builder.findDefaultExecutable(ChromeDriverService.java:159)
	at org.openqa.selenium.remote.service.DriverService$Builder.build(DriverService.java:355)
	at org.openqa.selenium.chrome.ChromeDriverService.createDefaultService(ChromeDriverService.java:94)
	at org.openqa.selenium.chrome.ChromeDriver.<init>(ChromeDriver.java:157)
	at com.sh.stt.base.BaseDriver.startBrowser(BaseDriver.java:130)
	at com.sh.stt.base.BaseTest.beforeClass(BaseTest.java:60)
	at sun.reflect.GeneratedMethodAccessor33.invoke(Unknown Source)
	at sun.reflect.DelegatingMethodAccessorImpl.invoke(DelegatingMethodAccessorImpl.java:43)
	at java.lang.reflect.Method.invoke(Method.java:498)
	at org.testng.internal.MethodInvocationHelper.invokeMethod(MethodInvocationHelper.java:124)
	at org.testng.internal.MethodInvocationHelper.invokeMethodConsideringTimeout(MethodInvocationHelper.java:59)
	at org.testng.internal.Invoker.invokeConfigurationMethod(Invoker.java:458)
	at org.testng.internal.Invoker.invokeConfigurations(Invoker.java:222)
	at org.testng.internal.Invoker.invokeConfigurations(Invoker.java:142)
	at org.testng.internal.TestMethodWorker.invokeBeforeClassMethods(TestMethodWorker.java:168)
	at org.testng.internal.TestMethodWorker.run(TestMethodWorker.java:105)
	at org.testng.TestRunner.privateRun(TestRunner.java:648)
	at org.testng.TestRunner.run(TestRunner.java:505)
	at org.testng.SuiteRunner.runTest(SuiteRunner.java:455)
	at org.testng.SuiteRunner.runSequentially(SuiteRunner.java:450)
	at org.testng.SuiteRunner.privateRun(SuiteRunner.java:415)
	at org.testng.SuiteRunner.run(SuiteRunner.java:364)
	at org.testng.SuiteRunnerWorker.runSuite(SuiteRunnerWorker.java:52)
	at org.testng.SuiteRunnerWorker.run(SuiteRunnerWorker.java:84)
	at org.testng.TestNG.runSuitesSequentially(TestNG.java:1208)
	at org.testng.TestNG.runSuitesSequentially(TestNG.java:1204)
	at org.testng.TestNG.runSuitesLocally(TestNG.java:1137)
	at org.testng.TestNG.runSuites(TestNG.java:1049)
	at org.testng.TestNG.run(TestNG.java:1017)
	at org.apache.maven.surefire.testng.TestNGExecutor.run(TestNGExecutor.java:283)
	at org.apache.maven.surefire.testng.TestNGXmlTestSuite.execute(TestNGXmlTestSuite.java:75)
	at org.apache.maven.surefire.testng.TestNGProvider.invoke(TestNGProvider.java:120)
	at org.apache.maven.surefire.booter.ForkedBooter.invokeProviderInSameClassLoader(ForkedBooter.java:384)
	at org.apache.maven.surefire.booter.ForkedBooter.runSuitesInProcess(ForkedBooter.java:345)
	at org.apache.maven.surefire.booter.ForkedBooter.execute(ForkedBooter.java:126)
	at org.apache.maven.surefire.booter.ForkedBooter.main(ForkedBooter.java:418)
]]></system-err>
  </testcase>
  <testcase name="beforeMethod" classname="com.sh.stt.testcase.index.LNIndexTest" time="0">
    <skipped/>
  </testcase>
  <testcase name="beforeMethod" classname="com.sh.stt.testcase.index.LNIndexTest" time="0">
    <skipped/>
    <system-out><![CDATA[2020-07-07 15:32:00.217 [main-68] INFO  com.sh.stt.listener.LogListener.onTestSkipped - ========com.sh.stt.testcase.index.LNIndexTest.advBannerListTest跳过测试========
]]></system-out>
  </testcase>
  <testcase name="beforeMethod" classname="com.sh.stt.testcase.index.LNIndexTest" time="0">
    <skipped/>
    <system-out><![CDATA[2020-07-07 15:32:00.220 [main-68] INFO  com.sh.stt.listener.LogListener.onTestSkipped - ========com.sh.stt.testcase.index.LNIndexTest.quickListTest跳过测试========
]]></system-out>
  </testcase>
  <testcase name="beforeMethod" classname="com.sh.stt.testcase.index.LNIndexTest" time="0">
    <skipped/>
    <system-out><![CDATA[2020-07-07 15:32:00.225 [main-68] INFO  com.sh.stt.listener.LogListener.onTestSkipped - ========com.sh.stt.testcase.index.LNIndexTest.tlAdvListTest跳过测试========
]]></system-out>
  </testcase>
  <testcase name="beforeMethod" classname="com.sh.stt.testcase.index.LNIndexTest" time="0">
    <skipped/>
    <system-out><![CDATA[2020-07-07 15:32:00.228 [main-68] INFO  com.sh.stt.listener.LogListener.onTestSkipped - ========com.sh.stt.testcase.index.LNIndexTest.familyShareListTest跳过测试========
]]></system-out>
  </testcase>
  <testcase name="beforeMethod" classname="com.sh.stt.testcase.index.LNIndexTest" time="0">
    <skipped/>
    <system-out><![CDATA[2020-07-07 15:32:00.232 [main-68] INFO  com.sh.stt.listener.LogListener.onTestSkipped - ========com.sh.stt.testcase.index.LNIndexTest.terminalRecomListTest跳过测试========
]]></system-out>
  </testcase>
  <testcase name="beforeMethod" classname="com.sh.stt.testcase.index.LNIndexTest" time="0">
    <skipped/>
    <system-out><![CDATA[2020-07-07 15:32:00.235 [main-68] INFO  com.sh.stt.listener.LogListener.onTestSkipped - ========com.sh.stt.testcase.index.LNIndexTest.serviceRecomListTest跳过测试========
]]></system-out>
  </testcase>
  <testcase name="beforeMethod" classname="com.sh.stt.testcase.index.LNIndexTest" time="0">
    <skipped/>
    <system-out><![CDATA[2020-07-07 15:32:00.240 [main-68] INFO  com.sh.stt.listener.LogListener.onTestSkipped - ========com.sh.stt.testcase.index.LNIndexTest.cardRecomLeftTest跳过测试========
]]></system-out>
  </testcase>
  <testcase name="beforeMethod" classname="com.sh.stt.testcase.index.LNIndexTest" time="0">
    <skipped/>
    <system-out><![CDATA[2020-07-07 15:32:00.244 [main-68] INFO  com.sh.stt.listener.LogListener.onTestSkipped - ========com.sh.stt.testcase.index.LNIndexTest.cardRecomRightListTest跳过测试========
]]></system-out>
  </testcase>
  <testcase name="advBannerListTest" classname="com.sh.stt.testcase.index.LNIndexTest" time="0">
    <skipped/>
    <system-out><![CDATA[2020-07-07 15:32:00.214 [main-68] INFO  com.sh.stt.listener.LogListener.onTestSkipped - ========com.sh.stt.testcase.index.LNIndexTest.advBannerListTest跳过测试========
]]></system-out>
  </testcase>
  <testcase name="quickListTest" classname="com.sh.stt.testcase.index.LNIndexTest" time="0">
    <skipped/>
    <system-out><![CDATA[2020-07-07 15:32:00.217 [main-68] INFO  com.sh.stt.listener.LogListener.onTestSkipped - ========com.sh.stt.testcase.index.LNIndexTest.quickListTest跳过测试========
]]></system-out>
  </testcase>
  <testcase name="tlAdvListTest" classname="com.sh.stt.testcase.index.LNIndexTest" time="0">
    <skipped/>
    <system-out><![CDATA[2020-07-07 15:32:00.221 [main-68] INFO  com.sh.stt.listener.LogListener.onTestSkipped - ========com.sh.stt.testcase.index.LNIndexTest.tlAdvListTest跳过测试========
]]></system-out>
  </testcase>
  <testcase name="familyShareListTest" classname="com.sh.stt.testcase.index.LNIndexTest" time="0">
    <skipped/>
    <system-out><![CDATA[2020-07-07 15:32:00.225 [main-68] INFO  com.sh.stt.listener.LogListener.onTestSkipped - ========com.sh.stt.testcase.index.LNIndexTest.familyShareListTest跳过测试========
]]></system-out>
  </testcase>
  <testcase name="terminalRecomListTest" classname="com.sh.stt.testcase.index.LNIndexTest" time="0">
    <skipped/>
    <system-out><![CDATA[2020-07-07 15:32:00.229 [main-68] INFO  com.sh.stt.listener.LogListener.onTestSkipped - ========com.sh.stt.testcase.index.LNIndexTest.terminalRecomListTest跳过测试========
]]></system-out>
  </testcase>
  <testcase name="serviceRecomListTest" classname="com.sh.stt.testcase.index.LNIndexTest" time="0">
    <skipped/>
    <system-out><![CDATA[2020-07-07 15:32:00.232 [main-68] INFO  com.sh.stt.listener.LogListener.onTestSkipped - ========com.sh.stt.testcase.index.LNIndexTest.serviceRecomListTest跳过测试========
]]></system-out>
  </testcase>
  <testcase name="cardRecomLeftTest" classname="com.sh.stt.testcase.index.LNIndexTest" time="0">
    <skipped/>
    <system-out><![CDATA[2020-07-07 15:32:00.236 [main-68] INFO  com.sh.stt.listener.LogListener.onTestSkipped - ========com.sh.stt.testcase.index.LNIndexTest.cardRecomLeftTest跳过测试========
]]></system-out>
  </testcase>
  <testcase name="cardRecomRightListTest" classname="com.sh.stt.testcase.index.LNIndexTest" time="0">
    <skipped/>
    <system-out><![CDATA[2020-07-07 15:32:00.241 [main-68] INFO  com.sh.stt.listener.LogListener.onTestSkipped - ========com.sh.stt.testcase.index.LNIndexTest.cardRecomRightListTest跳过测试========
]]></system-out>
  </testcase>
  <testcase name="featureListTest" classname="com.sh.stt.testcase.index.LNIndexTest" time="0">
    <skipped/>
    <system-out><![CDATA[2020-07-07 15:32:00.245 [main-68] INFO  com.sh.stt.listener.LogListener.onTestSkipped - ========com.sh.stt.testcase.index.LNIndexTest.featureListTest跳过测试========
]]></system-out>
  </testcase>
  <testcase name="afterClass" classname="com.sh.stt.testcase.index.LNIndexTest" time="10.952">
    <failure type="java.lang.NullPointerException">java.lang.NullPointerException
</failure>
    <system-out><![CDATA[2020-07-07 15:32:00.248 [main-68] INFO  com.sh.stt.listener.LogListener.onTestSkipped - ========com.sh.stt.testcase.index.LNIndexTest.featureListTest跳过测试========
]]></system-out>
  </testcase>
  <testcase name="beforeClass" classname="com.sh.stt.testcase.index.NMIndexTest" time="11.116">
    <failure type="java.lang.NullPointerException">java.lang.NullPointerException
</failure>
    <system-out><![CDATA[2020-07-07 15:32:00.268 [main-133] ERROR com.sh.stt.base.BaseDriver.startBrowser - chrome浏览器启动失败！
]]></system-out>
    <system-err><![CDATA[java.lang.IllegalStateException: The driver executable does not exist: D:\IDEA\wap-selenium\target\test-classes\driver\driver\chromedriver.exe
	at com.google.common.base.Preconditions.checkState(Preconditions.java:585)
	at org.openqa.selenium.remote.service.DriverService.checkExecutable(DriverService.java:146)
	at org.openqa.selenium.remote.service.DriverService.findExecutable(DriverService.java:141)
	at org.openqa.selenium.chrome.ChromeDriverService.access$000(ChromeDriverService.java:35)
	at org.openqa.selenium.chrome.ChromeDriverService$Builder.findDefaultExecutable(ChromeDriverService.java:159)
	at org.openqa.selenium.remote.service.DriverService$Builder.build(DriverService.java:355)
	at org.openqa.selenium.chrome.ChromeDriverService.createDefaultService(ChromeDriverService.java:94)
	at org.openqa.selenium.chrome.ChromeDriver.<init>(ChromeDriver.java:157)
	at com.sh.stt.base.BaseDriver.startBrowser(BaseDriver.java:130)
	at com.sh.stt.base.BaseTest.beforeClass(BaseTest.java:60)
	at sun.reflect.GeneratedMethodAccessor33.invoke(Unknown Source)
	at sun.reflect.DelegatingMethodAccessorImpl.invoke(DelegatingMethodAccessorImpl.java:43)
	at java.lang.reflect.Method.invoke(Method.java:498)
	at org.testng.internal.MethodInvocationHelper.invokeMethod(MethodInvocationHelper.java:124)
	at org.testng.internal.MethodInvocationHelper.invokeMethodConsideringTimeout(MethodInvocationHelper.java:59)
	at org.testng.internal.Invoker.invokeConfigurationMethod(Invoker.java:458)
	at org.testng.internal.Invoker.invokeConfigurations(Invoker.java:222)
	at org.testng.internal.Invoker.invokeConfigurations(Invoker.java:142)
	at org.testng.internal.TestMethodWorker.invokeBeforeClassMethods(TestMethodWorker.java:168)
	at org.testng.internal.TestMethodWorker.run(TestMethodWorker.java:105)
	at org.testng.TestRunner.privateRun(TestRunner.java:648)
	at org.testng.TestRunner.run(TestRunner.java:505)
	at org.testng.SuiteRunner.runTest(SuiteRunner.java:455)
	at org.testng.SuiteRunner.runSequentially(SuiteRunner.java:450)
	at org.testng.SuiteRunner.privateRun(SuiteRunner.java:415)
	at org.testng.SuiteRunner.run(SuiteRunner.java:364)
	at org.testng.SuiteRunnerWorker.runSuite(SuiteRunnerWorker.java:52)
	at org.testng.SuiteRunnerWorker.run(SuiteRunnerWorker.java:84)
	at org.testng.TestNG.runSuitesSequentially(TestNG.java:1208)
	at org.testng.TestNG.runSuitesSequentially(TestNG.java:1204)
	at org.testng.TestNG.runSuitesLocally(TestNG.java:1137)
	at org.testng.TestNG.runSuites(TestNG.java:1049)
	at org.testng.TestNG.run(TestNG.java:1017)
	at org.apache.maven.surefire.testng.TestNGExecutor.run(TestNGExecutor.java:283)
	at org.apache.maven.surefire.testng.TestNGXmlTestSuite.execute(TestNGXmlTestSuite.java:75)
	at org.apache.maven.surefire.testng.TestNGProvider.invoke(TestNGProvider.java:120)
	at org.apache.maven.surefire.booter.ForkedBooter.invokeProviderInSameClassLoader(ForkedBooter.java:384)
	at org.apache.maven.surefire.booter.ForkedBooter.runSuitesInProcess(ForkedBooter.java:345)
	at org.apache.maven.surefire.booter.ForkedBooter.execute(ForkedBooter.java:126)
	at org.apache.maven.surefire.booter.ForkedBooter.main(ForkedBooter.java:418)
]]></system-err>
  </testcase>
  <testcase name="beforeMethod" classname="com.sh.stt.testcase.index.NMIndexTest" time="0">
    <skipped/>
  </testcase>
  <testcase name="beforeMethod" classname="com.sh.stt.testcase.index.NMIndexTest" time="0">
    <skipped/>
    <system-out><![CDATA[2020-07-07 15:32:00.275 [main-68] INFO  com.sh.stt.listener.LogListener.onTestSkipped - ========com.sh.stt.testcase.index.NMIndexTest.advBannerListTest跳过测试========
]]></system-out>
  </testcase>
  <testcase name="beforeMethod" classname="com.sh.stt.testcase.index.NMIndexTest" time="0">
    <skipped/>
    <system-out><![CDATA[2020-07-07 15:32:00.278 [main-68] INFO  com.sh.stt.listener.LogListener.onTestSkipped - ========com.sh.stt.testcase.index.NMIndexTest.quickListTest跳过测试========
]]></system-out>
  </testcase>
  <testcase name="beforeMethod" classname="com.sh.stt.testcase.index.NMIndexTest" time="0">
    <skipped/>
    <system-out><![CDATA[2020-07-07 15:32:00.282 [main-68] INFO  com.sh.stt.listener.LogListener.onTestSkipped - ========com.sh.stt.testcase.index.NMIndexTest.tlAdvListTest跳过测试========
]]></system-out>
  </testcase>
  <testcase name="beforeMethod" classname="com.sh.stt.testcase.index.NMIndexTest" time="0">
    <skipped/>
    <system-out><![CDATA[2020-07-07 15:32:00.286 [main-68] INFO  com.sh.stt.listener.LogListener.onTestSkipped - ========com.sh.stt.testcase.index.NMIndexTest.familyShareListTest跳过测试========
]]></system-out>
  </testcase>
  <testcase name="beforeMethod" classname="com.sh.stt.testcase.index.NMIndexTest" time="0">
    <skipped/>
    <system-out><![CDATA[2020-07-07 15:32:00.290 [main-68] INFO  com.sh.stt.listener.LogListener.onTestSkipped - ========com.sh.stt.testcase.index.NMIndexTest.terminalRecomListTest跳过测试========
]]></system-out>
  </testcase>
  <testcase name="beforeMethod" classname="com.sh.stt.testcase.index.NMIndexTest" time="0">
    <skipped/>
    <system-out><![CDATA[2020-07-07 15:32:00.294 [main-68] INFO  com.sh.stt.listener.LogListener.onTestSkipped - ========com.sh.stt.testcase.index.NMIndexTest.serviceRecomListTest跳过测试========
]]></system-out>
  </testcase>
  <testcase name="beforeMethod" classname="com.sh.stt.testcase.index.NMIndexTest" time="0">
    <skipped/>
    <system-out><![CDATA[2020-07-07 15:32:00.297 [main-68] INFO  com.sh.stt.listener.LogListener.onTestSkipped - ========com.sh.stt.testcase.index.NMIndexTest.cardRecomLeftTest跳过测试========
]]></system-out>
  </testcase>
  <testcase name="beforeMethod" classname="com.sh.stt.testcase.index.NMIndexTest" time="0">
    <skipped/>
    <system-out><![CDATA[2020-07-07 15:32:00.303 [main-68] INFO  com.sh.stt.listener.LogListener.onTestSkipped - ========com.sh.stt.testcase.index.NMIndexTest.cardRecomRightListTest跳过测试========
]]></system-out>
  </testcase>
  <testcase name="advBannerListTest" classname="com.sh.stt.testcase.index.NMIndexTest" time="0">
    <skipped/>
    <system-out><![CDATA[2020-07-07 15:32:00.272 [main-68] INFO  com.sh.stt.listener.LogListener.onTestSkipped - ========com.sh.stt.testcase.index.NMIndexTest.advBannerListTest跳过测试========
]]></system-out>
  </testcase>
  <testcase name="quickListTest" classname="com.sh.stt.testcase.index.NMIndexTest" time="0">
    <skipped/>
    <system-out><![CDATA[2020-07-07 15:32:00.275 [main-68] INFO  com.sh.stt.listener.LogListener.onTestSkipped - ========com.sh.stt.testcase.index.NMIndexTest.quickListTest跳过测试========
]]></system-out>
  </testcase>
  <testcase name="tlAdvListTest" classname="com.sh.stt.testcase.index.NMIndexTest" time="0">
    <skipped/>
    <system-out><![CDATA[2020-07-07 15:32:00.278 [main-68] INFO  com.sh.stt.listener.LogListener.onTestSkipped - ========com.sh.stt.testcase.index.NMIndexTest.tlAdvListTest跳过测试========
]]></system-out>
  </testcase>
  <testcase name="familyShareListTest" classname="com.sh.stt.testcase.index.NMIndexTest" time="0">
    <skipped/>
    <system-out><![CDATA[2020-07-07 15:32:00.283 [main-68] INFO  com.sh.stt.listener.LogListener.onTestSkipped - ========com.sh.stt.testcase.index.NMIndexTest.familyShareListTest跳过测试========
]]></system-out>
  </testcase>
  <testcase name="terminalRecomListTest" classname="com.sh.stt.testcase.index.NMIndexTest" time="0">
    <skipped/>
    <system-out><![CDATA[2020-07-07 15:32:00.287 [main-68] INFO  com.sh.stt.listener.LogListener.onTestSkipped - ========com.sh.stt.testcase.index.NMIndexTest.terminalRecomListTest跳过测试========
]]></system-out>
  </testcase>
  <testcase name="serviceRecomListTest" classname="com.sh.stt.testcase.index.NMIndexTest" time="0">
    <skipped/>
    <system-out><![CDATA[2020-07-07 15:32:00.291 [main-68] INFO  com.sh.stt.listener.LogListener.onTestSkipped - ========com.sh.stt.testcase.index.NMIndexTest.serviceRecomListTest跳过测试========
]]></system-out>
  </testcase>
  <testcase name="cardRecomLeftTest" classname="com.sh.stt.testcase.index.NMIndexTest" time="0">
    <skipped/>
    <system-out><![CDATA[2020-07-07 15:32:00.294 [main-68] INFO  com.sh.stt.listener.LogListener.onTestSkipped - ========com.sh.stt.testcase.index.NMIndexTest.cardRecomLeftTest跳过测试========
]]></system-out>
  </testcase>
  <testcase name="cardRecomRightListTest" classname="com.sh.stt.testcase.index.NMIndexTest" time="0">
    <skipped/>
    <system-out><![CDATA[2020-07-07 15:32:00.298 [main-68] INFO  com.sh.stt.listener.LogListener.onTestSkipped - ========com.sh.stt.testcase.index.NMIndexTest.cardRecomRightListTest跳过测试========
]]></system-out>
  </testcase>
  <testcase name="featureListTest" classname="com.sh.stt.testcase.index.NMIndexTest" time="0">
    <skipped/>
    <system-out><![CDATA[2020-07-07 15:32:00.304 [main-68] INFO  com.sh.stt.listener.LogListener.onTestSkipped - ========com.sh.stt.testcase.index.NMIndexTest.featureListTest跳过测试========
]]></system-out>
  </testcase>
  <testcase name="afterClass" classname="com.sh.stt.testcase.index.NMIndexTest" time="11.253">
    <failure type="java.lang.NullPointerException">java.lang.NullPointerException
</failure>
    <system-out><![CDATA[2020-07-07 15:32:00.306 [main-68] INFO  com.sh.stt.listener.LogListener.onTestSkipped - ========com.sh.stt.testcase.index.NMIndexTest.featureListTest跳过测试========
]]></system-out>
  </testcase>
  <testcase name="beforeClass" classname="com.sh.stt.testcase.index.NXIndexTest" time="11.418">
    <failure type="java.lang.NullPointerException">java.lang.NullPointerException
</failure>
    <system-out><![CDATA[2020-07-07 15:32:00.325 [main-133] ERROR com.sh.stt.base.BaseDriver.startBrowser - chrome浏览器启动失败！
]]></system-out>
    <system-err><![CDATA[java.lang.IllegalStateException: The driver executable does not exist: D:\IDEA\wap-selenium\target\test-classes\driver\driver\chromedriver.exe
	at com.google.common.base.Preconditions.checkState(Preconditions.java:585)
	at org.openqa.selenium.remote.service.DriverService.checkExecutable(DriverService.java:146)
	at org.openqa.selenium.remote.service.DriverService.findExecutable(DriverService.java:141)
	at org.openqa.selenium.chrome.ChromeDriverService.access$000(ChromeDriverService.java:35)
	at org.openqa.selenium.chrome.ChromeDriverService$Builder.findDefaultExecutable(ChromeDriverService.java:159)
	at org.openqa.selenium.remote.service.DriverService$Builder.build(DriverService.java:355)
	at org.openqa.selenium.chrome.ChromeDriverService.createDefaultService(ChromeDriverService.java:94)
	at org.openqa.selenium.chrome.ChromeDriver.<init>(ChromeDriver.java:157)
	at com.sh.stt.base.BaseDriver.startBrowser(BaseDriver.java:130)
	at com.sh.stt.base.BaseTest.beforeClass(BaseTest.java:60)
	at sun.reflect.GeneratedMethodAccessor33.invoke(Unknown Source)
	at sun.reflect.DelegatingMethodAccessorImpl.invoke(DelegatingMethodAccessorImpl.java:43)
	at java.lang.reflect.Method.invoke(Method.java:498)
	at org.testng.internal.MethodInvocationHelper.invokeMethod(MethodInvocationHelper.java:124)
	at org.testng.internal.MethodInvocationHelper.invokeMethodConsideringTimeout(MethodInvocationHelper.java:59)
	at org.testng.internal.Invoker.invokeConfigurationMethod(Invoker.java:458)
	at org.testng.internal.Invoker.invokeConfigurations(Invoker.java:222)
	at org.testng.internal.Invoker.invokeConfigurations(Invoker.java:142)
	at org.testng.internal.TestMethodWorker.invokeBeforeClassMethods(TestMethodWorker.java:168)
	at org.testng.internal.TestMethodWorker.run(TestMethodWorker.java:105)
	at org.testng.TestRunner.privateRun(TestRunner.java:648)
	at org.testng.TestRunner.run(TestRunner.java:505)
	at org.testng.SuiteRunner.runTest(SuiteRunner.java:455)
	at org.testng.SuiteRunner.runSequentially(SuiteRunner.java:450)
	at org.testng.SuiteRunner.privateRun(SuiteRunner.java:415)
	at org.testng.SuiteRunner.run(SuiteRunner.java:364)
	at org.testng.SuiteRunnerWorker.runSuite(SuiteRunnerWorker.java:52)
	at org.testng.SuiteRunnerWorker.run(SuiteRunnerWorker.java:84)
	at org.testng.TestNG.runSuitesSequentially(TestNG.java:1208)
	at org.testng.TestNG.runSuitesSequentially(TestNG.java:1204)
	at org.testng.TestNG.runSuitesLocally(TestNG.java:1137)
	at org.testng.TestNG.runSuites(TestNG.java:1049)
	at org.testng.TestNG.run(TestNG.java:1017)
	at org.apache.maven.surefire.testng.TestNGExecutor.run(TestNGExecutor.java:283)
	at org.apache.maven.surefire.testng.TestNGXmlTestSuite.execute(TestNGXmlTestSuite.java:75)
	at org.apache.maven.surefire.testng.TestNGProvider.invoke(TestNGProvider.java:120)
	at org.apache.maven.surefire.booter.ForkedBooter.invokeProviderInSameClassLoader(ForkedBooter.java:384)
	at org.apache.maven.surefire.booter.ForkedBooter.runSuitesInProcess(ForkedBooter.java:345)
	at org.apache.maven.surefire.booter.ForkedBooter.execute(ForkedBooter.java:126)
	at org.apache.maven.surefire.booter.ForkedBooter.main(ForkedBooter.java:418)
]]></system-err>
  </testcase>
  <testcase name="beforeMethod" classname="com.sh.stt.testcase.index.NXIndexTest" time="0">
    <skipped/>
  </testcase>
  <testcase name="beforeMethod" classname="com.sh.stt.testcase.index.NXIndexTest" time="0">
    <skipped/>
    <system-out><![CDATA[2020-07-07 15:32:00.333 [main-68] INFO  com.sh.stt.listener.LogListener.onTestSkipped - ========com.sh.stt.testcase.index.NXIndexTest.advBannerListTest跳过测试========
]]></system-out>
  </testcase>
  <testcase name="beforeMethod" classname="com.sh.stt.testcase.index.NXIndexTest" time="0">
    <skipped/>
    <system-out><![CDATA[2020-07-07 15:32:00.338 [main-68] INFO  com.sh.stt.listener.LogListener.onTestSkipped - ========com.sh.stt.testcase.index.NXIndexTest.quickListTest跳过测试========
]]></system-out>
  </testcase>
  <testcase name="beforeMethod" classname="com.sh.stt.testcase.index.NXIndexTest" time="0">
    <skipped/>
    <system-out><![CDATA[2020-07-07 15:32:00.342 [main-68] INFO  com.sh.stt.listener.LogListener.onTestSkipped - ========com.sh.stt.testcase.index.NXIndexTest.tlAdvListTest跳过测试========
]]></system-out>
  </testcase>
  <testcase name="beforeMethod" classname="com.sh.stt.testcase.index.NXIndexTest" time="0">
    <skipped/>
    <system-out><![CDATA[2020-07-07 15:32:00.347 [main-68] INFO  com.sh.stt.listener.LogListener.onTestSkipped - ========com.sh.stt.testcase.index.NXIndexTest.familyShareListTest跳过测试========
]]></system-out>
  </testcase>
  <testcase name="beforeMethod" classname="com.sh.stt.testcase.index.NXIndexTest" time="0">
    <skipped/>
    <system-out><![CDATA[2020-07-07 15:32:00.352 [main-68] INFO  com.sh.stt.listener.LogListener.onTestSkipped - ========com.sh.stt.testcase.index.NXIndexTest.terminalRecomListTest跳过测试========
]]></system-out>
  </testcase>
  <testcase name="beforeMethod" classname="com.sh.stt.testcase.index.NXIndexTest" time="0">
    <skipped/>
    <system-out><![CDATA[2020-07-07 15:32:00.356 [main-68] INFO  com.sh.stt.listener.LogListener.onTestSkipped - ========com.sh.stt.testcase.index.NXIndexTest.serviceRecomListTest跳过测试========
]]></system-out>
  </testcase>
  <testcase name="beforeMethod" classname="com.sh.stt.testcase.index.NXIndexTest" time="0">
    <skipped/>
    <system-out><![CDATA[2020-07-07 15:32:00.369 [main-68] INFO  com.sh.stt.listener.LogListener.onTestSkipped - ========com.sh.stt.testcase.index.NXIndexTest.cardRecomLeftTest跳过测试========
]]></system-out>
  </testcase>
  <testcase name="beforeMethod" classname="com.sh.stt.testcase.index.NXIndexTest" time="0">
    <skipped/>
    <system-out><![CDATA[2020-07-07 15:32:00.372 [main-68] INFO  com.sh.stt.listener.LogListener.onTestSkipped - ========com.sh.stt.testcase.index.NXIndexTest.cardRecomRightListTest跳过测试========
]]></system-out>
  </testcase>
  <testcase name="advBannerListTest" classname="com.sh.stt.testcase.index.NXIndexTest" time="0">
    <skipped/>
    <system-out><![CDATA[2020-07-07 15:32:00.329 [main-68] INFO  com.sh.stt.listener.LogListener.onTestSkipped - ========com.sh.stt.testcase.index.NXIndexTest.advBannerListTest跳过测试========
]]></system-out>
  </testcase>
  <testcase name="quickListTest" classname="com.sh.stt.testcase.index.NXIndexTest" time="0">
    <skipped/>
    <system-out><![CDATA[2020-07-07 15:32:00.334 [main-68] INFO  com.sh.stt.listener.LogListener.onTestSkipped - ========com.sh.stt.testcase.index.NXIndexTest.quickListTest跳过测试========
]]></system-out>
  </testcase>
  <testcase name="tlAdvListTest" classname="com.sh.stt.testcase.index.NXIndexTest" time="0">
    <skipped/>
    <system-out><![CDATA[2020-07-07 15:32:00.338 [main-68] INFO  com.sh.stt.listener.LogListener.onTestSkipped - ========com.sh.stt.testcase.index.NXIndexTest.tlAdvListTest跳过测试========
]]></system-out>
  </testcase>
  <testcase name="familyShareListTest" classname="com.sh.stt.testcase.index.NXIndexTest" time="0">
    <skipped/>
    <system-out><![CDATA[2020-07-07 15:32:00.343 [main-68] INFO  com.sh.stt.listener.LogListener.onTestSkipped - ========com.sh.stt.testcase.index.NXIndexTest.familyShareListTest跳过测试========
]]></system-out>
  </testcase>
  <testcase name="terminalRecomListTest" classname="com.sh.stt.testcase.index.NXIndexTest" time="0">
    <skipped/>
    <system-out><![CDATA[2020-07-07 15:32:00.348 [main-68] INFO  com.sh.stt.listener.LogListener.onTestSkipped - ========com.sh.stt.testcase.index.NXIndexTest.terminalRecomListTest跳过测试========
]]></system-out>
  </testcase>
  <testcase name="serviceRecomListTest" classname="com.sh.stt.testcase.index.NXIndexTest" time="0">
    <skipped/>
    <system-out><![CDATA[2020-07-07 15:32:00.353 [main-68] INFO  com.sh.stt.listener.LogListener.onTestSkipped - ========com.sh.stt.testcase.index.NXIndexTest.serviceRecomListTest跳过测试========
]]></system-out>
  </testcase>
  <testcase name="cardRecomLeftTest" classname="com.sh.stt.testcase.index.NXIndexTest" time="0">
    <skipped/>
    <system-out><![CDATA[2020-07-07 15:32:00.356 [main-68] INFO  com.sh.stt.listener.LogListener.onTestSkipped - ========com.sh.stt.testcase.index.NXIndexTest.cardRecomLeftTest跳过测试========
]]></system-out>
  </testcase>
  <testcase name="cardRecomRightListTest" classname="com.sh.stt.testcase.index.NXIndexTest" time="0">
    <skipped/>
    <system-out><![CDATA[2020-07-07 15:32:00.369 [main-68] INFO  com.sh.stt.listener.LogListener.onTestSkipped - ========com.sh.stt.testcase.index.NXIndexTest.cardRecomRightListTest跳过测试========
]]></system-out>
  </testcase>
  <testcase name="featureListTest" classname="com.sh.stt.testcase.index.NXIndexTest" time="0">
    <skipped/>
    <system-out><![CDATA[2020-07-07 15:32:00.373 [main-68] INFO  com.sh.stt.listener.LogListener.onTestSkipped - ========com.sh.stt.testcase.index.NXIndexTest.featureListTest跳过测试========
]]></system-out>
  </testcase>
  <testcase name="afterClass" classname="com.sh.stt.testcase.index.NXIndexTest" time="11.583">
    <failure type="java.lang.NullPointerException">java.lang.NullPointerException
</failure>
    <system-out><![CDATA[2020-07-07 15:32:00.376 [main-68] INFO  com.sh.stt.listener.LogListener.onTestSkipped - ========com.sh.stt.testcase.index.NXIndexTest.featureListTest跳过测试========
]]></system-out>
  </testcase>
  <testcase name="beforeClass" classname="com.sh.stt.testcase.index.QHIndexTest" time="11.763">
    <failure type="java.lang.NullPointerException">java.lang.NullPointerException
</failure>
    <system-out><![CDATA[2020-07-07 15:32:00.397 [main-133] ERROR com.sh.stt.base.BaseDriver.startBrowser - chrome浏览器启动失败！
]]></system-out>
    <system-err><![CDATA[java.lang.IllegalStateException: The driver executable does not exist: D:\IDEA\wap-selenium\target\test-classes\driver\driver\chromedriver.exe
	at com.google.common.base.Preconditions.checkState(Preconditions.java:585)
	at org.openqa.selenium.remote.service.DriverService.checkExecutable(DriverService.java:146)
	at org.openqa.selenium.remote.service.DriverService.findExecutable(DriverService.java:141)
	at org.openqa.selenium.chrome.ChromeDriverService.access$000(ChromeDriverService.java:35)
	at org.openqa.selenium.chrome.ChromeDriverService$Builder.findDefaultExecutable(ChromeDriverService.java:159)
	at org.openqa.selenium.remote.service.DriverService$Builder.build(DriverService.java:355)
	at org.openqa.selenium.chrome.ChromeDriverService.createDefaultService(ChromeDriverService.java:94)
	at org.openqa.selenium.chrome.ChromeDriver.<init>(ChromeDriver.java:157)
	at com.sh.stt.base.BaseDriver.startBrowser(BaseDriver.java:130)
	at com.sh.stt.base.BaseTest.beforeClass(BaseTest.java:60)
	at sun.reflect.GeneratedMethodAccessor33.invoke(Unknown Source)
	at sun.reflect.DelegatingMethodAccessorImpl.invoke(DelegatingMethodAccessorImpl.java:43)
	at java.lang.reflect.Method.invoke(Method.java:498)
	at org.testng.internal.MethodInvocationHelper.invokeMethod(MethodInvocationHelper.java:124)
	at org.testng.internal.MethodInvocationHelper.invokeMethodConsideringTimeout(MethodInvocationHelper.java:59)
	at org.testng.internal.Invoker.invokeConfigurationMethod(Invoker.java:458)
	at org.testng.internal.Invoker.invokeConfigurations(Invoker.java:222)
	at org.testng.internal.Invoker.invokeConfigurations(Invoker.java:142)
	at org.testng.internal.TestMethodWorker.invokeBeforeClassMethods(TestMethodWorker.java:168)
	at org.testng.internal.TestMethodWorker.run(TestMethodWorker.java:105)
	at org.testng.TestRunner.privateRun(TestRunner.java:648)
	at org.testng.TestRunner.run(TestRunner.java:505)
	at org.testng.SuiteRunner.runTest(SuiteRunner.java:455)
	at org.testng.SuiteRunner.runSequentially(SuiteRunner.java:450)
	at org.testng.SuiteRunner.privateRun(SuiteRunner.java:415)
	at org.testng.SuiteRunner.run(SuiteRunner.java:364)
	at org.testng.SuiteRunnerWorker.runSuite(SuiteRunnerWorker.java:52)
	at org.testng.SuiteRunnerWorker.run(SuiteRunnerWorker.java:84)
	at org.testng.TestNG.runSuitesSequentially(TestNG.java:1208)
	at org.testng.TestNG.runSuitesSequentially(TestNG.java:1204)
	at org.testng.TestNG.runSuitesLocally(TestNG.java:1137)
	at org.testng.TestNG.runSuites(TestNG.java:1049)
	at org.testng.TestNG.run(TestNG.java:1017)
	at org.apache.maven.surefire.testng.TestNGExecutor.run(TestNGExecutor.java:283)
	at org.apache.maven.surefire.testng.TestNGXmlTestSuite.execute(TestNGXmlTestSuite.java:75)
	at org.apache.maven.surefire.testng.TestNGProvider.invoke(TestNGProvider.java:120)
	at org.apache.maven.surefire.booter.ForkedBooter.invokeProviderInSameClassLoader(ForkedBooter.java:384)
	at org.apache.maven.surefire.booter.ForkedBooter.runSuitesInProcess(ForkedBooter.java:345)
	at org.apache.maven.surefire.booter.ForkedBooter.execute(ForkedBooter.java:126)
	at org.apache.maven.surefire.booter.ForkedBooter.main(ForkedBooter.java:418)
]]></system-err>
  </testcase>
  <testcase name="beforeMethod" classname="com.sh.stt.testcase.index.QHIndexTest" time="0">
    <skipped/>
  </testcase>
  <testcase name="beforeMethod" classname="com.sh.stt.testcase.index.QHIndexTest" time="0">
    <skipped/>
    <system-out><![CDATA[2020-07-07 15:32:00.405 [main-68] INFO  com.sh.stt.listener.LogListener.onTestSkipped - ========com.sh.stt.testcase.index.QHIndexTest.advBannerListTest跳过测试========
]]></system-out>
  </testcase>
  <testcase name="beforeMethod" classname="com.sh.stt.testcase.index.QHIndexTest" time="0">
    <skipped/>
    <system-out><![CDATA[2020-07-07 15:32:00.409 [main-68] INFO  com.sh.stt.listener.LogListener.onTestSkipped - ========com.sh.stt.testcase.index.QHIndexTest.quickListTest跳过测试========
]]></system-out>
  </testcase>
  <testcase name="beforeMethod" classname="com.sh.stt.testcase.index.QHIndexTest" time="0">
    <skipped/>
    <system-out><![CDATA[2020-07-07 15:32:00.412 [main-68] INFO  com.sh.stt.listener.LogListener.onTestSkipped - ========com.sh.stt.testcase.index.QHIndexTest.tlAdvListTest跳过测试========
]]></system-out>
  </testcase>
  <testcase name="beforeMethod" classname="com.sh.stt.testcase.index.QHIndexTest" time="0">
    <skipped/>
    <system-out><![CDATA[2020-07-07 15:32:00.420 [main-68] INFO  com.sh.stt.listener.LogListener.onTestSkipped - ========com.sh.stt.testcase.index.QHIndexTest.familyShareListTest跳过测试========
]]></system-out>
  </testcase>
  <testcase name="beforeMethod" classname="com.sh.stt.testcase.index.QHIndexTest" time="0">
    <skipped/>
    <system-out><![CDATA[2020-07-07 15:32:00.424 [main-68] INFO  com.sh.stt.listener.LogListener.onTestSkipped - ========com.sh.stt.testcase.index.QHIndexTest.terminalRecomListTest跳过测试========
]]></system-out>
  </testcase>
  <testcase name="beforeMethod" classname="com.sh.stt.testcase.index.QHIndexTest" time="0">
    <skipped/>
    <system-out><![CDATA[2020-07-07 15:32:00.427 [main-68] INFO  com.sh.stt.listener.LogListener.onTestSkipped - ========com.sh.stt.testcase.index.QHIndexTest.serviceRecomListTest跳过测试========
]]></system-out>
  </testcase>
  <testcase name="beforeMethod" classname="com.sh.stt.testcase.index.QHIndexTest" time="0">
    <skipped/>
    <system-out><![CDATA[2020-07-07 15:32:00.431 [main-68] INFO  com.sh.stt.listener.LogListener.onTestSkipped - ========com.sh.stt.testcase.index.QHIndexTest.cardRecomLeftTest跳过测试========
]]></system-out>
  </testcase>
  <testcase name="beforeMethod" classname="com.sh.stt.testcase.index.QHIndexTest" time="0">
    <skipped/>
    <system-out><![CDATA[2020-07-07 15:32:00.434 [main-68] INFO  com.sh.stt.listener.LogListener.onTestSkipped - ========com.sh.stt.testcase.index.QHIndexTest.cardRecomRightListTest跳过测试========
]]></system-out>
  </testcase>
  <testcase name="advBannerListTest" classname="com.sh.stt.testcase.index.QHIndexTest" time="0">
    <skipped/>
    <system-out><![CDATA[2020-07-07 15:32:00.401 [main-68] INFO  com.sh.stt.listener.LogListener.onTestSkipped - ========com.sh.stt.testcase.index.QHIndexTest.advBannerListTest跳过测试========
]]></system-out>
  </testcase>
  <testcase name="quickListTest" classname="com.sh.stt.testcase.index.QHIndexTest" time="0">
    <skipped/>
    <system-out><![CDATA[2020-07-07 15:32:00.405 [main-68] INFO  com.sh.stt.listener.LogListener.onTestSkipped - ========com.sh.stt.testcase.index.QHIndexTest.quickListTest跳过测试========
]]></system-out>
  </testcase>
  <testcase name="tlAdvListTest" classname="com.sh.stt.testcase.index.QHIndexTest" time="0">
    <skipped/>
    <system-out><![CDATA[2020-07-07 15:32:00.410 [main-68] INFO  com.sh.stt.listener.LogListener.onTestSkipped - ========com.sh.stt.testcase.index.QHIndexTest.tlAdvListTest跳过测试========
]]></system-out>
  </testcase>
  <testcase name="familyShareListTest" classname="com.sh.stt.testcase.index.QHIndexTest" time="0">
    <skipped/>
    <system-out><![CDATA[2020-07-07 15:32:00.412 [main-68] INFO  com.sh.stt.listener.LogListener.onTestSkipped - ========com.sh.stt.testcase.index.QHIndexTest.familyShareListTest跳过测试========
]]></system-out>
  </testcase>
  <testcase name="terminalRecomListTest" classname="com.sh.stt.testcase.index.QHIndexTest" time="0">
    <skipped/>
    <system-out><![CDATA[2020-07-07 15:32:00.421 [main-68] INFO  com.sh.stt.listener.LogListener.onTestSkipped - ========com.sh.stt.testcase.index.QHIndexTest.terminalRecomListTest跳过测试========
]]></system-out>
  </testcase>
  <testcase name="serviceRecomListTest" classname="com.sh.stt.testcase.index.QHIndexTest" time="0">
    <skipped/>
    <system-out><![CDATA[2020-07-07 15:32:00.424 [main-68] INFO  com.sh.stt.listener.LogListener.onTestSkipped - ========com.sh.stt.testcase.index.QHIndexTest.serviceRecomListTest跳过测试========
]]></system-out>
  </testcase>
  <testcase name="cardRecomLeftTest" classname="com.sh.stt.testcase.index.QHIndexTest" time="0">
    <skipped/>
    <system-out><![CDATA[2020-07-07 15:32:00.427 [main-68] INFO  com.sh.stt.listener.LogListener.onTestSkipped - ========com.sh.stt.testcase.index.QHIndexTest.cardRecomLeftTest跳过测试========
]]></system-out>
  </testcase>
  <testcase name="cardRecomRightListTest" classname="com.sh.stt.testcase.index.QHIndexTest" time="0">
    <skipped/>
    <system-out><![CDATA[2020-07-07 15:32:00.431 [main-68] INFO  com.sh.stt.listener.LogListener.onTestSkipped - ========com.sh.stt.testcase.index.QHIndexTest.cardRecomRightListTest跳过测试========
]]></system-out>
  </testcase>
  <testcase name="featureListTest" classname="com.sh.stt.testcase.index.QHIndexTest" time="0">
    <skipped/>
    <system-out><![CDATA[2020-07-07 15:32:00.435 [main-68] INFO  com.sh.stt.listener.LogListener.onTestSkipped - ========com.sh.stt.testcase.index.QHIndexTest.featureListTest跳过测试========
]]></system-out>
  </testcase>
  <testcase name="afterClass" classname="com.sh.stt.testcase.index.QHIndexTest" time="11.925">
    <failure type="java.lang.NullPointerException">java.lang.NullPointerException
</failure>
    <system-out><![CDATA[2020-07-07 15:32:00.438 [main-68] INFO  com.sh.stt.listener.LogListener.onTestSkipped - ========com.sh.stt.testcase.index.QHIndexTest.featureListTest跳过测试========
]]></system-out>
  </testcase>
  <testcase name="beforeClass" classname="com.sh.stt.testcase.index.SHIndexTest" time="12.106">
    <failure type="java.lang.NullPointerException">java.lang.NullPointerException
</failure>
    <system-out><![CDATA[2020-07-07 15:32:00.459 [main-133] ERROR com.sh.stt.base.BaseDriver.startBrowser - chrome浏览器启动失败！
]]></system-out>
    <system-err><![CDATA[java.lang.IllegalStateException: The driver executable does not exist: D:\IDEA\wap-selenium\target\test-classes\driver\driver\chromedriver.exe
	at com.google.common.base.Preconditions.checkState(Preconditions.java:585)
	at org.openqa.selenium.remote.service.DriverService.checkExecutable(DriverService.java:146)
	at org.openqa.selenium.remote.service.DriverService.findExecutable(DriverService.java:141)
	at org.openqa.selenium.chrome.ChromeDriverService.access$000(ChromeDriverService.java:35)
	at org.openqa.selenium.chrome.ChromeDriverService$Builder.findDefaultExecutable(ChromeDriverService.java:159)
	at org.openqa.selenium.remote.service.DriverService$Builder.build(DriverService.java:355)
	at org.openqa.selenium.chrome.ChromeDriverService.createDefaultService(ChromeDriverService.java:94)
	at org.openqa.selenium.chrome.ChromeDriver.<init>(ChromeDriver.java:157)
	at com.sh.stt.base.BaseDriver.startBrowser(BaseDriver.java:130)
	at com.sh.stt.base.BaseTest.beforeClass(BaseTest.java:60)
	at sun.reflect.GeneratedMethodAccessor33.invoke(Unknown Source)
	at sun.reflect.DelegatingMethodAccessorImpl.invoke(DelegatingMethodAccessorImpl.java:43)
	at java.lang.reflect.Method.invoke(Method.java:498)
	at org.testng.internal.MethodInvocationHelper.invokeMethod(MethodInvocationHelper.java:124)
	at org.testng.internal.MethodInvocationHelper.invokeMethodConsideringTimeout(MethodInvocationHelper.java:59)
	at org.testng.internal.Invoker.invokeConfigurationMethod(Invoker.java:458)
	at org.testng.internal.Invoker.invokeConfigurations(Invoker.java:222)
	at org.testng.internal.Invoker.invokeConfigurations(Invoker.java:142)
	at org.testng.internal.TestMethodWorker.invokeBeforeClassMethods(TestMethodWorker.java:168)
	at org.testng.internal.TestMethodWorker.run(TestMethodWorker.java:105)
	at org.testng.TestRunner.privateRun(TestRunner.java:648)
	at org.testng.TestRunner.run(TestRunner.java:505)
	at org.testng.SuiteRunner.runTest(SuiteRunner.java:455)
	at org.testng.SuiteRunner.runSequentially(SuiteRunner.java:450)
	at org.testng.SuiteRunner.privateRun(SuiteRunner.java:415)
	at org.testng.SuiteRunner.run(SuiteRunner.java:364)
	at org.testng.SuiteRunnerWorker.runSuite(SuiteRunnerWorker.java:52)
	at org.testng.SuiteRunnerWorker.run(SuiteRunnerWorker.java:84)
	at org.testng.TestNG.runSuitesSequentially(TestNG.java:1208)
	at org.testng.TestNG.runSuitesSequentially(TestNG.java:1204)
	at org.testng.TestNG.runSuitesLocally(TestNG.java:1137)
	at org.testng.TestNG.runSuites(TestNG.java:1049)
	at org.testng.TestNG.run(TestNG.java:1017)
	at org.apache.maven.surefire.testng.TestNGExecutor.run(TestNGExecutor.java:283)
	at org.apache.maven.surefire.testng.TestNGXmlTestSuite.execute(TestNGXmlTestSuite.java:75)
	at org.apache.maven.surefire.testng.TestNGProvider.invoke(TestNGProvider.java:120)
	at org.apache.maven.surefire.booter.ForkedBooter.invokeProviderInSameClassLoader(ForkedBooter.java:384)
	at org.apache.maven.surefire.booter.ForkedBooter.runSuitesInProcess(ForkedBooter.java:345)
	at org.apache.maven.surefire.booter.ForkedBooter.execute(ForkedBooter.java:126)
	at org.apache.maven.surefire.booter.ForkedBooter.main(ForkedBooter.java:418)
]]></system-err>
  </testcase>
  <testcase name="beforeMethod" classname="com.sh.stt.testcase.index.SHIndexTest" time="0">
    <skipped/>
  </testcase>
  <testcase name="beforeMethod" classname="com.sh.stt.testcase.index.SHIndexTest" time="0">
    <skipped/>
    <system-out><![CDATA[2020-07-07 15:32:00.467 [main-68] INFO  com.sh.stt.listener.LogListener.onTestSkipped - ========com.sh.stt.testcase.index.SHIndexTest.advBannerListTest跳过测试========
]]></system-out>
  </testcase>
  <testcase name="beforeMethod" classname="com.sh.stt.testcase.index.SHIndexTest" time="0">
    <skipped/>
    <system-out><![CDATA[2020-07-07 15:32:00.474 [main-68] INFO  com.sh.stt.listener.LogListener.onTestSkipped - ========com.sh.stt.testcase.index.SHIndexTest.quickListTest跳过测试========
]]></system-out>
  </testcase>
  <testcase name="beforeMethod" classname="com.sh.stt.testcase.index.SHIndexTest" time="0">
    <skipped/>
    <system-out><![CDATA[2020-07-07 15:32:00.479 [main-68] INFO  com.sh.stt.listener.LogListener.onTestSkipped - ========com.sh.stt.testcase.index.SHIndexTest.tlAdvListTest跳过测试========
]]></system-out>
  </testcase>
  <testcase name="beforeMethod" classname="com.sh.stt.testcase.index.SHIndexTest" time="0">
    <skipped/>
    <system-out><![CDATA[2020-07-07 15:32:00.483 [main-68] INFO  com.sh.stt.listener.LogListener.onTestSkipped - ========com.sh.stt.testcase.index.SHIndexTest.familyShareListTest跳过测试========
]]></system-out>
  </testcase>
  <testcase name="beforeMethod" classname="com.sh.stt.testcase.index.SHIndexTest" time="0">
    <skipped/>
    <system-out><![CDATA[2020-07-07 15:32:00.486 [main-68] INFO  com.sh.stt.listener.LogListener.onTestSkipped - ========com.sh.stt.testcase.index.SHIndexTest.terminalRecomListTest跳过测试========
]]></system-out>
  </testcase>
  <testcase name="beforeMethod" classname="com.sh.stt.testcase.index.SHIndexTest" time="0">
    <skipped/>
    <system-out><![CDATA[2020-07-07 15:32:00.489 [main-68] INFO  com.sh.stt.listener.LogListener.onTestSkipped - ========com.sh.stt.testcase.index.SHIndexTest.serviceRecomListTest跳过测试========
]]></system-out>
  </testcase>
  <testcase name="beforeMethod" classname="com.sh.stt.testcase.index.SHIndexTest" time="0">
    <skipped/>
    <system-out><![CDATA[2020-07-07 15:32:00.493 [main-68] INFO  com.sh.stt.listener.LogListener.onTestSkipped - ========com.sh.stt.testcase.index.SHIndexTest.cardRecomLeftTest跳过测试========
]]></system-out>
  </testcase>
  <testcase name="beforeMethod" classname="com.sh.stt.testcase.index.SHIndexTest" time="0">
    <skipped/>
    <system-out><![CDATA[2020-07-07 15:32:00.497 [main-68] INFO  com.sh.stt.listener.LogListener.onTestSkipped - ========com.sh.stt.testcase.index.SHIndexTest.cardRecomRightListTest跳过测试========
]]></system-out>
  </testcase>
  <testcase name="advBannerListTest" classname="com.sh.stt.testcase.index.SHIndexTest" time="0">
    <skipped/>
    <system-out><![CDATA[2020-07-07 15:32:00.463 [main-68] INFO  com.sh.stt.listener.LogListener.onTestSkipped - ========com.sh.stt.testcase.index.SHIndexTest.advBannerListTest跳过测试========
]]></system-out>
  </testcase>
  <testcase name="quickListTest" classname="com.sh.stt.testcase.index.SHIndexTest" time="0">
    <skipped/>
    <system-out><![CDATA[2020-07-07 15:32:00.467 [main-68] INFO  com.sh.stt.listener.LogListener.onTestSkipped - ========com.sh.stt.testcase.index.SHIndexTest.quickListTest跳过测试========
]]></system-out>
  </testcase>
  <testcase name="tlAdvListTest" classname="com.sh.stt.testcase.index.SHIndexTest" time="0">
    <skipped/>
    <system-out><![CDATA[2020-07-07 15:32:00.475 [main-68] INFO  com.sh.stt.listener.LogListener.onTestSkipped - ========com.sh.stt.testcase.index.SHIndexTest.tlAdvListTest跳过测试========
]]></system-out>
  </testcase>
  <testcase name="familyShareListTest" classname="com.sh.stt.testcase.index.SHIndexTest" time="0">
    <skipped/>
    <system-out><![CDATA[2020-07-07 15:32:00.479 [main-68] INFO  com.sh.stt.listener.LogListener.onTestSkipped - ========com.sh.stt.testcase.index.SHIndexTest.familyShareListTest跳过测试========
]]></system-out>
  </testcase>
  <testcase name="terminalRecomListTest" classname="com.sh.stt.testcase.index.SHIndexTest" time="0">
    <skipped/>
    <system-out><![CDATA[2020-07-07 15:32:00.483 [main-68] INFO  com.sh.stt.listener.LogListener.onTestSkipped - ========com.sh.stt.testcase.index.SHIndexTest.terminalRecomListTest跳过测试========
]]></system-out>
  </testcase>
  <testcase name="serviceRecomListTest" classname="com.sh.stt.testcase.index.SHIndexTest" time="0">
    <skipped/>
    <system-out><![CDATA[2020-07-07 15:32:00.486 [main-68] INFO  com.sh.stt.listener.LogListener.onTestSkipped - ========com.sh.stt.testcase.index.SHIndexTest.serviceRecomListTest跳过测试========
]]></system-out>
  </testcase>
  <testcase name="cardRecomLeftTest" classname="com.sh.stt.testcase.index.SHIndexTest" time="0">
    <skipped/>
    <system-out><![CDATA[2020-07-07 15:32:00.490 [main-68] INFO  com.sh.stt.listener.LogListener.onTestSkipped - ========com.sh.stt.testcase.index.SHIndexTest.cardRecomLeftTest跳过测试========
]]></system-out>
  </testcase>
  <testcase name="cardRecomRightListTest" classname="com.sh.stt.testcase.index.SHIndexTest" time="0">
    <skipped/>
    <system-out><![CDATA[2020-07-07 15:32:00.493 [main-68] INFO  com.sh.stt.listener.LogListener.onTestSkipped - ========com.sh.stt.testcase.index.SHIndexTest.cardRecomRightListTest跳过测试========
]]></system-out>
  </testcase>
  <testcase name="featureListTest" classname="com.sh.stt.testcase.index.SHIndexTest" time="0">
    <skipped/>
    <system-out><![CDATA[2020-07-07 15:32:00.498 [main-68] INFO  com.sh.stt.listener.LogListener.onTestSkipped - ========com.sh.stt.testcase.index.SHIndexTest.featureListTest跳过测试========
]]></system-out>
  </testcase>
  <testcase name="afterClass" classname="com.sh.stt.testcase.index.SHIndexTest" time="12.241">
    <failure type="java.lang.NullPointerException">java.lang.NullPointerException
</failure>
    <system-out><![CDATA[2020-07-07 15:32:00.502 [main-68] INFO  com.sh.stt.listener.LogListener.onTestSkipped - ========com.sh.stt.testcase.index.SHIndexTest.featureListTest跳过测试========
]]></system-out>
  </testcase>
  <testcase name="beforeClass" classname="com.sh.stt.testcase.index.SCIndexTest" time="12.405">
    <failure type="java.lang.NullPointerException">java.lang.NullPointerException
</failure>
    <system-out><![CDATA[2020-07-07 15:32:00.520 [main-133] ERROR com.sh.stt.base.BaseDriver.startBrowser - chrome浏览器启动失败！
]]></system-out>
    <system-err><![CDATA[java.lang.IllegalStateException: The driver executable does not exist: D:\IDEA\wap-selenium\target\test-classes\driver\driver\chromedriver.exe
	at com.google.common.base.Preconditions.checkState(Preconditions.java:585)
	at org.openqa.selenium.remote.service.DriverService.checkExecutable(DriverService.java:146)
	at org.openqa.selenium.remote.service.DriverService.findExecutable(DriverService.java:141)
	at org.openqa.selenium.chrome.ChromeDriverService.access$000(ChromeDriverService.java:35)
	at org.openqa.selenium.chrome.ChromeDriverService$Builder.findDefaultExecutable(ChromeDriverService.java:159)
	at org.openqa.selenium.remote.service.DriverService$Builder.build(DriverService.java:355)
	at org.openqa.selenium.chrome.ChromeDriverService.createDefaultService(ChromeDriverService.java:94)
	at org.openqa.selenium.chrome.ChromeDriver.<init>(ChromeDriver.java:157)
	at com.sh.stt.base.BaseDriver.startBrowser(BaseDriver.java:130)
	at com.sh.stt.base.BaseTest.beforeClass(BaseTest.java:60)
	at sun.reflect.GeneratedMethodAccessor33.invoke(Unknown Source)
	at sun.reflect.DelegatingMethodAccessorImpl.invoke(DelegatingMethodAccessorImpl.java:43)
	at java.lang.reflect.Method.invoke(Method.java:498)
	at org.testng.internal.MethodInvocationHelper.invokeMethod(MethodInvocationHelper.java:124)
	at org.testng.internal.MethodInvocationHelper.invokeMethodConsideringTimeout(MethodInvocationHelper.java:59)
	at org.testng.internal.Invoker.invokeConfigurationMethod(Invoker.java:458)
	at org.testng.internal.Invoker.invokeConfigurations(Invoker.java:222)
	at org.testng.internal.Invoker.invokeConfigurations(Invoker.java:142)
	at org.testng.internal.TestMethodWorker.invokeBeforeClassMethods(TestMethodWorker.java:168)
	at org.testng.internal.TestMethodWorker.run(TestMethodWorker.java:105)
	at org.testng.TestRunner.privateRun(TestRunner.java:648)
	at org.testng.TestRunner.run(TestRunner.java:505)
	at org.testng.SuiteRunner.runTest(SuiteRunner.java:455)
	at org.testng.SuiteRunner.runSequentially(SuiteRunner.java:450)
	at org.testng.SuiteRunner.privateRun(SuiteRunner.java:415)
	at org.testng.SuiteRunner.run(SuiteRunner.java:364)
	at org.testng.SuiteRunnerWorker.runSuite(SuiteRunnerWorker.java:52)
	at org.testng.SuiteRunnerWorker.run(SuiteRunnerWorker.java:84)
	at org.testng.TestNG.runSuitesSequentially(TestNG.java:1208)
	at org.testng.TestNG.runSuitesSequentially(TestNG.java:1204)
	at org.testng.TestNG.runSuitesLocally(TestNG.java:1137)
	at org.testng.TestNG.runSuites(TestNG.java:1049)
	at org.testng.TestNG.run(TestNG.java:1017)
	at org.apache.maven.surefire.testng.TestNGExecutor.run(TestNGExecutor.java:283)
	at org.apache.maven.surefire.testng.TestNGXmlTestSuite.execute(TestNGXmlTestSuite.java:75)
	at org.apache.maven.surefire.testng.TestNGProvider.invoke(TestNGProvider.java:120)
	at org.apache.maven.surefire.booter.ForkedBooter.invokeProviderInSameClassLoader(ForkedBooter.java:384)
	at org.apache.maven.surefire.booter.ForkedBooter.runSuitesInProcess(ForkedBooter.java:345)
	at org.apache.maven.surefire.booter.ForkedBooter.execute(ForkedBooter.java:126)
	at org.apache.maven.surefire.booter.ForkedBooter.main(ForkedBooter.java:418)
]]></system-err>
  </testcase>
  <testcase name="beforeMethod" classname="com.sh.stt.testcase.index.SCIndexTest" time="0">
    <skipped/>
  </testcase>
  <testcase name="beforeMethod" classname="com.sh.stt.testcase.index.SCIndexTest" time="0">
    <skipped/>
    <system-out><![CDATA[2020-07-07 15:32:00.526 [main-68] INFO  com.sh.stt.listener.LogListener.onTestSkipped - ========com.sh.stt.testcase.index.SCIndexTest.advBannerListTest跳过测试========
]]></system-out>
  </testcase>
  <testcase name="beforeMethod" classname="com.sh.stt.testcase.index.SCIndexTest" time="0">
    <skipped/>
    <system-out><![CDATA[2020-07-07 15:32:00.535 [main-68] INFO  com.sh.stt.listener.LogListener.onTestSkipped - ========com.sh.stt.testcase.index.SCIndexTest.quickListTest跳过测试========
]]></system-out>
  </testcase>
  <testcase name="beforeMethod" classname="com.sh.stt.testcase.index.SCIndexTest" time="0">
    <skipped/>
    <system-out><![CDATA[2020-07-07 15:32:00.539 [main-68] INFO  com.sh.stt.listener.LogListener.onTestSkipped - ========com.sh.stt.testcase.index.SCIndexTest.tlAdvListTest跳过测试========
]]></system-out>
  </testcase>
  <testcase name="beforeMethod" classname="com.sh.stt.testcase.index.SCIndexTest" time="0">
    <skipped/>
    <system-out><![CDATA[2020-07-07 15:32:00.543 [main-68] INFO  com.sh.stt.listener.LogListener.onTestSkipped - ========com.sh.stt.testcase.index.SCIndexTest.familyShareListTest跳过测试========
]]></system-out>
  </testcase>
  <testcase name="beforeMethod" classname="com.sh.stt.testcase.index.SCIndexTest" time="0">
    <skipped/>
    <system-out><![CDATA[2020-07-07 15:32:00.547 [main-68] INFO  com.sh.stt.listener.LogListener.onTestSkipped - ========com.sh.stt.testcase.index.SCIndexTest.terminalRecomListTest跳过测试========
]]></system-out>
  </testcase>
  <testcase name="beforeMethod" classname="com.sh.stt.testcase.index.SCIndexTest" time="0">
    <skipped/>
    <system-out><![CDATA[2020-07-07 15:32:00.550 [main-68] INFO  com.sh.stt.listener.LogListener.onTestSkipped - ========com.sh.stt.testcase.index.SCIndexTest.serviceRecomListTest跳过测试========
]]></system-out>
  </testcase>
  <testcase name="beforeMethod" classname="com.sh.stt.testcase.index.SCIndexTest" time="0">
    <skipped/>
    <system-out><![CDATA[2020-07-07 15:32:00.554 [main-68] INFO  com.sh.stt.listener.LogListener.onTestSkipped - ========com.sh.stt.testcase.index.SCIndexTest.cardRecomLeftTest跳过测试========
]]></system-out>
  </testcase>
  <testcase name="beforeMethod" classname="com.sh.stt.testcase.index.SCIndexTest" time="0">
    <skipped/>
    <system-out><![CDATA[2020-07-07 15:32:00.557 [main-68] INFO  com.sh.stt.listener.LogListener.onTestSkipped - ========com.sh.stt.testcase.index.SCIndexTest.cardRecomRightListTest跳过测试========
]]></system-out>
  </testcase>
  <testcase name="advBannerListTest" classname="com.sh.stt.testcase.index.SCIndexTest" time="0">
    <skipped/>
    <system-out><![CDATA[2020-07-07 15:32:00.523 [main-68] INFO  com.sh.stt.listener.LogListener.onTestSkipped - ========com.sh.stt.testcase.index.SCIndexTest.advBannerListTest跳过测试========
]]></system-out>
  </testcase>
  <testcase name="quickListTest" classname="com.sh.stt.testcase.index.SCIndexTest" time="0">
    <skipped/>
    <system-out><![CDATA[2020-07-07 15:32:00.527 [main-68] INFO  com.sh.stt.listener.LogListener.onTestSkipped - ========com.sh.stt.testcase.index.SCIndexTest.quickListTest跳过测试========
]]></system-out>
  </testcase>
  <testcase name="tlAdvListTest" classname="com.sh.stt.testcase.index.SCIndexTest" time="0">
    <skipped/>
    <system-out><![CDATA[2020-07-07 15:32:00.536 [main-68] INFO  com.sh.stt.listener.LogListener.onTestSkipped - ========com.sh.stt.testcase.index.SCIndexTest.tlAdvListTest跳过测试========
]]></system-out>
  </testcase>
  <testcase name="familyShareListTest" classname="com.sh.stt.testcase.index.SCIndexTest" time="0">
    <skipped/>
    <system-out><![CDATA[2020-07-07 15:32:00.540 [main-68] INFO  com.sh.stt.listener.LogListener.onTestSkipped - ========com.sh.stt.testcase.index.SCIndexTest.familyShareListTest跳过测试========
]]></system-out>
  </testcase>
  <testcase name="terminalRecomListTest" classname="com.sh.stt.testcase.index.SCIndexTest" time="0">
    <skipped/>
    <system-out><![CDATA[2020-07-07 15:32:00.544 [main-68] INFO  com.sh.stt.listener.LogListener.onTestSkipped - ========com.sh.stt.testcase.index.SCIndexTest.terminalRecomListTest跳过测试========
]]></system-out>
  </testcase>
  <testcase name="serviceRecomListTest" classname="com.sh.stt.testcase.index.SCIndexTest" time="0">
    <skipped/>
    <system-out><![CDATA[2020-07-07 15:32:00.547 [main-68] INFO  com.sh.stt.listener.LogListener.onTestSkipped - ========com.sh.stt.testcase.index.SCIndexTest.serviceRecomListTest跳过测试========
]]></system-out>
  </testcase>
  <testcase name="cardRecomLeftTest" classname="com.sh.stt.testcase.index.SCIndexTest" time="0">
    <skipped/>
    <system-out><![CDATA[2020-07-07 15:32:00.551 [main-68] INFO  com.sh.stt.listener.LogListener.onTestSkipped - ========com.sh.stt.testcase.index.SCIndexTest.cardRecomLeftTest跳过测试========
]]></system-out>
  </testcase>
  <testcase name="cardRecomRightListTest" classname="com.sh.stt.testcase.index.SCIndexTest" time="0">
    <skipped/>
    <system-out><![CDATA[2020-07-07 15:32:00.554 [main-68] INFO  com.sh.stt.listener.LogListener.onTestSkipped - ========com.sh.stt.testcase.index.SCIndexTest.cardRecomRightListTest跳过测试========
]]></system-out>
  </testcase>
  <testcase name="featureListTest" classname="com.sh.stt.testcase.index.SCIndexTest" time="0">
    <skipped/>
    <system-out><![CDATA[2020-07-07 15:32:00.558 [main-68] INFO  com.sh.stt.listener.LogListener.onTestSkipped - ========com.sh.stt.testcase.index.SCIndexTest.featureListTest跳过测试========
]]></system-out>
  </testcase>
  <testcase name="afterClass" classname="com.sh.stt.testcase.index.SCIndexTest" time="12.56">
    <failure type="java.lang.NullPointerException">java.lang.NullPointerException
</failure>
    <system-out><![CDATA[2020-07-07 15:32:00.561 [main-68] INFO  com.sh.stt.listener.LogListener.onTestSkipped - ========com.sh.stt.testcase.index.SCIndexTest.featureListTest跳过测试========
]]></system-out>
  </testcase>
  <testcase name="beforeClass" classname="com.sh.stt.testcase.index.SDIndexTest" time="12.75">
    <failure type="java.lang.NullPointerException">java.lang.NullPointerException
</failure>
    <system-out><![CDATA[2020-07-07 15:32:00.581 [main-133] ERROR com.sh.stt.base.BaseDriver.startBrowser - chrome浏览器启动失败！
]]></system-out>
    <system-err><![CDATA[java.lang.IllegalStateException: The driver executable does not exist: D:\IDEA\wap-selenium\target\test-classes\driver\driver\chromedriver.exe
	at com.google.common.base.Preconditions.checkState(Preconditions.java:585)
	at org.openqa.selenium.remote.service.DriverService.checkExecutable(DriverService.java:146)
	at org.openqa.selenium.remote.service.DriverService.findExecutable(DriverService.java:141)
	at org.openqa.selenium.chrome.ChromeDriverService.access$000(ChromeDriverService.java:35)
	at org.openqa.selenium.chrome.ChromeDriverService$Builder.findDefaultExecutable(ChromeDriverService.java:159)
	at org.openqa.selenium.remote.service.DriverService$Builder.build(DriverService.java:355)
	at org.openqa.selenium.chrome.ChromeDriverService.createDefaultService(ChromeDriverService.java:94)
	at org.openqa.selenium.chrome.ChromeDriver.<init>(ChromeDriver.java:157)
	at com.sh.stt.base.BaseDriver.startBrowser(BaseDriver.java:130)
	at com.sh.stt.base.BaseTest.beforeClass(BaseTest.java:60)
	at sun.reflect.GeneratedMethodAccessor33.invoke(Unknown Source)
	at sun.reflect.DelegatingMethodAccessorImpl.invoke(DelegatingMethodAccessorImpl.java:43)
	at java.lang.reflect.Method.invoke(Method.java:498)
	at org.testng.internal.MethodInvocationHelper.invokeMethod(MethodInvocationHelper.java:124)
	at org.testng.internal.MethodInvocationHelper.invokeMethodConsideringTimeout(MethodInvocationHelper.java:59)
	at org.testng.internal.Invoker.invokeConfigurationMethod(Invoker.java:458)
	at org.testng.internal.Invoker.invokeConfigurations(Invoker.java:222)
	at org.testng.internal.Invoker.invokeConfigurations(Invoker.java:142)
	at org.testng.internal.TestMethodWorker.invokeBeforeClassMethods(TestMethodWorker.java:168)
	at org.testng.internal.TestMethodWorker.run(TestMethodWorker.java:105)
	at org.testng.TestRunner.privateRun(TestRunner.java:648)
	at org.testng.TestRunner.run(TestRunner.java:505)
	at org.testng.SuiteRunner.runTest(SuiteRunner.java:455)
	at org.testng.SuiteRunner.runSequentially(SuiteRunner.java:450)
	at org.testng.SuiteRunner.privateRun(SuiteRunner.java:415)
	at org.testng.SuiteRunner.run(SuiteRunner.java:364)
	at org.testng.SuiteRunnerWorker.runSuite(SuiteRunnerWorker.java:52)
	at org.testng.SuiteRunnerWorker.run(SuiteRunnerWorker.java:84)
	at org.testng.TestNG.runSuitesSequentially(TestNG.java:1208)
	at org.testng.TestNG.runSuitesSequentially(TestNG.java:1204)
	at org.testng.TestNG.runSuitesLocally(TestNG.java:1137)
	at org.testng.TestNG.runSuites(TestNG.java:1049)
	at org.testng.TestNG.run(TestNG.java:1017)
	at org.apache.maven.surefire.testng.TestNGExecutor.run(TestNGExecutor.java:283)
	at org.apache.maven.surefire.testng.TestNGXmlTestSuite.execute(TestNGXmlTestSuite.java:75)
	at org.apache.maven.surefire.testng.TestNGProvider.invoke(TestNGProvider.java:120)
	at org.apache.maven.surefire.booter.ForkedBooter.invokeProviderInSameClassLoader(ForkedBooter.java:384)
	at org.apache.maven.surefire.booter.ForkedBooter.runSuitesInProcess(ForkedBooter.java:345)
	at org.apache.maven.surefire.booter.ForkedBooter.execute(ForkedBooter.java:126)
	at org.apache.maven.surefire.booter.ForkedBooter.main(ForkedBooter.java:418)
]]></system-err>
  </testcase>
  <testcase name="beforeMethod" classname="com.sh.stt.testcase.index.SDIndexTest" time="0">
    <skipped/>
  </testcase>
  <testcase name="beforeMethod" classname="com.sh.stt.testcase.index.SDIndexTest" time="0">
    <skipped/>
    <system-out><![CDATA[2020-07-07 15:32:00.588 [main-68] INFO  com.sh.stt.listener.LogListener.onTestSkipped - ========com.sh.stt.testcase.index.SDIndexTest.advBannerListTest跳过测试========
]]></system-out>
  </testcase>
  <testcase name="beforeMethod" classname="com.sh.stt.testcase.index.SDIndexTest" time="0">
    <skipped/>
    <system-out><![CDATA[2020-07-07 15:32:00.592 [main-68] INFO  com.sh.stt.listener.LogListener.onTestSkipped - ========com.sh.stt.testcase.index.SDIndexTest.quickListTest跳过测试========
]]></system-out>
  </testcase>
  <testcase name="beforeMethod" classname="com.sh.stt.testcase.index.SDIndexTest" time="0">
    <skipped/>
    <system-out><![CDATA[2020-07-07 15:32:00.597 [main-68] INFO  com.sh.stt.listener.LogListener.onTestSkipped - ========com.sh.stt.testcase.index.SDIndexTest.tlAdvListTest跳过测试========
]]></system-out>
  </testcase>
  <testcase name="beforeMethod" classname="com.sh.stt.testcase.index.SDIndexTest" time="0">
    <skipped/>
    <system-out><![CDATA[2020-07-07 15:32:00.602 [main-68] INFO  com.sh.stt.listener.LogListener.onTestSkipped - ========com.sh.stt.testcase.index.SDIndexTest.familyShareListTest跳过测试========
]]></system-out>
  </testcase>
  <testcase name="beforeMethod" classname="com.sh.stt.testcase.index.SDIndexTest" time="0">
    <skipped/>
    <system-out><![CDATA[2020-07-07 15:32:00.606 [main-68] INFO  com.sh.stt.listener.LogListener.onTestSkipped - ========com.sh.stt.testcase.index.SDIndexTest.terminalRecomListTest跳过测试========
]]></system-out>
  </testcase>
  <testcase name="beforeMethod" classname="com.sh.stt.testcase.index.SDIndexTest" time="0">
    <skipped/>
    <system-out><![CDATA[2020-07-07 15:32:00.610 [main-68] INFO  com.sh.stt.listener.LogListener.onTestSkipped - ========com.sh.stt.testcase.index.SDIndexTest.serviceRecomListTest跳过测试========
]]></system-out>
  </testcase>
  <testcase name="beforeMethod" classname="com.sh.stt.testcase.index.SDIndexTest" time="0">
    <skipped/>
    <system-out><![CDATA[2020-07-07 15:32:00.614 [main-68] INFO  com.sh.stt.listener.LogListener.onTestSkipped - ========com.sh.stt.testcase.index.SDIndexTest.cardRecomLeftTest跳过测试========
]]></system-out>
  </testcase>
  <testcase name="beforeMethod" classname="com.sh.stt.testcase.index.SDIndexTest" time="0">
    <skipped/>
    <system-out><![CDATA[2020-07-07 15:32:00.619 [main-68] INFO  com.sh.stt.listener.LogListener.onTestSkipped - ========com.sh.stt.testcase.index.SDIndexTest.cardRecomRightListTest跳过测试========
]]></system-out>
  </testcase>
  <testcase name="advBannerListTest" classname="com.sh.stt.testcase.index.SDIndexTest" time="0">
    <skipped/>
    <system-out><![CDATA[2020-07-07 15:32:00.584 [main-68] INFO  com.sh.stt.listener.LogListener.onTestSkipped - ========com.sh.stt.testcase.index.SDIndexTest.advBannerListTest跳过测试========
]]></system-out>
  </testcase>
  <testcase name="quickListTest" classname="com.sh.stt.testcase.index.SDIndexTest" time="0">
    <skipped/>
    <system-out><![CDATA[2020-07-07 15:32:00.589 [main-68] INFO  com.sh.stt.listener.LogListener.onTestSkipped - ========com.sh.stt.testcase.index.SDIndexTest.quickListTest跳过测试========
]]></system-out>
  </testcase>
  <testcase name="tlAdvListTest" classname="com.sh.stt.testcase.index.SDIndexTest" time="0">
    <skipped/>
    <system-out><![CDATA[2020-07-07 15:32:00.593 [main-68] INFO  com.sh.stt.listener.LogListener.onTestSkipped - ========com.sh.stt.testcase.index.SDIndexTest.tlAdvListTest跳过测试========
]]></system-out>
  </testcase>
  <testcase name="familyShareListTest" classname="com.sh.stt.testcase.index.SDIndexTest" time="0">
    <skipped/>
    <system-out><![CDATA[2020-07-07 15:32:00.597 [main-68] INFO  com.sh.stt.listener.LogListener.onTestSkipped - ========com.sh.stt.testcase.index.SDIndexTest.familyShareListTest跳过测试========
]]></system-out>
  </testcase>
  <testcase name="terminalRecomListTest" classname="com.sh.stt.testcase.index.SDIndexTest" time="0">
    <skipped/>
    <system-out><![CDATA[2020-07-07 15:32:00.603 [main-68] INFO  com.sh.stt.listener.LogListener.onTestSkipped - ========com.sh.stt.testcase.index.SDIndexTest.terminalRecomListTest跳过测试========
]]></system-out>
  </testcase>
  <testcase name="serviceRecomListTest" classname="com.sh.stt.testcase.index.SDIndexTest" time="0">
    <skipped/>
    <system-out><![CDATA[2020-07-07 15:32:00.607 [main-68] INFO  com.sh.stt.listener.LogListener.onTestSkipped - ========com.sh.stt.testcase.index.SDIndexTest.serviceRecomListTest跳过测试========
]]></system-out>
  </testcase>
  <testcase name="cardRecomLeftTest" classname="com.sh.stt.testcase.index.SDIndexTest" time="0">
    <skipped/>
    <system-out><![CDATA[2020-07-07 15:32:00.610 [main-68] INFO  com.sh.stt.listener.LogListener.onTestSkipped - ========com.sh.stt.testcase.index.SDIndexTest.cardRecomLeftTest跳过测试========
]]></system-out>
  </testcase>
  <testcase name="cardRecomRightListTest" classname="com.sh.stt.testcase.index.SDIndexTest" time="0">
    <skipped/>
    <system-out><![CDATA[2020-07-07 15:32:00.615 [main-68] INFO  com.sh.stt.listener.LogListener.onTestSkipped - ========com.sh.stt.testcase.index.SDIndexTest.cardRecomRightListTest跳过测试========
]]></system-out>
  </testcase>
  <testcase name="featureListTest" classname="com.sh.stt.testcase.index.SDIndexTest" time="0">
    <skipped/>
    <system-out><![CDATA[2020-07-07 15:32:00.619 [main-68] INFO  com.sh.stt.listener.LogListener.onTestSkipped - ========com.sh.stt.testcase.index.SDIndexTest.featureListTest跳过测试========
]]></system-out>
  </testcase>
  <testcase name="afterClass" classname="com.sh.stt.testcase.index.SDIndexTest" time="12.909">
    <failure type="java.lang.NullPointerException">java.lang.NullPointerException
</failure>
    <system-out><![CDATA[2020-07-07 15:32:00.622 [main-68] INFO  com.sh.stt.listener.LogListener.onTestSkipped - ========com.sh.stt.testcase.index.SDIndexTest.featureListTest跳过测试========
]]></system-out>
  </testcase>
  <testcase name="beforeClass" classname="com.sh.stt.testcase.index.SXIndexTest" time="13.101">
    <failure type="java.lang.NullPointerException">java.lang.NullPointerException
</failure>
    <system-out><![CDATA[2020-07-07 15:32:00.642 [main-133] ERROR com.sh.stt.base.BaseDriver.startBrowser - chrome浏览器启动失败！
]]></system-out>
    <system-err><![CDATA[java.lang.IllegalStateException: The driver executable does not exist: D:\IDEA\wap-selenium\target\test-classes\driver\driver\chromedriver.exe
	at com.google.common.base.Preconditions.checkState(Preconditions.java:585)
	at org.openqa.selenium.remote.service.DriverService.checkExecutable(DriverService.java:146)
	at org.openqa.selenium.remote.service.DriverService.findExecutable(DriverService.java:141)
	at org.openqa.selenium.chrome.ChromeDriverService.access$000(ChromeDriverService.java:35)
	at org.openqa.selenium.chrome.ChromeDriverService$Builder.findDefaultExecutable(ChromeDriverService.java:159)
	at org.openqa.selenium.remote.service.DriverService$Builder.build(DriverService.java:355)
	at org.openqa.selenium.chrome.ChromeDriverService.createDefaultService(ChromeDriverService.java:94)
	at org.openqa.selenium.chrome.ChromeDriver.<init>(ChromeDriver.java:157)
	at com.sh.stt.base.BaseDriver.startBrowser(BaseDriver.java:130)
	at com.sh.stt.base.BaseTest.beforeClass(BaseTest.java:60)
	at sun.reflect.GeneratedMethodAccessor33.invoke(Unknown Source)
	at sun.reflect.DelegatingMethodAccessorImpl.invoke(DelegatingMethodAccessorImpl.java:43)
	at java.lang.reflect.Method.invoke(Method.java:498)
	at org.testng.internal.MethodInvocationHelper.invokeMethod(MethodInvocationHelper.java:124)
	at org.testng.internal.MethodInvocationHelper.invokeMethodConsideringTimeout(MethodInvocationHelper.java:59)
	at org.testng.internal.Invoker.invokeConfigurationMethod(Invoker.java:458)
	at org.testng.internal.Invoker.invokeConfigurations(Invoker.java:222)
	at org.testng.internal.Invoker.invokeConfigurations(Invoker.java:142)
	at org.testng.internal.TestMethodWorker.invokeBeforeClassMethods(TestMethodWorker.java:168)
	at org.testng.internal.TestMethodWorker.run(TestMethodWorker.java:105)
	at org.testng.TestRunner.privateRun(TestRunner.java:648)
	at org.testng.TestRunner.run(TestRunner.java:505)
	at org.testng.SuiteRunner.runTest(SuiteRunner.java:455)
	at org.testng.SuiteRunner.runSequentially(SuiteRunner.java:450)
	at org.testng.SuiteRunner.privateRun(SuiteRunner.java:415)
	at org.testng.SuiteRunner.run(SuiteRunner.java:364)
	at org.testng.SuiteRunnerWorker.runSuite(SuiteRunnerWorker.java:52)
	at org.testng.SuiteRunnerWorker.run(SuiteRunnerWorker.java:84)
	at org.testng.TestNG.runSuitesSequentially(TestNG.java:1208)
	at org.testng.TestNG.runSuitesSequentially(TestNG.java:1204)
	at org.testng.TestNG.runSuitesLocally(TestNG.java:1137)
	at org.testng.TestNG.runSuites(TestNG.java:1049)
	at org.testng.TestNG.run(TestNG.java:1017)
	at org.apache.maven.surefire.testng.TestNGExecutor.run(TestNGExecutor.java:283)
	at org.apache.maven.surefire.testng.TestNGXmlTestSuite.execute(TestNGXmlTestSuite.java:75)
	at org.apache.maven.surefire.testng.TestNGProvider.invoke(TestNGProvider.java:120)
	at org.apache.maven.surefire.booter.ForkedBooter.invokeProviderInSameClassLoader(ForkedBooter.java:384)
	at org.apache.maven.surefire.booter.ForkedBooter.runSuitesInProcess(ForkedBooter.java:345)
	at org.apache.maven.surefire.booter.ForkedBooter.execute(ForkedBooter.java:126)
	at org.apache.maven.surefire.booter.ForkedBooter.main(ForkedBooter.java:418)
]]></system-err>
  </testcase>
  <testcase name="beforeMethod" classname="com.sh.stt.testcase.index.SXIndexTest" time="0">
    <skipped/>
  </testcase>
  <testcase name="beforeMethod" classname="com.sh.stt.testcase.index.SXIndexTest" time="0">
    <skipped/>
    <system-out><![CDATA[2020-07-07 15:32:00.648 [main-68] INFO  com.sh.stt.listener.LogListener.onTestSkipped - ========com.sh.stt.testcase.index.SXIndexTest.advBannerListTest跳过测试========
]]></system-out>
  </testcase>
  <testcase name="beforeMethod" classname="com.sh.stt.testcase.index.SXIndexTest" time="0">
    <skipped/>
    <system-out><![CDATA[2020-07-07 15:32:00.651 [main-68] INFO  com.sh.stt.listener.LogListener.onTestSkipped - ========com.sh.stt.testcase.index.SXIndexTest.quickListTest跳过测试========
]]></system-out>
  </testcase>
  <testcase name="beforeMethod" classname="com.sh.stt.testcase.index.SXIndexTest" time="0">
    <skipped/>
    <system-out><![CDATA[2020-07-07 15:32:00.655 [main-68] INFO  com.sh.stt.listener.LogListener.onTestSkipped - ========com.sh.stt.testcase.index.SXIndexTest.tlAdvListTest跳过测试========
]]></system-out>
  </testcase>
  <testcase name="beforeMethod" classname="com.sh.stt.testcase.index.SXIndexTest" time="0">
    <skipped/>
    <system-out><![CDATA[2020-07-07 15:32:00.658 [main-68] INFO  com.sh.stt.listener.LogListener.onTestSkipped - ========com.sh.stt.testcase.index.SXIndexTest.familyShareListTest跳过测试========
]]></system-out>
  </testcase>
  <testcase name="beforeMethod" classname="com.sh.stt.testcase.index.SXIndexTest" time="0">
    <skipped/>
    <system-out><![CDATA[2020-07-07 15:32:00.661 [main-68] INFO  com.sh.stt.listener.LogListener.onTestSkipped - ========com.sh.stt.testcase.index.SXIndexTest.terminalRecomListTest跳过测试========
]]></system-out>
  </testcase>
  <testcase name="beforeMethod" classname="com.sh.stt.testcase.index.SXIndexTest" time="0">
    <skipped/>
    <system-out><![CDATA[2020-07-07 15:32:00.665 [main-68] INFO  com.sh.stt.listener.LogListener.onTestSkipped - ========com.sh.stt.testcase.index.SXIndexTest.serviceRecomListTest跳过测试========
]]></system-out>
  </testcase>
  <testcase name="beforeMethod" classname="com.sh.stt.testcase.index.SXIndexTest" time="0">
    <skipped/>
    <system-out><![CDATA[2020-07-07 15:32:00.669 [main-68] INFO  com.sh.stt.listener.LogListener.onTestSkipped - ========com.sh.stt.testcase.index.SXIndexTest.cardRecomLeftTest跳过测试========
]]></system-out>
  </testcase>
  <testcase name="beforeMethod" classname="com.sh.stt.testcase.index.SXIndexTest" time="0">
    <skipped/>
    <system-out><![CDATA[2020-07-07 15:32:00.672 [main-68] INFO  com.sh.stt.listener.LogListener.onTestSkipped - ========com.sh.stt.testcase.index.SXIndexTest.cardRecomRightListTest跳过测试========
]]></system-out>
  </testcase>
  <testcase name="advBannerListTest" classname="com.sh.stt.testcase.index.SXIndexTest" time="0">
    <skipped/>
    <system-out><![CDATA[2020-07-07 15:32:00.645 [main-68] INFO  com.sh.stt.listener.LogListener.onTestSkipped - ========com.sh.stt.testcase.index.SXIndexTest.advBannerListTest跳过测试========
]]></system-out>
  </testcase>
  <testcase name="quickListTest" classname="com.sh.stt.testcase.index.SXIndexTest" time="0">
    <skipped/>
    <system-out><![CDATA[2020-07-07 15:32:00.649 [main-68] INFO  com.sh.stt.listener.LogListener.onTestSkipped - ========com.sh.stt.testcase.index.SXIndexTest.quickListTest跳过测试========
]]></system-out>
  </testcase>
  <testcase name="tlAdvListTest" classname="com.sh.stt.testcase.index.SXIndexTest" time="0">
    <skipped/>
    <system-out><![CDATA[2020-07-07 15:32:00.652 [main-68] INFO  com.sh.stt.listener.LogListener.onTestSkipped - ========com.sh.stt.testcase.index.SXIndexTest.tlAdvListTest跳过测试========
]]></system-out>
  </testcase>
  <testcase name="familyShareListTest" classname="com.sh.stt.testcase.index.SXIndexTest" time="0">
    <skipped/>
    <system-out><![CDATA[2020-07-07 15:32:00.655 [main-68] INFO  com.sh.stt.listener.LogListener.onTestSkipped - ========com.sh.stt.testcase.index.SXIndexTest.familyShareListTest跳过测试========
]]></system-out>
  </testcase>
  <testcase name="terminalRecomListTest" classname="com.sh.stt.testcase.index.SXIndexTest" time="0">
    <skipped/>
    <system-out><![CDATA[2020-07-07 15:32:00.659 [main-68] INFO  com.sh.stt.listener.LogListener.onTestSkipped - ========com.sh.stt.testcase.index.SXIndexTest.terminalRecomListTest跳过测试========
]]></system-out>
  </testcase>
  <testcase name="serviceRecomListTest" classname="com.sh.stt.testcase.index.SXIndexTest" time="0">
    <skipped/>
    <system-out><![CDATA[2020-07-07 15:32:00.662 [main-68] INFO  com.sh.stt.listener.LogListener.onTestSkipped - ========com.sh.stt.testcase.index.SXIndexTest.serviceRecomListTest跳过测试========
]]></system-out>
  </testcase>
  <testcase name="cardRecomLeftTest" classname="com.sh.stt.testcase.index.SXIndexTest" time="0">
    <skipped/>
    <system-out><![CDATA[2020-07-07 15:32:00.666 [main-68] INFO  com.sh.stt.listener.LogListener.onTestSkipped - ========com.sh.stt.testcase.index.SXIndexTest.cardRecomLeftTest跳过测试========
]]></system-out>
  </testcase>
  <testcase name="cardRecomRightListTest" classname="com.sh.stt.testcase.index.SXIndexTest" time="0">
    <skipped/>
    <system-out><![CDATA[2020-07-07 15:32:00.669 [main-68] INFO  com.sh.stt.listener.LogListener.onTestSkipped - ========com.sh.stt.testcase.index.SXIndexTest.cardRecomRightListTest跳过测试========
]]></system-out>
  </testcase>
  <testcase name="featureListTest" classname="com.sh.stt.testcase.index.SXIndexTest" time="0">
    <skipped/>
    <system-out><![CDATA[2020-07-07 15:32:00.673 [main-68] INFO  com.sh.stt.listener.LogListener.onTestSkipped - ========com.sh.stt.testcase.index.SXIndexTest.featureListTest跳过测试========
]]></system-out>
  </testcase>
  <testcase name="afterClass" classname="com.sh.stt.testcase.index.SXIndexTest" time="13.273">
    <failure type="java.lang.NullPointerException">java.lang.NullPointerException
</failure>
    <system-out><![CDATA[2020-07-07 15:32:00.676 [main-68] INFO  com.sh.stt.listener.LogListener.onTestSkipped - ========com.sh.stt.testcase.index.SXIndexTest.featureListTest跳过测试========
]]></system-out>
  </testcase>
  <testcase name="beforeClass" classname="com.sh.stt.testcase.index.SNIndexTest" time="13.455">
    <failure type="java.lang.NullPointerException">java.lang.NullPointerException
</failure>
    <system-out><![CDATA[2020-07-07 15:32:00.697 [main-133] ERROR com.sh.stt.base.BaseDriver.startBrowser - chrome浏览器启动失败！
]]></system-out>
    <system-err><![CDATA[java.lang.IllegalStateException: The driver executable does not exist: D:\IDEA\wap-selenium\target\test-classes\driver\driver\chromedriver.exe
	at com.google.common.base.Preconditions.checkState(Preconditions.java:585)
	at org.openqa.selenium.remote.service.DriverService.checkExecutable(DriverService.java:146)
	at org.openqa.selenium.remote.service.DriverService.findExecutable(DriverService.java:141)
	at org.openqa.selenium.chrome.ChromeDriverService.access$000(ChromeDriverService.java:35)
	at org.openqa.selenium.chrome.ChromeDriverService$Builder.findDefaultExecutable(ChromeDriverService.java:159)
	at org.openqa.selenium.remote.service.DriverService$Builder.build(DriverService.java:355)
	at org.openqa.selenium.chrome.ChromeDriverService.createDefaultService(ChromeDriverService.java:94)
	at org.openqa.selenium.chrome.ChromeDriver.<init>(ChromeDriver.java:157)
	at com.sh.stt.base.BaseDriver.startBrowser(BaseDriver.java:130)
	at com.sh.stt.base.BaseTest.beforeClass(BaseTest.java:60)
	at sun.reflect.GeneratedMethodAccessor33.invoke(Unknown Source)
	at sun.reflect.DelegatingMethodAccessorImpl.invoke(DelegatingMethodAccessorImpl.java:43)
	at java.lang.reflect.Method.invoke(Method.java:498)
	at org.testng.internal.MethodInvocationHelper.invokeMethod(MethodInvocationHelper.java:124)
	at org.testng.internal.MethodInvocationHelper.invokeMethodConsideringTimeout(MethodInvocationHelper.java:59)
	at org.testng.internal.Invoker.invokeConfigurationMethod(Invoker.java:458)
	at org.testng.internal.Invoker.invokeConfigurations(Invoker.java:222)
	at org.testng.internal.Invoker.invokeConfigurations(Invoker.java:142)
	at org.testng.internal.TestMethodWorker.invokeBeforeClassMethods(TestMethodWorker.java:168)
	at org.testng.internal.TestMethodWorker.run(TestMethodWorker.java:105)
	at org.testng.TestRunner.privateRun(TestRunner.java:648)
	at org.testng.TestRunner.run(TestRunner.java:505)
	at org.testng.SuiteRunner.runTest(SuiteRunner.java:455)
	at org.testng.SuiteRunner.runSequentially(SuiteRunner.java:450)
	at org.testng.SuiteRunner.privateRun(SuiteRunner.java:415)
	at org.testng.SuiteRunner.run(SuiteRunner.java:364)
	at org.testng.SuiteRunnerWorker.runSuite(SuiteRunnerWorker.java:52)
	at org.testng.SuiteRunnerWorker.run(SuiteRunnerWorker.java:84)
	at org.testng.TestNG.runSuitesSequentially(TestNG.java:1208)
	at org.testng.TestNG.runSuitesSequentially(TestNG.java:1204)
	at org.testng.TestNG.runSuitesLocally(TestNG.java:1137)
	at org.testng.TestNG.runSuites(TestNG.java:1049)
	at org.testng.TestNG.run(TestNG.java:1017)
	at org.apache.maven.surefire.testng.TestNGExecutor.run(TestNGExecutor.java:283)
	at org.apache.maven.surefire.testng.TestNGXmlTestSuite.execute(TestNGXmlTestSuite.java:75)
	at org.apache.maven.surefire.testng.TestNGProvider.invoke(TestNGProvider.java:120)
	at org.apache.maven.surefire.booter.ForkedBooter.invokeProviderInSameClassLoader(ForkedBooter.java:384)
	at org.apache.maven.surefire.booter.ForkedBooter.runSuitesInProcess(ForkedBooter.java:345)
	at org.apache.maven.surefire.booter.ForkedBooter.execute(ForkedBooter.java:126)
	at org.apache.maven.surefire.booter.ForkedBooter.main(ForkedBooter.java:418)
]]></system-err>
  </testcase>
  <testcase name="beforeMethod" classname="com.sh.stt.testcase.index.SNIndexTest" time="0">
    <skipped/>
  </testcase>
  <testcase name="beforeMethod" classname="com.sh.stt.testcase.index.SNIndexTest" time="0">
    <skipped/>
    <system-out><![CDATA[2020-07-07 15:32:00.704 [main-68] INFO  com.sh.stt.listener.LogListener.onTestSkipped - ========com.sh.stt.testcase.index.SNIndexTest.advBannerListTest跳过测试========
]]></system-out>
  </testcase>
  <testcase name="beforeMethod" classname="com.sh.stt.testcase.index.SNIndexTest" time="0">
    <skipped/>
    <system-out><![CDATA[2020-07-07 15:32:00.708 [main-68] INFO  com.sh.stt.listener.LogListener.onTestSkipped - ========com.sh.stt.testcase.index.SNIndexTest.quickListTest跳过测试========
]]></system-out>
  </testcase>
  <testcase name="beforeMethod" classname="com.sh.stt.testcase.index.SNIndexTest" time="0">
    <skipped/>
    <system-out><![CDATA[2020-07-07 15:32:00.711 [main-68] INFO  com.sh.stt.listener.LogListener.onTestSkipped - ========com.sh.stt.testcase.index.SNIndexTest.tlAdvListTest跳过测试========
]]></system-out>
  </testcase>
  <testcase name="beforeMethod" classname="com.sh.stt.testcase.index.SNIndexTest" time="0">
    <skipped/>
    <system-out><![CDATA[2020-07-07 15:32:00.714 [main-68] INFO  com.sh.stt.listener.LogListener.onTestSkipped - ========com.sh.stt.testcase.index.SNIndexTest.familyShareListTest跳过测试========
]]></system-out>
  </testcase>
  <testcase name="beforeMethod" classname="com.sh.stt.testcase.index.SNIndexTest" time="0">
    <skipped/>
    <system-out><![CDATA[2020-07-07 15:32:00.718 [main-68] INFO  com.sh.stt.listener.LogListener.onTestSkipped - ========com.sh.stt.testcase.index.SNIndexTest.terminalRecomListTest跳过测试========
]]></system-out>
  </testcase>
  <testcase name="beforeMethod" classname="com.sh.stt.testcase.index.SNIndexTest" time="0">
    <skipped/>
    <system-out><![CDATA[2020-07-07 15:32:00.721 [main-68] INFO  com.sh.stt.listener.LogListener.onTestSkipped - ========com.sh.stt.testcase.index.SNIndexTest.serviceRecomListTest跳过测试========
]]></system-out>
  </testcase>
  <testcase name="beforeMethod" classname="com.sh.stt.testcase.index.SNIndexTest" time="0">
    <skipped/>
    <system-out><![CDATA[2020-07-07 15:32:00.725 [main-68] INFO  com.sh.stt.listener.LogListener.onTestSkipped - ========com.sh.stt.testcase.index.SNIndexTest.cardRecomLeftTest跳过测试========
]]></system-out>
  </testcase>
  <testcase name="beforeMethod" classname="com.sh.stt.testcase.index.SNIndexTest" time="0">
    <skipped/>
    <system-out><![CDATA[2020-07-07 15:32:00.728 [main-68] INFO  com.sh.stt.listener.LogListener.onTestSkipped - ========com.sh.stt.testcase.index.SNIndexTest.cardRecomRightListTest跳过测试========
]]></system-out>
  </testcase>
  <testcase name="advBannerListTest" classname="com.sh.stt.testcase.index.SNIndexTest" time="0">
    <skipped/>
    <system-out><![CDATA[2020-07-07 15:32:00.701 [main-68] INFO  com.sh.stt.listener.LogListener.onTestSkipped - ========com.sh.stt.testcase.index.SNIndexTest.advBannerListTest跳过测试========
]]></system-out>
  </testcase>
  <testcase name="quickListTest" classname="com.sh.stt.testcase.index.SNIndexTest" time="0">
    <skipped/>
    <system-out><![CDATA[2020-07-07 15:32:00.705 [main-68] INFO  com.sh.stt.listener.LogListener.onTestSkipped - ========com.sh.stt.testcase.index.SNIndexTest.quickListTest跳过测试========
]]></system-out>
  </testcase>
  <testcase name="tlAdvListTest" classname="com.sh.stt.testcase.index.SNIndexTest" time="0">
    <skipped/>
    <system-out><![CDATA[2020-07-07 15:32:00.708 [main-68] INFO  com.sh.stt.listener.LogListener.onTestSkipped - ========com.sh.stt.testcase.index.SNIndexTest.tlAdvListTest跳过测试========
]]></system-out>
  </testcase>
  <testcase name="familyShareListTest" classname="com.sh.stt.testcase.index.SNIndexTest" time="0">
    <skipped/>
    <system-out><![CDATA[2020-07-07 15:32:00.711 [main-68] INFO  com.sh.stt.listener.LogListener.onTestSkipped - ========com.sh.stt.testcase.index.SNIndexTest.familyShareListTest跳过测试========
]]></system-out>
  </testcase>
  <testcase name="terminalRecomListTest" classname="com.sh.stt.testcase.index.SNIndexTest" time="0">
    <skipped/>
    <system-out><![CDATA[2020-07-07 15:32:00.715 [main-68] INFO  com.sh.stt.listener.LogListener.onTestSkipped - ========com.sh.stt.testcase.index.SNIndexTest.terminalRecomListTest跳过测试========
]]></system-out>
  </testcase>
  <testcase name="serviceRecomListTest" classname="com.sh.stt.testcase.index.SNIndexTest" time="0">
    <skipped/>
    <system-out><![CDATA[2020-07-07 15:32:00.718 [main-68] INFO  com.sh.stt.listener.LogListener.onTestSkipped - ========com.sh.stt.testcase.index.SNIndexTest.serviceRecomListTest跳过测试========
]]></system-out>
  </testcase>
  <testcase name="cardRecomLeftTest" classname="com.sh.stt.testcase.index.SNIndexTest" time="0">
    <skipped/>
    <system-out><![CDATA[2020-07-07 15:32:00.722 [main-68] INFO  com.sh.stt.listener.LogListener.onTestSkipped - ========com.sh.stt.testcase.index.SNIndexTest.cardRecomLeftTest跳过测试========
]]></system-out>
  </testcase>
  <testcase name="cardRecomRightListTest" classname="com.sh.stt.testcase.index.SNIndexTest" time="0">
    <skipped/>
    <system-out><![CDATA[2020-07-07 15:32:00.725 [main-68] INFO  com.sh.stt.listener.LogListener.onTestSkipped - ========com.sh.stt.testcase.index.SNIndexTest.cardRecomRightListTest跳过测试========
]]></system-out>
  </testcase>
  <testcase name="featureListTest" classname="com.sh.stt.testcase.index.SNIndexTest" time="0">
    <skipped/>
    <system-out><![CDATA[2020-07-07 15:32:00.729 [main-68] INFO  com.sh.stt.listener.LogListener.onTestSkipped - ========com.sh.stt.testcase.index.SNIndexTest.featureListTest跳过测试========
]]></system-out>
  </testcase>
  <testcase name="afterClass" classname="com.sh.stt.testcase.index.SNIndexTest" time="13.593">
    <failure type="java.lang.NullPointerException">java.lang.NullPointerException
</failure>
    <system-out><![CDATA[2020-07-07 15:32:00.732 [main-68] INFO  com.sh.stt.listener.LogListener.onTestSkipped - ========com.sh.stt.testcase.index.SNIndexTest.featureListTest跳过测试========
]]></system-out>
  </testcase>
  <testcase name="beforeClass" classname="com.sh.stt.testcase.index.TJIndexTest" time="13.762">
    <failure type="java.lang.NullPointerException">java.lang.NullPointerException
</failure>
    <system-out><![CDATA[2020-07-07 15:32:00.752 [main-133] ERROR com.sh.stt.base.BaseDriver.startBrowser - chrome浏览器启动失败！
]]></system-out>
    <system-err><![CDATA[java.lang.IllegalStateException: The driver executable does not exist: D:\IDEA\wap-selenium\target\test-classes\driver\driver\chromedriver.exe
	at com.google.common.base.Preconditions.checkState(Preconditions.java:585)
	at org.openqa.selenium.remote.service.DriverService.checkExecutable(DriverService.java:146)
	at org.openqa.selenium.remote.service.DriverService.findExecutable(DriverService.java:141)
	at org.openqa.selenium.chrome.ChromeDriverService.access$000(ChromeDriverService.java:35)
	at org.openqa.selenium.chrome.ChromeDriverService$Builder.findDefaultExecutable(ChromeDriverService.java:159)
	at org.openqa.selenium.remote.service.DriverService$Builder.build(DriverService.java:355)
	at org.openqa.selenium.chrome.ChromeDriverService.createDefaultService(ChromeDriverService.java:94)
	at org.openqa.selenium.chrome.ChromeDriver.<init>(ChromeDriver.java:157)
	at com.sh.stt.base.BaseDriver.startBrowser(BaseDriver.java:130)
	at com.sh.stt.base.BaseTest.beforeClass(BaseTest.java:60)
	at sun.reflect.GeneratedMethodAccessor33.invoke(Unknown Source)
	at sun.reflect.DelegatingMethodAccessorImpl.invoke(DelegatingMethodAccessorImpl.java:43)
	at java.lang.reflect.Method.invoke(Method.java:498)
	at org.testng.internal.MethodInvocationHelper.invokeMethod(MethodInvocationHelper.java:124)
	at org.testng.internal.MethodInvocationHelper.invokeMethodConsideringTimeout(MethodInvocationHelper.java:59)
	at org.testng.internal.Invoker.invokeConfigurationMethod(Invoker.java:458)
	at org.testng.internal.Invoker.invokeConfigurations(Invoker.java:222)
	at org.testng.internal.Invoker.invokeConfigurations(Invoker.java:142)
	at org.testng.internal.TestMethodWorker.invokeBeforeClassMethods(TestMethodWorker.java:168)
	at org.testng.internal.TestMethodWorker.run(TestMethodWorker.java:105)
	at org.testng.TestRunner.privateRun(TestRunner.java:648)
	at org.testng.TestRunner.run(TestRunner.java:505)
	at org.testng.SuiteRunner.runTest(SuiteRunner.java:455)
	at org.testng.SuiteRunner.runSequentially(SuiteRunner.java:450)
	at org.testng.SuiteRunner.privateRun(SuiteRunner.java:415)
	at org.testng.SuiteRunner.run(SuiteRunner.java:364)
	at org.testng.SuiteRunnerWorker.runSuite(SuiteRunnerWorker.java:52)
	at org.testng.SuiteRunnerWorker.run(SuiteRunnerWorker.java:84)
	at org.testng.TestNG.runSuitesSequentially(TestNG.java:1208)
	at org.testng.TestNG.runSuitesSequentially(TestNG.java:1204)
	at org.testng.TestNG.runSuitesLocally(TestNG.java:1137)
	at org.testng.TestNG.runSuites(TestNG.java:1049)
	at org.testng.TestNG.run(TestNG.java:1017)
	at org.apache.maven.surefire.testng.TestNGExecutor.run(TestNGExecutor.java:283)
	at org.apache.maven.surefire.testng.TestNGXmlTestSuite.execute(TestNGXmlTestSuite.java:75)
	at org.apache.maven.surefire.testng.TestNGProvider.invoke(TestNGProvider.java:120)
	at org.apache.maven.surefire.booter.ForkedBooter.invokeProviderInSameClassLoader(ForkedBooter.java:384)
	at org.apache.maven.surefire.booter.ForkedBooter.runSuitesInProcess(ForkedBooter.java:345)
	at org.apache.maven.surefire.booter.ForkedBooter.execute(ForkedBooter.java:126)
	at org.apache.maven.surefire.booter.ForkedBooter.main(ForkedBooter.java:418)
]]></system-err>
  </testcase>
  <testcase name="beforeMethod" classname="com.sh.stt.testcase.index.TJIndexTest" time="0">
    <skipped/>
  </testcase>
  <testcase name="beforeMethod" classname="com.sh.stt.testcase.index.TJIndexTest" time="0">
    <skipped/>
    <system-out><![CDATA[2020-07-07 15:32:00.759 [main-68] INFO  com.sh.stt.listener.LogListener.onTestSkipped - ========com.sh.stt.testcase.index.TJIndexTest.advBannerListTest跳过测试========
]]></system-out>
  </testcase>
  <testcase name="beforeMethod" classname="com.sh.stt.testcase.index.TJIndexTest" time="0">
    <skipped/>
    <system-out><![CDATA[2020-07-07 15:32:00.762 [main-68] INFO  com.sh.stt.listener.LogListener.onTestSkipped - ========com.sh.stt.testcase.index.TJIndexTest.quickListTest跳过测试========
]]></system-out>
  </testcase>
  <testcase name="beforeMethod" classname="com.sh.stt.testcase.index.TJIndexTest" time="0">
    <skipped/>
    <system-out><![CDATA[2020-07-07 15:32:00.767 [main-68] INFO  com.sh.stt.listener.LogListener.onTestSkipped - ========com.sh.stt.testcase.index.TJIndexTest.tlAdvListTest跳过测试========
]]></system-out>
  </testcase>
  <testcase name="beforeMethod" classname="com.sh.stt.testcase.index.TJIndexTest" time="0">
    <skipped/>
    <system-out><![CDATA[2020-07-07 15:32:00.771 [main-68] INFO  com.sh.stt.listener.LogListener.onTestSkipped - ========com.sh.stt.testcase.index.TJIndexTest.familyShareListTest跳过测试========
]]></system-out>
  </testcase>
  <testcase name="beforeMethod" classname="com.sh.stt.testcase.index.TJIndexTest" time="0">
    <skipped/>
    <system-out><![CDATA[2020-07-07 15:32:00.775 [main-68] INFO  com.sh.stt.listener.LogListener.onTestSkipped - ========com.sh.stt.testcase.index.TJIndexTest.terminalRecomListTest跳过测试========
]]></system-out>
  </testcase>
  <testcase name="beforeMethod" classname="com.sh.stt.testcase.index.TJIndexTest" time="0">
    <skipped/>
    <system-out><![CDATA[2020-07-07 15:32:00.779 [main-68] INFO  com.sh.stt.listener.LogListener.onTestSkipped - ========com.sh.stt.testcase.index.TJIndexTest.serviceRecomListTest跳过测试========
]]></system-out>
  </testcase>
  <testcase name="beforeMethod" classname="com.sh.stt.testcase.index.TJIndexTest" time="0">
    <skipped/>
    <system-out><![CDATA[2020-07-07 15:32:00.785 [main-68] INFO  com.sh.stt.listener.LogListener.onTestSkipped - ========com.sh.stt.testcase.index.TJIndexTest.cardRecomLeftTest跳过测试========
]]></system-out>
  </testcase>
  <testcase name="beforeMethod" classname="com.sh.stt.testcase.index.TJIndexTest" time="0">
    <skipped/>
    <system-out><![CDATA[2020-07-07 15:32:00.787 [main-68] INFO  com.sh.stt.listener.LogListener.onTestSkipped - ========com.sh.stt.testcase.index.TJIndexTest.cardRecomRightListTest跳过测试========
]]></system-out>
  </testcase>
  <testcase name="advBannerListTest" classname="com.sh.stt.testcase.index.TJIndexTest" time="0">
    <skipped/>
    <system-out><![CDATA[2020-07-07 15:32:00.756 [main-68] INFO  com.sh.stt.listener.LogListener.onTestSkipped - ========com.sh.stt.testcase.index.TJIndexTest.advBannerListTest跳过测试========
]]></system-out>
  </testcase>
  <testcase name="quickListTest" classname="com.sh.stt.testcase.index.TJIndexTest" time="0">
    <skipped/>
    <system-out><![CDATA[2020-07-07 15:32:00.759 [main-68] INFO  com.sh.stt.listener.LogListener.onTestSkipped - ========com.sh.stt.testcase.index.TJIndexTest.quickListTest跳过测试========
]]></system-out>
  </testcase>
  <testcase name="tlAdvListTest" classname="com.sh.stt.testcase.index.TJIndexTest" time="0">
    <skipped/>
    <system-out><![CDATA[2020-07-07 15:32:00.763 [main-68] INFO  com.sh.stt.listener.LogListener.onTestSkipped - ========com.sh.stt.testcase.index.TJIndexTest.tlAdvListTest跳过测试========
]]></system-out>
  </testcase>
  <testcase name="familyShareListTest" classname="com.sh.stt.testcase.index.TJIndexTest" time="0">
    <skipped/>
    <system-out><![CDATA[2020-07-07 15:32:00.767 [main-68] INFO  com.sh.stt.listener.LogListener.onTestSkipped - ========com.sh.stt.testcase.index.TJIndexTest.familyShareListTest跳过测试========
]]></system-out>
  </testcase>
  <testcase name="terminalRecomListTest" classname="com.sh.stt.testcase.index.TJIndexTest" time="0">
    <skipped/>
    <system-out><![CDATA[2020-07-07 15:32:00.771 [main-68] INFO  com.sh.stt.listener.LogListener.onTestSkipped - ========com.sh.stt.testcase.index.TJIndexTest.terminalRecomListTest跳过测试========
]]></system-out>
  </testcase>
  <testcase name="serviceRecomListTest" classname="com.sh.stt.testcase.index.TJIndexTest" time="0">
    <skipped/>
    <system-out><![CDATA[2020-07-07 15:32:00.776 [main-68] INFO  com.sh.stt.listener.LogListener.onTestSkipped - ========com.sh.stt.testcase.index.TJIndexTest.serviceRecomListTest跳过测试========
]]></system-out>
  </testcase>
  <testcase name="cardRecomLeftTest" classname="com.sh.stt.testcase.index.TJIndexTest" time="0">
    <skipped/>
    <system-out><![CDATA[2020-07-07 15:32:00.780 [main-68] INFO  com.sh.stt.listener.LogListener.onTestSkipped - ========com.sh.stt.testcase.index.TJIndexTest.cardRecomLeftTest跳过测试========
]]></system-out>
  </testcase>
  <testcase name="cardRecomRightListTest" classname="com.sh.stt.testcase.index.TJIndexTest" time="0">
    <skipped/>
    <system-out><![CDATA[2020-07-07 15:32:00.786 [main-68] INFO  com.sh.stt.listener.LogListener.onTestSkipped - ========com.sh.stt.testcase.index.TJIndexTest.cardRecomRightListTest跳过测试========
]]></system-out>
  </testcase>
  <testcase name="featureListTest" classname="com.sh.stt.testcase.index.TJIndexTest" time="0">
    <skipped/>
    <system-out><![CDATA[2020-07-07 15:32:00.788 [main-68] INFO  com.sh.stt.listener.LogListener.onTestSkipped - ========com.sh.stt.testcase.index.TJIndexTest.featureListTest跳过测试========
]]></system-out>
  </testcase>
  <testcase name="afterClass" classname="com.sh.stt.testcase.index.TJIndexTest" time="13.923">
    <failure type="java.lang.NullPointerException">java.lang.NullPointerException
</failure>
    <system-out><![CDATA[2020-07-07 15:32:00.791 [main-68] INFO  com.sh.stt.listener.LogListener.onTestSkipped - ========com.sh.stt.testcase.index.TJIndexTest.featureListTest跳过测试========
]]></system-out>
  </testcase>
  <testcase name="beforeClass" classname="com.sh.stt.testcase.index.XJIndexTest" time="14.105">
    <failure type="java.lang.NullPointerException">java.lang.NullPointerException
</failure>
    <system-out><![CDATA[2020-07-07 15:32:00.811 [main-133] ERROR com.sh.stt.base.BaseDriver.startBrowser - chrome浏览器启动失败！
]]></system-out>
    <system-err><![CDATA[java.lang.IllegalStateException: The driver executable does not exist: D:\IDEA\wap-selenium\target\test-classes\driver\driver\chromedriver.exe
	at com.google.common.base.Preconditions.checkState(Preconditions.java:585)
	at org.openqa.selenium.remote.service.DriverService.checkExecutable(DriverService.java:146)
	at org.openqa.selenium.remote.service.DriverService.findExecutable(DriverService.java:141)
	at org.openqa.selenium.chrome.ChromeDriverService.access$000(ChromeDriverService.java:35)
	at org.openqa.selenium.chrome.ChromeDriverService$Builder.findDefaultExecutable(ChromeDriverService.java:159)
	at org.openqa.selenium.remote.service.DriverService$Builder.build(DriverService.java:355)
	at org.openqa.selenium.chrome.ChromeDriverService.createDefaultService(ChromeDriverService.java:94)
	at org.openqa.selenium.chrome.ChromeDriver.<init>(ChromeDriver.java:157)
	at com.sh.stt.base.BaseDriver.startBrowser(BaseDriver.java:130)
	at com.sh.stt.base.BaseTest.beforeClass(BaseTest.java:60)
	at sun.reflect.GeneratedMethodAccessor33.invoke(Unknown Source)
	at sun.reflect.DelegatingMethodAccessorImpl.invoke(DelegatingMethodAccessorImpl.java:43)
	at java.lang.reflect.Method.invoke(Method.java:498)
	at org.testng.internal.MethodInvocationHelper.invokeMethod(MethodInvocationHelper.java:124)
	at org.testng.internal.MethodInvocationHelper.invokeMethodConsideringTimeout(MethodInvocationHelper.java:59)
	at org.testng.internal.Invoker.invokeConfigurationMethod(Invoker.java:458)
	at org.testng.internal.Invoker.invokeConfigurations(Invoker.java:222)
	at org.testng.internal.Invoker.invokeConfigurations(Invoker.java:142)
	at org.testng.internal.TestMethodWorker.invokeBeforeClassMethods(TestMethodWorker.java:168)
	at org.testng.internal.TestMethodWorker.run(TestMethodWorker.java:105)
	at org.testng.TestRunner.privateRun(TestRunner.java:648)
	at org.testng.TestRunner.run(TestRunner.java:505)
	at org.testng.SuiteRunner.runTest(SuiteRunner.java:455)
	at org.testng.SuiteRunner.runSequentially(SuiteRunner.java:450)
	at org.testng.SuiteRunner.privateRun(SuiteRunner.java:415)
	at org.testng.SuiteRunner.run(SuiteRunner.java:364)
	at org.testng.SuiteRunnerWorker.runSuite(SuiteRunnerWorker.java:52)
	at org.testng.SuiteRunnerWorker.run(SuiteRunnerWorker.java:84)
	at org.testng.TestNG.runSuitesSequentially(TestNG.java:1208)
	at org.testng.TestNG.runSuitesSequentially(TestNG.java:1204)
	at org.testng.TestNG.runSuitesLocally(TestNG.java:1137)
	at org.testng.TestNG.runSuites(TestNG.java:1049)
	at org.testng.TestNG.run(TestNG.java:1017)
	at org.apache.maven.surefire.testng.TestNGExecutor.run(TestNGExecutor.java:283)
	at org.apache.maven.surefire.testng.TestNGXmlTestSuite.execute(TestNGXmlTestSuite.java:75)
	at org.apache.maven.surefire.testng.TestNGProvider.invoke(TestNGProvider.java:120)
	at org.apache.maven.surefire.booter.ForkedBooter.invokeProviderInSameClassLoader(ForkedBooter.java:384)
	at org.apache.maven.surefire.booter.ForkedBooter.runSuitesInProcess(ForkedBooter.java:345)
	at org.apache.maven.surefire.booter.ForkedBooter.execute(ForkedBooter.java:126)
	at org.apache.maven.surefire.booter.ForkedBooter.main(ForkedBooter.java:418)
]]></system-err>
  </testcase>
  <testcase name="beforeMethod" classname="com.sh.stt.testcase.index.XJIndexTest" time="0">
    <skipped/>
  </testcase>
  <testcase name="beforeMethod" classname="com.sh.stt.testcase.index.XJIndexTest" time="0">
    <skipped/>
    <system-out><![CDATA[2020-07-07 15:32:00.817 [main-68] INFO  com.sh.stt.listener.LogListener.onTestSkipped - ========com.sh.stt.testcase.index.XJIndexTest.advBannerListTest跳过测试========
]]></system-out>
  </testcase>
  <testcase name="beforeMethod" classname="com.sh.stt.testcase.index.XJIndexTest" time="0">
    <skipped/>
    <system-out><![CDATA[2020-07-07 15:32:00.821 [main-68] INFO  com.sh.stt.listener.LogListener.onTestSkipped - ========com.sh.stt.testcase.index.XJIndexTest.quickListTest跳过测试========
]]></system-out>
  </testcase>
  <testcase name="beforeMethod" classname="com.sh.stt.testcase.index.XJIndexTest" time="0">
    <skipped/>
    <system-out><![CDATA[2020-07-07 15:32:00.824 [main-68] INFO  com.sh.stt.listener.LogListener.onTestSkipped - ========com.sh.stt.testcase.index.XJIndexTest.tlAdvListTest跳过测试========
]]></system-out>
  </testcase>
  <testcase name="beforeMethod" classname="com.sh.stt.testcase.index.XJIndexTest" time="0">
    <skipped/>
    <system-out><![CDATA[2020-07-07 15:32:00.827 [main-68] INFO  com.sh.stt.listener.LogListener.onTestSkipped - ========com.sh.stt.testcase.index.XJIndexTest.familyShareListTest跳过测试========
]]></system-out>
  </testcase>
  <testcase name="beforeMethod" classname="com.sh.stt.testcase.index.XJIndexTest" time="0">
    <skipped/>
    <system-out><![CDATA[2020-07-07 15:32:00.831 [main-68] INFO  com.sh.stt.listener.LogListener.onTestSkipped - ========com.sh.stt.testcase.index.XJIndexTest.terminalRecomListTest跳过测试========
]]></system-out>
  </testcase>
  <testcase name="beforeMethod" classname="com.sh.stt.testcase.index.XJIndexTest" time="0">
    <skipped/>
    <system-out><![CDATA[2020-07-07 15:32:00.835 [main-68] INFO  com.sh.stt.listener.LogListener.onTestSkipped - ========com.sh.stt.testcase.index.XJIndexTest.serviceRecomListTest跳过测试========
]]></system-out>
  </testcase>
  <testcase name="beforeMethod" classname="com.sh.stt.testcase.index.XJIndexTest" time="0">
    <skipped/>
    <system-out><![CDATA[2020-07-07 15:32:00.838 [main-68] INFO  com.sh.stt.listener.LogListener.onTestSkipped - ========com.sh.stt.testcase.index.XJIndexTest.cardRecomLeftTest跳过测试========
]]></system-out>
  </testcase>
  <testcase name="beforeMethod" classname="com.sh.stt.testcase.index.XJIndexTest" time="0">
    <skipped/>
    <system-out><![CDATA[2020-07-07 15:32:00.841 [main-68] INFO  com.sh.stt.listener.LogListener.onTestSkipped - ========com.sh.stt.testcase.index.XJIndexTest.cardRecomRightListTest跳过测试========
]]></system-out>
  </testcase>
  <testcase name="advBannerListTest" classname="com.sh.stt.testcase.index.XJIndexTest" time="0">
    <skipped/>
    <system-out><![CDATA[2020-07-07 15:32:00.814 [main-68] INFO  com.sh.stt.listener.LogListener.onTestSkipped - ========com.sh.stt.testcase.index.XJIndexTest.advBannerListTest跳过测试========
]]></system-out>
  </testcase>
  <testcase name="quickListTest" classname="com.sh.stt.testcase.index.XJIndexTest" time="0">
    <skipped/>
    <system-out><![CDATA[2020-07-07 15:32:00.817 [main-68] INFO  com.sh.stt.listener.LogListener.onTestSkipped - ========com.sh.stt.testcase.index.XJIndexTest.quickListTest跳过测试========
]]></system-out>
  </testcase>
  <testcase name="tlAdvListTest" classname="com.sh.stt.testcase.index.XJIndexTest" time="0">
    <skipped/>
    <system-out><![CDATA[2020-07-07 15:32:00.821 [main-68] INFO  com.sh.stt.listener.LogListener.onTestSkipped - ========com.sh.stt.testcase.index.XJIndexTest.tlAdvListTest跳过测试========
]]></system-out>
  </testcase>
  <testcase name="familyShareListTest" classname="com.sh.stt.testcase.index.XJIndexTest" time="0">
    <skipped/>
    <system-out><![CDATA[2020-07-07 15:32:00.824 [main-68] INFO  com.sh.stt.listener.LogListener.onTestSkipped - ========com.sh.stt.testcase.index.XJIndexTest.familyShareListTest跳过测试========
]]></system-out>
  </testcase>
  <testcase name="terminalRecomListTest" classname="com.sh.stt.testcase.index.XJIndexTest" time="0">
    <skipped/>
    <system-out><![CDATA[2020-07-07 15:32:00.828 [main-68] INFO  com.sh.stt.listener.LogListener.onTestSkipped - ========com.sh.stt.testcase.index.XJIndexTest.terminalRecomListTest跳过测试========
]]></system-out>
  </testcase>
  <testcase name="serviceRecomListTest" classname="com.sh.stt.testcase.index.XJIndexTest" time="0">
    <skipped/>
    <system-out><![CDATA[2020-07-07 15:32:00.832 [main-68] INFO  com.sh.stt.listener.LogListener.onTestSkipped - ========com.sh.stt.testcase.index.XJIndexTest.serviceRecomListTest跳过测试========
]]></system-out>
  </testcase>
  <testcase name="cardRecomLeftTest" classname="com.sh.stt.testcase.index.XJIndexTest" time="0">
    <skipped/>
    <system-out><![CDATA[2020-07-07 15:32:00.835 [main-68] INFO  com.sh.stt.listener.LogListener.onTestSkipped - ========com.sh.stt.testcase.index.XJIndexTest.cardRecomLeftTest跳过测试========
]]></system-out>
  </testcase>
  <testcase name="cardRecomRightListTest" classname="com.sh.stt.testcase.index.XJIndexTest" time="0">
    <skipped/>
    <system-out><![CDATA[2020-07-07 15:32:00.838 [main-68] INFO  com.sh.stt.listener.LogListener.onTestSkipped - ========com.sh.stt.testcase.index.XJIndexTest.cardRecomRightListTest跳过测试========
]]></system-out>
  </testcase>
  <testcase name="featureListTest" classname="com.sh.stt.testcase.index.XJIndexTest" time="0">
    <skipped/>
    <system-out><![CDATA[2020-07-07 15:32:00.842 [main-68] INFO  com.sh.stt.listener.LogListener.onTestSkipped - ========com.sh.stt.testcase.index.XJIndexTest.featureListTest跳过测试========
]]></system-out>
  </testcase>
  <testcase name="afterClass" classname="com.sh.stt.testcase.index.XJIndexTest" time="14.254">
    <failure type="java.lang.NullPointerException">java.lang.NullPointerException
</failure>
    <system-out><![CDATA[2020-07-07 15:32:00.845 [main-68] INFO  com.sh.stt.listener.LogListener.onTestSkipped - ========com.sh.stt.testcase.index.XJIndexTest.featureListTest跳过测试========
]]></system-out>
  </testcase>
  <testcase name="beforeClass" classname="com.sh.stt.testcase.index.XZIndexTest" time="14.441">
    <failure type="java.lang.NullPointerException">java.lang.NullPointerException
</failure>
    <system-out><![CDATA[2020-07-07 15:32:00.866 [main-133] ERROR com.sh.stt.base.BaseDriver.startBrowser - chrome浏览器启动失败！
]]></system-out>
    <system-err><![CDATA[java.lang.IllegalStateException: The driver executable does not exist: D:\IDEA\wap-selenium\target\test-classes\driver\driver\chromedriver.exe
	at com.google.common.base.Preconditions.checkState(Preconditions.java:585)
	at org.openqa.selenium.remote.service.DriverService.checkExecutable(DriverService.java:146)
	at org.openqa.selenium.remote.service.DriverService.findExecutable(DriverService.java:141)
	at org.openqa.selenium.chrome.ChromeDriverService.access$000(ChromeDriverService.java:35)
	at org.openqa.selenium.chrome.ChromeDriverService$Builder.findDefaultExecutable(ChromeDriverService.java:159)
	at org.openqa.selenium.remote.service.DriverService$Builder.build(DriverService.java:355)
	at org.openqa.selenium.chrome.ChromeDriverService.createDefaultService(ChromeDriverService.java:94)
	at org.openqa.selenium.chrome.ChromeDriver.<init>(ChromeDriver.java:157)
	at com.sh.stt.base.BaseDriver.startBrowser(BaseDriver.java:130)
	at com.sh.stt.base.BaseTest.beforeClass(BaseTest.java:60)
	at sun.reflect.GeneratedMethodAccessor33.invoke(Unknown Source)
	at sun.reflect.DelegatingMethodAccessorImpl.invoke(DelegatingMethodAccessorImpl.java:43)
	at java.lang.reflect.Method.invoke(Method.java:498)
	at org.testng.internal.MethodInvocationHelper.invokeMethod(MethodInvocationHelper.java:124)
	at org.testng.internal.MethodInvocationHelper.invokeMethodConsideringTimeout(MethodInvocationHelper.java:59)
	at org.testng.internal.Invoker.invokeConfigurationMethod(Invoker.java:458)
	at org.testng.internal.Invoker.invokeConfigurations(Invoker.java:222)
	at org.testng.internal.Invoker.invokeConfigurations(Invoker.java:142)
	at org.testng.internal.TestMethodWorker.invokeBeforeClassMethods(TestMethodWorker.java:168)
	at org.testng.internal.TestMethodWorker.run(TestMethodWorker.java:105)
	at org.testng.TestRunner.privateRun(TestRunner.java:648)
	at org.testng.TestRunner.run(TestRunner.java:505)
	at org.testng.SuiteRunner.runTest(SuiteRunner.java:455)
	at org.testng.SuiteRunner.runSequentially(SuiteRunner.java:450)
	at org.testng.SuiteRunner.privateRun(SuiteRunner.java:415)
	at org.testng.SuiteRunner.run(SuiteRunner.java:364)
	at org.testng.SuiteRunnerWorker.runSuite(SuiteRunnerWorker.java:52)
	at org.testng.SuiteRunnerWorker.run(SuiteRunnerWorker.java:84)
	at org.testng.TestNG.runSuitesSequentially(TestNG.java:1208)
	at org.testng.TestNG.runSuitesSequentially(TestNG.java:1204)
	at org.testng.TestNG.runSuitesLocally(TestNG.java:1137)
	at org.testng.TestNG.runSuites(TestNG.java:1049)
	at org.testng.TestNG.run(TestNG.java:1017)
	at org.apache.maven.surefire.testng.TestNGExecutor.run(TestNGExecutor.java:283)
	at org.apache.maven.surefire.testng.TestNGXmlTestSuite.execute(TestNGXmlTestSuite.java:75)
	at org.apache.maven.surefire.testng.TestNGProvider.invoke(TestNGProvider.java:120)
	at org.apache.maven.surefire.booter.ForkedBooter.invokeProviderInSameClassLoader(ForkedBooter.java:384)
	at org.apache.maven.surefire.booter.ForkedBooter.runSuitesInProcess(ForkedBooter.java:345)
	at org.apache.maven.surefire.booter.ForkedBooter.execute(ForkedBooter.java:126)
	at org.apache.maven.surefire.booter.ForkedBooter.main(ForkedBooter.java:418)
]]></system-err>
  </testcase>
  <testcase name="beforeMethod" classname="com.sh.stt.testcase.index.XZIndexTest" time="0">
    <skipped/>
  </testcase>
  <testcase name="beforeMethod" classname="com.sh.stt.testcase.index.XZIndexTest" time="0">
    <skipped/>
    <system-out><![CDATA[2020-07-07 15:32:00.872 [main-68] INFO  com.sh.stt.listener.LogListener.onTestSkipped - ========com.sh.stt.testcase.index.XZIndexTest.advBannerListTest跳过测试========
]]></system-out>
  </testcase>
  <testcase name="beforeMethod" classname="com.sh.stt.testcase.index.XZIndexTest" time="0">
    <skipped/>
    <system-out><![CDATA[2020-07-07 15:32:00.875 [main-68] INFO  com.sh.stt.listener.LogListener.onTestSkipped - ========com.sh.stt.testcase.index.XZIndexTest.quickListTest跳过测试========
]]></system-out>
  </testcase>
  <testcase name="beforeMethod" classname="com.sh.stt.testcase.index.XZIndexTest" time="0">
    <skipped/>
    <system-out><![CDATA[2020-07-07 15:32:00.879 [main-68] INFO  com.sh.stt.listener.LogListener.onTestSkipped - ========com.sh.stt.testcase.index.XZIndexTest.tlAdvListTest跳过测试========
]]></system-out>
  </testcase>
  <testcase name="beforeMethod" classname="com.sh.stt.testcase.index.XZIndexTest" time="0">
    <skipped/>
    <system-out><![CDATA[2020-07-07 15:32:00.883 [main-68] INFO  com.sh.stt.listener.LogListener.onTestSkipped - ========com.sh.stt.testcase.index.XZIndexTest.familyShareListTest跳过测试========
]]></system-out>
  </testcase>
  <testcase name="beforeMethod" classname="com.sh.stt.testcase.index.XZIndexTest" time="0">
    <skipped/>
    <system-out><![CDATA[2020-07-07 15:32:00.886 [main-68] INFO  com.sh.stt.listener.LogListener.onTestSkipped - ========com.sh.stt.testcase.index.XZIndexTest.terminalRecomListTest跳过测试========
]]></system-out>
  </testcase>
  <testcase name="beforeMethod" classname="com.sh.stt.testcase.index.XZIndexTest" time="0">
    <skipped/>
    <system-out><![CDATA[2020-07-07 15:32:00.890 [main-68] INFO  com.sh.stt.listener.LogListener.onTestSkipped - ========com.sh.stt.testcase.index.XZIndexTest.serviceRecomListTest跳过测试========
]]></system-out>
  </testcase>
  <testcase name="beforeMethod" classname="com.sh.stt.testcase.index.XZIndexTest" time="0">
    <skipped/>
    <system-out><![CDATA[2020-07-07 15:32:00.894 [main-68] INFO  com.sh.stt.listener.LogListener.onTestSkipped - ========com.sh.stt.testcase.index.XZIndexTest.cardRecomLeftTest跳过测试========
]]></system-out>
  </testcase>
  <testcase name="beforeMethod" classname="com.sh.stt.testcase.index.XZIndexTest" time="0">
    <skipped/>
    <system-out><![CDATA[2020-07-07 15:32:00.897 [main-68] INFO  com.sh.stt.listener.LogListener.onTestSkipped - ========com.sh.stt.testcase.index.XZIndexTest.cardRecomRightListTest跳过测试========
]]></system-out>
  </testcase>
  <testcase name="advBannerListTest" classname="com.sh.stt.testcase.index.XZIndexTest" time="0">
    <skipped/>
    <system-out><![CDATA[2020-07-07 15:32:00.869 [main-68] INFO  com.sh.stt.listener.LogListener.onTestSkipped - ========com.sh.stt.testcase.index.XZIndexTest.advBannerListTest跳过测试========
]]></system-out>
  </testcase>
  <testcase name="quickListTest" classname="com.sh.stt.testcase.index.XZIndexTest" time="0">
    <skipped/>
    <system-out><![CDATA[2020-07-07 15:32:00.872 [main-68] INFO  com.sh.stt.listener.LogListener.onTestSkipped - ========com.sh.stt.testcase.index.XZIndexTest.quickListTest跳过测试========
]]></system-out>
  </testcase>
  <testcase name="tlAdvListTest" classname="com.sh.stt.testcase.index.XZIndexTest" time="0">
    <skipped/>
    <system-out><![CDATA[2020-07-07 15:32:00.875 [main-68] INFO  com.sh.stt.listener.LogListener.onTestSkipped - ========com.sh.stt.testcase.index.XZIndexTest.tlAdvListTest跳过测试========
]]></system-out>
  </testcase>
  <testcase name="familyShareListTest" classname="com.sh.stt.testcase.index.XZIndexTest" time="0">
    <skipped/>
    <system-out><![CDATA[2020-07-07 15:32:00.880 [main-68] INFO  com.sh.stt.listener.LogListener.onTestSkipped - ========com.sh.stt.testcase.index.XZIndexTest.familyShareListTest跳过测试========
]]></system-out>
  </testcase>
  <testcase name="terminalRecomListTest" classname="com.sh.stt.testcase.index.XZIndexTest" time="0">
    <skipped/>
    <system-out><![CDATA[2020-07-07 15:32:00.883 [main-68] INFO  com.sh.stt.listener.LogListener.onTestSkipped - ========com.sh.stt.testcase.index.XZIndexTest.terminalRecomListTest跳过测试========
]]></system-out>
  </testcase>
  <testcase name="serviceRecomListTest" classname="com.sh.stt.testcase.index.XZIndexTest" time="0">
    <skipped/>
    <system-out><![CDATA[2020-07-07 15:32:00.887 [main-68] INFO  com.sh.stt.listener.LogListener.onTestSkipped - ========com.sh.stt.testcase.index.XZIndexTest.serviceRecomListTest跳过测试========
]]></system-out>
  </testcase>
  <testcase name="cardRecomLeftTest" classname="com.sh.stt.testcase.index.XZIndexTest" time="0">
    <skipped/>
    <system-out><![CDATA[2020-07-07 15:32:00.890 [main-68] INFO  com.sh.stt.listener.LogListener.onTestSkipped - ========com.sh.stt.testcase.index.XZIndexTest.cardRecomLeftTest跳过测试========
]]></system-out>
  </testcase>
  <testcase name="cardRecomRightListTest" classname="com.sh.stt.testcase.index.XZIndexTest" time="0">
    <skipped/>
    <system-out><![CDATA[2020-07-07 15:32:00.894 [main-68] INFO  com.sh.stt.listener.LogListener.onTestSkipped - ========com.sh.stt.testcase.index.XZIndexTest.cardRecomRightListTest跳过测试========
]]></system-out>
  </testcase>
  <testcase name="featureListTest" classname="com.sh.stt.testcase.index.XZIndexTest" time="0">
    <skipped/>
    <system-out><![CDATA[2020-07-07 15:32:00.897 [main-68] INFO  com.sh.stt.listener.LogListener.onTestSkipped - ========com.sh.stt.testcase.index.XZIndexTest.featureListTest跳过测试========
]]></system-out>
  </testcase>
  <testcase name="afterClass" classname="com.sh.stt.testcase.index.XZIndexTest" time="14.621">
    <failure type="java.lang.NullPointerException">java.lang.NullPointerException
</failure>
    <system-out><![CDATA[2020-07-07 15:32:00.901 [main-68] INFO  com.sh.stt.listener.LogListener.onTestSkipped - ========com.sh.stt.testcase.index.XZIndexTest.featureListTest跳过测试========
]]></system-out>
  </testcase>
  <testcase name="beforeClass" classname="com.sh.stt.testcase.index.YNIndexTest" time="14.81">
    <failure type="java.lang.NullPointerException">java.lang.NullPointerException
</failure>
    <system-out><![CDATA[2020-07-07 15:32:00.922 [main-133] ERROR com.sh.stt.base.BaseDriver.startBrowser - chrome浏览器启动失败！
]]></system-out>
    <system-err><![CDATA[java.lang.IllegalStateException: The driver executable does not exist: D:\IDEA\wap-selenium\target\test-classes\driver\driver\chromedriver.exe
	at com.google.common.base.Preconditions.checkState(Preconditions.java:585)
	at org.openqa.selenium.remote.service.DriverService.checkExecutable(DriverService.java:146)
	at org.openqa.selenium.remote.service.DriverService.findExecutable(DriverService.java:141)
	at org.openqa.selenium.chrome.ChromeDriverService.access$000(ChromeDriverService.java:35)
	at org.openqa.selenium.chrome.ChromeDriverService$Builder.findDefaultExecutable(ChromeDriverService.java:159)
	at org.openqa.selenium.remote.service.DriverService$Builder.build(DriverService.java:355)
	at org.openqa.selenium.chrome.ChromeDriverService.createDefaultService(ChromeDriverService.java:94)
	at org.openqa.selenium.chrome.ChromeDriver.<init>(ChromeDriver.java:157)
	at com.sh.stt.base.BaseDriver.startBrowser(BaseDriver.java:130)
	at com.sh.stt.base.BaseTest.beforeClass(BaseTest.java:60)
	at sun.reflect.GeneratedMethodAccessor33.invoke(Unknown Source)
	at sun.reflect.DelegatingMethodAccessorImpl.invoke(DelegatingMethodAccessorImpl.java:43)
	at java.lang.reflect.Method.invoke(Method.java:498)
	at org.testng.internal.MethodInvocationHelper.invokeMethod(MethodInvocationHelper.java:124)
	at org.testng.internal.MethodInvocationHelper.invokeMethodConsideringTimeout(MethodInvocationHelper.java:59)
	at org.testng.internal.Invoker.invokeConfigurationMethod(Invoker.java:458)
	at org.testng.internal.Invoker.invokeConfigurations(Invoker.java:222)
	at org.testng.internal.Invoker.invokeConfigurations(Invoker.java:142)
	at org.testng.internal.TestMethodWorker.invokeBeforeClassMethods(TestMethodWorker.java:168)
	at org.testng.internal.TestMethodWorker.run(TestMethodWorker.java:105)
	at org.testng.TestRunner.privateRun(TestRunner.java:648)
	at org.testng.TestRunner.run(TestRunner.java:505)
	at org.testng.SuiteRunner.runTest(SuiteRunner.java:455)
	at org.testng.SuiteRunner.runSequentially(SuiteRunner.java:450)
	at org.testng.SuiteRunner.privateRun(SuiteRunner.java:415)
	at org.testng.SuiteRunner.run(SuiteRunner.java:364)
	at org.testng.SuiteRunnerWorker.runSuite(SuiteRunnerWorker.java:52)
	at org.testng.SuiteRunnerWorker.run(SuiteRunnerWorker.java:84)
	at org.testng.TestNG.runSuitesSequentially(TestNG.java:1208)
	at org.testng.TestNG.runSuitesSequentially(TestNG.java:1204)
	at org.testng.TestNG.runSuitesLocally(TestNG.java:1137)
	at org.testng.TestNG.runSuites(TestNG.java:1049)
	at org.testng.TestNG.run(TestNG.java:1017)
	at org.apache.maven.surefire.testng.TestNGExecutor.run(TestNGExecutor.java:283)
	at org.apache.maven.surefire.testng.TestNGXmlTestSuite.execute(TestNGXmlTestSuite.java:75)
	at org.apache.maven.surefire.testng.TestNGProvider.invoke(TestNGProvider.java:120)
	at org.apache.maven.surefire.booter.ForkedBooter.invokeProviderInSameClassLoader(ForkedBooter.java:384)
	at org.apache.maven.surefire.booter.ForkedBooter.runSuitesInProcess(ForkedBooter.java:345)
	at org.apache.maven.surefire.booter.ForkedBooter.execute(ForkedBooter.java:126)
	at org.apache.maven.surefire.booter.ForkedBooter.main(ForkedBooter.java:418)
]]></system-err>
  </testcase>
  <testcase name="beforeMethod" classname="com.sh.stt.testcase.index.YNIndexTest" time="0">
    <skipped/>
  </testcase>
  <testcase name="beforeMethod" classname="com.sh.stt.testcase.index.YNIndexTest" time="0">
    <skipped/>
    <system-out><![CDATA[2020-07-07 15:32:00.930 [main-68] INFO  com.sh.stt.listener.LogListener.onTestSkipped - ========com.sh.stt.testcase.index.YNIndexTest.advBannerListTest跳过测试========
]]></system-out>
  </testcase>
  <testcase name="beforeMethod" classname="com.sh.stt.testcase.index.YNIndexTest" time="0">
    <skipped/>
    <system-out><![CDATA[2020-07-07 15:32:00.935 [main-68] INFO  com.sh.stt.listener.LogListener.onTestSkipped - ========com.sh.stt.testcase.index.YNIndexTest.quickListTest跳过测试========
]]></system-out>
  </testcase>
  <testcase name="beforeMethod" classname="com.sh.stt.testcase.index.YNIndexTest" time="0">
    <skipped/>
    <system-out><![CDATA[2020-07-07 15:32:00.938 [main-68] INFO  com.sh.stt.listener.LogListener.onTestSkipped - ========com.sh.stt.testcase.index.YNIndexTest.tlAdvListTest跳过测试========
]]></system-out>
  </testcase>
  <testcase name="beforeMethod" classname="com.sh.stt.testcase.index.YNIndexTest" time="0">
    <skipped/>
    <system-out><![CDATA[2020-07-07 15:32:00.942 [main-68] INFO  com.sh.stt.listener.LogListener.onTestSkipped - ========com.sh.stt.testcase.index.YNIndexTest.familyShareListTest跳过测试========
]]></system-out>
  </testcase>
  <testcase name="beforeMethod" classname="com.sh.stt.testcase.index.YNIndexTest" time="0">
    <skipped/>
    <system-out><![CDATA[2020-07-07 15:32:00.947 [main-68] INFO  com.sh.stt.listener.LogListener.onTestSkipped - ========com.sh.stt.testcase.index.YNIndexTest.terminalRecomListTest跳过测试========
]]></system-out>
  </testcase>
  <testcase name="beforeMethod" classname="com.sh.stt.testcase.index.YNIndexTest" time="0">
    <skipped/>
    <system-out><![CDATA[2020-07-07 15:32:00.951 [main-68] INFO  com.sh.stt.listener.LogListener.onTestSkipped - ========com.sh.stt.testcase.index.YNIndexTest.serviceRecomListTest跳过测试========
]]></system-out>
  </testcase>
  <testcase name="beforeMethod" classname="com.sh.stt.testcase.index.YNIndexTest" time="0">
    <skipped/>
    <system-out><![CDATA[2020-07-07 15:32:00.955 [main-68] INFO  com.sh.stt.listener.LogListener.onTestSkipped - ========com.sh.stt.testcase.index.YNIndexTest.cardRecomLeftTest跳过测试========
]]></system-out>
  </testcase>
  <testcase name="beforeMethod" classname="com.sh.stt.testcase.index.YNIndexTest" time="0">
    <skipped/>
    <system-out><![CDATA[2020-07-07 15:32:00.959 [main-68] INFO  com.sh.stt.listener.LogListener.onTestSkipped - ========com.sh.stt.testcase.index.YNIndexTest.cardRecomRightListTest跳过测试========
]]></system-out>
  </testcase>
  <testcase name="advBannerListTest" classname="com.sh.stt.testcase.index.YNIndexTest" time="0">
    <skipped/>
    <system-out><![CDATA[2020-07-07 15:32:00.927 [main-68] INFO  com.sh.stt.listener.LogListener.onTestSkipped - ========com.sh.stt.testcase.index.YNIndexTest.advBannerListTest跳过测试========
]]></system-out>
  </testcase>
  <testcase name="quickListTest" classname="com.sh.stt.testcase.index.YNIndexTest" time="0">
    <skipped/>
    <system-out><![CDATA[2020-07-07 15:32:00.931 [main-68] INFO  com.sh.stt.listener.LogListener.onTestSkipped - ========com.sh.stt.testcase.index.YNIndexTest.quickListTest跳过测试========
]]></system-out>
  </testcase>
  <testcase name="tlAdvListTest" classname="com.sh.stt.testcase.index.YNIndexTest" time="0">
    <skipped/>
    <system-out><![CDATA[2020-07-07 15:32:00.935 [main-68] INFO  com.sh.stt.listener.LogListener.onTestSkipped - ========com.sh.stt.testcase.index.YNIndexTest.tlAdvListTest跳过测试========
]]></system-out>
  </testcase>
  <testcase name="familyShareListTest" classname="com.sh.stt.testcase.index.YNIndexTest" time="0">
    <skipped/>
    <system-out><![CDATA[2020-07-07 15:32:00.939 [main-68] INFO  com.sh.stt.listener.LogListener.onTestSkipped - ========com.sh.stt.testcase.index.YNIndexTest.familyShareListTest跳过测试========
]]></system-out>
  </testcase>
  <testcase name="terminalRecomListTest" classname="com.sh.stt.testcase.index.YNIndexTest" time="0">
    <skipped/>
    <system-out><![CDATA[2020-07-07 15:32:00.943 [main-68] INFO  com.sh.stt.listener.LogListener.onTestSkipped - ========com.sh.stt.testcase.index.YNIndexTest.terminalRecomListTest跳过测试========
]]></system-out>
  </testcase>
  <testcase name="serviceRecomListTest" classname="com.sh.stt.testcase.index.YNIndexTest" time="0">
    <skipped/>
    <system-out><![CDATA[2020-07-07 15:32:00.948 [main-68] INFO  com.sh.stt.listener.LogListener.onTestSkipped - ========com.sh.stt.testcase.index.YNIndexTest.serviceRecomListTest跳过测试========
]]></system-out>
  </testcase>
  <testcase name="cardRecomLeftTest" classname="com.sh.stt.testcase.index.YNIndexTest" time="0">
    <skipped/>
    <system-out><![CDATA[2020-07-07 15:32:00.952 [main-68] INFO  com.sh.stt.listener.LogListener.onTestSkipped - ========com.sh.stt.testcase.index.YNIndexTest.cardRecomLeftTest跳过测试========
]]></system-out>
  </testcase>
  <testcase name="cardRecomRightListTest" classname="com.sh.stt.testcase.index.YNIndexTest" time="0">
    <skipped/>
    <system-out><![CDATA[2020-07-07 15:32:00.955 [main-68] INFO  com.sh.stt.listener.LogListener.onTestSkipped - ========com.sh.stt.testcase.index.YNIndexTest.cardRecomRightListTest跳过测试========
]]></system-out>
  </testcase>
  <testcase name="featureListTest" classname="com.sh.stt.testcase.index.YNIndexTest" time="0">
    <skipped/>
    <system-out><![CDATA[2020-07-07 15:32:00.959 [main-68] INFO  com.sh.stt.listener.LogListener.onTestSkipped - ========com.sh.stt.testcase.index.YNIndexTest.featureListTest跳过测试========
]]></system-out>
  </testcase>
  <testcase name="afterClass" classname="com.sh.stt.testcase.index.YNIndexTest" time="14.961">
    <failure type="java.lang.NullPointerException">java.lang.NullPointerException
</failure>
    <system-out><![CDATA[2020-07-07 15:32:00.962 [main-68] INFO  com.sh.stt.listener.LogListener.onTestSkipped - ========com.sh.stt.testcase.index.YNIndexTest.featureListTest跳过测试========
]]></system-out>
  </testcase>
  <testcase name="beforeClass" classname="com.sh.stt.testcase.index.ZJIndexTest" time="15.145">
    <failure type="java.lang.NullPointerException">java.lang.NullPointerException
</failure>
    <system-out><![CDATA[2020-07-07 15:32:00.980 [main-133] ERROR com.sh.stt.base.BaseDriver.startBrowser - chrome浏览器启动失败！
]]></system-out>
    <system-err><![CDATA[java.lang.IllegalStateException: The driver executable does not exist: D:\IDEA\wap-selenium\target\test-classes\driver\driver\chromedriver.exe
	at com.google.common.base.Preconditions.checkState(Preconditions.java:585)
	at org.openqa.selenium.remote.service.DriverService.checkExecutable(DriverService.java:146)
	at org.openqa.selenium.remote.service.DriverService.findExecutable(DriverService.java:141)
	at org.openqa.selenium.chrome.ChromeDriverService.access$000(ChromeDriverService.java:35)
	at org.openqa.selenium.chrome.ChromeDriverService$Builder.findDefaultExecutable(ChromeDriverService.java:159)
	at org.openqa.selenium.remote.service.DriverService$Builder.build(DriverService.java:355)
	at org.openqa.selenium.chrome.ChromeDriverService.createDefaultService(ChromeDriverService.java:94)
	at org.openqa.selenium.chrome.ChromeDriver.<init>(ChromeDriver.java:157)
	at com.sh.stt.base.BaseDriver.startBrowser(BaseDriver.java:130)
	at com.sh.stt.base.BaseTest.beforeClass(BaseTest.java:60)
	at sun.reflect.GeneratedMethodAccessor33.invoke(Unknown Source)
	at sun.reflect.DelegatingMethodAccessorImpl.invoke(DelegatingMethodAccessorImpl.java:43)
	at java.lang.reflect.Method.invoke(Method.java:498)
	at org.testng.internal.MethodInvocationHelper.invokeMethod(MethodInvocationHelper.java:124)
	at org.testng.internal.MethodInvocationHelper.invokeMethodConsideringTimeout(MethodInvocationHelper.java:59)
	at org.testng.internal.Invoker.invokeConfigurationMethod(Invoker.java:458)
	at org.testng.internal.Invoker.invokeConfigurations(Invoker.java:222)
	at org.testng.internal.Invoker.invokeConfigurations(Invoker.java:142)
	at org.testng.internal.TestMethodWorker.invokeBeforeClassMethods(TestMethodWorker.java:168)
	at org.testng.internal.TestMethodWorker.run(TestMethodWorker.java:105)
	at org.testng.TestRunner.privateRun(TestRunner.java:648)
	at org.testng.TestRunner.run(TestRunner.java:505)
	at org.testng.SuiteRunner.runTest(SuiteRunner.java:455)
	at org.testng.SuiteRunner.runSequentially(SuiteRunner.java:450)
	at org.testng.SuiteRunner.privateRun(SuiteRunner.java:415)
	at org.testng.SuiteRunner.run(SuiteRunner.java:364)
	at org.testng.SuiteRunnerWorker.runSuite(SuiteRunnerWorker.java:52)
	at org.testng.SuiteRunnerWorker.run(SuiteRunnerWorker.java:84)
	at org.testng.TestNG.runSuitesSequentially(TestNG.java:1208)
	at org.testng.TestNG.runSuitesSequentially(TestNG.java:1204)
	at org.testng.TestNG.runSuitesLocally(TestNG.java:1137)
	at org.testng.TestNG.runSuites(TestNG.java:1049)
	at org.testng.TestNG.run(TestNG.java:1017)
	at org.apache.maven.surefire.testng.TestNGExecutor.run(TestNGExecutor.java:283)
	at org.apache.maven.surefire.testng.TestNGXmlTestSuite.execute(TestNGXmlTestSuite.java:75)
	at org.apache.maven.surefire.testng.TestNGProvider.invoke(TestNGProvider.java:120)
	at org.apache.maven.surefire.booter.ForkedBooter.invokeProviderInSameClassLoader(ForkedBooter.java:384)
	at org.apache.maven.surefire.booter.ForkedBooter.runSuitesInProcess(ForkedBooter.java:345)
	at org.apache.maven.surefire.booter.ForkedBooter.execute(ForkedBooter.java:126)
	at org.apache.maven.surefire.booter.ForkedBooter.main(ForkedBooter.java:418)
]]></system-err>
  </testcase>
  <testcase name="beforeMethod" classname="com.sh.stt.testcase.index.ZJIndexTest" time="0">
    <skipped/>
  </testcase>
  <testcase name="beforeMethod" classname="com.sh.stt.testcase.index.ZJIndexTest" time="0">
    <skipped/>
    <system-out><![CDATA[2020-07-07 15:32:00.986 [main-68] INFO  com.sh.stt.listener.LogListener.onTestSkipped - ========com.sh.stt.testcase.index.ZJIndexTest.advBannerListTest跳过测试========
]]></system-out>
  </testcase>
  <testcase name="beforeMethod" classname="com.sh.stt.testcase.index.ZJIndexTest" time="0">
    <skipped/>
    <system-out><![CDATA[2020-07-07 15:32:00.989 [main-68] INFO  com.sh.stt.listener.LogListener.onTestSkipped - ========com.sh.stt.testcase.index.ZJIndexTest.quickListTest跳过测试========
]]></system-out>
  </testcase>
  <testcase name="beforeMethod" classname="com.sh.stt.testcase.index.ZJIndexTest" time="0">
    <skipped/>
    <system-out><![CDATA[2020-07-07 15:32:00.993 [main-68] INFO  com.sh.stt.listener.LogListener.onTestSkipped - ========com.sh.stt.testcase.index.ZJIndexTest.tlAdvListTest跳过测试========
]]></system-out>
  </testcase>
  <testcase name="beforeMethod" classname="com.sh.stt.testcase.index.ZJIndexTest" time="0">
    <skipped/>
    <system-out><![CDATA[2020-07-07 15:32:00.996 [main-68] INFO  com.sh.stt.listener.LogListener.onTestSkipped - ========com.sh.stt.testcase.index.ZJIndexTest.familyShareListTest跳过测试========
]]></system-out>
  </testcase>
  <testcase name="beforeMethod" classname="com.sh.stt.testcase.index.ZJIndexTest" time="0">
    <skipped/>
    <system-out><![CDATA[2020-07-07 15:32:01.000 [main-68] INFO  com.sh.stt.listener.LogListener.onTestSkipped - ========com.sh.stt.testcase.index.ZJIndexTest.terminalRecomListTest跳过测试========
]]></system-out>
  </testcase>
  <testcase name="beforeMethod" classname="com.sh.stt.testcase.index.ZJIndexTest" time="0">
    <skipped/>
    <system-out><![CDATA[2020-07-07 15:32:01.004 [main-68] INFO  com.sh.stt.listener.LogListener.onTestSkipped - ========com.sh.stt.testcase.index.ZJIndexTest.serviceRecomListTest跳过测试========
]]></system-out>
  </testcase>
  <testcase name="beforeMethod" classname="com.sh.stt.testcase.index.ZJIndexTest" time="0">
    <skipped/>
    <system-out><![CDATA[2020-07-07 15:32:01.007 [main-68] INFO  com.sh.stt.listener.LogListener.onTestSkipped - ========com.sh.stt.testcase.index.ZJIndexTest.cardRecomLeftTest跳过测试========
]]></system-out>
  </testcase>
  <testcase name="beforeMethod" classname="com.sh.stt.testcase.index.ZJIndexTest" time="0">
    <skipped/>
    <system-out><![CDATA[2020-07-07 15:32:01.010 [main-68] INFO  com.sh.stt.listener.LogListener.onTestSkipped - ========com.sh.stt.testcase.index.ZJIndexTest.cardRecomRightListTest跳过测试========
]]></system-out>
  </testcase>
  <testcase name="advBannerListTest" classname="com.sh.stt.testcase.index.ZJIndexTest" time="0">
    <skipped/>
    <system-out><![CDATA[2020-07-07 15:32:00.984 [main-68] INFO  com.sh.stt.listener.LogListener.onTestSkipped - ========com.sh.stt.testcase.index.ZJIndexTest.advBannerListTest跳过测试========
]]></system-out>
  </testcase>
  <testcase name="quickListTest" classname="com.sh.stt.testcase.index.ZJIndexTest" time="0">
    <skipped/>
    <system-out><![CDATA[2020-07-07 15:32:00.987 [main-68] INFO  com.sh.stt.listener.LogListener.onTestSkipped - ========com.sh.stt.testcase.index.ZJIndexTest.quickListTest跳过测试========
]]></system-out>
  </testcase>
  <testcase name="tlAdvListTest" classname="com.sh.stt.testcase.index.ZJIndexTest" time="0">
    <skipped/>
    <system-out><![CDATA[2020-07-07 15:32:00.990 [main-68] INFO  com.sh.stt.listener.LogListener.onTestSkipped - ========com.sh.stt.testcase.index.ZJIndexTest.tlAdvListTest跳过测试========
]]></system-out>
  </testcase>
  <testcase name="familyShareListTest" classname="com.sh.stt.testcase.index.ZJIndexTest" time="0">
    <skipped/>
    <system-out><![CDATA[2020-07-07 15:32:00.993 [main-68] INFO  com.sh.stt.listener.LogListener.onTestSkipped - ========com.sh.stt.testcase.index.ZJIndexTest.familyShareListTest跳过测试========
]]></system-out>
  </testcase>
  <testcase name="terminalRecomListTest" classname="com.sh.stt.testcase.index.ZJIndexTest" time="0">
    <skipped/>
    <system-out><![CDATA[2020-07-07 15:32:00.997 [main-68] INFO  com.sh.stt.listener.LogListener.onTestSkipped - ========com.sh.stt.testcase.index.ZJIndexTest.terminalRecomListTest跳过测试========
]]></system-out>
  </testcase>
  <testcase name="serviceRecomListTest" classname="com.sh.stt.testcase.index.ZJIndexTest" time="0">
    <skipped/>
    <system-out><![CDATA[2020-07-07 15:32:01.001 [main-68] INFO  com.sh.stt.listener.LogListener.onTestSkipped - ========com.sh.stt.testcase.index.ZJIndexTest.serviceRecomListTest跳过测试========
]]></system-out>
  </testcase>
  <testcase name="cardRecomLeftTest" classname="com.sh.stt.testcase.index.ZJIndexTest" time="0">
    <skipped/>
    <system-out><![CDATA[2020-07-07 15:32:01.004 [main-68] INFO  com.sh.stt.listener.LogListener.onTestSkipped - ========com.sh.stt.testcase.index.ZJIndexTest.cardRecomLeftTest跳过测试========
]]></system-out>
  </testcase>
  <testcase name="cardRecomRightListTest" classname="com.sh.stt.testcase.index.ZJIndexTest" time="0">
    <skipped/>
    <system-out><![CDATA[2020-07-07 15:32:01.007 [main-68] INFO  com.sh.stt.listener.LogListener.onTestSkipped - ========com.sh.stt.testcase.index.ZJIndexTest.cardRecomRightListTest跳过测试========
]]></system-out>
  </testcase>
  <testcase name="featureListTest" classname="com.sh.stt.testcase.index.ZJIndexTest" time="0">
    <skipped/>
    <system-out><![CDATA[2020-07-07 15:32:01.011 [main-68] INFO  com.sh.stt.listener.LogListener.onTestSkipped - ========com.sh.stt.testcase.index.ZJIndexTest.featureListTest跳过测试========
]]></system-out>
  </testcase>
  <testcase name="afterClass" classname="com.sh.stt.testcase.index.ZJIndexTest" time="15.293">
    <failure type="java.lang.NullPointerException">java.lang.NullPointerException
</failure>
    <system-out><![CDATA[2020-07-07 15:32:01.013 [main-68] INFO  com.sh.stt.listener.LogListener.onTestSkipped - ========com.sh.stt.testcase.index.ZJIndexTest.featureListTest跳过测试========
]]></system-out>
  </testcase>
  <testcase name="beforeClass" classname="com.sh.stt.testcase.yw.BJYWTest" time="15.466">
    <failure type="java.lang.NullPointerException">java.lang.NullPointerException
</failure>
    <system-out><![CDATA[2020-07-07 15:32:01.033 [main-133] ERROR com.sh.stt.base.BaseDriver.startBrowser - chrome浏览器启动失败！
]]></system-out>
    <system-err><![CDATA[java.lang.IllegalStateException: The driver executable does not exist: D:\IDEA\wap-selenium\target\test-classes\driver\driver\chromedriver.exe
	at com.google.common.base.Preconditions.checkState(Preconditions.java:585)
	at org.openqa.selenium.remote.service.DriverService.checkExecutable(DriverService.java:146)
	at org.openqa.selenium.remote.service.DriverService.findExecutable(DriverService.java:141)
	at org.openqa.selenium.chrome.ChromeDriverService.access$000(ChromeDriverService.java:35)
	at org.openqa.selenium.chrome.ChromeDriverService$Builder.findDefaultExecutable(ChromeDriverService.java:159)
	at org.openqa.selenium.remote.service.DriverService$Builder.build(DriverService.java:355)
	at org.openqa.selenium.chrome.ChromeDriverService.createDefaultService(ChromeDriverService.java:94)
	at org.openqa.selenium.chrome.ChromeDriver.<init>(ChromeDriver.java:157)
	at com.sh.stt.base.BaseDriver.startBrowser(BaseDriver.java:130)
	at com.sh.stt.base.BaseTest.beforeClass(BaseTest.java:60)
	at sun.reflect.GeneratedMethodAccessor33.invoke(Unknown Source)
	at sun.reflect.DelegatingMethodAccessorImpl.invoke(DelegatingMethodAccessorImpl.java:43)
	at java.lang.reflect.Method.invoke(Method.java:498)
	at org.testng.internal.MethodInvocationHelper.invokeMethod(MethodInvocationHelper.java:124)
	at org.testng.internal.MethodInvocationHelper.invokeMethodConsideringTimeout(MethodInvocationHelper.java:59)
	at org.testng.internal.Invoker.invokeConfigurationMethod(Invoker.java:458)
	at org.testng.internal.Invoker.invokeConfigurations(Invoker.java:222)
	at org.testng.internal.Invoker.invokeConfigurations(Invoker.java:142)
	at org.testng.internal.TestMethodWorker.invokeBeforeClassMethods(TestMethodWorker.java:168)
	at org.testng.internal.TestMethodWorker.run(TestMethodWorker.java:105)
	at org.testng.TestRunner.privateRun(TestRunner.java:648)
	at org.testng.TestRunner.run(TestRunner.java:505)
	at org.testng.SuiteRunner.runTest(SuiteRunner.java:455)
	at org.testng.SuiteRunner.runSequentially(SuiteRunner.java:450)
	at org.testng.SuiteRunner.privateRun(SuiteRunner.java:415)
	at org.testng.SuiteRunner.run(SuiteRunner.java:364)
	at org.testng.SuiteRunnerWorker.runSuite(SuiteRunnerWorker.java:52)
	at org.testng.SuiteRunnerWorker.run(SuiteRunnerWorker.java:84)
	at org.testng.TestNG.runSuitesSequentially(TestNG.java:1208)
	at org.testng.TestNG.runSuitesSequentially(TestNG.java:1204)
	at org.testng.TestNG.runSuitesLocally(TestNG.java:1137)
	at org.testng.TestNG.runSuites(TestNG.java:1049)
	at org.testng.TestNG.run(TestNG.java:1017)
	at org.apache.maven.surefire.testng.TestNGExecutor.run(TestNGExecutor.java:283)
	at org.apache.maven.surefire.testng.TestNGXmlTestSuite.execute(TestNGXmlTestSuite.java:75)
	at org.apache.maven.surefire.testng.TestNGProvider.invoke(TestNGProvider.java:120)
	at org.apache.maven.surefire.booter.ForkedBooter.invokeProviderInSameClassLoader(ForkedBooter.java:384)
	at org.apache.maven.surefire.booter.ForkedBooter.runSuitesInProcess(ForkedBooter.java:345)
	at org.apache.maven.surefire.booter.ForkedBooter.execute(ForkedBooter.java:126)
	at org.apache.maven.surefire.booter.ForkedBooter.main(ForkedBooter.java:418)
]]></system-err>
  </testcase>
  <testcase name="beforeMethod" classname="com.sh.stt.testcase.yw.BJYWTest" time="0">
    <skipped/>
  </testcase>
  <testcase name="ywContentListTest" classname="com.sh.stt.testcase.yw.BJYWTest" time="0">
    <skipped/>
    <system-out><![CDATA[2020-07-07 15:32:01.039 [main-68] INFO  com.sh.stt.listener.LogListener.onTestSkipped - ========com.sh.stt.testcase.yw.BJYWTest.ywContentListTest跳过测试========
]]></system-out>
  </testcase>
  <testcase name="afterClass" classname="com.sh.stt.testcase.yw.BJYWTest" time="15.48">
    <failure type="java.lang.NullPointerException">java.lang.NullPointerException
</failure>
    <system-out><![CDATA[2020-07-07 15:32:01.042 [main-68] INFO  com.sh.stt.listener.LogListener.onTestSkipped - ========com.sh.stt.testcase.yw.BJYWTest.ywContentListTest跳过测试========
]]></system-out>
  </testcase>
  <testcase name="beforeClass" classname="com.sh.stt.testcase.yw.AHYWTest" time="15.677">
    <failure type="java.lang.NullPointerException">java.lang.NullPointerException
</failure>
    <system-out><![CDATA[2020-07-07 15:32:01.061 [main-133] ERROR com.sh.stt.base.BaseDriver.startBrowser - chrome浏览器启动失败！
]]></system-out>
    <system-err><![CDATA[java.lang.IllegalStateException: The driver executable does not exist: D:\IDEA\wap-selenium\target\test-classes\driver\driver\chromedriver.exe
	at com.google.common.base.Preconditions.checkState(Preconditions.java:585)
	at org.openqa.selenium.remote.service.DriverService.checkExecutable(DriverService.java:146)
	at org.openqa.selenium.remote.service.DriverService.findExecutable(DriverService.java:141)
	at org.openqa.selenium.chrome.ChromeDriverService.access$000(ChromeDriverService.java:35)
	at org.openqa.selenium.chrome.ChromeDriverService$Builder.findDefaultExecutable(ChromeDriverService.java:159)
	at org.openqa.selenium.remote.service.DriverService$Builder.build(DriverService.java:355)
	at org.openqa.selenium.chrome.ChromeDriverService.createDefaultService(ChromeDriverService.java:94)
	at org.openqa.selenium.chrome.ChromeDriver.<init>(ChromeDriver.java:157)
	at com.sh.stt.base.BaseDriver.startBrowser(BaseDriver.java:130)
	at com.sh.stt.base.BaseTest.beforeClass(BaseTest.java:60)
	at sun.reflect.GeneratedMethodAccessor33.invoke(Unknown Source)
	at sun.reflect.DelegatingMethodAccessorImpl.invoke(DelegatingMethodAccessorImpl.java:43)
	at java.lang.reflect.Method.invoke(Method.java:498)
	at org.testng.internal.MethodInvocationHelper.invokeMethod(MethodInvocationHelper.java:124)
	at org.testng.internal.MethodInvocationHelper.invokeMethodConsideringTimeout(MethodInvocationHelper.java:59)
	at org.testng.internal.Invoker.invokeConfigurationMethod(Invoker.java:458)
	at org.testng.internal.Invoker.invokeConfigurations(Invoker.java:222)
	at org.testng.internal.Invoker.invokeConfigurations(Invoker.java:142)
	at org.testng.internal.TestMethodWorker.invokeBeforeClassMethods(TestMethodWorker.java:168)
	at org.testng.internal.TestMethodWorker.run(TestMethodWorker.java:105)
	at org.testng.TestRunner.privateRun(TestRunner.java:648)
	at org.testng.TestRunner.run(TestRunner.java:505)
	at org.testng.SuiteRunner.runTest(SuiteRunner.java:455)
	at org.testng.SuiteRunner.runSequentially(SuiteRunner.java:450)
	at org.testng.SuiteRunner.privateRun(SuiteRunner.java:415)
	at org.testng.SuiteRunner.run(SuiteRunner.java:364)
	at org.testng.SuiteRunnerWorker.runSuite(SuiteRunnerWorker.java:52)
	at org.testng.SuiteRunnerWorker.run(SuiteRunnerWorker.java:84)
	at org.testng.TestNG.runSuitesSequentially(TestNG.java:1208)
	at org.testng.TestNG.runSuitesSequentially(TestNG.java:1204)
	at org.testng.TestNG.runSuitesLocally(TestNG.java:1137)
	at org.testng.TestNG.runSuites(TestNG.java:1049)
	at org.testng.TestNG.run(TestNG.java:1017)
	at org.apache.maven.surefire.testng.TestNGExecutor.run(TestNGExecutor.java:283)
	at org.apache.maven.surefire.testng.TestNGXmlTestSuite.execute(TestNGXmlTestSuite.java:75)
	at org.apache.maven.surefire.testng.TestNGProvider.invoke(TestNGProvider.java:120)
	at org.apache.maven.surefire.booter.ForkedBooter.invokeProviderInSameClassLoader(ForkedBooter.java:384)
	at org.apache.maven.surefire.booter.ForkedBooter.runSuitesInProcess(ForkedBooter.java:345)
	at org.apache.maven.surefire.booter.ForkedBooter.execute(ForkedBooter.java:126)
	at org.apache.maven.surefire.booter.ForkedBooter.main(ForkedBooter.java:418)
]]></system-err>
  </testcase>
  <testcase name="beforeMethod" classname="com.sh.stt.testcase.yw.AHYWTest" time="0">
    <skipped/>
  </testcase>
  <testcase name="ywContentListTest" classname="com.sh.stt.testcase.yw.AHYWTest" time="0">
    <skipped/>
    <system-out><![CDATA[2020-07-07 15:32:01.065 [main-68] INFO  com.sh.stt.listener.LogListener.onTestSkipped - ========com.sh.stt.testcase.yw.AHYWTest.ywContentListTest跳过测试========
]]></system-out>
  </testcase>
  <testcase name="afterClass" classname="com.sh.stt.testcase.yw.AHYWTest" time="15.694">
    <failure type="java.lang.NullPointerException">java.lang.NullPointerException
</failure>
    <system-out><![CDATA[2020-07-07 15:32:01.068 [main-68] INFO  com.sh.stt.listener.LogListener.onTestSkipped - ========com.sh.stt.testcase.yw.AHYWTest.ywContentListTest跳过测试========
]]></system-out>
  </testcase>
  <testcase name="beforeClass" classname="com.sh.stt.testcase.yw.CQYWTest" time="15.916">
    <failure type="java.lang.NullPointerException">java.lang.NullPointerException
</failure>
    <system-out><![CDATA[2020-07-07 15:32:01.089 [main-133] ERROR com.sh.stt.base.BaseDriver.startBrowser - chrome浏览器启动失败！
]]></system-out>
    <system-err><![CDATA[java.lang.IllegalStateException: The driver executable does not exist: D:\IDEA\wap-selenium\target\test-classes\driver\driver\chromedriver.exe
	at com.google.common.base.Preconditions.checkState(Preconditions.java:585)
	at org.openqa.selenium.remote.service.DriverService.checkExecutable(DriverService.java:146)
	at org.openqa.selenium.remote.service.DriverService.findExecutable(DriverService.java:141)
	at org.openqa.selenium.chrome.ChromeDriverService.access$000(ChromeDriverService.java:35)
	at org.openqa.selenium.chrome.ChromeDriverService$Builder.findDefaultExecutable(ChromeDriverService.java:159)
	at org.openqa.selenium.remote.service.DriverService$Builder.build(DriverService.java:355)
	at org.openqa.selenium.chrome.ChromeDriverService.createDefaultService(ChromeDriverService.java:94)
	at org.openqa.selenium.chrome.ChromeDriver.<init>(ChromeDriver.java:157)
	at com.sh.stt.base.BaseDriver.startBrowser(BaseDriver.java:130)
	at com.sh.stt.base.BaseTest.beforeClass(BaseTest.java:60)
	at sun.reflect.GeneratedMethodAccessor33.invoke(Unknown Source)
	at sun.reflect.DelegatingMethodAccessorImpl.invoke(DelegatingMethodAccessorImpl.java:43)
	at java.lang.reflect.Method.invoke(Method.java:498)
	at org.testng.internal.MethodInvocationHelper.invokeMethod(MethodInvocationHelper.java:124)
	at org.testng.internal.MethodInvocationHelper.invokeMethodConsideringTimeout(MethodInvocationHelper.java:59)
	at org.testng.internal.Invoker.invokeConfigurationMethod(Invoker.java:458)
	at org.testng.internal.Invoker.invokeConfigurations(Invoker.java:222)
	at org.testng.internal.Invoker.invokeConfigurations(Invoker.java:142)
	at org.testng.internal.TestMethodWorker.invokeBeforeClassMethods(TestMethodWorker.java:168)
	at org.testng.internal.TestMethodWorker.run(TestMethodWorker.java:105)
	at org.testng.TestRunner.privateRun(TestRunner.java:648)
	at org.testng.TestRunner.run(TestRunner.java:505)
	at org.testng.SuiteRunner.runTest(SuiteRunner.java:455)
	at org.testng.SuiteRunner.runSequentially(SuiteRunner.java:450)
	at org.testng.SuiteRunner.privateRun(SuiteRunner.java:415)
	at org.testng.SuiteRunner.run(SuiteRunner.java:364)
	at org.testng.SuiteRunnerWorker.runSuite(SuiteRunnerWorker.java:52)
	at org.testng.SuiteRunnerWorker.run(SuiteRunnerWorker.java:84)
	at org.testng.TestNG.runSuitesSequentially(TestNG.java:1208)
	at org.testng.TestNG.runSuitesSequentially(TestNG.java:1204)
	at org.testng.TestNG.runSuitesLocally(TestNG.java:1137)
	at org.testng.TestNG.runSuites(TestNG.java:1049)
	at org.testng.TestNG.run(TestNG.java:1017)
	at org.apache.maven.surefire.testng.TestNGExecutor.run(TestNGExecutor.java:283)
	at org.apache.maven.surefire.testng.TestNGXmlTestSuite.execute(TestNGXmlTestSuite.java:75)
	at org.apache.maven.surefire.testng.TestNGProvider.invoke(TestNGProvider.java:120)
	at org.apache.maven.surefire.booter.ForkedBooter.invokeProviderInSameClassLoader(ForkedBooter.java:384)
	at org.apache.maven.surefire.booter.ForkedBooter.runSuitesInProcess(ForkedBooter.java:345)
	at org.apache.maven.surefire.booter.ForkedBooter.execute(ForkedBooter.java:126)
	at org.apache.maven.surefire.booter.ForkedBooter.main(ForkedBooter.java:418)
]]></system-err>
  </testcase>
  <testcase name="beforeMethod" classname="com.sh.stt.testcase.yw.CQYWTest" time="0">
    <skipped/>
  </testcase>
  <testcase name="ywContentListTest" classname="com.sh.stt.testcase.yw.CQYWTest" time="0">
    <skipped/>
    <system-out><![CDATA[2020-07-07 15:32:01.093 [main-68] INFO  com.sh.stt.listener.LogListener.onTestSkipped - ========com.sh.stt.testcase.yw.CQYWTest.ywContentListTest跳过测试========
]]></system-out>
  </testcase>
  <testcase name="afterClass" classname="com.sh.stt.testcase.yw.CQYWTest" time="15.938">
    <failure type="java.lang.NullPointerException">java.lang.NullPointerException
</failure>
    <system-out><![CDATA[2020-07-07 15:32:01.096 [main-68] INFO  com.sh.stt.listener.LogListener.onTestSkipped - ========com.sh.stt.testcase.yw.CQYWTest.ywContentListTest跳过测试========
]]></system-out>
  </testcase>
  <testcase name="beforeClass" classname="com.sh.stt.testcase.yw.FJYWTest" time="16.165">
    <failure type="java.lang.NullPointerException">java.lang.NullPointerException
</failure>
    <system-out><![CDATA[2020-07-07 15:32:01.116 [main-133] ERROR com.sh.stt.base.BaseDriver.startBrowser - chrome浏览器启动失败！
]]></system-out>
    <system-err><![CDATA[java.lang.IllegalStateException: The driver executable does not exist: D:\IDEA\wap-selenium\target\test-classes\driver\driver\chromedriver.exe
	at com.google.common.base.Preconditions.checkState(Preconditions.java:585)
	at org.openqa.selenium.remote.service.DriverService.checkExecutable(DriverService.java:146)
	at org.openqa.selenium.remote.service.DriverService.findExecutable(DriverService.java:141)
	at org.openqa.selenium.chrome.ChromeDriverService.access$000(ChromeDriverService.java:35)
	at org.openqa.selenium.chrome.ChromeDriverService$Builder.findDefaultExecutable(ChromeDriverService.java:159)
	at org.openqa.selenium.remote.service.DriverService$Builder.build(DriverService.java:355)
	at org.openqa.selenium.chrome.ChromeDriverService.createDefaultService(ChromeDriverService.java:94)
	at org.openqa.selenium.chrome.ChromeDriver.<init>(ChromeDriver.java:157)
	at com.sh.stt.base.BaseDriver.startBrowser(BaseDriver.java:130)
	at com.sh.stt.base.BaseTest.beforeClass(BaseTest.java:60)
	at sun.reflect.GeneratedMethodAccessor33.invoke(Unknown Source)
	at sun.reflect.DelegatingMethodAccessorImpl.invoke(DelegatingMethodAccessorImpl.java:43)
	at java.lang.reflect.Method.invoke(Method.java:498)
	at org.testng.internal.MethodInvocationHelper.invokeMethod(MethodInvocationHelper.java:124)
	at org.testng.internal.MethodInvocationHelper.invokeMethodConsideringTimeout(MethodInvocationHelper.java:59)
	at org.testng.internal.Invoker.invokeConfigurationMethod(Invoker.java:458)
	at org.testng.internal.Invoker.invokeConfigurations(Invoker.java:222)
	at org.testng.internal.Invoker.invokeConfigurations(Invoker.java:142)
	at org.testng.internal.TestMethodWorker.invokeBeforeClassMethods(TestMethodWorker.java:168)
	at org.testng.internal.TestMethodWorker.run(TestMethodWorker.java:105)
	at org.testng.TestRunner.privateRun(TestRunner.java:648)
	at org.testng.TestRunner.run(TestRunner.java:505)
	at org.testng.SuiteRunner.runTest(SuiteRunner.java:455)
	at org.testng.SuiteRunner.runSequentially(SuiteRunner.java:450)
	at org.testng.SuiteRunner.privateRun(SuiteRunner.java:415)
	at org.testng.SuiteRunner.run(SuiteRunner.java:364)
	at org.testng.SuiteRunnerWorker.runSuite(SuiteRunnerWorker.java:52)
	at org.testng.SuiteRunnerWorker.run(SuiteRunnerWorker.java:84)
	at org.testng.TestNG.runSuitesSequentially(TestNG.java:1208)
	at org.testng.TestNG.runSuitesSequentially(TestNG.java:1204)
	at org.testng.TestNG.runSuitesLocally(TestNG.java:1137)
	at org.testng.TestNG.runSuites(TestNG.java:1049)
	at org.testng.TestNG.run(TestNG.java:1017)
	at org.apache.maven.surefire.testng.TestNGExecutor.run(TestNGExecutor.java:283)
	at org.apache.maven.surefire.testng.TestNGXmlTestSuite.execute(TestNGXmlTestSuite.java:75)
	at org.apache.maven.surefire.testng.TestNGProvider.invoke(TestNGProvider.java:120)
	at org.apache.maven.surefire.booter.ForkedBooter.invokeProviderInSameClassLoader(ForkedBooter.java:384)
	at org.apache.maven.surefire.booter.ForkedBooter.runSuitesInProcess(ForkedBooter.java:345)
	at org.apache.maven.surefire.booter.ForkedBooter.execute(ForkedBooter.java:126)
	at org.apache.maven.surefire.booter.ForkedBooter.main(ForkedBooter.java:418)
]]></system-err>
  </testcase>
  <testcase name="beforeMethod" classname="com.sh.stt.testcase.yw.FJYWTest" time="0">
    <skipped/>
  </testcase>
  <testcase name="ywContentListTest" classname="com.sh.stt.testcase.yw.FJYWTest" time="0">
    <skipped/>
    <system-out><![CDATA[2020-07-07 15:32:01.120 [main-68] INFO  com.sh.stt.listener.LogListener.onTestSkipped - ========com.sh.stt.testcase.yw.FJYWTest.ywContentListTest跳过测试========
]]></system-out>
  </testcase>
  <testcase name="afterClass" classname="com.sh.stt.testcase.yw.FJYWTest" time="16.183">
    <failure type="java.lang.NullPointerException">java.lang.NullPointerException
</failure>
    <system-out><![CDATA[2020-07-07 15:32:01.123 [main-68] INFO  com.sh.stt.listener.LogListener.onTestSkipped - ========com.sh.stt.testcase.yw.FJYWTest.ywContentListTest跳过测试========
]]></system-out>
  </testcase>
  <testcase name="beforeClass" classname="com.sh.stt.testcase.yw.GDYWTest" time="16.38">
    <failure type="java.lang.NullPointerException">java.lang.NullPointerException
</failure>
    <system-out><![CDATA[2020-07-07 15:32:01.142 [main-133] ERROR com.sh.stt.base.BaseDriver.startBrowser - chrome浏览器启动失败！
]]></system-out>
    <system-err><![CDATA[java.lang.IllegalStateException: The driver executable does not exist: D:\IDEA\wap-selenium\target\test-classes\driver\driver\chromedriver.exe
	at com.google.common.base.Preconditions.checkState(Preconditions.java:585)
	at org.openqa.selenium.remote.service.DriverService.checkExecutable(DriverService.java:146)
	at org.openqa.selenium.remote.service.DriverService.findExecutable(DriverService.java:141)
	at org.openqa.selenium.chrome.ChromeDriverService.access$000(ChromeDriverService.java:35)
	at org.openqa.selenium.chrome.ChromeDriverService$Builder.findDefaultExecutable(ChromeDriverService.java:159)
	at org.openqa.selenium.remote.service.DriverService$Builder.build(DriverService.java:355)
	at org.openqa.selenium.chrome.ChromeDriverService.createDefaultService(ChromeDriverService.java:94)
	at org.openqa.selenium.chrome.ChromeDriver.<init>(ChromeDriver.java:157)
	at com.sh.stt.base.BaseDriver.startBrowser(BaseDriver.java:130)
	at com.sh.stt.base.BaseTest.beforeClass(BaseTest.java:60)
	at sun.reflect.GeneratedMethodAccessor33.invoke(Unknown Source)
	at sun.reflect.DelegatingMethodAccessorImpl.invoke(DelegatingMethodAccessorImpl.java:43)
	at java.lang.reflect.Method.invoke(Method.java:498)
	at org.testng.internal.MethodInvocationHelper.invokeMethod(MethodInvocationHelper.java:124)
	at org.testng.internal.MethodInvocationHelper.invokeMethodConsideringTimeout(MethodInvocationHelper.java:59)
	at org.testng.internal.Invoker.invokeConfigurationMethod(Invoker.java:458)
	at org.testng.internal.Invoker.invokeConfigurations(Invoker.java:222)
	at org.testng.internal.Invoker.invokeConfigurations(Invoker.java:142)
	at org.testng.internal.TestMethodWorker.invokeBeforeClassMethods(TestMethodWorker.java:168)
	at org.testng.internal.TestMethodWorker.run(TestMethodWorker.java:105)
	at org.testng.TestRunner.privateRun(TestRunner.java:648)
	at org.testng.TestRunner.run(TestRunner.java:505)
	at org.testng.SuiteRunner.runTest(SuiteRunner.java:455)
	at org.testng.SuiteRunner.runSequentially(SuiteRunner.java:450)
	at org.testng.SuiteRunner.privateRun(SuiteRunner.java:415)
	at org.testng.SuiteRunner.run(SuiteRunner.java:364)
	at org.testng.SuiteRunnerWorker.runSuite(SuiteRunnerWorker.java:52)
	at org.testng.SuiteRunnerWorker.run(SuiteRunnerWorker.java:84)
	at org.testng.TestNG.runSuitesSequentially(TestNG.java:1208)
	at org.testng.TestNG.runSuitesSequentially(TestNG.java:1204)
	at org.testng.TestNG.runSuitesLocally(TestNG.java:1137)
	at org.testng.TestNG.runSuites(TestNG.java:1049)
	at org.testng.TestNG.run(TestNG.java:1017)
	at org.apache.maven.surefire.testng.TestNGExecutor.run(TestNGExecutor.java:283)
	at org.apache.maven.surefire.testng.TestNGXmlTestSuite.execute(TestNGXmlTestSuite.java:75)
	at org.apache.maven.surefire.testng.TestNGProvider.invoke(TestNGProvider.java:120)
	at org.apache.maven.surefire.booter.ForkedBooter.invokeProviderInSameClassLoader(ForkedBooter.java:384)
	at org.apache.maven.surefire.booter.ForkedBooter.runSuitesInProcess(ForkedBooter.java:345)
	at org.apache.maven.surefire.booter.ForkedBooter.execute(ForkedBooter.java:126)
	at org.apache.maven.surefire.booter.ForkedBooter.main(ForkedBooter.java:418)
]]></system-err>
  </testcase>
  <testcase name="beforeMethod" classname="com.sh.stt.testcase.yw.GDYWTest" time="0">
    <skipped/>
  </testcase>
  <testcase name="ywContentListTest" classname="com.sh.stt.testcase.yw.GDYWTest" time="0">
    <skipped/>
    <system-out><![CDATA[2020-07-07 15:32:01.146 [main-68] INFO  com.sh.stt.listener.LogListener.onTestSkipped - ========com.sh.stt.testcase.yw.GDYWTest.ywContentListTest跳过测试========
]]></system-out>
  </testcase>
  <testcase name="afterClass" classname="com.sh.stt.testcase.yw.GDYWTest" time="16.396">
    <failure type="java.lang.NullPointerException">java.lang.NullPointerException
</failure>
    <system-out><![CDATA[2020-07-07 15:32:01.150 [main-68] INFO  com.sh.stt.listener.LogListener.onTestSkipped - ========com.sh.stt.testcase.yw.GDYWTest.ywContentListTest跳过测试========
]]></system-out>
  </testcase>
  <testcase name="beforeClass" classname="com.sh.stt.testcase.yw.GXYWTest" time="16.925">
    <failure type="java.lang.NullPointerException">java.lang.NullPointerException
</failure>
    <system-out><![CDATA[2020-07-07 15:32:01.169 [main-133] ERROR com.sh.stt.base.BaseDriver.startBrowser - chrome浏览器启动失败！
]]></system-out>
    <system-err><![CDATA[java.lang.IllegalStateException: The driver executable does not exist: D:\IDEA\wap-selenium\target\test-classes\driver\driver\chromedriver.exe
	at com.google.common.base.Preconditions.checkState(Preconditions.java:585)
	at org.openqa.selenium.remote.service.DriverService.checkExecutable(DriverService.java:146)
	at org.openqa.selenium.remote.service.DriverService.findExecutable(DriverService.java:141)
	at org.openqa.selenium.chrome.ChromeDriverService.access$000(ChromeDriverService.java:35)
	at org.openqa.selenium.chrome.ChromeDriverService$Builder.findDefaultExecutable(ChromeDriverService.java:159)
	at org.openqa.selenium.remote.service.DriverService$Builder.build(DriverService.java:355)
	at org.openqa.selenium.chrome.ChromeDriverService.createDefaultService(ChromeDriverService.java:94)
	at org.openqa.selenium.chrome.ChromeDriver.<init>(ChromeDriver.java:157)
	at com.sh.stt.base.BaseDriver.startBrowser(BaseDriver.java:130)
	at com.sh.stt.base.BaseTest.beforeClass(BaseTest.java:60)
	at sun.reflect.GeneratedMethodAccessor33.invoke(Unknown Source)
	at sun.reflect.DelegatingMethodAccessorImpl.invoke(DelegatingMethodAccessorImpl.java:43)
	at java.lang.reflect.Method.invoke(Method.java:498)
	at org.testng.internal.MethodInvocationHelper.invokeMethod(MethodInvocationHelper.java:124)
	at org.testng.internal.MethodInvocationHelper.invokeMethodConsideringTimeout(MethodInvocationHelper.java:59)
	at org.testng.internal.Invoker.invokeConfigurationMethod(Invoker.java:458)
	at org.testng.internal.Invoker.invokeConfigurations(Invoker.java:222)
	at org.testng.internal.Invoker.invokeConfigurations(Invoker.java:142)
	at org.testng.internal.TestMethodWorker.invokeBeforeClassMethods(TestMethodWorker.java:168)
	at org.testng.internal.TestMethodWorker.run(TestMethodWorker.java:105)
	at org.testng.TestRunner.privateRun(TestRunner.java:648)
	at org.testng.TestRunner.run(TestRunner.java:505)
	at org.testng.SuiteRunner.runTest(SuiteRunner.java:455)
	at org.testng.SuiteRunner.runSequentially(SuiteRunner.java:450)
	at org.testng.SuiteRunner.privateRun(SuiteRunner.java:415)
	at org.testng.SuiteRunner.run(SuiteRunner.java:364)
	at org.testng.SuiteRunnerWorker.runSuite(SuiteRunnerWorker.java:52)
	at org.testng.SuiteRunnerWorker.run(SuiteRunnerWorker.java:84)
	at org.testng.TestNG.runSuitesSequentially(TestNG.java:1208)
	at org.testng.TestNG.runSuitesSequentially(TestNG.java:1204)
	at org.testng.TestNG.runSuitesLocally(TestNG.java:1137)
	at org.testng.TestNG.runSuites(TestNG.java:1049)
	at org.testng.TestNG.run(TestNG.java:1017)
	at org.apache.maven.surefire.testng.TestNGExecutor.run(TestNGExecutor.java:283)
	at org.apache.maven.surefire.testng.TestNGXmlTestSuite.execute(TestNGXmlTestSuite.java:75)
	at org.apache.maven.surefire.testng.TestNGProvider.invoke(TestNGProvider.java:120)
	at org.apache.maven.surefire.booter.ForkedBooter.invokeProviderInSameClassLoader(ForkedBooter.java:384)
	at org.apache.maven.surefire.booter.ForkedBooter.runSuitesInProcess(ForkedBooter.java:345)
	at org.apache.maven.surefire.booter.ForkedBooter.execute(ForkedBooter.java:126)
	at org.apache.maven.surefire.booter.ForkedBooter.main(ForkedBooter.java:418)
]]></system-err>
  </testcase>
  <testcase name="beforeMethod" classname="com.sh.stt.testcase.yw.GXYWTest" time="0">
    <skipped/>
  </testcase>
  <testcase name="ywContentListTest" classname="com.sh.stt.testcase.yw.GXYWTest" time="0">
    <skipped/>
    <system-out><![CDATA[2020-07-07 15:32:01.172 [main-68] INFO  com.sh.stt.listener.LogListener.onTestSkipped - ========com.sh.stt.testcase.yw.GXYWTest.ywContentListTest跳过测试========
]]></system-out>
  </testcase>
  <testcase name="afterClass" classname="com.sh.stt.testcase.yw.GXYWTest" time="16.952">
    <failure type="java.lang.NullPointerException">java.lang.NullPointerException
</failure>
    <system-out><![CDATA[2020-07-07 15:32:01.175 [main-68] INFO  com.sh.stt.listener.LogListener.onTestSkipped - ========com.sh.stt.testcase.yw.GXYWTest.ywContentListTest跳过测试========
]]></system-out>
  </testcase>
  <testcase name="beforeClass" classname="com.sh.stt.testcase.yw.GSYWTest" time="17.706">
    <failure type="java.lang.NullPointerException">java.lang.NullPointerException
</failure>
    <system-out><![CDATA[2020-07-07 15:32:01.198 [main-133] ERROR com.sh.stt.base.BaseDriver.startBrowser - chrome浏览器启动失败！
]]></system-out>
    <system-err><![CDATA[java.lang.IllegalStateException: The driver executable does not exist: D:\IDEA\wap-selenium\target\test-classes\driver\driver\chromedriver.exe
	at com.google.common.base.Preconditions.checkState(Preconditions.java:585)
	at org.openqa.selenium.remote.service.DriverService.checkExecutable(DriverService.java:146)
	at org.openqa.selenium.remote.service.DriverService.findExecutable(DriverService.java:141)
	at org.openqa.selenium.chrome.ChromeDriverService.access$000(ChromeDriverService.java:35)
	at org.openqa.selenium.chrome.ChromeDriverService$Builder.findDefaultExecutable(ChromeDriverService.java:159)
	at org.openqa.selenium.remote.service.DriverService$Builder.build(DriverService.java:355)
	at org.openqa.selenium.chrome.ChromeDriverService.createDefaultService(ChromeDriverService.java:94)
	at org.openqa.selenium.chrome.ChromeDriver.<init>(ChromeDriver.java:157)
	at com.sh.stt.base.BaseDriver.startBrowser(BaseDriver.java:130)
	at com.sh.stt.base.BaseTest.beforeClass(BaseTest.java:60)
	at sun.reflect.GeneratedMethodAccessor33.invoke(Unknown Source)
	at sun.reflect.DelegatingMethodAccessorImpl.invoke(DelegatingMethodAccessorImpl.java:43)
	at java.lang.reflect.Method.invoke(Method.java:498)
	at org.testng.internal.MethodInvocationHelper.invokeMethod(MethodInvocationHelper.java:124)
	at org.testng.internal.MethodInvocationHelper.invokeMethodConsideringTimeout(MethodInvocationHelper.java:59)
	at org.testng.internal.Invoker.invokeConfigurationMethod(Invoker.java:458)
	at org.testng.internal.Invoker.invokeConfigurations(Invoker.java:222)
	at org.testng.internal.Invoker.invokeConfigurations(Invoker.java:142)
	at org.testng.internal.TestMethodWorker.invokeBeforeClassMethods(TestMethodWorker.java:168)
	at org.testng.internal.TestMethodWorker.run(TestMethodWorker.java:105)
	at org.testng.TestRunner.privateRun(TestRunner.java:648)
	at org.testng.TestRunner.run(TestRunner.java:505)
	at org.testng.SuiteRunner.runTest(SuiteRunner.java:455)
	at org.testng.SuiteRunner.runSequentially(SuiteRunner.java:450)
	at org.testng.SuiteRunner.privateRun(SuiteRunner.java:415)
	at org.testng.SuiteRunner.run(SuiteRunner.java:364)
	at org.testng.SuiteRunnerWorker.runSuite(SuiteRunnerWorker.java:52)
	at org.testng.SuiteRunnerWorker.run(SuiteRunnerWorker.java:84)
	at org.testng.TestNG.runSuitesSequentially(TestNG.java:1208)
	at org.testng.TestNG.runSuitesSequentially(TestNG.java:1204)
	at org.testng.TestNG.runSuitesLocally(TestNG.java:1137)
	at org.testng.TestNG.runSuites(TestNG.java:1049)
	at org.testng.TestNG.run(TestNG.java:1017)
	at org.apache.maven.surefire.testng.TestNGExecutor.run(TestNGExecutor.java:283)
	at org.apache.maven.surefire.testng.TestNGXmlTestSuite.execute(TestNGXmlTestSuite.java:75)
	at org.apache.maven.surefire.testng.TestNGProvider.invoke(TestNGProvider.java:120)
	at org.apache.maven.surefire.booter.ForkedBooter.invokeProviderInSameClassLoader(ForkedBooter.java:384)
	at org.apache.maven.surefire.booter.ForkedBooter.runSuitesInProcess(ForkedBooter.java:345)
	at org.apache.maven.surefire.booter.ForkedBooter.execute(ForkedBooter.java:126)
	at org.apache.maven.surefire.booter.ForkedBooter.main(ForkedBooter.java:418)
]]></system-err>
  </testcase>
  <testcase name="beforeMethod" classname="com.sh.stt.testcase.yw.GSYWTest" time="0">
    <skipped/>
  </testcase>
  <testcase name="ywContentListTest" classname="com.sh.stt.testcase.yw.GSYWTest" time="0">
    <skipped/>
    <system-out><![CDATA[2020-07-07 15:32:01.202 [main-68] INFO  com.sh.stt.listener.LogListener.onTestSkipped - ========com.sh.stt.testcase.yw.GSYWTest.ywContentListTest跳过测试========
]]></system-out>
  </testcase>
  <testcase name="afterClass" classname="com.sh.stt.testcase.yw.GSYWTest" time="17.721">
    <failure type="java.lang.NullPointerException">java.lang.NullPointerException
</failure>
    <system-out><![CDATA[2020-07-07 15:32:01.206 [main-68] INFO  com.sh.stt.listener.LogListener.onTestSkipped - ========com.sh.stt.testcase.yw.GSYWTest.ywContentListTest跳过测试========
]]></system-out>
  </testcase>
  <testcase name="beforeClass" classname="com.sh.stt.testcase.yw.GZYWTest" time="18.077">
    <failure type="java.lang.NullPointerException">java.lang.NullPointerException
</failure>
    <system-out><![CDATA[2020-07-07 15:32:01.227 [main-133] ERROR com.sh.stt.base.BaseDriver.startBrowser - chrome浏览器启动失败！
]]></system-out>
    <system-err><![CDATA[java.lang.IllegalStateException: The driver executable does not exist: D:\IDEA\wap-selenium\target\test-classes\driver\driver\chromedriver.exe
	at com.google.common.base.Preconditions.checkState(Preconditions.java:585)
	at org.openqa.selenium.remote.service.DriverService.checkExecutable(DriverService.java:146)
	at org.openqa.selenium.remote.service.DriverService.findExecutable(DriverService.java:141)
	at org.openqa.selenium.chrome.ChromeDriverService.access$000(ChromeDriverService.java:35)
	at org.openqa.selenium.chrome.ChromeDriverService$Builder.findDefaultExecutable(ChromeDriverService.java:159)
	at org.openqa.selenium.remote.service.DriverService$Builder.build(DriverService.java:355)
	at org.openqa.selenium.chrome.ChromeDriverService.createDefaultService(ChromeDriverService.java:94)
	at org.openqa.selenium.chrome.ChromeDriver.<init>(ChromeDriver.java:157)
	at com.sh.stt.base.BaseDriver.startBrowser(BaseDriver.java:130)
	at com.sh.stt.base.BaseTest.beforeClass(BaseTest.java:60)
	at sun.reflect.GeneratedMethodAccessor33.invoke(Unknown Source)
	at sun.reflect.DelegatingMethodAccessorImpl.invoke(DelegatingMethodAccessorImpl.java:43)
	at java.lang.reflect.Method.invoke(Method.java:498)
	at org.testng.internal.MethodInvocationHelper.invokeMethod(MethodInvocationHelper.java:124)
	at org.testng.internal.MethodInvocationHelper.invokeMethodConsideringTimeout(MethodInvocationHelper.java:59)
	at org.testng.internal.Invoker.invokeConfigurationMethod(Invoker.java:458)
	at org.testng.internal.Invoker.invokeConfigurations(Invoker.java:222)
	at org.testng.internal.Invoker.invokeConfigurations(Invoker.java:142)
	at org.testng.internal.TestMethodWorker.invokeBeforeClassMethods(TestMethodWorker.java:168)
	at org.testng.internal.TestMethodWorker.run(TestMethodWorker.java:105)
	at org.testng.TestRunner.privateRun(TestRunner.java:648)
	at org.testng.TestRunner.run(TestRunner.java:505)
	at org.testng.SuiteRunner.runTest(SuiteRunner.java:455)
	at org.testng.SuiteRunner.runSequentially(SuiteRunner.java:450)
	at org.testng.SuiteRunner.privateRun(SuiteRunner.java:415)
	at org.testng.SuiteRunner.run(SuiteRunner.java:364)
	at org.testng.SuiteRunnerWorker.runSuite(SuiteRunnerWorker.java:52)
	at org.testng.SuiteRunnerWorker.run(SuiteRunnerWorker.java:84)
	at org.testng.TestNG.runSuitesSequentially(TestNG.java:1208)
	at org.testng.TestNG.runSuitesSequentially(TestNG.java:1204)
	at org.testng.TestNG.runSuitesLocally(TestNG.java:1137)
	at org.testng.TestNG.runSuites(TestNG.java:1049)
	at org.testng.TestNG.run(TestNG.java:1017)
	at org.apache.maven.surefire.testng.TestNGExecutor.run(TestNGExecutor.java:283)
	at org.apache.maven.surefire.testng.TestNGXmlTestSuite.execute(TestNGXmlTestSuite.java:75)
	at org.apache.maven.surefire.testng.TestNGProvider.invoke(TestNGProvider.java:120)
	at org.apache.maven.surefire.booter.ForkedBooter.invokeProviderInSameClassLoader(ForkedBooter.java:384)
	at org.apache.maven.surefire.booter.ForkedBooter.runSuitesInProcess(ForkedBooter.java:345)
	at org.apache.maven.surefire.booter.ForkedBooter.execute(ForkedBooter.java:126)
	at org.apache.maven.surefire.booter.ForkedBooter.main(ForkedBooter.java:418)
]]></system-err>
  </testcase>
  <testcase name="beforeMethod" classname="com.sh.stt.testcase.yw.GZYWTest" time="0">
    <skipped/>
  </testcase>
  <testcase name="ywContentListTest" classname="com.sh.stt.testcase.yw.GZYWTest" time="0">
    <skipped/>
    <system-out><![CDATA[2020-07-07 15:32:01.231 [main-68] INFO  com.sh.stt.listener.LogListener.onTestSkipped - ========com.sh.stt.testcase.yw.GZYWTest.ywContentListTest跳过测试========
]]></system-out>
  </testcase>
  <testcase name="afterClass" classname="com.sh.stt.testcase.yw.GZYWTest" time="18.093">
    <failure type="java.lang.NullPointerException">java.lang.NullPointerException
</failure>
    <system-out><![CDATA[2020-07-07 15:32:01.234 [main-68] INFO  com.sh.stt.listener.LogListener.onTestSkipped - ========com.sh.stt.testcase.yw.GZYWTest.ywContentListTest跳过测试========
]]></system-out>
  </testcase>
  <testcase name="beforeClass" classname="com.sh.stt.testcase.yw.HEYWTest" time="18.305">
    <failure type="java.lang.NullPointerException">java.lang.NullPointerException
</failure>
    <system-out><![CDATA[2020-07-07 15:32:01.253 [main-133] ERROR com.sh.stt.base.BaseDriver.startBrowser - chrome浏览器启动失败！
]]></system-out>
    <system-err><![CDATA[java.lang.IllegalStateException: The driver executable does not exist: D:\IDEA\wap-selenium\target\test-classes\driver\driver\chromedriver.exe
	at com.google.common.base.Preconditions.checkState(Preconditions.java:585)
	at org.openqa.selenium.remote.service.DriverService.checkExecutable(DriverService.java:146)
	at org.openqa.selenium.remote.service.DriverService.findExecutable(DriverService.java:141)
	at org.openqa.selenium.chrome.ChromeDriverService.access$000(ChromeDriverService.java:35)
	at org.openqa.selenium.chrome.ChromeDriverService$Builder.findDefaultExecutable(ChromeDriverService.java:159)
	at org.openqa.selenium.remote.service.DriverService$Builder.build(DriverService.java:355)
	at org.openqa.selenium.chrome.ChromeDriverService.createDefaultService(ChromeDriverService.java:94)
	at org.openqa.selenium.chrome.ChromeDriver.<init>(ChromeDriver.java:157)
	at com.sh.stt.base.BaseDriver.startBrowser(BaseDriver.java:130)
	at com.sh.stt.base.BaseTest.beforeClass(BaseTest.java:60)
	at sun.reflect.GeneratedMethodAccessor33.invoke(Unknown Source)
	at sun.reflect.DelegatingMethodAccessorImpl.invoke(DelegatingMethodAccessorImpl.java:43)
	at java.lang.reflect.Method.invoke(Method.java:498)
	at org.testng.internal.MethodInvocationHelper.invokeMethod(MethodInvocationHelper.java:124)
	at org.testng.internal.MethodInvocationHelper.invokeMethodConsideringTimeout(MethodInvocationHelper.java:59)
	at org.testng.internal.Invoker.invokeConfigurationMethod(Invoker.java:458)
	at org.testng.internal.Invoker.invokeConfigurations(Invoker.java:222)
	at org.testng.internal.Invoker.invokeConfigurations(Invoker.java:142)
	at org.testng.internal.TestMethodWorker.invokeBeforeClassMethods(TestMethodWorker.java:168)
	at org.testng.internal.TestMethodWorker.run(TestMethodWorker.java:105)
	at org.testng.TestRunner.privateRun(TestRunner.java:648)
	at org.testng.TestRunner.run(TestRunner.java:505)
	at org.testng.SuiteRunner.runTest(SuiteRunner.java:455)
	at org.testng.SuiteRunner.runSequentially(SuiteRunner.java:450)
	at org.testng.SuiteRunner.privateRun(SuiteRunner.java:415)
	at org.testng.SuiteRunner.run(SuiteRunner.java:364)
	at org.testng.SuiteRunnerWorker.runSuite(SuiteRunnerWorker.java:52)
	at org.testng.SuiteRunnerWorker.run(SuiteRunnerWorker.java:84)
	at org.testng.TestNG.runSuitesSequentially(TestNG.java:1208)
	at org.testng.TestNG.runSuitesSequentially(TestNG.java:1204)
	at org.testng.TestNG.runSuitesLocally(TestNG.java:1137)
	at org.testng.TestNG.runSuites(TestNG.java:1049)
	at org.testng.TestNG.run(TestNG.java:1017)
	at org.apache.maven.surefire.testng.TestNGExecutor.run(TestNGExecutor.java:283)
	at org.apache.maven.surefire.testng.TestNGXmlTestSuite.execute(TestNGXmlTestSuite.java:75)
	at org.apache.maven.surefire.testng.TestNGProvider.invoke(TestNGProvider.java:120)
	at org.apache.maven.surefire.booter.ForkedBooter.invokeProviderInSameClassLoader(ForkedBooter.java:384)
	at org.apache.maven.surefire.booter.ForkedBooter.runSuitesInProcess(ForkedBooter.java:345)
	at org.apache.maven.surefire.booter.ForkedBooter.execute(ForkedBooter.java:126)
	at org.apache.maven.surefire.booter.ForkedBooter.main(ForkedBooter.java:418)
]]></system-err>
  </testcase>
  <testcase name="beforeMethod" classname="com.sh.stt.testcase.yw.HEYWTest" time="0">
    <skipped/>
  </testcase>
  <testcase name="ywContentListTest" classname="com.sh.stt.testcase.yw.HEYWTest" time="0">
    <skipped/>
    <system-out><![CDATA[2020-07-07 15:32:01.258 [main-68] INFO  com.sh.stt.listener.LogListener.onTestSkipped - ========com.sh.stt.testcase.yw.HEYWTest.ywContentListTest跳过测试========
]]></system-out>
  </testcase>
  <testcase name="afterClass" classname="com.sh.stt.testcase.yw.HEYWTest" time="18.324">
    <failure type="java.lang.NullPointerException">java.lang.NullPointerException
</failure>
    <system-out><![CDATA[2020-07-07 15:32:01.262 [main-68] INFO  com.sh.stt.listener.LogListener.onTestSkipped - ========com.sh.stt.testcase.yw.HEYWTest.ywContentListTest跳过测试========
]]></system-out>
  </testcase>
  <testcase name="beforeClass" classname="com.sh.stt.testcase.yw.HAYWTest" time="18.52">
    <failure type="java.lang.NullPointerException">java.lang.NullPointerException
</failure>
    <system-out><![CDATA[2020-07-07 15:32:01.282 [main-133] ERROR com.sh.stt.base.BaseDriver.startBrowser - chrome浏览器启动失败！
]]></system-out>
    <system-err><![CDATA[java.lang.IllegalStateException: The driver executable does not exist: D:\IDEA\wap-selenium\target\test-classes\driver\driver\chromedriver.exe
	at com.google.common.base.Preconditions.checkState(Preconditions.java:585)
	at org.openqa.selenium.remote.service.DriverService.checkExecutable(DriverService.java:146)
	at org.openqa.selenium.remote.service.DriverService.findExecutable(DriverService.java:141)
	at org.openqa.selenium.chrome.ChromeDriverService.access$000(ChromeDriverService.java:35)
	at org.openqa.selenium.chrome.ChromeDriverService$Builder.findDefaultExecutable(ChromeDriverService.java:159)
	at org.openqa.selenium.remote.service.DriverService$Builder.build(DriverService.java:355)
	at org.openqa.selenium.chrome.ChromeDriverService.createDefaultService(ChromeDriverService.java:94)
	at org.openqa.selenium.chrome.ChromeDriver.<init>(ChromeDriver.java:157)
	at com.sh.stt.base.BaseDriver.startBrowser(BaseDriver.java:130)
	at com.sh.stt.base.BaseTest.beforeClass(BaseTest.java:60)
	at sun.reflect.GeneratedMethodAccessor33.invoke(Unknown Source)
	at sun.reflect.DelegatingMethodAccessorImpl.invoke(DelegatingMethodAccessorImpl.java:43)
	at java.lang.reflect.Method.invoke(Method.java:498)
	at org.testng.internal.MethodInvocationHelper.invokeMethod(MethodInvocationHelper.java:124)
	at org.testng.internal.MethodInvocationHelper.invokeMethodConsideringTimeout(MethodInvocationHelper.java:59)
	at org.testng.internal.Invoker.invokeConfigurationMethod(Invoker.java:458)
	at org.testng.internal.Invoker.invokeConfigurations(Invoker.java:222)
	at org.testng.internal.Invoker.invokeConfigurations(Invoker.java:142)
	at org.testng.internal.TestMethodWorker.invokeBeforeClassMethods(TestMethodWorker.java:168)
	at org.testng.internal.TestMethodWorker.run(TestMethodWorker.java:105)
	at org.testng.TestRunner.privateRun(TestRunner.java:648)
	at org.testng.TestRunner.run(TestRunner.java:505)
	at org.testng.SuiteRunner.runTest(SuiteRunner.java:455)
	at org.testng.SuiteRunner.runSequentially(SuiteRunner.java:450)
	at org.testng.SuiteRunner.privateRun(SuiteRunner.java:415)
	at org.testng.SuiteRunner.run(SuiteRunner.java:364)
	at org.testng.SuiteRunnerWorker.runSuite(SuiteRunnerWorker.java:52)
	at org.testng.SuiteRunnerWorker.run(SuiteRunnerWorker.java:84)
	at org.testng.TestNG.runSuitesSequentially(TestNG.java:1208)
	at org.testng.TestNG.runSuitesSequentially(TestNG.java:1204)
	at org.testng.TestNG.runSuitesLocally(TestNG.java:1137)
	at org.testng.TestNG.runSuites(TestNG.java:1049)
	at org.testng.TestNG.run(TestNG.java:1017)
	at org.apache.maven.surefire.testng.TestNGExecutor.run(TestNGExecutor.java:283)
	at org.apache.maven.surefire.testng.TestNGXmlTestSuite.execute(TestNGXmlTestSuite.java:75)
	at org.apache.maven.surefire.testng.TestNGProvider.invoke(TestNGProvider.java:120)
	at org.apache.maven.surefire.booter.ForkedBooter.invokeProviderInSameClassLoader(ForkedBooter.java:384)
	at org.apache.maven.surefire.booter.ForkedBooter.runSuitesInProcess(ForkedBooter.java:345)
	at org.apache.maven.surefire.booter.ForkedBooter.execute(ForkedBooter.java:126)
	at org.apache.maven.surefire.booter.ForkedBooter.main(ForkedBooter.java:418)
]]></system-err>
  </testcase>
  <testcase name="beforeMethod" classname="com.sh.stt.testcase.yw.HAYWTest" time="0">
    <skipped/>
  </testcase>
  <testcase name="ywContentListTest" classname="com.sh.stt.testcase.yw.HAYWTest" time="0">
    <skipped/>
    <system-out><![CDATA[2020-07-07 15:32:01.286 [main-68] INFO  com.sh.stt.listener.LogListener.onTestSkipped - ========com.sh.stt.testcase.yw.HAYWTest.ywContentListTest跳过测试========
]]></system-out>
  </testcase>
  <testcase name="afterClass" classname="com.sh.stt.testcase.yw.HAYWTest" time="18.536">
    <failure type="java.lang.NullPointerException">java.lang.NullPointerException
</failure>
    <system-out><![CDATA[2020-07-07 15:32:01.289 [main-68] INFO  com.sh.stt.listener.LogListener.onTestSkipped - ========com.sh.stt.testcase.yw.HAYWTest.ywContentListTest跳过测试========
]]></system-out>
  </testcase>
  <testcase name="beforeClass" classname="com.sh.stt.testcase.yw.HIYWTest" time="18.737">
    <failure type="java.lang.NullPointerException">java.lang.NullPointerException
</failure>
    <system-out><![CDATA[2020-07-07 15:32:01.308 [main-133] ERROR com.sh.stt.base.BaseDriver.startBrowser - chrome浏览器启动失败！
]]></system-out>
    <system-err><![CDATA[java.lang.IllegalStateException: The driver executable does not exist: D:\IDEA\wap-selenium\target\test-classes\driver\driver\chromedriver.exe
	at com.google.common.base.Preconditions.checkState(Preconditions.java:585)
	at org.openqa.selenium.remote.service.DriverService.checkExecutable(DriverService.java:146)
	at org.openqa.selenium.remote.service.DriverService.findExecutable(DriverService.java:141)
	at org.openqa.selenium.chrome.ChromeDriverService.access$000(ChromeDriverService.java:35)
	at org.openqa.selenium.chrome.ChromeDriverService$Builder.findDefaultExecutable(ChromeDriverService.java:159)
	at org.openqa.selenium.remote.service.DriverService$Builder.build(DriverService.java:355)
	at org.openqa.selenium.chrome.ChromeDriverService.createDefaultService(ChromeDriverService.java:94)
	at org.openqa.selenium.chrome.ChromeDriver.<init>(ChromeDriver.java:157)
	at com.sh.stt.base.BaseDriver.startBrowser(BaseDriver.java:130)
	at com.sh.stt.base.BaseTest.beforeClass(BaseTest.java:60)
	at sun.reflect.GeneratedMethodAccessor33.invoke(Unknown Source)
	at sun.reflect.DelegatingMethodAccessorImpl.invoke(DelegatingMethodAccessorImpl.java:43)
	at java.lang.reflect.Method.invoke(Method.java:498)
	at org.testng.internal.MethodInvocationHelper.invokeMethod(MethodInvocationHelper.java:124)
	at org.testng.internal.MethodInvocationHelper.invokeMethodConsideringTimeout(MethodInvocationHelper.java:59)
	at org.testng.internal.Invoker.invokeConfigurationMethod(Invoker.java:458)
	at org.testng.internal.Invoker.invokeConfigurations(Invoker.java:222)
	at org.testng.internal.Invoker.invokeConfigurations(Invoker.java:142)
	at org.testng.internal.TestMethodWorker.invokeBeforeClassMethods(TestMethodWorker.java:168)
	at org.testng.internal.TestMethodWorker.run(TestMethodWorker.java:105)
	at org.testng.TestRunner.privateRun(TestRunner.java:648)
	at org.testng.TestRunner.run(TestRunner.java:505)
	at org.testng.SuiteRunner.runTest(SuiteRunner.java:455)
	at org.testng.SuiteRunner.runSequentially(SuiteRunner.java:450)
	at org.testng.SuiteRunner.privateRun(SuiteRunner.java:415)
	at org.testng.SuiteRunner.run(SuiteRunner.java:364)
	at org.testng.SuiteRunnerWorker.runSuite(SuiteRunnerWorker.java:52)
	at org.testng.SuiteRunnerWorker.run(SuiteRunnerWorker.java:84)
	at org.testng.TestNG.runSuitesSequentially(TestNG.java:1208)
	at org.testng.TestNG.runSuitesSequentially(TestNG.java:1204)
	at org.testng.TestNG.runSuitesLocally(TestNG.java:1137)
	at org.testng.TestNG.runSuites(TestNG.java:1049)
	at org.testng.TestNG.run(TestNG.java:1017)
	at org.apache.maven.surefire.testng.TestNGExecutor.run(TestNGExecutor.java:283)
	at org.apache.maven.surefire.testng.TestNGXmlTestSuite.execute(TestNGXmlTestSuite.java:75)
	at org.apache.maven.surefire.testng.TestNGProvider.invoke(TestNGProvider.java:120)
	at org.apache.maven.surefire.booter.ForkedBooter.invokeProviderInSameClassLoader(ForkedBooter.java:384)
	at org.apache.maven.surefire.booter.ForkedBooter.runSuitesInProcess(ForkedBooter.java:345)
	at org.apache.maven.surefire.booter.ForkedBooter.execute(ForkedBooter.java:126)
	at org.apache.maven.surefire.booter.ForkedBooter.main(ForkedBooter.java:418)
]]></system-err>
  </testcase>
  <testcase name="beforeMethod" classname="com.sh.stt.testcase.yw.HIYWTest" time="0">
    <skipped/>
  </testcase>
  <testcase name="ywContentListTest" classname="com.sh.stt.testcase.yw.HIYWTest" time="0">
    <skipped/>
    <system-out><![CDATA[2020-07-07 15:32:01.312 [main-68] INFO  com.sh.stt.listener.LogListener.onTestSkipped - ========com.sh.stt.testcase.yw.HIYWTest.ywContentListTest跳过测试========
]]></system-out>
  </testcase>
  <testcase name="afterClass" classname="com.sh.stt.testcase.yw.HIYWTest" time="18.753">
    <failure type="java.lang.NullPointerException">java.lang.NullPointerException
</failure>
    <system-out><![CDATA[2020-07-07 15:32:01.315 [main-68] INFO  com.sh.stt.listener.LogListener.onTestSkipped - ========com.sh.stt.testcase.yw.HIYWTest.ywContentListTest跳过测试========
]]></system-out>
  </testcase>
  <testcase name="beforeClass" classname="com.sh.stt.testcase.yw.HBYWTest" time="19.029">
    <failure type="java.lang.NullPointerException">java.lang.NullPointerException
</failure>
    <system-out><![CDATA[2020-07-07 15:32:01.335 [main-133] ERROR com.sh.stt.base.BaseDriver.startBrowser - chrome浏览器启动失败！
]]></system-out>
    <system-err><![CDATA[java.lang.IllegalStateException: The driver executable does not exist: D:\IDEA\wap-selenium\target\test-classes\driver\driver\chromedriver.exe
	at com.google.common.base.Preconditions.checkState(Preconditions.java:585)
	at org.openqa.selenium.remote.service.DriverService.checkExecutable(DriverService.java:146)
	at org.openqa.selenium.remote.service.DriverService.findExecutable(DriverService.java:141)
	at org.openqa.selenium.chrome.ChromeDriverService.access$000(ChromeDriverService.java:35)
	at org.openqa.selenium.chrome.ChromeDriverService$Builder.findDefaultExecutable(ChromeDriverService.java:159)
	at org.openqa.selenium.remote.service.DriverService$Builder.build(DriverService.java:355)
	at org.openqa.selenium.chrome.ChromeDriverService.createDefaultService(ChromeDriverService.java:94)
	at org.openqa.selenium.chrome.ChromeDriver.<init>(ChromeDriver.java:157)
	at com.sh.stt.base.BaseDriver.startBrowser(BaseDriver.java:130)
	at com.sh.stt.base.BaseTest.beforeClass(BaseTest.java:60)
	at sun.reflect.GeneratedMethodAccessor33.invoke(Unknown Source)
	at sun.reflect.DelegatingMethodAccessorImpl.invoke(DelegatingMethodAccessorImpl.java:43)
	at java.lang.reflect.Method.invoke(Method.java:498)
	at org.testng.internal.MethodInvocationHelper.invokeMethod(MethodInvocationHelper.java:124)
	at org.testng.internal.MethodInvocationHelper.invokeMethodConsideringTimeout(MethodInvocationHelper.java:59)
	at org.testng.internal.Invoker.invokeConfigurationMethod(Invoker.java:458)
	at org.testng.internal.Invoker.invokeConfigurations(Invoker.java:222)
	at org.testng.internal.Invoker.invokeConfigurations(Invoker.java:142)
	at org.testng.internal.TestMethodWorker.invokeBeforeClassMethods(TestMethodWorker.java:168)
	at org.testng.internal.TestMethodWorker.run(TestMethodWorker.java:105)
	at org.testng.TestRunner.privateRun(TestRunner.java:648)
	at org.testng.TestRunner.run(TestRunner.java:505)
	at org.testng.SuiteRunner.runTest(SuiteRunner.java:455)
	at org.testng.SuiteRunner.runSequentially(SuiteRunner.java:450)
	at org.testng.SuiteRunner.privateRun(SuiteRunner.java:415)
	at org.testng.SuiteRunner.run(SuiteRunner.java:364)
	at org.testng.SuiteRunnerWorker.runSuite(SuiteRunnerWorker.java:52)
	at org.testng.SuiteRunnerWorker.run(SuiteRunnerWorker.java:84)
	at org.testng.TestNG.runSuitesSequentially(TestNG.java:1208)
	at org.testng.TestNG.runSuitesSequentially(TestNG.java:1204)
	at org.testng.TestNG.runSuitesLocally(TestNG.java:1137)
	at org.testng.TestNG.runSuites(TestNG.java:1049)
	at org.testng.TestNG.run(TestNG.java:1017)
	at org.apache.maven.surefire.testng.TestNGExecutor.run(TestNGExecutor.java:283)
	at org.apache.maven.surefire.testng.TestNGXmlTestSuite.execute(TestNGXmlTestSuite.java:75)
	at org.apache.maven.surefire.testng.TestNGProvider.invoke(TestNGProvider.java:120)
	at org.apache.maven.surefire.booter.ForkedBooter.invokeProviderInSameClassLoader(ForkedBooter.java:384)
	at org.apache.maven.surefire.booter.ForkedBooter.runSuitesInProcess(ForkedBooter.java:345)
	at org.apache.maven.surefire.booter.ForkedBooter.execute(ForkedBooter.java:126)
	at org.apache.maven.surefire.booter.ForkedBooter.main(ForkedBooter.java:418)
]]></system-err>
  </testcase>
  <testcase name="beforeMethod" classname="com.sh.stt.testcase.yw.HBYWTest" time="0">
    <skipped/>
  </testcase>
  <testcase name="ywContentListTest" classname="com.sh.stt.testcase.yw.HBYWTest" time="0">
    <skipped/>
    <system-out><![CDATA[2020-07-07 15:32:01.338 [main-68] INFO  com.sh.stt.listener.LogListener.onTestSkipped - ========com.sh.stt.testcase.yw.HBYWTest.ywContentListTest跳过测试========
]]></system-out>
  </testcase>
  <testcase name="afterClass" classname="com.sh.stt.testcase.yw.HBYWTest" time="19.053">
    <failure type="java.lang.NullPointerException">java.lang.NullPointerException
</failure>
    <system-out><![CDATA[2020-07-07 15:32:01.341 [main-68] INFO  com.sh.stt.listener.LogListener.onTestSkipped - ========com.sh.stt.testcase.yw.HBYWTest.ywContentListTest跳过测试========
]]></system-out>
  </testcase>
  <testcase name="beforeClass" classname="com.sh.stt.testcase.yw.HNYWTest" time="19.296">
    <failure type="java.lang.NullPointerException">java.lang.NullPointerException
</failure>
    <system-out><![CDATA[2020-07-07 15:32:01.360 [main-133] ERROR com.sh.stt.base.BaseDriver.startBrowser - chrome浏览器启动失败！
]]></system-out>
    <system-err><![CDATA[java.lang.IllegalStateException: The driver executable does not exist: D:\IDEA\wap-selenium\target\test-classes\driver\driver\chromedriver.exe
	at com.google.common.base.Preconditions.checkState(Preconditions.java:585)
	at org.openqa.selenium.remote.service.DriverService.checkExecutable(DriverService.java:146)
	at org.openqa.selenium.remote.service.DriverService.findExecutable(DriverService.java:141)
	at org.openqa.selenium.chrome.ChromeDriverService.access$000(ChromeDriverService.java:35)
	at org.openqa.selenium.chrome.ChromeDriverService$Builder.findDefaultExecutable(ChromeDriverService.java:159)
	at org.openqa.selenium.remote.service.DriverService$Builder.build(DriverService.java:355)
	at org.openqa.selenium.chrome.ChromeDriverService.createDefaultService(ChromeDriverService.java:94)
	at org.openqa.selenium.chrome.ChromeDriver.<init>(ChromeDriver.java:157)
	at com.sh.stt.base.BaseDriver.startBrowser(BaseDriver.java:130)
	at com.sh.stt.base.BaseTest.beforeClass(BaseTest.java:60)
	at sun.reflect.GeneratedMethodAccessor33.invoke(Unknown Source)
	at sun.reflect.DelegatingMethodAccessorImpl.invoke(DelegatingMethodAccessorImpl.java:43)
	at java.lang.reflect.Method.invoke(Method.java:498)
	at org.testng.internal.MethodInvocationHelper.invokeMethod(MethodInvocationHelper.java:124)
	at org.testng.internal.MethodInvocationHelper.invokeMethodConsideringTimeout(MethodInvocationHelper.java:59)
	at org.testng.internal.Invoker.invokeConfigurationMethod(Invoker.java:458)
	at org.testng.internal.Invoker.invokeConfigurations(Invoker.java:222)
	at org.testng.internal.Invoker.invokeConfigurations(Invoker.java:142)
	at org.testng.internal.TestMethodWorker.invokeBeforeClassMethods(TestMethodWorker.java:168)
	at org.testng.internal.TestMethodWorker.run(TestMethodWorker.java:105)
	at org.testng.TestRunner.privateRun(TestRunner.java:648)
	at org.testng.TestRunner.run(TestRunner.java:505)
	at org.testng.SuiteRunner.runTest(SuiteRunner.java:455)
	at org.testng.SuiteRunner.runSequentially(SuiteRunner.java:450)
	at org.testng.SuiteRunner.privateRun(SuiteRunner.java:415)
	at org.testng.SuiteRunner.run(SuiteRunner.java:364)
	at org.testng.SuiteRunnerWorker.runSuite(SuiteRunnerWorker.java:52)
	at org.testng.SuiteRunnerWorker.run(SuiteRunnerWorker.java:84)
	at org.testng.TestNG.runSuitesSequentially(TestNG.java:1208)
	at org.testng.TestNG.runSuitesSequentially(TestNG.java:1204)
	at org.testng.TestNG.runSuitesLocally(TestNG.java:1137)
	at org.testng.TestNG.runSuites(TestNG.java:1049)
	at org.testng.TestNG.run(TestNG.java:1017)
	at org.apache.maven.surefire.testng.TestNGExecutor.run(TestNGExecutor.java:283)
	at org.apache.maven.surefire.testng.TestNGXmlTestSuite.execute(TestNGXmlTestSuite.java:75)
	at org.apache.maven.surefire.testng.TestNGProvider.invoke(TestNGProvider.java:120)
	at org.apache.maven.surefire.booter.ForkedBooter.invokeProviderInSameClassLoader(ForkedBooter.java:384)
	at org.apache.maven.surefire.booter.ForkedBooter.runSuitesInProcess(ForkedBooter.java:345)
	at org.apache.maven.surefire.booter.ForkedBooter.execute(ForkedBooter.java:126)
	at org.apache.maven.surefire.booter.ForkedBooter.main(ForkedBooter.java:418)
]]></system-err>
  </testcase>
  <testcase name="beforeMethod" classname="com.sh.stt.testcase.yw.HNYWTest" time="0">
    <skipped/>
  </testcase>
  <testcase name="ywContentListTest" classname="com.sh.stt.testcase.yw.HNYWTest" time="0">
    <skipped/>
    <system-out><![CDATA[2020-07-07 15:32:01.363 [main-68] INFO  com.sh.stt.listener.LogListener.onTestSkipped - ========com.sh.stt.testcase.yw.HNYWTest.ywContentListTest跳过测试========
]]></system-out>
  </testcase>
  <testcase name="afterClass" classname="com.sh.stt.testcase.yw.HNYWTest" time="19.312">
    <failure type="java.lang.NullPointerException">java.lang.NullPointerException
</failure>
    <system-out><![CDATA[2020-07-07 15:32:01.366 [main-68] INFO  com.sh.stt.listener.LogListener.onTestSkipped - ========com.sh.stt.testcase.yw.HNYWTest.ywContentListTest跳过测试========
]]></system-out>
  </testcase>
  <testcase name="beforeClass" classname="com.sh.stt.testcase.yw.HLYWTest" time="19.486">
    <failure type="java.lang.NullPointerException">java.lang.NullPointerException
</failure>
    <system-out><![CDATA[2020-07-07 15:32:01.386 [main-133] ERROR com.sh.stt.base.BaseDriver.startBrowser - chrome浏览器启动失败！
]]></system-out>
    <system-err><![CDATA[java.lang.IllegalStateException: The driver executable does not exist: D:\IDEA\wap-selenium\target\test-classes\driver\driver\chromedriver.exe
	at com.google.common.base.Preconditions.checkState(Preconditions.java:585)
	at org.openqa.selenium.remote.service.DriverService.checkExecutable(DriverService.java:146)
	at org.openqa.selenium.remote.service.DriverService.findExecutable(DriverService.java:141)
	at org.openqa.selenium.chrome.ChromeDriverService.access$000(ChromeDriverService.java:35)
	at org.openqa.selenium.chrome.ChromeDriverService$Builder.findDefaultExecutable(ChromeDriverService.java:159)
	at org.openqa.selenium.remote.service.DriverService$Builder.build(DriverService.java:355)
	at org.openqa.selenium.chrome.ChromeDriverService.createDefaultService(ChromeDriverService.java:94)
	at org.openqa.selenium.chrome.ChromeDriver.<init>(ChromeDriver.java:157)
	at com.sh.stt.base.BaseDriver.startBrowser(BaseDriver.java:130)
	at com.sh.stt.base.BaseTest.beforeClass(BaseTest.java:60)
	at sun.reflect.GeneratedMethodAccessor33.invoke(Unknown Source)
	at sun.reflect.DelegatingMethodAccessorImpl.invoke(DelegatingMethodAccessorImpl.java:43)
	at java.lang.reflect.Method.invoke(Method.java:498)
	at org.testng.internal.MethodInvocationHelper.invokeMethod(MethodInvocationHelper.java:124)
	at org.testng.internal.MethodInvocationHelper.invokeMethodConsideringTimeout(MethodInvocationHelper.java:59)
	at org.testng.internal.Invoker.invokeConfigurationMethod(Invoker.java:458)
	at org.testng.internal.Invoker.invokeConfigurations(Invoker.java:222)
	at org.testng.internal.Invoker.invokeConfigurations(Invoker.java:142)
	at org.testng.internal.TestMethodWorker.invokeBeforeClassMethods(TestMethodWorker.java:168)
	at org.testng.internal.TestMethodWorker.run(TestMethodWorker.java:105)
	at org.testng.TestRunner.privateRun(TestRunner.java:648)
	at org.testng.TestRunner.run(TestRunner.java:505)
	at org.testng.SuiteRunner.runTest(SuiteRunner.java:455)
	at org.testng.SuiteRunner.runSequentially(SuiteRunner.java:450)
	at org.testng.SuiteRunner.privateRun(SuiteRunner.java:415)
	at org.testng.SuiteRunner.run(SuiteRunner.java:364)
	at org.testng.SuiteRunnerWorker.runSuite(SuiteRunnerWorker.java:52)
	at org.testng.SuiteRunnerWorker.run(SuiteRunnerWorker.java:84)
	at org.testng.TestNG.runSuitesSequentially(TestNG.java:1208)
	at org.testng.TestNG.runSuitesSequentially(TestNG.java:1204)
	at org.testng.TestNG.runSuitesLocally(TestNG.java:1137)
	at org.testng.TestNG.runSuites(TestNG.java:1049)
	at org.testng.TestNG.run(TestNG.java:1017)
	at org.apache.maven.surefire.testng.TestNGExecutor.run(TestNGExecutor.java:283)
	at org.apache.maven.surefire.testng.TestNGXmlTestSuite.execute(TestNGXmlTestSuite.java:75)
	at org.apache.maven.surefire.testng.TestNGProvider.invoke(TestNGProvider.java:120)
	at org.apache.maven.surefire.booter.ForkedBooter.invokeProviderInSameClassLoader(ForkedBooter.java:384)
	at org.apache.maven.surefire.booter.ForkedBooter.runSuitesInProcess(ForkedBooter.java:345)
	at org.apache.maven.surefire.booter.ForkedBooter.execute(ForkedBooter.java:126)
	at org.apache.maven.surefire.booter.ForkedBooter.main(ForkedBooter.java:418)
]]></system-err>
  </testcase>
  <testcase name="beforeMethod" classname="com.sh.stt.testcase.yw.HLYWTest" time="0">
    <skipped/>
  </testcase>
  <testcase name="ywContentListTest" classname="com.sh.stt.testcase.yw.HLYWTest" time="0">
    <skipped/>
    <system-out><![CDATA[2020-07-07 15:32:01.390 [main-68] INFO  com.sh.stt.listener.LogListener.onTestSkipped - ========com.sh.stt.testcase.yw.HLYWTest.ywContentListTest跳过测试========
]]></system-out>
  </testcase>
  <testcase name="afterClass" classname="com.sh.stt.testcase.yw.HLYWTest" time="19.499">
    <failure type="java.lang.NullPointerException">java.lang.NullPointerException
</failure>
    <system-out><![CDATA[2020-07-07 15:32:01.393 [main-68] INFO  com.sh.stt.listener.LogListener.onTestSkipped - ========com.sh.stt.testcase.yw.HLYWTest.ywContentListTest跳过测试========
]]></system-out>
  </testcase>
  <testcase name="beforeClass" classname="com.sh.stt.testcase.yw.JLYWTest" time="19.678">
    <failure type="java.lang.NullPointerException">java.lang.NullPointerException
</failure>
    <system-out><![CDATA[2020-07-07 15:32:01.414 [main-133] ERROR com.sh.stt.base.BaseDriver.startBrowser - chrome浏览器启动失败！
]]></system-out>
    <system-err><![CDATA[java.lang.IllegalStateException: The driver executable does not exist: D:\IDEA\wap-selenium\target\test-classes\driver\driver\chromedriver.exe
	at com.google.common.base.Preconditions.checkState(Preconditions.java:585)
	at org.openqa.selenium.remote.service.DriverService.checkExecutable(DriverService.java:146)
	at org.openqa.selenium.remote.service.DriverService.findExecutable(DriverService.java:141)
	at org.openqa.selenium.chrome.ChromeDriverService.access$000(ChromeDriverService.java:35)
	at org.openqa.selenium.chrome.ChromeDriverService$Builder.findDefaultExecutable(ChromeDriverService.java:159)
	at org.openqa.selenium.remote.service.DriverService$Builder.build(DriverService.java:355)
	at org.openqa.selenium.chrome.ChromeDriverService.createDefaultService(ChromeDriverService.java:94)
	at org.openqa.selenium.chrome.ChromeDriver.<init>(ChromeDriver.java:157)
	at com.sh.stt.base.BaseDriver.startBrowser(BaseDriver.java:130)
	at com.sh.stt.base.BaseTest.beforeClass(BaseTest.java:60)
	at sun.reflect.GeneratedMethodAccessor33.invoke(Unknown Source)
	at sun.reflect.DelegatingMethodAccessorImpl.invoke(DelegatingMethodAccessorImpl.java:43)
	at java.lang.reflect.Method.invoke(Method.java:498)
	at org.testng.internal.MethodInvocationHelper.invokeMethod(MethodInvocationHelper.java:124)
	at org.testng.internal.MethodInvocationHelper.invokeMethodConsideringTimeout(MethodInvocationHelper.java:59)
	at org.testng.internal.Invoker.invokeConfigurationMethod(Invoker.java:458)
	at org.testng.internal.Invoker.invokeConfigurations(Invoker.java:222)
	at org.testng.internal.Invoker.invokeConfigurations(Invoker.java:142)
	at org.testng.internal.TestMethodWorker.invokeBeforeClassMethods(TestMethodWorker.java:168)
	at org.testng.internal.TestMethodWorker.run(TestMethodWorker.java:105)
	at org.testng.TestRunner.privateRun(TestRunner.java:648)
	at org.testng.TestRunner.run(TestRunner.java:505)
	at org.testng.SuiteRunner.runTest(SuiteRunner.java:455)
	at org.testng.SuiteRunner.runSequentially(SuiteRunner.java:450)
	at org.testng.SuiteRunner.privateRun(SuiteRunner.java:415)
	at org.testng.SuiteRunner.run(SuiteRunner.java:364)
	at org.testng.SuiteRunnerWorker.runSuite(SuiteRunnerWorker.java:52)
	at org.testng.SuiteRunnerWorker.run(SuiteRunnerWorker.java:84)
	at org.testng.TestNG.runSuitesSequentially(TestNG.java:1208)
	at org.testng.TestNG.runSuitesSequentially(TestNG.java:1204)
	at org.testng.TestNG.runSuitesLocally(TestNG.java:1137)
	at org.testng.TestNG.runSuites(TestNG.java:1049)
	at org.testng.TestNG.run(TestNG.java:1017)
	at org.apache.maven.surefire.testng.TestNGExecutor.run(TestNGExecutor.java:283)
	at org.apache.maven.surefire.testng.TestNGXmlTestSuite.execute(TestNGXmlTestSuite.java:75)
	at org.apache.maven.surefire.testng.TestNGProvider.invoke(TestNGProvider.java:120)
	at org.apache.maven.surefire.booter.ForkedBooter.invokeProviderInSameClassLoader(ForkedBooter.java:384)
	at org.apache.maven.surefire.booter.ForkedBooter.runSuitesInProcess(ForkedBooter.java:345)
	at org.apache.maven.surefire.booter.ForkedBooter.execute(ForkedBooter.java:126)
	at org.apache.maven.surefire.booter.ForkedBooter.main(ForkedBooter.java:418)
]]></system-err>
  </testcase>
  <testcase name="beforeMethod" classname="com.sh.stt.testcase.yw.JLYWTest" time="0">
    <skipped/>
  </testcase>
  <testcase name="ywContentListTest" classname="com.sh.stt.testcase.yw.JLYWTest" time="0">
    <skipped/>
    <system-out><![CDATA[2020-07-07 15:32:01.418 [main-68] INFO  com.sh.stt.listener.LogListener.onTestSkipped - ========com.sh.stt.testcase.yw.JLYWTest.ywContentListTest跳过测试========
]]></system-out>
  </testcase>
  <testcase name="afterClass" classname="com.sh.stt.testcase.yw.JLYWTest" time="19.694">
    <failure type="java.lang.NullPointerException">java.lang.NullPointerException
</failure>
    <system-out><![CDATA[2020-07-07 15:32:01.422 [main-68] INFO  com.sh.stt.listener.LogListener.onTestSkipped - ========com.sh.stt.testcase.yw.JLYWTest.ywContentListTest跳过测试========
]]></system-out>
  </testcase>
  <testcase name="beforeClass" classname="com.sh.stt.testcase.yw.JSYWTest" time="19.905">
    <failure type="java.lang.NullPointerException">java.lang.NullPointerException
</failure>
    <system-out><![CDATA[2020-07-07 15:32:01.442 [main-133] ERROR com.sh.stt.base.BaseDriver.startBrowser - chrome浏览器启动失败！
]]></system-out>
    <system-err><![CDATA[java.lang.IllegalStateException: The driver executable does not exist: D:\IDEA\wap-selenium\target\test-classes\driver\driver\chromedriver.exe
	at com.google.common.base.Preconditions.checkState(Preconditions.java:585)
	at org.openqa.selenium.remote.service.DriverService.checkExecutable(DriverService.java:146)
	at org.openqa.selenium.remote.service.DriverService.findExecutable(DriverService.java:141)
	at org.openqa.selenium.chrome.ChromeDriverService.access$000(ChromeDriverService.java:35)
	at org.openqa.selenium.chrome.ChromeDriverService$Builder.findDefaultExecutable(ChromeDriverService.java:159)
	at org.openqa.selenium.remote.service.DriverService$Builder.build(DriverService.java:355)
	at org.openqa.selenium.chrome.ChromeDriverService.createDefaultService(ChromeDriverService.java:94)
	at org.openqa.selenium.chrome.ChromeDriver.<init>(ChromeDriver.java:157)
	at com.sh.stt.base.BaseDriver.startBrowser(BaseDriver.java:130)
	at com.sh.stt.base.BaseTest.beforeClass(BaseTest.java:60)
	at sun.reflect.GeneratedMethodAccessor33.invoke(Unknown Source)
	at sun.reflect.DelegatingMethodAccessorImpl.invoke(DelegatingMethodAccessorImpl.java:43)
	at java.lang.reflect.Method.invoke(Method.java:498)
	at org.testng.internal.MethodInvocationHelper.invokeMethod(MethodInvocationHelper.java:124)
	at org.testng.internal.MethodInvocationHelper.invokeMethodConsideringTimeout(MethodInvocationHelper.java:59)
	at org.testng.internal.Invoker.invokeConfigurationMethod(Invoker.java:458)
	at org.testng.internal.Invoker.invokeConfigurations(Invoker.java:222)
	at org.testng.internal.Invoker.invokeConfigurations(Invoker.java:142)
	at org.testng.internal.TestMethodWorker.invokeBeforeClassMethods(TestMethodWorker.java:168)
	at org.testng.internal.TestMethodWorker.run(TestMethodWorker.java:105)
	at org.testng.TestRunner.privateRun(TestRunner.java:648)
	at org.testng.TestRunner.run(TestRunner.java:505)
	at org.testng.SuiteRunner.runTest(SuiteRunner.java:455)
	at org.testng.SuiteRunner.runSequentially(SuiteRunner.java:450)
	at org.testng.SuiteRunner.privateRun(SuiteRunner.java:415)
	at org.testng.SuiteRunner.run(SuiteRunner.java:364)
	at org.testng.SuiteRunnerWorker.runSuite(SuiteRunnerWorker.java:52)
	at org.testng.SuiteRunnerWorker.run(SuiteRunnerWorker.java:84)
	at org.testng.TestNG.runSuitesSequentially(TestNG.java:1208)
	at org.testng.TestNG.runSuitesSequentially(TestNG.java:1204)
	at org.testng.TestNG.runSuitesLocally(TestNG.java:1137)
	at org.testng.TestNG.runSuites(TestNG.java:1049)
	at org.testng.TestNG.run(TestNG.java:1017)
	at org.apache.maven.surefire.testng.TestNGExecutor.run(TestNGExecutor.java:283)
	at org.apache.maven.surefire.testng.TestNGXmlTestSuite.execute(TestNGXmlTestSuite.java:75)
	at org.apache.maven.surefire.testng.TestNGProvider.invoke(TestNGProvider.java:120)
	at org.apache.maven.surefire.booter.ForkedBooter.invokeProviderInSameClassLoader(ForkedBooter.java:384)
	at org.apache.maven.surefire.booter.ForkedBooter.runSuitesInProcess(ForkedBooter.java:345)
	at org.apache.maven.surefire.booter.ForkedBooter.execute(ForkedBooter.java:126)
	at org.apache.maven.surefire.booter.ForkedBooter.main(ForkedBooter.java:418)
]]></system-err>
  </testcase>
  <testcase name="beforeMethod" classname="com.sh.stt.testcase.yw.JSYWTest" time="0">
    <skipped/>
  </testcase>
  <testcase name="ywContentListTest" classname="com.sh.stt.testcase.yw.JSYWTest" time="0">
    <skipped/>
    <system-out><![CDATA[2020-07-07 15:32:01.447 [main-68] INFO  com.sh.stt.listener.LogListener.onTestSkipped - ========com.sh.stt.testcase.yw.JSYWTest.ywContentListTest跳过测试========
]]></system-out>
  </testcase>
  <testcase name="afterClass" classname="com.sh.stt.testcase.yw.JSYWTest" time="19.923">
    <failure type="java.lang.NullPointerException">java.lang.NullPointerException
</failure>
    <system-out><![CDATA[2020-07-07 15:32:01.449 [main-68] INFO  com.sh.stt.listener.LogListener.onTestSkipped - ========com.sh.stt.testcase.yw.JSYWTest.ywContentListTest跳过测试========
]]></system-out>
  </testcase>
  <testcase name="beforeClass" classname="com.sh.stt.testcase.yw.JXYWTest" time="20.131">
    <failure type="java.lang.NullPointerException">java.lang.NullPointerException
</failure>
    <system-out><![CDATA[2020-07-07 15:32:01.476 [main-133] ERROR com.sh.stt.base.BaseDriver.startBrowser - chrome浏览器启动失败！
]]></system-out>
    <system-err><![CDATA[java.lang.IllegalStateException: The driver executable does not exist: D:\IDEA\wap-selenium\target\test-classes\driver\driver\chromedriver.exe
	at com.google.common.base.Preconditions.checkState(Preconditions.java:585)
	at org.openqa.selenium.remote.service.DriverService.checkExecutable(DriverService.java:146)
	at org.openqa.selenium.remote.service.DriverService.findExecutable(DriverService.java:141)
	at org.openqa.selenium.chrome.ChromeDriverService.access$000(ChromeDriverService.java:35)
	at org.openqa.selenium.chrome.ChromeDriverService$Builder.findDefaultExecutable(ChromeDriverService.java:159)
	at org.openqa.selenium.remote.service.DriverService$Builder.build(DriverService.java:355)
	at org.openqa.selenium.chrome.ChromeDriverService.createDefaultService(ChromeDriverService.java:94)
	at org.openqa.selenium.chrome.ChromeDriver.<init>(ChromeDriver.java:157)
	at com.sh.stt.base.BaseDriver.startBrowser(BaseDriver.java:130)
	at com.sh.stt.base.BaseTest.beforeClass(BaseTest.java:60)
	at sun.reflect.GeneratedMethodAccessor33.invoke(Unknown Source)
	at sun.reflect.DelegatingMethodAccessorImpl.invoke(DelegatingMethodAccessorImpl.java:43)
	at java.lang.reflect.Method.invoke(Method.java:498)
	at org.testng.internal.MethodInvocationHelper.invokeMethod(MethodInvocationHelper.java:124)
	at org.testng.internal.MethodInvocationHelper.invokeMethodConsideringTimeout(MethodInvocationHelper.java:59)
	at org.testng.internal.Invoker.invokeConfigurationMethod(Invoker.java:458)
	at org.testng.internal.Invoker.invokeConfigurations(Invoker.java:222)
	at org.testng.internal.Invoker.invokeConfigurations(Invoker.java:142)
	at org.testng.internal.TestMethodWorker.invokeBeforeClassMethods(TestMethodWorker.java:168)
	at org.testng.internal.TestMethodWorker.run(TestMethodWorker.java:105)
	at org.testng.TestRunner.privateRun(TestRunner.java:648)
	at org.testng.TestRunner.run(TestRunner.java:505)
	at org.testng.SuiteRunner.runTest(SuiteRunner.java:455)
	at org.testng.SuiteRunner.runSequentially(SuiteRunner.java:450)
	at org.testng.SuiteRunner.privateRun(SuiteRunner.java:415)
	at org.testng.SuiteRunner.run(SuiteRunner.java:364)
	at org.testng.SuiteRunnerWorker.runSuite(SuiteRunnerWorker.java:52)
	at org.testng.SuiteRunnerWorker.run(SuiteRunnerWorker.java:84)
	at org.testng.TestNG.runSuitesSequentially(TestNG.java:1208)
	at org.testng.TestNG.runSuitesSequentially(TestNG.java:1204)
	at org.testng.TestNG.runSuitesLocally(TestNG.java:1137)
	at org.testng.TestNG.runSuites(TestNG.java:1049)
	at org.testng.TestNG.run(TestNG.java:1017)
	at org.apache.maven.surefire.testng.TestNGExecutor.run(TestNGExecutor.java:283)
	at org.apache.maven.surefire.testng.TestNGXmlTestSuite.execute(TestNGXmlTestSuite.java:75)
	at org.apache.maven.surefire.testng.TestNGProvider.invoke(TestNGProvider.java:120)
	at org.apache.maven.surefire.booter.ForkedBooter.invokeProviderInSameClassLoader(ForkedBooter.java:384)
	at org.apache.maven.surefire.booter.ForkedBooter.runSuitesInProcess(ForkedBooter.java:345)
	at org.apache.maven.surefire.booter.ForkedBooter.execute(ForkedBooter.java:126)
	at org.apache.maven.surefire.booter.ForkedBooter.main(ForkedBooter.java:418)
]]></system-err>
  </testcase>
  <testcase name="beforeMethod" classname="com.sh.stt.testcase.yw.JXYWTest" time="0">
    <skipped/>
  </testcase>
  <testcase name="ywContentListTest" classname="com.sh.stt.testcase.yw.JXYWTest" time="0">
    <skipped/>
    <system-out><![CDATA[2020-07-07 15:32:01.480 [main-68] INFO  com.sh.stt.listener.LogListener.onTestSkipped - ========com.sh.stt.testcase.yw.JXYWTest.ywContentListTest跳过测试========
]]></system-out>
  </testcase>
  <testcase name="afterClass" classname="com.sh.stt.testcase.yw.JXYWTest" time="20.148">
    <failure type="java.lang.NullPointerException">java.lang.NullPointerException
</failure>
    <system-out><![CDATA[2020-07-07 15:32:01.483 [main-68] INFO  com.sh.stt.listener.LogListener.onTestSkipped - ========com.sh.stt.testcase.yw.JXYWTest.ywContentListTest跳过测试========
]]></system-out>
  </testcase>
  <testcase name="beforeClass" classname="com.sh.stt.testcase.yw.LNYWTest" time="20.354">
    <failure type="java.lang.NullPointerException">java.lang.NullPointerException
</failure>
    <system-out><![CDATA[2020-07-07 15:32:01.509 [main-133] ERROR com.sh.stt.base.BaseDriver.startBrowser - chrome浏览器启动失败！
]]></system-out>
    <system-err><![CDATA[java.lang.IllegalStateException: The driver executable does not exist: D:\IDEA\wap-selenium\target\test-classes\driver\driver\chromedriver.exe
	at com.google.common.base.Preconditions.checkState(Preconditions.java:585)
	at org.openqa.selenium.remote.service.DriverService.checkExecutable(DriverService.java:146)
	at org.openqa.selenium.remote.service.DriverService.findExecutable(DriverService.java:141)
	at org.openqa.selenium.chrome.ChromeDriverService.access$000(ChromeDriverService.java:35)
	at org.openqa.selenium.chrome.ChromeDriverService$Builder.findDefaultExecutable(ChromeDriverService.java:159)
	at org.openqa.selenium.remote.service.DriverService$Builder.build(DriverService.java:355)
	at org.openqa.selenium.chrome.ChromeDriverService.createDefaultService(ChromeDriverService.java:94)
	at org.openqa.selenium.chrome.ChromeDriver.<init>(ChromeDriver.java:157)
	at com.sh.stt.base.BaseDriver.startBrowser(BaseDriver.java:130)
	at com.sh.stt.base.BaseTest.beforeClass(BaseTest.java:60)
	at sun.reflect.GeneratedMethodAccessor33.invoke(Unknown Source)
	at sun.reflect.DelegatingMethodAccessorImpl.invoke(DelegatingMethodAccessorImpl.java:43)
	at java.lang.reflect.Method.invoke(Method.java:498)
	at org.testng.internal.MethodInvocationHelper.invokeMethod(MethodInvocationHelper.java:124)
	at org.testng.internal.MethodInvocationHelper.invokeMethodConsideringTimeout(MethodInvocationHelper.java:59)
	at org.testng.internal.Invoker.invokeConfigurationMethod(Invoker.java:458)
	at org.testng.internal.Invoker.invokeConfigurations(Invoker.java:222)
	at org.testng.internal.Invoker.invokeConfigurations(Invoker.java:142)
	at org.testng.internal.TestMethodWorker.invokeBeforeClassMethods(TestMethodWorker.java:168)
	at org.testng.internal.TestMethodWorker.run(TestMethodWorker.java:105)
	at org.testng.TestRunner.privateRun(TestRunner.java:648)
	at org.testng.TestRunner.run(TestRunner.java:505)
	at org.testng.SuiteRunner.runTest(SuiteRunner.java:455)
	at org.testng.SuiteRunner.runSequentially(SuiteRunner.java:450)
	at org.testng.SuiteRunner.privateRun(SuiteRunner.java:415)
	at org.testng.SuiteRunner.run(SuiteRunner.java:364)
	at org.testng.SuiteRunnerWorker.runSuite(SuiteRunnerWorker.java:52)
	at org.testng.SuiteRunnerWorker.run(SuiteRunnerWorker.java:84)
	at org.testng.TestNG.runSuitesSequentially(TestNG.java:1208)
	at org.testng.TestNG.runSuitesSequentially(TestNG.java:1204)
	at org.testng.TestNG.runSuitesLocally(TestNG.java:1137)
	at org.testng.TestNG.runSuites(TestNG.java:1049)
	at org.testng.TestNG.run(TestNG.java:1017)
	at org.apache.maven.surefire.testng.TestNGExecutor.run(TestNGExecutor.java:283)
	at org.apache.maven.surefire.testng.TestNGXmlTestSuite.execute(TestNGXmlTestSuite.java:75)
	at org.apache.maven.surefire.testng.TestNGProvider.invoke(TestNGProvider.java:120)
	at org.apache.maven.surefire.booter.ForkedBooter.invokeProviderInSameClassLoader(ForkedBooter.java:384)
	at org.apache.maven.surefire.booter.ForkedBooter.runSuitesInProcess(ForkedBooter.java:345)
	at org.apache.maven.surefire.booter.ForkedBooter.execute(ForkedBooter.java:126)
	at org.apache.maven.surefire.booter.ForkedBooter.main(ForkedBooter.java:418)
]]></system-err>
  </testcase>
  <testcase name="beforeMethod" classname="com.sh.stt.testcase.yw.LNYWTest" time="0">
    <skipped/>
  </testcase>
  <testcase name="ywContentListTest" classname="com.sh.stt.testcase.yw.LNYWTest" time="0">
    <skipped/>
    <system-out><![CDATA[2020-07-07 15:32:01.513 [main-68] INFO  com.sh.stt.listener.LogListener.onTestSkipped - ========com.sh.stt.testcase.yw.LNYWTest.ywContentListTest跳过测试========
]]></system-out>
  </testcase>
  <testcase name="afterClass" classname="com.sh.stt.testcase.yw.LNYWTest" time="20.376">
    <failure type="java.lang.NullPointerException">java.lang.NullPointerException
</failure>
    <system-out><![CDATA[2020-07-07 15:32:01.516 [main-68] INFO  com.sh.stt.listener.LogListener.onTestSkipped - ========com.sh.stt.testcase.yw.LNYWTest.ywContentListTest跳过测试========
]]></system-out>
  </testcase>
  <testcase name="beforeClass" classname="com.sh.stt.testcase.yw.NMYWTest" time="20.587">
    <failure type="java.lang.NullPointerException">java.lang.NullPointerException
</failure>
    <system-out><![CDATA[2020-07-07 15:32:01.534 [main-133] ERROR com.sh.stt.base.BaseDriver.startBrowser - chrome浏览器启动失败！
]]></system-out>
    <system-err><![CDATA[java.lang.IllegalStateException: The driver executable does not exist: D:\IDEA\wap-selenium\target\test-classes\driver\driver\chromedriver.exe
	at com.google.common.base.Preconditions.checkState(Preconditions.java:585)
	at org.openqa.selenium.remote.service.DriverService.checkExecutable(DriverService.java:146)
	at org.openqa.selenium.remote.service.DriverService.findExecutable(DriverService.java:141)
	at org.openqa.selenium.chrome.ChromeDriverService.access$000(ChromeDriverService.java:35)
	at org.openqa.selenium.chrome.ChromeDriverService$Builder.findDefaultExecutable(ChromeDriverService.java:159)
	at org.openqa.selenium.remote.service.DriverService$Builder.build(DriverService.java:355)
	at org.openqa.selenium.chrome.ChromeDriverService.createDefaultService(ChromeDriverService.java:94)
	at org.openqa.selenium.chrome.ChromeDriver.<init>(ChromeDriver.java:157)
	at com.sh.stt.base.BaseDriver.startBrowser(BaseDriver.java:130)
	at com.sh.stt.base.BaseTest.beforeClass(BaseTest.java:60)
	at sun.reflect.GeneratedMethodAccessor33.invoke(Unknown Source)
	at sun.reflect.DelegatingMethodAccessorImpl.invoke(DelegatingMethodAccessorImpl.java:43)
	at java.lang.reflect.Method.invoke(Method.java:498)
	at org.testng.internal.MethodInvocationHelper.invokeMethod(MethodInvocationHelper.java:124)
	at org.testng.internal.MethodInvocationHelper.invokeMethodConsideringTimeout(MethodInvocationHelper.java:59)
	at org.testng.internal.Invoker.invokeConfigurationMethod(Invoker.java:458)
	at org.testng.internal.Invoker.invokeConfigurations(Invoker.java:222)
	at org.testng.internal.Invoker.invokeConfigurations(Invoker.java:142)
	at org.testng.internal.TestMethodWorker.invokeBeforeClassMethods(TestMethodWorker.java:168)
	at org.testng.internal.TestMethodWorker.run(TestMethodWorker.java:105)
	at org.testng.TestRunner.privateRun(TestRunner.java:648)
	at org.testng.TestRunner.run(TestRunner.java:505)
	at org.testng.SuiteRunner.runTest(SuiteRunner.java:455)
	at org.testng.SuiteRunner.runSequentially(SuiteRunner.java:450)
	at org.testng.SuiteRunner.privateRun(SuiteRunner.java:415)
	at org.testng.SuiteRunner.run(SuiteRunner.java:364)
	at org.testng.SuiteRunnerWorker.runSuite(SuiteRunnerWorker.java:52)
	at org.testng.SuiteRunnerWorker.run(SuiteRunnerWorker.java:84)
	at org.testng.TestNG.runSuitesSequentially(TestNG.java:1208)
	at org.testng.TestNG.runSuitesSequentially(TestNG.java:1204)
	at org.testng.TestNG.runSuitesLocally(TestNG.java:1137)
	at org.testng.TestNG.runSuites(TestNG.java:1049)
	at org.testng.TestNG.run(TestNG.java:1017)
	at org.apache.maven.surefire.testng.TestNGExecutor.run(TestNGExecutor.java:283)
	at org.apache.maven.surefire.testng.TestNGXmlTestSuite.execute(TestNGXmlTestSuite.java:75)
	at org.apache.maven.surefire.testng.TestNGProvider.invoke(TestNGProvider.java:120)
	at org.apache.maven.surefire.booter.ForkedBooter.invokeProviderInSameClassLoader(ForkedBooter.java:384)
	at org.apache.maven.surefire.booter.ForkedBooter.runSuitesInProcess(ForkedBooter.java:345)
	at org.apache.maven.surefire.booter.ForkedBooter.execute(ForkedBooter.java:126)
	at org.apache.maven.surefire.booter.ForkedBooter.main(ForkedBooter.java:418)
]]></system-err>
  </testcase>
  <testcase name="beforeMethod" classname="com.sh.stt.testcase.yw.NMYWTest" time="0">
    <skipped/>
  </testcase>
  <testcase name="ywContentListTest" classname="com.sh.stt.testcase.yw.NMYWTest" time="0">
    <skipped/>
    <system-out><![CDATA[2020-07-07 15:32:01.537 [main-68] INFO  com.sh.stt.listener.LogListener.onTestSkipped - ========com.sh.stt.testcase.yw.NMYWTest.ywContentListTest跳过测试========
]]></system-out>
  </testcase>
  <testcase name="afterClass" classname="com.sh.stt.testcase.yw.NMYWTest" time="20.606">
    <failure type="java.lang.NullPointerException">java.lang.NullPointerException
</failure>
    <system-out><![CDATA[2020-07-07 15:32:01.540 [main-68] INFO  com.sh.stt.listener.LogListener.onTestSkipped - ========com.sh.stt.testcase.yw.NMYWTest.ywContentListTest跳过测试========
]]></system-out>
  </testcase>
  <testcase name="beforeClass" classname="com.sh.stt.testcase.yw.NXYWTest" time="20.775">
    <failure type="java.lang.NullPointerException">java.lang.NullPointerException
</failure>
    <system-out><![CDATA[2020-07-07 15:32:01.558 [main-133] ERROR com.sh.stt.base.BaseDriver.startBrowser - chrome浏览器启动失败！
]]></system-out>
    <system-err><![CDATA[java.lang.IllegalStateException: The driver executable does not exist: D:\IDEA\wap-selenium\target\test-classes\driver\driver\chromedriver.exe
	at com.google.common.base.Preconditions.checkState(Preconditions.java:585)
	at org.openqa.selenium.remote.service.DriverService.checkExecutable(DriverService.java:146)
	at org.openqa.selenium.remote.service.DriverService.findExecutable(DriverService.java:141)
	at org.openqa.selenium.chrome.ChromeDriverService.access$000(ChromeDriverService.java:35)
	at org.openqa.selenium.chrome.ChromeDriverService$Builder.findDefaultExecutable(ChromeDriverService.java:159)
	at org.openqa.selenium.remote.service.DriverService$Builder.build(DriverService.java:355)
	at org.openqa.selenium.chrome.ChromeDriverService.createDefaultService(ChromeDriverService.java:94)
	at org.openqa.selenium.chrome.ChromeDriver.<init>(ChromeDriver.java:157)
	at com.sh.stt.base.BaseDriver.startBrowser(BaseDriver.java:130)
	at com.sh.stt.base.BaseTest.beforeClass(BaseTest.java:60)
	at sun.reflect.GeneratedMethodAccessor33.invoke(Unknown Source)
	at sun.reflect.DelegatingMethodAccessorImpl.invoke(DelegatingMethodAccessorImpl.java:43)
	at java.lang.reflect.Method.invoke(Method.java:498)
	at org.testng.internal.MethodInvocationHelper.invokeMethod(MethodInvocationHelper.java:124)
	at org.testng.internal.MethodInvocationHelper.invokeMethodConsideringTimeout(MethodInvocationHelper.java:59)
	at org.testng.internal.Invoker.invokeConfigurationMethod(Invoker.java:458)
	at org.testng.internal.Invoker.invokeConfigurations(Invoker.java:222)
	at org.testng.internal.Invoker.invokeConfigurations(Invoker.java:142)
	at org.testng.internal.TestMethodWorker.invokeBeforeClassMethods(TestMethodWorker.java:168)
	at org.testng.internal.TestMethodWorker.run(TestMethodWorker.java:105)
	at org.testng.TestRunner.privateRun(TestRunner.java:648)
	at org.testng.TestRunner.run(TestRunner.java:505)
	at org.testng.SuiteRunner.runTest(SuiteRunner.java:455)
	at org.testng.SuiteRunner.runSequentially(SuiteRunner.java:450)
	at org.testng.SuiteRunner.privateRun(SuiteRunner.java:415)
	at org.testng.SuiteRunner.run(SuiteRunner.java:364)
	at org.testng.SuiteRunnerWorker.runSuite(SuiteRunnerWorker.java:52)
	at org.testng.SuiteRunnerWorker.run(SuiteRunnerWorker.java:84)
	at org.testng.TestNG.runSuitesSequentially(TestNG.java:1208)
	at org.testng.TestNG.runSuitesSequentially(TestNG.java:1204)
	at org.testng.TestNG.runSuitesLocally(TestNG.java:1137)
	at org.testng.TestNG.runSuites(TestNG.java:1049)
	at org.testng.TestNG.run(TestNG.java:1017)
	at org.apache.maven.surefire.testng.TestNGExecutor.run(TestNGExecutor.java:283)
	at org.apache.maven.surefire.testng.TestNGXmlTestSuite.execute(TestNGXmlTestSuite.java:75)
	at org.apache.maven.surefire.testng.TestNGProvider.invoke(TestNGProvider.java:120)
	at org.apache.maven.surefire.booter.ForkedBooter.invokeProviderInSameClassLoader(ForkedBooter.java:384)
	at org.apache.maven.surefire.booter.ForkedBooter.runSuitesInProcess(ForkedBooter.java:345)
	at org.apache.maven.surefire.booter.ForkedBooter.execute(ForkedBooter.java:126)
	at org.apache.maven.surefire.booter.ForkedBooter.main(ForkedBooter.java:418)
]]></system-err>
  </testcase>
  <testcase name="beforeMethod" classname="com.sh.stt.testcase.yw.NXYWTest" time="0">
    <skipped/>
  </testcase>
  <testcase name="ywContentListTest" classname="com.sh.stt.testcase.yw.NXYWTest" time="0">
    <skipped/>
    <system-out><![CDATA[2020-07-07 15:32:01.561 [main-68] INFO  com.sh.stt.listener.LogListener.onTestSkipped - ========com.sh.stt.testcase.yw.NXYWTest.ywContentListTest跳过测试========
]]></system-out>
  </testcase>
  <testcase name="afterClass" classname="com.sh.stt.testcase.yw.NXYWTest" time="20.793">
    <failure type="java.lang.NullPointerException">java.lang.NullPointerException
</failure>
    <system-out><![CDATA[2020-07-07 15:32:01.565 [main-68] INFO  com.sh.stt.listener.LogListener.onTestSkipped - ========com.sh.stt.testcase.yw.NXYWTest.ywContentListTest跳过测试========
]]></system-out>
  </testcase>
  <testcase name="beforeClass" classname="com.sh.stt.testcase.yw.QHYWTest" time="20.959">
    <failure type="java.lang.NullPointerException">java.lang.NullPointerException
</failure>
    <system-out><![CDATA[2020-07-07 15:32:01.584 [main-133] ERROR com.sh.stt.base.BaseDriver.startBrowser - chrome浏览器启动失败！
]]></system-out>
    <system-err><![CDATA[java.lang.IllegalStateException: The driver executable does not exist: D:\IDEA\wap-selenium\target\test-classes\driver\driver\chromedriver.exe
	at com.google.common.base.Preconditions.checkState(Preconditions.java:585)
	at org.openqa.selenium.remote.service.DriverService.checkExecutable(DriverService.java:146)
	at org.openqa.selenium.remote.service.DriverService.findExecutable(DriverService.java:141)
	at org.openqa.selenium.chrome.ChromeDriverService.access$000(ChromeDriverService.java:35)
	at org.openqa.selenium.chrome.ChromeDriverService$Builder.findDefaultExecutable(ChromeDriverService.java:159)
	at org.openqa.selenium.remote.service.DriverService$Builder.build(DriverService.java:355)
	at org.openqa.selenium.chrome.ChromeDriverService.createDefaultService(ChromeDriverService.java:94)
	at org.openqa.selenium.chrome.ChromeDriver.<init>(ChromeDriver.java:157)
	at com.sh.stt.base.BaseDriver.startBrowser(BaseDriver.java:130)
	at com.sh.stt.base.BaseTest.beforeClass(BaseTest.java:60)
	at sun.reflect.GeneratedMethodAccessor33.invoke(Unknown Source)
	at sun.reflect.DelegatingMethodAccessorImpl.invoke(DelegatingMethodAccessorImpl.java:43)
	at java.lang.reflect.Method.invoke(Method.java:498)
	at org.testng.internal.MethodInvocationHelper.invokeMethod(MethodInvocationHelper.java:124)
	at org.testng.internal.MethodInvocationHelper.invokeMethodConsideringTimeout(MethodInvocationHelper.java:59)
	at org.testng.internal.Invoker.invokeConfigurationMethod(Invoker.java:458)
	at org.testng.internal.Invoker.invokeConfigurations(Invoker.java:222)
	at org.testng.internal.Invoker.invokeConfigurations(Invoker.java:142)
	at org.testng.internal.TestMethodWorker.invokeBeforeClassMethods(TestMethodWorker.java:168)
	at org.testng.internal.TestMethodWorker.run(TestMethodWorker.java:105)
	at org.testng.TestRunner.privateRun(TestRunner.java:648)
	at org.testng.TestRunner.run(TestRunner.java:505)
	at org.testng.SuiteRunner.runTest(SuiteRunner.java:455)
	at org.testng.SuiteRunner.runSequentially(SuiteRunner.java:450)
	at org.testng.SuiteRunner.privateRun(SuiteRunner.java:415)
	at org.testng.SuiteRunner.run(SuiteRunner.java:364)
	at org.testng.SuiteRunnerWorker.runSuite(SuiteRunnerWorker.java:52)
	at org.testng.SuiteRunnerWorker.run(SuiteRunnerWorker.java:84)
	at org.testng.TestNG.runSuitesSequentially(TestNG.java:1208)
	at org.testng.TestNG.runSuitesSequentially(TestNG.java:1204)
	at org.testng.TestNG.runSuitesLocally(TestNG.java:1137)
	at org.testng.TestNG.runSuites(TestNG.java:1049)
	at org.testng.TestNG.run(TestNG.java:1017)
	at org.apache.maven.surefire.testng.TestNGExecutor.run(TestNGExecutor.java:283)
	at org.apache.maven.surefire.testng.TestNGXmlTestSuite.execute(TestNGXmlTestSuite.java:75)
	at org.apache.maven.surefire.testng.TestNGProvider.invoke(TestNGProvider.java:120)
	at org.apache.maven.surefire.booter.ForkedBooter.invokeProviderInSameClassLoader(ForkedBooter.java:384)
	at org.apache.maven.surefire.booter.ForkedBooter.runSuitesInProcess(ForkedBooter.java:345)
	at org.apache.maven.surefire.booter.ForkedBooter.execute(ForkedBooter.java:126)
	at org.apache.maven.surefire.booter.ForkedBooter.main(ForkedBooter.java:418)
]]></system-err>
  </testcase>
  <testcase name="beforeMethod" classname="com.sh.stt.testcase.yw.QHYWTest" time="0">
    <skipped/>
  </testcase>
  <testcase name="ywContentListTest" classname="com.sh.stt.testcase.yw.QHYWTest" time="0">
    <skipped/>
    <system-out><![CDATA[2020-07-07 15:32:01.588 [main-68] INFO  com.sh.stt.listener.LogListener.onTestSkipped - ========com.sh.stt.testcase.yw.QHYWTest.ywContentListTest跳过测试========
]]></system-out>
  </testcase>
  <testcase name="afterClass" classname="com.sh.stt.testcase.yw.QHYWTest" time="20.976">
    <failure type="java.lang.NullPointerException">java.lang.NullPointerException
</failure>
    <system-out><![CDATA[2020-07-07 15:32:01.591 [main-68] INFO  com.sh.stt.listener.LogListener.onTestSkipped - ========com.sh.stt.testcase.yw.QHYWTest.ywContentListTest跳过测试========
]]></system-out>
  </testcase>
  <testcase name="beforeClass" classname="com.sh.stt.testcase.yw.SHYWTest" time="21.151">
    <failure type="java.lang.NullPointerException">java.lang.NullPointerException
</failure>
    <system-out><![CDATA[2020-07-07 15:32:01.610 [main-133] ERROR com.sh.stt.base.BaseDriver.startBrowser - chrome浏览器启动失败！
]]></system-out>
    <system-err><![CDATA[java.lang.IllegalStateException: The driver executable does not exist: D:\IDEA\wap-selenium\target\test-classes\driver\driver\chromedriver.exe
	at com.google.common.base.Preconditions.checkState(Preconditions.java:585)
	at org.openqa.selenium.remote.service.DriverService.checkExecutable(DriverService.java:146)
	at org.openqa.selenium.remote.service.DriverService.findExecutable(DriverService.java:141)
	at org.openqa.selenium.chrome.ChromeDriverService.access$000(ChromeDriverService.java:35)
	at org.openqa.selenium.chrome.ChromeDriverService$Builder.findDefaultExecutable(ChromeDriverService.java:159)
	at org.openqa.selenium.remote.service.DriverService$Builder.build(DriverService.java:355)
	at org.openqa.selenium.chrome.ChromeDriverService.createDefaultService(ChromeDriverService.java:94)
	at org.openqa.selenium.chrome.ChromeDriver.<init>(ChromeDriver.java:157)
	at com.sh.stt.base.BaseDriver.startBrowser(BaseDriver.java:130)
	at com.sh.stt.base.BaseTest.beforeClass(BaseTest.java:60)
	at sun.reflect.GeneratedMethodAccessor33.invoke(Unknown Source)
	at sun.reflect.DelegatingMethodAccessorImpl.invoke(DelegatingMethodAccessorImpl.java:43)
	at java.lang.reflect.Method.invoke(Method.java:498)
	at org.testng.internal.MethodInvocationHelper.invokeMethod(MethodInvocationHelper.java:124)
	at org.testng.internal.MethodInvocationHelper.invokeMethodConsideringTimeout(MethodInvocationHelper.java:59)
	at org.testng.internal.Invoker.invokeConfigurationMethod(Invoker.java:458)
	at org.testng.internal.Invoker.invokeConfigurations(Invoker.java:222)
	at org.testng.internal.Invoker.invokeConfigurations(Invoker.java:142)
	at org.testng.internal.TestMethodWorker.invokeBeforeClassMethods(TestMethodWorker.java:168)
	at org.testng.internal.TestMethodWorker.run(TestMethodWorker.java:105)
	at org.testng.TestRunner.privateRun(TestRunner.java:648)
	at org.testng.TestRunner.run(TestRunner.java:505)
	at org.testng.SuiteRunner.runTest(SuiteRunner.java:455)
	at org.testng.SuiteRunner.runSequentially(SuiteRunner.java:450)
	at org.testng.SuiteRunner.privateRun(SuiteRunner.java:415)
	at org.testng.SuiteRunner.run(SuiteRunner.java:364)
	at org.testng.SuiteRunnerWorker.runSuite(SuiteRunnerWorker.java:52)
	at org.testng.SuiteRunnerWorker.run(SuiteRunnerWorker.java:84)
	at org.testng.TestNG.runSuitesSequentially(TestNG.java:1208)
	at org.testng.TestNG.runSuitesSequentially(TestNG.java:1204)
	at org.testng.TestNG.runSuitesLocally(TestNG.java:1137)
	at org.testng.TestNG.runSuites(TestNG.java:1049)
	at org.testng.TestNG.run(TestNG.java:1017)
	at org.apache.maven.surefire.testng.TestNGExecutor.run(TestNGExecutor.java:283)
	at org.apache.maven.surefire.testng.TestNGXmlTestSuite.execute(TestNGXmlTestSuite.java:75)
	at org.apache.maven.surefire.testng.TestNGProvider.invoke(TestNGProvider.java:120)
	at org.apache.maven.surefire.booter.ForkedBooter.invokeProviderInSameClassLoader(ForkedBooter.java:384)
	at org.apache.maven.surefire.booter.ForkedBooter.runSuitesInProcess(ForkedBooter.java:345)
	at org.apache.maven.surefire.booter.ForkedBooter.execute(ForkedBooter.java:126)
	at org.apache.maven.surefire.booter.ForkedBooter.main(ForkedBooter.java:418)
]]></system-err>
  </testcase>
  <testcase name="beforeMethod" classname="com.sh.stt.testcase.yw.SHYWTest" time="0">
    <skipped/>
  </testcase>
  <testcase name="ywContentListTest" classname="com.sh.stt.testcase.yw.SHYWTest" time="0">
    <skipped/>
    <system-out><![CDATA[2020-07-07 15:32:01.613 [main-68] INFO  com.sh.stt.listener.LogListener.onTestSkipped - ========com.sh.stt.testcase.yw.SHYWTest.ywContentListTest跳过测试========
]]></system-out>
  </testcase>
  <testcase name="afterClass" classname="com.sh.stt.testcase.yw.SHYWTest" time="21.168">
    <failure type="java.lang.NullPointerException">java.lang.NullPointerException
</failure>
    <system-out><![CDATA[2020-07-07 15:32:01.616 [main-68] INFO  com.sh.stt.listener.LogListener.onTestSkipped - ========com.sh.stt.testcase.yw.SHYWTest.ywContentListTest跳过测试========
]]></system-out>
  </testcase>
  <testcase name="beforeClass" classname="com.sh.stt.testcase.yw.SCYWTest" time="21.34">
    <failure type="java.lang.NullPointerException">java.lang.NullPointerException
</failure>
    <system-out><![CDATA[2020-07-07 15:32:01.636 [main-133] ERROR com.sh.stt.base.BaseDriver.startBrowser - chrome浏览器启动失败！
]]></system-out>
    <system-err><![CDATA[java.lang.IllegalStateException: The driver executable does not exist: D:\IDEA\wap-selenium\target\test-classes\driver\driver\chromedriver.exe
	at com.google.common.base.Preconditions.checkState(Preconditions.java:585)
	at org.openqa.selenium.remote.service.DriverService.checkExecutable(DriverService.java:146)
	at org.openqa.selenium.remote.service.DriverService.findExecutable(DriverService.java:141)
	at org.openqa.selenium.chrome.ChromeDriverService.access$000(ChromeDriverService.java:35)
	at org.openqa.selenium.chrome.ChromeDriverService$Builder.findDefaultExecutable(ChromeDriverService.java:159)
	at org.openqa.selenium.remote.service.DriverService$Builder.build(DriverService.java:355)
	at org.openqa.selenium.chrome.ChromeDriverService.createDefaultService(ChromeDriverService.java:94)
	at org.openqa.selenium.chrome.ChromeDriver.<init>(ChromeDriver.java:157)
	at com.sh.stt.base.BaseDriver.startBrowser(BaseDriver.java:130)
	at com.sh.stt.base.BaseTest.beforeClass(BaseTest.java:60)
	at sun.reflect.GeneratedMethodAccessor33.invoke(Unknown Source)
	at sun.reflect.DelegatingMethodAccessorImpl.invoke(DelegatingMethodAccessorImpl.java:43)
	at java.lang.reflect.Method.invoke(Method.java:498)
	at org.testng.internal.MethodInvocationHelper.invokeMethod(MethodInvocationHelper.java:124)
	at org.testng.internal.MethodInvocationHelper.invokeMethodConsideringTimeout(MethodInvocationHelper.java:59)
	at org.testng.internal.Invoker.invokeConfigurationMethod(Invoker.java:458)
	at org.testng.internal.Invoker.invokeConfigurations(Invoker.java:222)
	at org.testng.internal.Invoker.invokeConfigurations(Invoker.java:142)
	at org.testng.internal.TestMethodWorker.invokeBeforeClassMethods(TestMethodWorker.java:168)
	at org.testng.internal.TestMethodWorker.run(TestMethodWorker.java:105)
	at org.testng.TestRunner.privateRun(TestRunner.java:648)
	at org.testng.TestRunner.run(TestRunner.java:505)
	at org.testng.SuiteRunner.runTest(SuiteRunner.java:455)
	at org.testng.SuiteRunner.runSequentially(SuiteRunner.java:450)
	at org.testng.SuiteRunner.privateRun(SuiteRunner.java:415)
	at org.testng.SuiteRunner.run(SuiteRunner.java:364)
	at org.testng.SuiteRunnerWorker.runSuite(SuiteRunnerWorker.java:52)
	at org.testng.SuiteRunnerWorker.run(SuiteRunnerWorker.java:84)
	at org.testng.TestNG.runSuitesSequentially(TestNG.java:1208)
	at org.testng.TestNG.runSuitesSequentially(TestNG.java:1204)
	at org.testng.TestNG.runSuitesLocally(TestNG.java:1137)
	at org.testng.TestNG.runSuites(TestNG.java:1049)
	at org.testng.TestNG.run(TestNG.java:1017)
	at org.apache.maven.surefire.testng.TestNGExecutor.run(TestNGExecutor.java:283)
	at org.apache.maven.surefire.testng.TestNGXmlTestSuite.execute(TestNGXmlTestSuite.java:75)
	at org.apache.maven.surefire.testng.TestNGProvider.invoke(TestNGProvider.java:120)
	at org.apache.maven.surefire.booter.ForkedBooter.invokeProviderInSameClassLoader(ForkedBooter.java:384)
	at org.apache.maven.surefire.booter.ForkedBooter.runSuitesInProcess(ForkedBooter.java:345)
	at org.apache.maven.surefire.booter.ForkedBooter.execute(ForkedBooter.java:126)
	at org.apache.maven.surefire.booter.ForkedBooter.main(ForkedBooter.java:418)
]]></system-err>
  </testcase>
  <testcase name="beforeMethod" classname="com.sh.stt.testcase.yw.SCYWTest" time="0">
    <skipped/>
  </testcase>
  <testcase name="ywContentListTest" classname="com.sh.stt.testcase.yw.SCYWTest" time="0">
    <skipped/>
    <system-out><![CDATA[2020-07-07 15:32:01.640 [main-68] INFO  com.sh.stt.listener.LogListener.onTestSkipped - ========com.sh.stt.testcase.yw.SCYWTest.ywContentListTest跳过测试========
]]></system-out>
  </testcase>
  <testcase name="afterClass" classname="com.sh.stt.testcase.yw.SCYWTest" time="21.358">
    <failure type="java.lang.NullPointerException">java.lang.NullPointerException
</failure>
    <system-out><![CDATA[2020-07-07 15:32:01.643 [main-68] INFO  com.sh.stt.listener.LogListener.onTestSkipped - ========com.sh.stt.testcase.yw.SCYWTest.ywContentListTest跳过测试========
]]></system-out>
  </testcase>
  <testcase name="beforeClass" classname="com.sh.stt.testcase.yw.SDYWTest" time="21.529">
    <failure type="java.lang.NullPointerException">java.lang.NullPointerException
</failure>
    <system-out><![CDATA[2020-07-07 15:32:01.662 [main-133] ERROR com.sh.stt.base.BaseDriver.startBrowser - chrome浏览器启动失败！
]]></system-out>
    <system-err><![CDATA[java.lang.IllegalStateException: The driver executable does not exist: D:\IDEA\wap-selenium\target\test-classes\driver\driver\chromedriver.exe
	at com.google.common.base.Preconditions.checkState(Preconditions.java:585)
	at org.openqa.selenium.remote.service.DriverService.checkExecutable(DriverService.java:146)
	at org.openqa.selenium.remote.service.DriverService.findExecutable(DriverService.java:141)
	at org.openqa.selenium.chrome.ChromeDriverService.access$000(ChromeDriverService.java:35)
	at org.openqa.selenium.chrome.ChromeDriverService$Builder.findDefaultExecutable(ChromeDriverService.java:159)
	at org.openqa.selenium.remote.service.DriverService$Builder.build(DriverService.java:355)
	at org.openqa.selenium.chrome.ChromeDriverService.createDefaultService(ChromeDriverService.java:94)
	at org.openqa.selenium.chrome.ChromeDriver.<init>(ChromeDriver.java:157)
	at com.sh.stt.base.BaseDriver.startBrowser(BaseDriver.java:130)
	at com.sh.stt.base.BaseTest.beforeClass(BaseTest.java:60)
	at sun.reflect.GeneratedMethodAccessor33.invoke(Unknown Source)
	at sun.reflect.DelegatingMethodAccessorImpl.invoke(DelegatingMethodAccessorImpl.java:43)
	at java.lang.reflect.Method.invoke(Method.java:498)
	at org.testng.internal.MethodInvocationHelper.invokeMethod(MethodInvocationHelper.java:124)
	at org.testng.internal.MethodInvocationHelper.invokeMethodConsideringTimeout(MethodInvocationHelper.java:59)
	at org.testng.internal.Invoker.invokeConfigurationMethod(Invoker.java:458)
	at org.testng.internal.Invoker.invokeConfigurations(Invoker.java:222)
	at org.testng.internal.Invoker.invokeConfigurations(Invoker.java:142)
	at org.testng.internal.TestMethodWorker.invokeBeforeClassMethods(TestMethodWorker.java:168)
	at org.testng.internal.TestMethodWorker.run(TestMethodWorker.java:105)
	at org.testng.TestRunner.privateRun(TestRunner.java:648)
	at org.testng.TestRunner.run(TestRunner.java:505)
	at org.testng.SuiteRunner.runTest(SuiteRunner.java:455)
	at org.testng.SuiteRunner.runSequentially(SuiteRunner.java:450)
	at org.testng.SuiteRunner.privateRun(SuiteRunner.java:415)
	at org.testng.SuiteRunner.run(SuiteRunner.java:364)
	at org.testng.SuiteRunnerWorker.runSuite(SuiteRunnerWorker.java:52)
	at org.testng.SuiteRunnerWorker.run(SuiteRunnerWorker.java:84)
	at org.testng.TestNG.runSuitesSequentially(TestNG.java:1208)
	at org.testng.TestNG.runSuitesSequentially(TestNG.java:1204)
	at org.testng.TestNG.runSuitesLocally(TestNG.java:1137)
	at org.testng.TestNG.runSuites(TestNG.java:1049)
	at org.testng.TestNG.run(TestNG.java:1017)
	at org.apache.maven.surefire.testng.TestNGExecutor.run(TestNGExecutor.java:283)
	at org.apache.maven.surefire.testng.TestNGXmlTestSuite.execute(TestNGXmlTestSuite.java:75)
	at org.apache.maven.surefire.testng.TestNGProvider.invoke(TestNGProvider.java:120)
	at org.apache.maven.surefire.booter.ForkedBooter.invokeProviderInSameClassLoader(ForkedBooter.java:384)
	at org.apache.maven.surefire.booter.ForkedBooter.runSuitesInProcess(ForkedBooter.java:345)
	at org.apache.maven.surefire.booter.ForkedBooter.execute(ForkedBooter.java:126)
	at org.apache.maven.surefire.booter.ForkedBooter.main(ForkedBooter.java:418)
]]></system-err>
  </testcase>
  <testcase name="beforeMethod" classname="com.sh.stt.testcase.yw.SDYWTest" time="0">
    <skipped/>
  </testcase>
  <testcase name="ywContentListTest" classname="com.sh.stt.testcase.yw.SDYWTest" time="0">
    <skipped/>
    <system-out><![CDATA[2020-07-07 15:32:01.666 [main-68] INFO  com.sh.stt.listener.LogListener.onTestSkipped - ========com.sh.stt.testcase.yw.SDYWTest.ywContentListTest跳过测试========
]]></system-out>
  </testcase>
  <testcase name="afterClass" classname="com.sh.stt.testcase.yw.SDYWTest" time="21.548">
    <failure type="java.lang.NullPointerException">java.lang.NullPointerException
</failure>
    <system-out><![CDATA[2020-07-07 15:32:01.669 [main-68] INFO  com.sh.stt.listener.LogListener.onTestSkipped - ========com.sh.stt.testcase.yw.SDYWTest.ywContentListTest跳过测试========
]]></system-out>
  </testcase>
  <testcase name="beforeClass" classname="com.sh.stt.testcase.yw.SXYWTest" time="21.735">
    <failure type="java.lang.NullPointerException">java.lang.NullPointerException
</failure>
    <system-out><![CDATA[2020-07-07 15:32:01.688 [main-133] ERROR com.sh.stt.base.BaseDriver.startBrowser - chrome浏览器启动失败！
]]></system-out>
    <system-err><![CDATA[java.lang.IllegalStateException: The driver executable does not exist: D:\IDEA\wap-selenium\target\test-classes\driver\driver\chromedriver.exe
	at com.google.common.base.Preconditions.checkState(Preconditions.java:585)
	at org.openqa.selenium.remote.service.DriverService.checkExecutable(DriverService.java:146)
	at org.openqa.selenium.remote.service.DriverService.findExecutable(DriverService.java:141)
	at org.openqa.selenium.chrome.ChromeDriverService.access$000(ChromeDriverService.java:35)
	at org.openqa.selenium.chrome.ChromeDriverService$Builder.findDefaultExecutable(ChromeDriverService.java:159)
	at org.openqa.selenium.remote.service.DriverService$Builder.build(DriverService.java:355)
	at org.openqa.selenium.chrome.ChromeDriverService.createDefaultService(ChromeDriverService.java:94)
	at org.openqa.selenium.chrome.ChromeDriver.<init>(ChromeDriver.java:157)
	at com.sh.stt.base.BaseDriver.startBrowser(BaseDriver.java:130)
	at com.sh.stt.base.BaseTest.beforeClass(BaseTest.java:60)
	at sun.reflect.GeneratedMethodAccessor33.invoke(Unknown Source)
	at sun.reflect.DelegatingMethodAccessorImpl.invoke(DelegatingMethodAccessorImpl.java:43)
	at java.lang.reflect.Method.invoke(Method.java:498)
	at org.testng.internal.MethodInvocationHelper.invokeMethod(MethodInvocationHelper.java:124)
	at org.testng.internal.MethodInvocationHelper.invokeMethodConsideringTimeout(MethodInvocationHelper.java:59)
	at org.testng.internal.Invoker.invokeConfigurationMethod(Invoker.java:458)
	at org.testng.internal.Invoker.invokeConfigurations(Invoker.java:222)
	at org.testng.internal.Invoker.invokeConfigurations(Invoker.java:142)
	at org.testng.internal.TestMethodWorker.invokeBeforeClassMethods(TestMethodWorker.java:168)
	at org.testng.internal.TestMethodWorker.run(TestMethodWorker.java:105)
	at org.testng.TestRunner.privateRun(TestRunner.java:648)
	at org.testng.TestRunner.run(TestRunner.java:505)
	at org.testng.SuiteRunner.runTest(SuiteRunner.java:455)
	at org.testng.SuiteRunner.runSequentially(SuiteRunner.java:450)
	at org.testng.SuiteRunner.privateRun(SuiteRunner.java:415)
	at org.testng.SuiteRunner.run(SuiteRunner.java:364)
	at org.testng.SuiteRunnerWorker.runSuite(SuiteRunnerWorker.java:52)
	at org.testng.SuiteRunnerWorker.run(SuiteRunnerWorker.java:84)
	at org.testng.TestNG.runSuitesSequentially(TestNG.java:1208)
	at org.testng.TestNG.runSuitesSequentially(TestNG.java:1204)
	at org.testng.TestNG.runSuitesLocally(TestNG.java:1137)
	at org.testng.TestNG.runSuites(TestNG.java:1049)
	at org.testng.TestNG.run(TestNG.java:1017)
	at org.apache.maven.surefire.testng.TestNGExecutor.run(TestNGExecutor.java:283)
	at org.apache.maven.surefire.testng.TestNGXmlTestSuite.execute(TestNGXmlTestSuite.java:75)
	at org.apache.maven.surefire.testng.TestNGProvider.invoke(TestNGProvider.java:120)
	at org.apache.maven.surefire.booter.ForkedBooter.invokeProviderInSameClassLoader(ForkedBooter.java:384)
	at org.apache.maven.surefire.booter.ForkedBooter.runSuitesInProcess(ForkedBooter.java:345)
	at org.apache.maven.surefire.booter.ForkedBooter.execute(ForkedBooter.java:126)
	at org.apache.maven.surefire.booter.ForkedBooter.main(ForkedBooter.java:418)
]]></system-err>
  </testcase>
  <testcase name="beforeMethod" classname="com.sh.stt.testcase.yw.SXYWTest" time="0">
    <skipped/>
  </testcase>
  <testcase name="ywContentListTest" classname="com.sh.stt.testcase.yw.SXYWTest" time="0">
    <skipped/>
    <system-out><![CDATA[2020-07-07 15:32:01.692 [main-68] INFO  com.sh.stt.listener.LogListener.onTestSkipped - ========com.sh.stt.testcase.yw.SXYWTest.ywContentListTest跳过测试========
]]></system-out>
  </testcase>
  <testcase name="afterClass" classname="com.sh.stt.testcase.yw.SXYWTest" time="21.757">
    <failure type="java.lang.NullPointerException">java.lang.NullPointerException
</failure>
    <system-out><![CDATA[2020-07-07 15:32:01.695 [main-68] INFO  com.sh.stt.listener.LogListener.onTestSkipped - ========com.sh.stt.testcase.yw.SXYWTest.ywContentListTest跳过测试========
]]></system-out>
  </testcase>
  <testcase name="beforeClass" classname="com.sh.stt.testcase.yw.SNYWTest" time="21.936">
    <failure type="java.lang.NullPointerException">java.lang.NullPointerException
</failure>
    <system-out><![CDATA[2020-07-07 15:32:01.711 [main-133] ERROR com.sh.stt.base.BaseDriver.startBrowser - chrome浏览器启动失败！
]]></system-out>
    <system-err><![CDATA[java.lang.IllegalStateException: The driver executable does not exist: D:\IDEA\wap-selenium\target\test-classes\driver\driver\chromedriver.exe
	at com.google.common.base.Preconditions.checkState(Preconditions.java:585)
	at org.openqa.selenium.remote.service.DriverService.checkExecutable(DriverService.java:146)
	at org.openqa.selenium.remote.service.DriverService.findExecutable(DriverService.java:141)
	at org.openqa.selenium.chrome.ChromeDriverService.access$000(ChromeDriverService.java:35)
	at org.openqa.selenium.chrome.ChromeDriverService$Builder.findDefaultExecutable(ChromeDriverService.java:159)
	at org.openqa.selenium.remote.service.DriverService$Builder.build(DriverService.java:355)
	at org.openqa.selenium.chrome.ChromeDriverService.createDefaultService(ChromeDriverService.java:94)
	at org.openqa.selenium.chrome.ChromeDriver.<init>(ChromeDriver.java:157)
	at com.sh.stt.base.BaseDriver.startBrowser(BaseDriver.java:130)
	at com.sh.stt.base.BaseTest.beforeClass(BaseTest.java:60)
	at sun.reflect.GeneratedMethodAccessor33.invoke(Unknown Source)
	at sun.reflect.DelegatingMethodAccessorImpl.invoke(DelegatingMethodAccessorImpl.java:43)
	at java.lang.reflect.Method.invoke(Method.java:498)
	at org.testng.internal.MethodInvocationHelper.invokeMethod(MethodInvocationHelper.java:124)
	at org.testng.internal.MethodInvocationHelper.invokeMethodConsideringTimeout(MethodInvocationHelper.java:59)
	at org.testng.internal.Invoker.invokeConfigurationMethod(Invoker.java:458)
	at org.testng.internal.Invoker.invokeConfigurations(Invoker.java:222)
	at org.testng.internal.Invoker.invokeConfigurations(Invoker.java:142)
	at org.testng.internal.TestMethodWorker.invokeBeforeClassMethods(TestMethodWorker.java:168)
	at org.testng.internal.TestMethodWorker.run(TestMethodWorker.java:105)
	at org.testng.TestRunner.privateRun(TestRunner.java:648)
	at org.testng.TestRunner.run(TestRunner.java:505)
	at org.testng.SuiteRunner.runTest(SuiteRunner.java:455)
	at org.testng.SuiteRunner.runSequentially(SuiteRunner.java:450)
	at org.testng.SuiteRunner.privateRun(SuiteRunner.java:415)
	at org.testng.SuiteRunner.run(SuiteRunner.java:364)
	at org.testng.SuiteRunnerWorker.runSuite(SuiteRunnerWorker.java:52)
	at org.testng.SuiteRunnerWorker.run(SuiteRunnerWorker.java:84)
	at org.testng.TestNG.runSuitesSequentially(TestNG.java:1208)
	at org.testng.TestNG.runSuitesSequentially(TestNG.java:1204)
	at org.testng.TestNG.runSuitesLocally(TestNG.java:1137)
	at org.testng.TestNG.runSuites(TestNG.java:1049)
	at org.testng.TestNG.run(TestNG.java:1017)
	at org.apache.maven.surefire.testng.TestNGExecutor.run(TestNGExecutor.java:283)
	at org.apache.maven.surefire.testng.TestNGXmlTestSuite.execute(TestNGXmlTestSuite.java:75)
	at org.apache.maven.surefire.testng.TestNGProvider.invoke(TestNGProvider.java:120)
	at org.apache.maven.surefire.booter.ForkedBooter.invokeProviderInSameClassLoader(ForkedBooter.java:384)
	at org.apache.maven.surefire.booter.ForkedBooter.runSuitesInProcess(ForkedBooter.java:345)
	at org.apache.maven.surefire.booter.ForkedBooter.execute(ForkedBooter.java:126)
	at org.apache.maven.surefire.booter.ForkedBooter.main(ForkedBooter.java:418)
]]></system-err>
  </testcase>
  <testcase name="beforeMethod" classname="com.sh.stt.testcase.yw.SNYWTest" time="0">
    <skipped/>
  </testcase>
  <testcase name="ywContentListTest" classname="com.sh.stt.testcase.yw.SNYWTest" time="0">
    <skipped/>
    <system-out><![CDATA[2020-07-07 15:32:01.714 [main-68] INFO  com.sh.stt.listener.LogListener.onTestSkipped - ========com.sh.stt.testcase.yw.SNYWTest.ywContentListTest跳过测试========
]]></system-out>
  </testcase>
  <testcase name="afterClass" classname="com.sh.stt.testcase.yw.SNYWTest" time="21.955">
    <failure type="java.lang.NullPointerException">java.lang.NullPointerException
</failure>
    <system-out><![CDATA[2020-07-07 15:32:01.717 [main-68] INFO  com.sh.stt.listener.LogListener.onTestSkipped - ========com.sh.stt.testcase.yw.SNYWTest.ywContentListTest跳过测试========
]]></system-out>
  </testcase>
  <testcase name="beforeClass" classname="com.sh.stt.testcase.yw.TJYWTest" time="22.123">
    <failure type="java.lang.NullPointerException">java.lang.NullPointerException
</failure>
    <system-out><![CDATA[2020-07-07 15:32:01.735 [main-133] ERROR com.sh.stt.base.BaseDriver.startBrowser - chrome浏览器启动失败！
]]></system-out>
    <system-err><![CDATA[java.lang.IllegalStateException: The driver executable does not exist: D:\IDEA\wap-selenium\target\test-classes\driver\driver\chromedriver.exe
	at com.google.common.base.Preconditions.checkState(Preconditions.java:585)
	at org.openqa.selenium.remote.service.DriverService.checkExecutable(DriverService.java:146)
	at org.openqa.selenium.remote.service.DriverService.findExecutable(DriverService.java:141)
	at org.openqa.selenium.chrome.ChromeDriverService.access$000(ChromeDriverService.java:35)
	at org.openqa.selenium.chrome.ChromeDriverService$Builder.findDefaultExecutable(ChromeDriverService.java:159)
	at org.openqa.selenium.remote.service.DriverService$Builder.build(DriverService.java:355)
	at org.openqa.selenium.chrome.ChromeDriverService.createDefaultService(ChromeDriverService.java:94)
	at org.openqa.selenium.chrome.ChromeDriver.<init>(ChromeDriver.java:157)
	at com.sh.stt.base.BaseDriver.startBrowser(BaseDriver.java:130)
	at com.sh.stt.base.BaseTest.beforeClass(BaseTest.java:60)
	at sun.reflect.GeneratedMethodAccessor33.invoke(Unknown Source)
	at sun.reflect.DelegatingMethodAccessorImpl.invoke(DelegatingMethodAccessorImpl.java:43)
	at java.lang.reflect.Method.invoke(Method.java:498)
	at org.testng.internal.MethodInvocationHelper.invokeMethod(MethodInvocationHelper.java:124)
	at org.testng.internal.MethodInvocationHelper.invokeMethodConsideringTimeout(MethodInvocationHelper.java:59)
	at org.testng.internal.Invoker.invokeConfigurationMethod(Invoker.java:458)
	at org.testng.internal.Invoker.invokeConfigurations(Invoker.java:222)
	at org.testng.internal.Invoker.invokeConfigurations(Invoker.java:142)
	at org.testng.internal.TestMethodWorker.invokeBeforeClassMethods(TestMethodWorker.java:168)
	at org.testng.internal.TestMethodWorker.run(TestMethodWorker.java:105)
	at org.testng.TestRunner.privateRun(TestRunner.java:648)
	at org.testng.TestRunner.run(TestRunner.java:505)
	at org.testng.SuiteRunner.runTest(SuiteRunner.java:455)
	at org.testng.SuiteRunner.runSequentially(SuiteRunner.java:450)
	at org.testng.SuiteRunner.privateRun(SuiteRunner.java:415)
	at org.testng.SuiteRunner.run(SuiteRunner.java:364)
	at org.testng.SuiteRunnerWorker.runSuite(SuiteRunnerWorker.java:52)
	at org.testng.SuiteRunnerWorker.run(SuiteRunnerWorker.java:84)
	at org.testng.TestNG.runSuitesSequentially(TestNG.java:1208)
	at org.testng.TestNG.runSuitesSequentially(TestNG.java:1204)
	at org.testng.TestNG.runSuitesLocally(TestNG.java:1137)
	at org.testng.TestNG.runSuites(TestNG.java:1049)
	at org.testng.TestNG.run(TestNG.java:1017)
	at org.apache.maven.surefire.testng.TestNGExecutor.run(TestNGExecutor.java:283)
	at org.apache.maven.surefire.testng.TestNGXmlTestSuite.execute(TestNGXmlTestSuite.java:75)
	at org.apache.maven.surefire.testng.TestNGProvider.invoke(TestNGProvider.java:120)
	at org.apache.maven.surefire.booter.ForkedBooter.invokeProviderInSameClassLoader(ForkedBooter.java:384)
	at org.apache.maven.surefire.booter.ForkedBooter.runSuitesInProcess(ForkedBooter.java:345)
	at org.apache.maven.surefire.booter.ForkedBooter.execute(ForkedBooter.java:126)
	at org.apache.maven.surefire.booter.ForkedBooter.main(ForkedBooter.java:418)
]]></system-err>
  </testcase>
  <testcase name="beforeMethod" classname="com.sh.stt.testcase.yw.TJYWTest" time="0">
    <skipped/>
  </testcase>
  <testcase name="ywContentListTest" classname="com.sh.stt.testcase.yw.TJYWTest" time="0">
    <skipped/>
    <system-out><![CDATA[2020-07-07 15:32:01.739 [main-68] INFO  com.sh.stt.listener.LogListener.onTestSkipped - ========com.sh.stt.testcase.yw.TJYWTest.ywContentListTest跳过测试========
]]></system-out>
  </testcase>
  <testcase name="afterClass" classname="com.sh.stt.testcase.yw.TJYWTest" time="22.14">
    <failure type="java.lang.NullPointerException">java.lang.NullPointerException
</failure>
    <system-out><![CDATA[2020-07-07 15:32:01.743 [main-68] INFO  com.sh.stt.listener.LogListener.onTestSkipped - ========com.sh.stt.testcase.yw.TJYWTest.ywContentListTest跳过测试========
]]></system-out>
  </testcase>
  <testcase name="beforeClass" classname="com.sh.stt.testcase.yw.XJYWTest" time="22.3">
    <failure type="java.lang.NullPointerException">java.lang.NullPointerException
</failure>
    <system-out><![CDATA[2020-07-07 15:32:01.761 [main-133] ERROR com.sh.stt.base.BaseDriver.startBrowser - chrome浏览器启动失败！
]]></system-out>
    <system-err><![CDATA[java.lang.IllegalStateException: The driver executable does not exist: D:\IDEA\wap-selenium\target\test-classes\driver\driver\chromedriver.exe
	at com.google.common.base.Preconditions.checkState(Preconditions.java:585)
	at org.openqa.selenium.remote.service.DriverService.checkExecutable(DriverService.java:146)
	at org.openqa.selenium.remote.service.DriverService.findExecutable(DriverService.java:141)
	at org.openqa.selenium.chrome.ChromeDriverService.access$000(ChromeDriverService.java:35)
	at org.openqa.selenium.chrome.ChromeDriverService$Builder.findDefaultExecutable(ChromeDriverService.java:159)
	at org.openqa.selenium.remote.service.DriverService$Builder.build(DriverService.java:355)
	at org.openqa.selenium.chrome.ChromeDriverService.createDefaultService(ChromeDriverService.java:94)
	at org.openqa.selenium.chrome.ChromeDriver.<init>(ChromeDriver.java:157)
	at com.sh.stt.base.BaseDriver.startBrowser(BaseDriver.java:130)
	at com.sh.stt.base.BaseTest.beforeClass(BaseTest.java:60)
	at sun.reflect.GeneratedMethodAccessor33.invoke(Unknown Source)
	at sun.reflect.DelegatingMethodAccessorImpl.invoke(DelegatingMethodAccessorImpl.java:43)
	at java.lang.reflect.Method.invoke(Method.java:498)
	at org.testng.internal.MethodInvocationHelper.invokeMethod(MethodInvocationHelper.java:124)
	at org.testng.internal.MethodInvocationHelper.invokeMethodConsideringTimeout(MethodInvocationHelper.java:59)
	at org.testng.internal.Invoker.invokeConfigurationMethod(Invoker.java:458)
	at org.testng.internal.Invoker.invokeConfigurations(Invoker.java:222)
	at org.testng.internal.Invoker.invokeConfigurations(Invoker.java:142)
	at org.testng.internal.TestMethodWorker.invokeBeforeClassMethods(TestMethodWorker.java:168)
	at org.testng.internal.TestMethodWorker.run(TestMethodWorker.java:105)
	at org.testng.TestRunner.privateRun(TestRunner.java:648)
	at org.testng.TestRunner.run(TestRunner.java:505)
	at org.testng.SuiteRunner.runTest(SuiteRunner.java:455)
	at org.testng.SuiteRunner.runSequentially(SuiteRunner.java:450)
	at org.testng.SuiteRunner.privateRun(SuiteRunner.java:415)
	at org.testng.SuiteRunner.run(SuiteRunner.java:364)
	at org.testng.SuiteRunnerWorker.runSuite(SuiteRunnerWorker.java:52)
	at org.testng.SuiteRunnerWorker.run(SuiteRunnerWorker.java:84)
	at org.testng.TestNG.runSuitesSequentially(TestNG.java:1208)
	at org.testng.TestNG.runSuitesSequentially(TestNG.java:1204)
	at org.testng.TestNG.runSuitesLocally(TestNG.java:1137)
	at org.testng.TestNG.runSuites(TestNG.java:1049)
	at org.testng.TestNG.run(TestNG.java:1017)
	at org.apache.maven.surefire.testng.TestNGExecutor.run(TestNGExecutor.java:283)
	at org.apache.maven.surefire.testng.TestNGXmlTestSuite.execute(TestNGXmlTestSuite.java:75)
	at org.apache.maven.surefire.testng.TestNGProvider.invoke(TestNGProvider.java:120)
	at org.apache.maven.surefire.booter.ForkedBooter.invokeProviderInSameClassLoader(ForkedBooter.java:384)
	at org.apache.maven.surefire.booter.ForkedBooter.runSuitesInProcess(ForkedBooter.java:345)
	at org.apache.maven.surefire.booter.ForkedBooter.execute(ForkedBooter.java:126)
	at org.apache.maven.surefire.booter.ForkedBooter.main(ForkedBooter.java:418)
]]></system-err>
  </testcase>
  <testcase name="beforeMethod" classname="com.sh.stt.testcase.yw.XJYWTest" time="0">
    <skipped/>
  </testcase>
  <testcase name="ywContentListTest" classname="com.sh.stt.testcase.yw.XJYWTest" time="0">
    <skipped/>
    <system-out><![CDATA[2020-07-07 15:32:01.768 [main-68] INFO  com.sh.stt.listener.LogListener.onTestSkipped - ========com.sh.stt.testcase.yw.XJYWTest.ywContentListTest跳过测试========
]]></system-out>
  </testcase>
  <testcase name="afterClass" classname="com.sh.stt.testcase.yw.XJYWTest" time="22.319">
    <failure type="java.lang.NullPointerException">java.lang.NullPointerException
</failure>
    <system-out><![CDATA[2020-07-07 15:32:01.777 [main-68] INFO  com.sh.stt.listener.LogListener.onTestSkipped - ========com.sh.stt.testcase.yw.XJYWTest.ywContentListTest跳过测试========
]]></system-out>
  </testcase>
  <testcase name="beforeClass" classname="com.sh.stt.testcase.yw.XZYWTest" time="22.481">
    <failure type="java.lang.NullPointerException">java.lang.NullPointerException
</failure>
    <system-out><![CDATA[2020-07-07 15:32:01.800 [main-133] ERROR com.sh.stt.base.BaseDriver.startBrowser - chrome浏览器启动失败！
]]></system-out>
    <system-err><![CDATA[java.lang.IllegalStateException: The driver executable does not exist: D:\IDEA\wap-selenium\target\test-classes\driver\driver\chromedriver.exe
	at com.google.common.base.Preconditions.checkState(Preconditions.java:585)
	at org.openqa.selenium.remote.service.DriverService.checkExecutable(DriverService.java:146)
	at org.openqa.selenium.remote.service.DriverService.findExecutable(DriverService.java:141)
	at org.openqa.selenium.chrome.ChromeDriverService.access$000(ChromeDriverService.java:35)
	at org.openqa.selenium.chrome.ChromeDriverService$Builder.findDefaultExecutable(ChromeDriverService.java:159)
	at org.openqa.selenium.remote.service.DriverService$Builder.build(DriverService.java:355)
	at org.openqa.selenium.chrome.ChromeDriverService.createDefaultService(ChromeDriverService.java:94)
	at org.openqa.selenium.chrome.ChromeDriver.<init>(ChromeDriver.java:157)
	at com.sh.stt.base.BaseDriver.startBrowser(BaseDriver.java:130)
	at com.sh.stt.base.BaseTest.beforeClass(BaseTest.java:60)
	at sun.reflect.GeneratedMethodAccessor33.invoke(Unknown Source)
	at sun.reflect.DelegatingMethodAccessorImpl.invoke(DelegatingMethodAccessorImpl.java:43)
	at java.lang.reflect.Method.invoke(Method.java:498)
	at org.testng.internal.MethodInvocationHelper.invokeMethod(MethodInvocationHelper.java:124)
	at org.testng.internal.MethodInvocationHelper.invokeMethodConsideringTimeout(MethodInvocationHelper.java:59)
	at org.testng.internal.Invoker.invokeConfigurationMethod(Invoker.java:458)
	at org.testng.internal.Invoker.invokeConfigurations(Invoker.java:222)
	at org.testng.internal.Invoker.invokeConfigurations(Invoker.java:142)
	at org.testng.internal.TestMethodWorker.invokeBeforeClassMethods(TestMethodWorker.java:168)
	at org.testng.internal.TestMethodWorker.run(TestMethodWorker.java:105)
	at org.testng.TestRunner.privateRun(TestRunner.java:648)
	at org.testng.TestRunner.run(TestRunner.java:505)
	at org.testng.SuiteRunner.runTest(SuiteRunner.java:455)
	at org.testng.SuiteRunner.runSequentially(SuiteRunner.java:450)
	at org.testng.SuiteRunner.privateRun(SuiteRunner.java:415)
	at org.testng.SuiteRunner.run(SuiteRunner.java:364)
	at org.testng.SuiteRunnerWorker.runSuite(SuiteRunnerWorker.java:52)
	at org.testng.SuiteRunnerWorker.run(SuiteRunnerWorker.java:84)
	at org.testng.TestNG.runSuitesSequentially(TestNG.java:1208)
	at org.testng.TestNG.runSuitesSequentially(TestNG.java:1204)
	at org.testng.TestNG.runSuitesLocally(TestNG.java:1137)
	at org.testng.TestNG.runSuites(TestNG.java:1049)
	at org.testng.TestNG.run(TestNG.java:1017)
	at org.apache.maven.surefire.testng.TestNGExecutor.run(TestNGExecutor.java:283)
	at org.apache.maven.surefire.testng.TestNGXmlTestSuite.execute(TestNGXmlTestSuite.java:75)
	at org.apache.maven.surefire.testng.TestNGProvider.invoke(TestNGProvider.java:120)
	at org.apache.maven.surefire.booter.ForkedBooter.invokeProviderInSameClassLoader(ForkedBooter.java:384)
	at org.apache.maven.surefire.booter.ForkedBooter.runSuitesInProcess(ForkedBooter.java:345)
	at org.apache.maven.surefire.booter.ForkedBooter.execute(ForkedBooter.java:126)
	at org.apache.maven.surefire.booter.ForkedBooter.main(ForkedBooter.java:418)
]]></system-err>
  </testcase>
  <testcase name="beforeMethod" classname="com.sh.stt.testcase.yw.XZYWTest" time="0">
    <skipped/>
  </testcase>
  <testcase name="ywContentListTest" classname="com.sh.stt.testcase.yw.XZYWTest" time="0">
    <skipped/>
    <system-out><![CDATA[2020-07-07 15:32:01.803 [main-68] INFO  com.sh.stt.listener.LogListener.onTestSkipped - ========com.sh.stt.testcase.yw.XZYWTest.ywContentListTest跳过测试========
]]></system-out>
  </testcase>
  <testcase name="afterClass" classname="com.sh.stt.testcase.yw.XZYWTest" time="22.496">
    <failure type="java.lang.NullPointerException">java.lang.NullPointerException
</failure>
    <system-out><![CDATA[2020-07-07 15:32:01.806 [main-68] INFO  com.sh.stt.listener.LogListener.onTestSkipped - ========com.sh.stt.testcase.yw.XZYWTest.ywContentListTest跳过测试========
]]></system-out>
  </testcase>
  <testcase name="beforeClass" classname="com.sh.stt.testcase.yw.YNYWTest" time="22.649">
    <failure type="java.lang.NullPointerException">java.lang.NullPointerException
</failure>
    <system-out><![CDATA[2020-07-07 15:32:01.830 [main-133] ERROR com.sh.stt.base.BaseDriver.startBrowser - chrome浏览器启动失败！
]]></system-out>
    <system-err><![CDATA[java.lang.IllegalStateException: The driver executable does not exist: D:\IDEA\wap-selenium\target\test-classes\driver\driver\chromedriver.exe
	at com.google.common.base.Preconditions.checkState(Preconditions.java:585)
	at org.openqa.selenium.remote.service.DriverService.checkExecutable(DriverService.java:146)
	at org.openqa.selenium.remote.service.DriverService.findExecutable(DriverService.java:141)
	at org.openqa.selenium.chrome.ChromeDriverService.access$000(ChromeDriverService.java:35)
	at org.openqa.selenium.chrome.ChromeDriverService$Builder.findDefaultExecutable(ChromeDriverService.java:159)
	at org.openqa.selenium.remote.service.DriverService$Builder.build(DriverService.java:355)
	at org.openqa.selenium.chrome.ChromeDriverService.createDefaultService(ChromeDriverService.java:94)
	at org.openqa.selenium.chrome.ChromeDriver.<init>(ChromeDriver.java:157)
	at com.sh.stt.base.BaseDriver.startBrowser(BaseDriver.java:130)
	at com.sh.stt.base.BaseTest.beforeClass(BaseTest.java:60)
	at sun.reflect.GeneratedMethodAccessor33.invoke(Unknown Source)
	at sun.reflect.DelegatingMethodAccessorImpl.invoke(DelegatingMethodAccessorImpl.java:43)
	at java.lang.reflect.Method.invoke(Method.java:498)
	at org.testng.internal.MethodInvocationHelper.invokeMethod(MethodInvocationHelper.java:124)
	at org.testng.internal.MethodInvocationHelper.invokeMethodConsideringTimeout(MethodInvocationHelper.java:59)
	at org.testng.internal.Invoker.invokeConfigurationMethod(Invoker.java:458)
	at org.testng.internal.Invoker.invokeConfigurations(Invoker.java:222)
	at org.testng.internal.Invoker.invokeConfigurations(Invoker.java:142)
	at org.testng.internal.TestMethodWorker.invokeBeforeClassMethods(TestMethodWorker.java:168)
	at org.testng.internal.TestMethodWorker.run(TestMethodWorker.java:105)
	at org.testng.TestRunner.privateRun(TestRunner.java:648)
	at org.testng.TestRunner.run(TestRunner.java:505)
	at org.testng.SuiteRunner.runTest(SuiteRunner.java:455)
	at org.testng.SuiteRunner.runSequentially(SuiteRunner.java:450)
	at org.testng.SuiteRunner.privateRun(SuiteRunner.java:415)
	at org.testng.SuiteRunner.run(SuiteRunner.java:364)
	at org.testng.SuiteRunnerWorker.runSuite(SuiteRunnerWorker.java:52)
	at org.testng.SuiteRunnerWorker.run(SuiteRunnerWorker.java:84)
	at org.testng.TestNG.runSuitesSequentially(TestNG.java:1208)
	at org.testng.TestNG.runSuitesSequentially(TestNG.java:1204)
	at org.testng.TestNG.runSuitesLocally(TestNG.java:1137)
	at org.testng.TestNG.runSuites(TestNG.java:1049)
	at org.testng.TestNG.run(TestNG.java:1017)
	at org.apache.maven.surefire.testng.TestNGExecutor.run(TestNGExecutor.java:283)
	at org.apache.maven.surefire.testng.TestNGXmlTestSuite.execute(TestNGXmlTestSuite.java:75)
	at org.apache.maven.surefire.testng.TestNGProvider.invoke(TestNGProvider.java:120)
	at org.apache.maven.surefire.booter.ForkedBooter.invokeProviderInSameClassLoader(ForkedBooter.java:384)
	at org.apache.maven.surefire.booter.ForkedBooter.runSuitesInProcess(ForkedBooter.java:345)
	at org.apache.maven.surefire.booter.ForkedBooter.execute(ForkedBooter.java:126)
	at org.apache.maven.surefire.booter.ForkedBooter.main(ForkedBooter.java:418)
]]></system-err>
  </testcase>
  <testcase name="beforeMethod" classname="com.sh.stt.testcase.yw.YNYWTest" time="0">
    <skipped/>
  </testcase>
  <testcase name="ywContentListTest" classname="com.sh.stt.testcase.yw.YNYWTest" time="0">
    <skipped/>
    <system-out><![CDATA[2020-07-07 15:32:01.834 [main-68] INFO  com.sh.stt.listener.LogListener.onTestSkipped - ========com.sh.stt.testcase.yw.YNYWTest.ywContentListTest跳过测试========
]]></system-out>
  </testcase>
  <testcase name="afterClass" classname="com.sh.stt.testcase.yw.YNYWTest" time="22.666">
    <failure type="java.lang.NullPointerException">java.lang.NullPointerException
</failure>
    <system-out><![CDATA[2020-07-07 15:32:01.837 [main-68] INFO  com.sh.stt.listener.LogListener.onTestSkipped - ========com.sh.stt.testcase.yw.YNYWTest.ywContentListTest跳过测试========
]]></system-out>
  </testcase>
  <testcase name="beforeClass" classname="com.sh.stt.testcase.yw.ZJYWTest" time="22.849">
    <failure type="java.lang.NullPointerException">java.lang.NullPointerException
</failure>
    <system-out><![CDATA[2020-07-07 15:32:01.857 [main-133] ERROR com.sh.stt.base.BaseDriver.startBrowser - chrome浏览器启动失败！
]]></system-out>
    <system-err><![CDATA[java.lang.IllegalStateException: The driver executable does not exist: D:\IDEA\wap-selenium\target\test-classes\driver\driver\chromedriver.exe
	at com.google.common.base.Preconditions.checkState(Preconditions.java:585)
	at org.openqa.selenium.remote.service.DriverService.checkExecutable(DriverService.java:146)
	at org.openqa.selenium.remote.service.DriverService.findExecutable(DriverService.java:141)
	at org.openqa.selenium.chrome.ChromeDriverService.access$000(ChromeDriverService.java:35)
	at org.openqa.selenium.chrome.ChromeDriverService$Builder.findDefaultExecutable(ChromeDriverService.java:159)
	at org.openqa.selenium.remote.service.DriverService$Builder.build(DriverService.java:355)
	at org.openqa.selenium.chrome.ChromeDriverService.createDefaultService(ChromeDriverService.java:94)
	at org.openqa.selenium.chrome.ChromeDriver.<init>(ChromeDriver.java:157)
	at com.sh.stt.base.BaseDriver.startBrowser(BaseDriver.java:130)
	at com.sh.stt.base.BaseTest.beforeClass(BaseTest.java:60)
	at sun.reflect.GeneratedMethodAccessor33.invoke(Unknown Source)
	at sun.reflect.DelegatingMethodAccessorImpl.invoke(DelegatingMethodAccessorImpl.java:43)
	at java.lang.reflect.Method.invoke(Method.java:498)
	at org.testng.internal.MethodInvocationHelper.invokeMethod(MethodInvocationHelper.java:124)
	at org.testng.internal.MethodInvocationHelper.invokeMethodConsideringTimeout(MethodInvocationHelper.java:59)
	at org.testng.internal.Invoker.invokeConfigurationMethod(Invoker.java:458)
	at org.testng.internal.Invoker.invokeConfigurations(Invoker.java:222)
	at org.testng.internal.Invoker.invokeConfigurations(Invoker.java:142)
	at org.testng.internal.TestMethodWorker.invokeBeforeClassMethods(TestMethodWorker.java:168)
	at org.testng.internal.TestMethodWorker.run(TestMethodWorker.java:105)
	at org.testng.TestRunner.privateRun(TestRunner.java:648)
	at org.testng.TestRunner.run(TestRunner.java:505)
	at org.testng.SuiteRunner.runTest(SuiteRunner.java:455)
	at org.testng.SuiteRunner.runSequentially(SuiteRunner.java:450)
	at org.testng.SuiteRunner.privateRun(SuiteRunner.java:415)
	at org.testng.SuiteRunner.run(SuiteRunner.java:364)
	at org.testng.SuiteRunnerWorker.runSuite(SuiteRunnerWorker.java:52)
	at org.testng.SuiteRunnerWorker.run(SuiteRunnerWorker.java:84)
	at org.testng.TestNG.runSuitesSequentially(TestNG.java:1208)
	at org.testng.TestNG.runSuitesSequentially(TestNG.java:1204)
	at org.testng.TestNG.runSuitesLocally(TestNG.java:1137)
	at org.testng.TestNG.runSuites(TestNG.java:1049)
	at org.testng.TestNG.run(TestNG.java:1017)
	at org.apache.maven.surefire.testng.TestNGExecutor.run(TestNGExecutor.java:283)
	at org.apache.maven.surefire.testng.TestNGXmlTestSuite.execute(TestNGXmlTestSuite.java:75)
	at org.apache.maven.surefire.testng.TestNGProvider.invoke(TestNGProvider.java:120)
	at org.apache.maven.surefire.booter.ForkedBooter.invokeProviderInSameClassLoader(ForkedBooter.java:384)
	at org.apache.maven.surefire.booter.ForkedBooter.runSuitesInProcess(ForkedBooter.java:345)
	at org.apache.maven.surefire.booter.ForkedBooter.execute(ForkedBooter.java:126)
	at org.apache.maven.surefire.booter.ForkedBooter.main(ForkedBooter.java:418)
]]></system-err>
  </testcase>
  <testcase name="beforeMethod" classname="com.sh.stt.testcase.yw.ZJYWTest" time="0">
    <skipped/>
  </testcase>
  <testcase name="ywContentListTest" classname="com.sh.stt.testcase.yw.ZJYWTest" time="0">
    <skipped/>
    <system-out><![CDATA[2020-07-07 15:32:01.862 [main-68] INFO  com.sh.stt.listener.LogListener.onTestSkipped - ========com.sh.stt.testcase.yw.ZJYWTest.ywContentListTest跳过测试========
]]></system-out>
  </testcase>
  <testcase name="afterClass" classname="com.sh.stt.testcase.yw.ZJYWTest" time="22.865">
    <failure type="java.lang.NullPointerException">java.lang.NullPointerException
</failure>
    <system-out><![CDATA[2020-07-07 15:32:01.866 [main-68] INFO  com.sh.stt.listener.LogListener.onTestSkipped - ========com.sh.stt.testcase.yw.ZJYWTest.ywContentListTest跳过测试========
]]></system-out>
  </testcase>
  <testcase name="beforeClass" classname="com.sh.stt.testcase.yh.BJYHTest" time="23.048">
    <failure type="java.lang.NullPointerException">java.lang.NullPointerException
</failure>
    <system-out><![CDATA[2020-07-07 15:32:01.886 [main-133] ERROR com.sh.stt.base.BaseDriver.startBrowser - chrome浏览器启动失败！
]]></system-out>
    <system-err><![CDATA[java.lang.IllegalStateException: The driver executable does not exist: D:\IDEA\wap-selenium\target\test-classes\driver\driver\chromedriver.exe
	at com.google.common.base.Preconditions.checkState(Preconditions.java:585)
	at org.openqa.selenium.remote.service.DriverService.checkExecutable(DriverService.java:146)
	at org.openqa.selenium.remote.service.DriverService.findExecutable(DriverService.java:141)
	at org.openqa.selenium.chrome.ChromeDriverService.access$000(ChromeDriverService.java:35)
	at org.openqa.selenium.chrome.ChromeDriverService$Builder.findDefaultExecutable(ChromeDriverService.java:159)
	at org.openqa.selenium.remote.service.DriverService$Builder.build(DriverService.java:355)
	at org.openqa.selenium.chrome.ChromeDriverService.createDefaultService(ChromeDriverService.java:94)
	at org.openqa.selenium.chrome.ChromeDriver.<init>(ChromeDriver.java:157)
	at com.sh.stt.base.BaseDriver.startBrowser(BaseDriver.java:130)
	at com.sh.stt.base.BaseTest.beforeClass(BaseTest.java:60)
	at sun.reflect.GeneratedMethodAccessor33.invoke(Unknown Source)
	at sun.reflect.DelegatingMethodAccessorImpl.invoke(DelegatingMethodAccessorImpl.java:43)
	at java.lang.reflect.Method.invoke(Method.java:498)
	at org.testng.internal.MethodInvocationHelper.invokeMethod(MethodInvocationHelper.java:124)
	at org.testng.internal.MethodInvocationHelper.invokeMethodConsideringTimeout(MethodInvocationHelper.java:59)
	at org.testng.internal.Invoker.invokeConfigurationMethod(Invoker.java:458)
	at org.testng.internal.Invoker.invokeConfigurations(Invoker.java:222)
	at org.testng.internal.Invoker.invokeConfigurations(Invoker.java:142)
	at org.testng.internal.TestMethodWorker.invokeBeforeClassMethods(TestMethodWorker.java:168)
	at org.testng.internal.TestMethodWorker.run(TestMethodWorker.java:105)
	at org.testng.TestRunner.privateRun(TestRunner.java:648)
	at org.testng.TestRunner.run(TestRunner.java:505)
	at org.testng.SuiteRunner.runTest(SuiteRunner.java:455)
	at org.testng.SuiteRunner.runSequentially(SuiteRunner.java:450)
	at org.testng.SuiteRunner.privateRun(SuiteRunner.java:415)
	at org.testng.SuiteRunner.run(SuiteRunner.java:364)
	at org.testng.SuiteRunnerWorker.runSuite(SuiteRunnerWorker.java:52)
	at org.testng.SuiteRunnerWorker.run(SuiteRunnerWorker.java:84)
	at org.testng.TestNG.runSuitesSequentially(TestNG.java:1208)
	at org.testng.TestNG.runSuitesSequentially(TestNG.java:1204)
	at org.testng.TestNG.runSuitesLocally(TestNG.java:1137)
	at org.testng.TestNG.runSuites(TestNG.java:1049)
	at org.testng.TestNG.run(TestNG.java:1017)
	at org.apache.maven.surefire.testng.TestNGExecutor.run(TestNGExecutor.java:283)
	at org.apache.maven.surefire.testng.TestNGXmlTestSuite.execute(TestNGXmlTestSuite.java:75)
	at org.apache.maven.surefire.testng.TestNGProvider.invoke(TestNGProvider.java:120)
	at org.apache.maven.surefire.booter.ForkedBooter.invokeProviderInSameClassLoader(ForkedBooter.java:384)
	at org.apache.maven.surefire.booter.ForkedBooter.runSuitesInProcess(ForkedBooter.java:345)
	at org.apache.maven.surefire.booter.ForkedBooter.execute(ForkedBooter.java:126)
	at org.apache.maven.surefire.booter.ForkedBooter.main(ForkedBooter.java:418)
]]></system-err>
  </testcase>
  <testcase name="beforeMethod" classname="com.sh.stt.testcase.yh.BJYHTest" time="0">
    <skipped/>
  </testcase>
  <testcase name="yhContentListTest" classname="com.sh.stt.testcase.yh.BJYHTest" time="0">
    <skipped/>
    <system-out><![CDATA[2020-07-07 15:32:01.891 [main-68] INFO  com.sh.stt.listener.LogListener.onTestSkipped - ========com.sh.stt.testcase.yh.BJYHTest.yhContentListTest跳过测试========
]]></system-out>
  </testcase>
  <testcase name="afterClass" classname="com.sh.stt.testcase.yh.BJYHTest" time="23.065">
    <failure type="java.lang.NullPointerException">java.lang.NullPointerException
</failure>
    <system-out><![CDATA[2020-07-07 15:32:01.894 [main-68] INFO  com.sh.stt.listener.LogListener.onTestSkipped - ========com.sh.stt.testcase.yh.BJYHTest.yhContentListTest跳过测试========
]]></system-out>
  </testcase>
  <testcase name="beforeClass" classname="com.sh.stt.testcase.yh.AHYHTest" time="23.25">
    <failure type="java.lang.NullPointerException">java.lang.NullPointerException
</failure>
    <system-out><![CDATA[2020-07-07 15:32:01.911 [main-133] ERROR com.sh.stt.base.BaseDriver.startBrowser - chrome浏览器启动失败！
]]></system-out>
    <system-err><![CDATA[java.lang.IllegalStateException: The driver executable does not exist: D:\IDEA\wap-selenium\target\test-classes\driver\driver\chromedriver.exe
	at com.google.common.base.Preconditions.checkState(Preconditions.java:585)
	at org.openqa.selenium.remote.service.DriverService.checkExecutable(DriverService.java:146)
	at org.openqa.selenium.remote.service.DriverService.findExecutable(DriverService.java:141)
	at org.openqa.selenium.chrome.ChromeDriverService.access$000(ChromeDriverService.java:35)
	at org.openqa.selenium.chrome.ChromeDriverService$Builder.findDefaultExecutable(ChromeDriverService.java:159)
	at org.openqa.selenium.remote.service.DriverService$Builder.build(DriverService.java:355)
	at org.openqa.selenium.chrome.ChromeDriverService.createDefaultService(ChromeDriverService.java:94)
	at org.openqa.selenium.chrome.ChromeDriver.<init>(ChromeDriver.java:157)
	at com.sh.stt.base.BaseDriver.startBrowser(BaseDriver.java:130)
	at com.sh.stt.base.BaseTest.beforeClass(BaseTest.java:60)
	at sun.reflect.GeneratedMethodAccessor33.invoke(Unknown Source)
	at sun.reflect.DelegatingMethodAccessorImpl.invoke(DelegatingMethodAccessorImpl.java:43)
	at java.lang.reflect.Method.invoke(Method.java:498)
	at org.testng.internal.MethodInvocationHelper.invokeMethod(MethodInvocationHelper.java:124)
	at org.testng.internal.MethodInvocationHelper.invokeMethodConsideringTimeout(MethodInvocationHelper.java:59)
	at org.testng.internal.Invoker.invokeConfigurationMethod(Invoker.java:458)
	at org.testng.internal.Invoker.invokeConfigurations(Invoker.java:222)
	at org.testng.internal.Invoker.invokeConfigurations(Invoker.java:142)
	at org.testng.internal.TestMethodWorker.invokeBeforeClassMethods(TestMethodWorker.java:168)
	at org.testng.internal.TestMethodWorker.run(TestMethodWorker.java:105)
	at org.testng.TestRunner.privateRun(TestRunner.java:648)
	at org.testng.TestRunner.run(TestRunner.java:505)
	at org.testng.SuiteRunner.runTest(SuiteRunner.java:455)
	at org.testng.SuiteRunner.runSequentially(SuiteRunner.java:450)
	at org.testng.SuiteRunner.privateRun(SuiteRunner.java:415)
	at org.testng.SuiteRunner.run(SuiteRunner.java:364)
	at org.testng.SuiteRunnerWorker.runSuite(SuiteRunnerWorker.java:52)
	at org.testng.SuiteRunnerWorker.run(SuiteRunnerWorker.java:84)
	at org.testng.TestNG.runSuitesSequentially(TestNG.java:1208)
	at org.testng.TestNG.runSuitesSequentially(TestNG.java:1204)
	at org.testng.TestNG.runSuitesLocally(TestNG.java:1137)
	at org.testng.TestNG.runSuites(TestNG.java:1049)
	at org.testng.TestNG.run(TestNG.java:1017)
	at org.apache.maven.surefire.testng.TestNGExecutor.run(TestNGExecutor.java:283)
	at org.apache.maven.surefire.testng.TestNGXmlTestSuite.execute(TestNGXmlTestSuite.java:75)
	at org.apache.maven.surefire.testng.TestNGProvider.invoke(TestNGProvider.java:120)
	at org.apache.maven.surefire.booter.ForkedBooter.invokeProviderInSameClassLoader(ForkedBooter.java:384)
	at org.apache.maven.surefire.booter.ForkedBooter.runSuitesInProcess(ForkedBooter.java:345)
	at org.apache.maven.surefire.booter.ForkedBooter.execute(ForkedBooter.java:126)
	at org.apache.maven.surefire.booter.ForkedBooter.main(ForkedBooter.java:418)
]]></system-err>
  </testcase>
  <testcase name="beforeMethod" classname="com.sh.stt.testcase.yh.AHYHTest" time="0">
    <skipped/>
  </testcase>
  <testcase name="yhContentListTest" classname="com.sh.stt.testcase.yh.AHYHTest" time="0">
    <skipped/>
    <system-out><![CDATA[2020-07-07 15:32:01.915 [main-68] INFO  com.sh.stt.listener.LogListener.onTestSkipped - ========com.sh.stt.testcase.yh.AHYHTest.yhContentListTest跳过测试========
]]></system-out>
  </testcase>
  <testcase name="afterClass" classname="com.sh.stt.testcase.yh.AHYHTest" time="23.271">
    <failure type="java.lang.NullPointerException">java.lang.NullPointerException
</failure>
    <system-out><![CDATA[2020-07-07 15:32:01.920 [main-68] INFO  com.sh.stt.listener.LogListener.onTestSkipped - ========com.sh.stt.testcase.yh.AHYHTest.yhContentListTest跳过测试========
]]></system-out>
  </testcase>
  <testcase name="beforeClass" classname="com.sh.stt.testcase.yh.CQYHTest" time="23.444">
    <failure type="java.lang.NullPointerException">java.lang.NullPointerException
</failure>
    <system-out><![CDATA[2020-07-07 15:32:01.940 [main-133] ERROR com.sh.stt.base.BaseDriver.startBrowser - chrome浏览器启动失败！
]]></system-out>
    <system-err><![CDATA[java.lang.IllegalStateException: The driver executable does not exist: D:\IDEA\wap-selenium\target\test-classes\driver\driver\chromedriver.exe
	at com.google.common.base.Preconditions.checkState(Preconditions.java:585)
	at org.openqa.selenium.remote.service.DriverService.checkExecutable(DriverService.java:146)
	at org.openqa.selenium.remote.service.DriverService.findExecutable(DriverService.java:141)
	at org.openqa.selenium.chrome.ChromeDriverService.access$000(ChromeDriverService.java:35)
	at org.openqa.selenium.chrome.ChromeDriverService$Builder.findDefaultExecutable(ChromeDriverService.java:159)
	at org.openqa.selenium.remote.service.DriverService$Builder.build(DriverService.java:355)
	at org.openqa.selenium.chrome.ChromeDriverService.createDefaultService(ChromeDriverService.java:94)
	at org.openqa.selenium.chrome.ChromeDriver.<init>(ChromeDriver.java:157)
	at com.sh.stt.base.BaseDriver.startBrowser(BaseDriver.java:130)
	at com.sh.stt.base.BaseTest.beforeClass(BaseTest.java:60)
	at sun.reflect.GeneratedMethodAccessor33.invoke(Unknown Source)
	at sun.reflect.DelegatingMethodAccessorImpl.invoke(DelegatingMethodAccessorImpl.java:43)
	at java.lang.reflect.Method.invoke(Method.java:498)
	at org.testng.internal.MethodInvocationHelper.invokeMethod(MethodInvocationHelper.java:124)
	at org.testng.internal.MethodInvocationHelper.invokeMethodConsideringTimeout(MethodInvocationHelper.java:59)
	at org.testng.internal.Invoker.invokeConfigurationMethod(Invoker.java:458)
	at org.testng.internal.Invoker.invokeConfigurations(Invoker.java:222)
	at org.testng.internal.Invoker.invokeConfigurations(Invoker.java:142)
	at org.testng.internal.TestMethodWorker.invokeBeforeClassMethods(TestMethodWorker.java:168)
	at org.testng.internal.TestMethodWorker.run(TestMethodWorker.java:105)
	at org.testng.TestRunner.privateRun(TestRunner.java:648)
	at org.testng.TestRunner.run(TestRunner.java:505)
	at org.testng.SuiteRunner.runTest(SuiteRunner.java:455)
	at org.testng.SuiteRunner.runSequentially(SuiteRunner.java:450)
	at org.testng.SuiteRunner.privateRun(SuiteRunner.java:415)
	at org.testng.SuiteRunner.run(SuiteRunner.java:364)
	at org.testng.SuiteRunnerWorker.runSuite(SuiteRunnerWorker.java:52)
	at org.testng.SuiteRunnerWorker.run(SuiteRunnerWorker.java:84)
	at org.testng.TestNG.runSuitesSequentially(TestNG.java:1208)
	at org.testng.TestNG.runSuitesSequentially(TestNG.java:1204)
	at org.testng.TestNG.runSuitesLocally(TestNG.java:1137)
	at org.testng.TestNG.runSuites(TestNG.java:1049)
	at org.testng.TestNG.run(TestNG.java:1017)
	at org.apache.maven.surefire.testng.TestNGExecutor.run(TestNGExecutor.java:283)
	at org.apache.maven.surefire.testng.TestNGXmlTestSuite.execute(TestNGXmlTestSuite.java:75)
	at org.apache.maven.surefire.testng.TestNGProvider.invoke(TestNGProvider.java:120)
	at org.apache.maven.surefire.booter.ForkedBooter.invokeProviderInSameClassLoader(ForkedBooter.java:384)
	at org.apache.maven.surefire.booter.ForkedBooter.runSuitesInProcess(ForkedBooter.java:345)
	at org.apache.maven.surefire.booter.ForkedBooter.execute(ForkedBooter.java:126)
	at org.apache.maven.surefire.booter.ForkedBooter.main(ForkedBooter.java:418)
]]></system-err>
  </testcase>
  <testcase name="beforeMethod" classname="com.sh.stt.testcase.yh.CQYHTest" time="0">
    <skipped/>
  </testcase>
  <testcase name="yhContentListTest" classname="com.sh.stt.testcase.yh.CQYHTest" time="0">
    <skipped/>
    <system-out><![CDATA[2020-07-07 15:32:01.944 [main-68] INFO  com.sh.stt.listener.LogListener.onTestSkipped - ========com.sh.stt.testcase.yh.CQYHTest.yhContentListTest跳过测试========
]]></system-out>
  </testcase>
  <testcase name="afterClass" classname="com.sh.stt.testcase.yh.CQYHTest" time="23.462">
    <failure type="java.lang.NullPointerException">java.lang.NullPointerException
</failure>
    <system-out><![CDATA[2020-07-07 15:32:01.947 [main-68] INFO  com.sh.stt.listener.LogListener.onTestSkipped - ========com.sh.stt.testcase.yh.CQYHTest.yhContentListTest跳过测试========
]]></system-out>
  </testcase>
  <testcase name="beforeClass" classname="com.sh.stt.testcase.yh.FJYHTest" time="23.616">
    <failure type="java.lang.NullPointerException">java.lang.NullPointerException
</failure>
    <system-out><![CDATA[2020-07-07 15:32:01.970 [main-133] ERROR com.sh.stt.base.BaseDriver.startBrowser - chrome浏览器启动失败！
]]></system-out>
    <system-err><![CDATA[java.lang.IllegalStateException: The driver executable does not exist: D:\IDEA\wap-selenium\target\test-classes\driver\driver\chromedriver.exe
	at com.google.common.base.Preconditions.checkState(Preconditions.java:585)
	at org.openqa.selenium.remote.service.DriverService.checkExecutable(DriverService.java:146)
	at org.openqa.selenium.remote.service.DriverService.findExecutable(DriverService.java:141)
	at org.openqa.selenium.chrome.ChromeDriverService.access$000(ChromeDriverService.java:35)
	at org.openqa.selenium.chrome.ChromeDriverService$Builder.findDefaultExecutable(ChromeDriverService.java:159)
	at org.openqa.selenium.remote.service.DriverService$Builder.build(DriverService.java:355)
	at org.openqa.selenium.chrome.ChromeDriverService.createDefaultService(ChromeDriverService.java:94)
	at org.openqa.selenium.chrome.ChromeDriver.<init>(ChromeDriver.java:157)
	at com.sh.stt.base.BaseDriver.startBrowser(BaseDriver.java:130)
	at com.sh.stt.base.BaseTest.beforeClass(BaseTest.java:60)
	at sun.reflect.GeneratedMethodAccessor33.invoke(Unknown Source)
	at sun.reflect.DelegatingMethodAccessorImpl.invoke(DelegatingMethodAccessorImpl.java:43)
	at java.lang.reflect.Method.invoke(Method.java:498)
	at org.testng.internal.MethodInvocationHelper.invokeMethod(MethodInvocationHelper.java:124)
	at org.testng.internal.MethodInvocationHelper.invokeMethodConsideringTimeout(MethodInvocationHelper.java:59)
	at org.testng.internal.Invoker.invokeConfigurationMethod(Invoker.java:458)
	at org.testng.internal.Invoker.invokeConfigurations(Invoker.java:222)
	at org.testng.internal.Invoker.invokeConfigurations(Invoker.java:142)
	at org.testng.internal.TestMethodWorker.invokeBeforeClassMethods(TestMethodWorker.java:168)
	at org.testng.internal.TestMethodWorker.run(TestMethodWorker.java:105)
	at org.testng.TestRunner.privateRun(TestRunner.java:648)
	at org.testng.TestRunner.run(TestRunner.java:505)
	at org.testng.SuiteRunner.runTest(SuiteRunner.java:455)
	at org.testng.SuiteRunner.runSequentially(SuiteRunner.java:450)
	at org.testng.SuiteRunner.privateRun(SuiteRunner.java:415)
	at org.testng.SuiteRunner.run(SuiteRunner.java:364)
	at org.testng.SuiteRunnerWorker.runSuite(SuiteRunnerWorker.java:52)
	at org.testng.SuiteRunnerWorker.run(SuiteRunnerWorker.java:84)
	at org.testng.TestNG.runSuitesSequentially(TestNG.java:1208)
	at org.testng.TestNG.runSuitesSequentially(TestNG.java:1204)
	at org.testng.TestNG.runSuitesLocally(TestNG.java:1137)
	at org.testng.TestNG.runSuites(TestNG.java:1049)
	at org.testng.TestNG.run(TestNG.java:1017)
	at org.apache.maven.surefire.testng.TestNGExecutor.run(TestNGExecutor.java:283)
	at org.apache.maven.surefire.testng.TestNGXmlTestSuite.execute(TestNGXmlTestSuite.java:75)
	at org.apache.maven.surefire.testng.TestNGProvider.invoke(TestNGProvider.java:120)
	at org.apache.maven.surefire.booter.ForkedBooter.invokeProviderInSameClassLoader(ForkedBooter.java:384)
	at org.apache.maven.surefire.booter.ForkedBooter.runSuitesInProcess(ForkedBooter.java:345)
	at org.apache.maven.surefire.booter.ForkedBooter.execute(ForkedBooter.java:126)
	at org.apache.maven.surefire.booter.ForkedBooter.main(ForkedBooter.java:418)
]]></system-err>
  </testcase>
  <testcase name="beforeMethod" classname="com.sh.stt.testcase.yh.FJYHTest" time="0">
    <skipped/>
  </testcase>
  <testcase name="yhContentListTest" classname="com.sh.stt.testcase.yh.FJYHTest" time="0">
    <skipped/>
    <system-out><![CDATA[2020-07-07 15:32:01.975 [main-68] INFO  com.sh.stt.listener.LogListener.onTestSkipped - ========com.sh.stt.testcase.yh.FJYHTest.yhContentListTest跳过测试========
]]></system-out>
  </testcase>
  <testcase name="afterClass" classname="com.sh.stt.testcase.yh.FJYHTest" time="23.628">
    <failure type="java.lang.NullPointerException">java.lang.NullPointerException
</failure>
    <system-out><![CDATA[2020-07-07 15:32:01.979 [main-68] INFO  com.sh.stt.listener.LogListener.onTestSkipped - ========com.sh.stt.testcase.yh.FJYHTest.yhContentListTest跳过测试========
]]></system-out>
  </testcase>
  <testcase name="beforeClass" classname="com.sh.stt.testcase.yh.GDYHTest" time="23.783">
    <failure type="java.lang.NullPointerException">java.lang.NullPointerException
</failure>
    <system-out><![CDATA[2020-07-07 15:32:01.999 [main-133] ERROR com.sh.stt.base.BaseDriver.startBrowser - chrome浏览器启动失败！
]]></system-out>
    <system-err><![CDATA[java.lang.IllegalStateException: The driver executable does not exist: D:\IDEA\wap-selenium\target\test-classes\driver\driver\chromedriver.exe
	at com.google.common.base.Preconditions.checkState(Preconditions.java:585)
	at org.openqa.selenium.remote.service.DriverService.checkExecutable(DriverService.java:146)
	at org.openqa.selenium.remote.service.DriverService.findExecutable(DriverService.java:141)
	at org.openqa.selenium.chrome.ChromeDriverService.access$000(ChromeDriverService.java:35)
	at org.openqa.selenium.chrome.ChromeDriverService$Builder.findDefaultExecutable(ChromeDriverService.java:159)
	at org.openqa.selenium.remote.service.DriverService$Builder.build(DriverService.java:355)
	at org.openqa.selenium.chrome.ChromeDriverService.createDefaultService(ChromeDriverService.java:94)
	at org.openqa.selenium.chrome.ChromeDriver.<init>(ChromeDriver.java:157)
	at com.sh.stt.base.BaseDriver.startBrowser(BaseDriver.java:130)
	at com.sh.stt.base.BaseTest.beforeClass(BaseTest.java:60)
	at sun.reflect.GeneratedMethodAccessor33.invoke(Unknown Source)
	at sun.reflect.DelegatingMethodAccessorImpl.invoke(DelegatingMethodAccessorImpl.java:43)
	at java.lang.reflect.Method.invoke(Method.java:498)
	at org.testng.internal.MethodInvocationHelper.invokeMethod(MethodInvocationHelper.java:124)
	at org.testng.internal.MethodInvocationHelper.invokeMethodConsideringTimeout(MethodInvocationHelper.java:59)
	at org.testng.internal.Invoker.invokeConfigurationMethod(Invoker.java:458)
	at org.testng.internal.Invoker.invokeConfigurations(Invoker.java:222)
	at org.testng.internal.Invoker.invokeConfigurations(Invoker.java:142)
	at org.testng.internal.TestMethodWorker.invokeBeforeClassMethods(TestMethodWorker.java:168)
	at org.testng.internal.TestMethodWorker.run(TestMethodWorker.java:105)
	at org.testng.TestRunner.privateRun(TestRunner.java:648)
	at org.testng.TestRunner.run(TestRunner.java:505)
	at org.testng.SuiteRunner.runTest(SuiteRunner.java:455)
	at org.testng.SuiteRunner.runSequentially(SuiteRunner.java:450)
	at org.testng.SuiteRunner.privateRun(SuiteRunner.java:415)
	at org.testng.SuiteRunner.run(SuiteRunner.java:364)
	at org.testng.SuiteRunnerWorker.runSuite(SuiteRunnerWorker.java:52)
	at org.testng.SuiteRunnerWorker.run(SuiteRunnerWorker.java:84)
	at org.testng.TestNG.runSuitesSequentially(TestNG.java:1208)
	at org.testng.TestNG.runSuitesSequentially(TestNG.java:1204)
	at org.testng.TestNG.runSuitesLocally(TestNG.java:1137)
	at org.testng.TestNG.runSuites(TestNG.java:1049)
	at org.testng.TestNG.run(TestNG.java:1017)
	at org.apache.maven.surefire.testng.TestNGExecutor.run(TestNGExecutor.java:283)
	at org.apache.maven.surefire.testng.TestNGXmlTestSuite.execute(TestNGXmlTestSuite.java:75)
	at org.apache.maven.surefire.testng.TestNGProvider.invoke(TestNGProvider.java:120)
	at org.apache.maven.surefire.booter.ForkedBooter.invokeProviderInSameClassLoader(ForkedBooter.java:384)
	at org.apache.maven.surefire.booter.ForkedBooter.runSuitesInProcess(ForkedBooter.java:345)
	at org.apache.maven.surefire.booter.ForkedBooter.execute(ForkedBooter.java:126)
	at org.apache.maven.surefire.booter.ForkedBooter.main(ForkedBooter.java:418)
]]></system-err>
  </testcase>
  <testcase name="beforeMethod" classname="com.sh.stt.testcase.yh.GDYHTest" time="0">
    <skipped/>
  </testcase>
  <testcase name="yhContentListTest" classname="com.sh.stt.testcase.yh.GDYHTest" time="0">
    <skipped/>
    <system-out><![CDATA[2020-07-07 15:32:02.002 [main-68] INFO  com.sh.stt.listener.LogListener.onTestSkipped - ========com.sh.stt.testcase.yh.GDYHTest.yhContentListTest跳过测试========
]]></system-out>
  </testcase>
  <testcase name="afterClass" classname="com.sh.stt.testcase.yh.GDYHTest" time="23.803">
    <failure type="java.lang.NullPointerException">java.lang.NullPointerException
</failure>
    <system-out><![CDATA[2020-07-07 15:32:02.005 [main-68] INFO  com.sh.stt.listener.LogListener.onTestSkipped - ========com.sh.stt.testcase.yh.GDYHTest.yhContentListTest跳过测试========
]]></system-out>
  </testcase>
  <testcase name="beforeClass" classname="com.sh.stt.testcase.yh.GXYHTest" time="23.965">
    <failure type="java.lang.NullPointerException">java.lang.NullPointerException
</failure>
    <system-out><![CDATA[2020-07-07 15:32:02.025 [main-133] ERROR com.sh.stt.base.BaseDriver.startBrowser - chrome浏览器启动失败！
]]></system-out>
    <system-err><![CDATA[java.lang.IllegalStateException: The driver executable does not exist: D:\IDEA\wap-selenium\target\test-classes\driver\driver\chromedriver.exe
	at com.google.common.base.Preconditions.checkState(Preconditions.java:585)
	at org.openqa.selenium.remote.service.DriverService.checkExecutable(DriverService.java:146)
	at org.openqa.selenium.remote.service.DriverService.findExecutable(DriverService.java:141)
	at org.openqa.selenium.chrome.ChromeDriverService.access$000(ChromeDriverService.java:35)
	at org.openqa.selenium.chrome.ChromeDriverService$Builder.findDefaultExecutable(ChromeDriverService.java:159)
	at org.openqa.selenium.remote.service.DriverService$Builder.build(DriverService.java:355)
	at org.openqa.selenium.chrome.ChromeDriverService.createDefaultService(ChromeDriverService.java:94)
	at org.openqa.selenium.chrome.ChromeDriver.<init>(ChromeDriver.java:157)
	at com.sh.stt.base.BaseDriver.startBrowser(BaseDriver.java:130)
	at com.sh.stt.base.BaseTest.beforeClass(BaseTest.java:60)
	at sun.reflect.GeneratedMethodAccessor33.invoke(Unknown Source)
	at sun.reflect.DelegatingMethodAccessorImpl.invoke(DelegatingMethodAccessorImpl.java:43)
	at java.lang.reflect.Method.invoke(Method.java:498)
	at org.testng.internal.MethodInvocationHelper.invokeMethod(MethodInvocationHelper.java:124)
	at org.testng.internal.MethodInvocationHelper.invokeMethodConsideringTimeout(MethodInvocationHelper.java:59)
	at org.testng.internal.Invoker.invokeConfigurationMethod(Invoker.java:458)
	at org.testng.internal.Invoker.invokeConfigurations(Invoker.java:222)
	at org.testng.internal.Invoker.invokeConfigurations(Invoker.java:142)
	at org.testng.internal.TestMethodWorker.invokeBeforeClassMethods(TestMethodWorker.java:168)
	at org.testng.internal.TestMethodWorker.run(TestMethodWorker.java:105)
	at org.testng.TestRunner.privateRun(TestRunner.java:648)
	at org.testng.TestRunner.run(TestRunner.java:505)
	at org.testng.SuiteRunner.runTest(SuiteRunner.java:455)
	at org.testng.SuiteRunner.runSequentially(SuiteRunner.java:450)
	at org.testng.SuiteRunner.privateRun(SuiteRunner.java:415)
	at org.testng.SuiteRunner.run(SuiteRunner.java:364)
	at org.testng.SuiteRunnerWorker.runSuite(SuiteRunnerWorker.java:52)
	at org.testng.SuiteRunnerWorker.run(SuiteRunnerWorker.java:84)
	at org.testng.TestNG.runSuitesSequentially(TestNG.java:1208)
	at org.testng.TestNG.runSuitesSequentially(TestNG.java:1204)
	at org.testng.TestNG.runSuitesLocally(TestNG.java:1137)
	at org.testng.TestNG.runSuites(TestNG.java:1049)
	at org.testng.TestNG.run(TestNG.java:1017)
	at org.apache.maven.surefire.testng.TestNGExecutor.run(TestNGExecutor.java:283)
	at org.apache.maven.surefire.testng.TestNGXmlTestSuite.execute(TestNGXmlTestSuite.java:75)
	at org.apache.maven.surefire.testng.TestNGProvider.invoke(TestNGProvider.java:120)
	at org.apache.maven.surefire.booter.ForkedBooter.invokeProviderInSameClassLoader(ForkedBooter.java:384)
	at org.apache.maven.surefire.booter.ForkedBooter.runSuitesInProcess(ForkedBooter.java:345)
	at org.apache.maven.surefire.booter.ForkedBooter.execute(ForkedBooter.java:126)
	at org.apache.maven.surefire.booter.ForkedBooter.main(ForkedBooter.java:418)
]]></system-err>
  </testcase>
  <testcase name="beforeMethod" classname="com.sh.stt.testcase.yh.GXYHTest" time="0">
    <skipped/>
  </testcase>
  <testcase name="yhContentListTest" classname="com.sh.stt.testcase.yh.GXYHTest" time="0">
    <skipped/>
    <system-out><![CDATA[2020-07-07 15:32:02.028 [main-68] INFO  com.sh.stt.listener.LogListener.onTestSkipped - ========com.sh.stt.testcase.yh.GXYHTest.yhContentListTest跳过测试========
]]></system-out>
  </testcase>
  <testcase name="afterClass" classname="com.sh.stt.testcase.yh.GXYHTest" time="23.984">
    <failure type="java.lang.NullPointerException">java.lang.NullPointerException
</failure>
    <system-out><![CDATA[2020-07-07 15:32:02.031 [main-68] INFO  com.sh.stt.listener.LogListener.onTestSkipped - ========com.sh.stt.testcase.yh.GXYHTest.yhContentListTest跳过测试========
]]></system-out>
  </testcase>
  <testcase name="beforeClass" classname="com.sh.stt.testcase.yh.GSYHTest" time="24.144">
    <failure type="java.lang.NullPointerException">java.lang.NullPointerException
</failure>
    <system-out><![CDATA[2020-07-07 15:32:02.049 [main-133] ERROR com.sh.stt.base.BaseDriver.startBrowser - chrome浏览器启动失败！
]]></system-out>
    <system-err><![CDATA[java.lang.IllegalStateException: The driver executable does not exist: D:\IDEA\wap-selenium\target\test-classes\driver\driver\chromedriver.exe
	at com.google.common.base.Preconditions.checkState(Preconditions.java:585)
	at org.openqa.selenium.remote.service.DriverService.checkExecutable(DriverService.java:146)
	at org.openqa.selenium.remote.service.DriverService.findExecutable(DriverService.java:141)
	at org.openqa.selenium.chrome.ChromeDriverService.access$000(ChromeDriverService.java:35)
	at org.openqa.selenium.chrome.ChromeDriverService$Builder.findDefaultExecutable(ChromeDriverService.java:159)
	at org.openqa.selenium.remote.service.DriverService$Builder.build(DriverService.java:355)
	at org.openqa.selenium.chrome.ChromeDriverService.createDefaultService(ChromeDriverService.java:94)
	at org.openqa.selenium.chrome.ChromeDriver.<init>(ChromeDriver.java:157)
	at com.sh.stt.base.BaseDriver.startBrowser(BaseDriver.java:130)
	at com.sh.stt.base.BaseTest.beforeClass(BaseTest.java:60)
	at sun.reflect.GeneratedMethodAccessor33.invoke(Unknown Source)
	at sun.reflect.DelegatingMethodAccessorImpl.invoke(DelegatingMethodAccessorImpl.java:43)
	at java.lang.reflect.Method.invoke(Method.java:498)
	at org.testng.internal.MethodInvocationHelper.invokeMethod(MethodInvocationHelper.java:124)
	at org.testng.internal.MethodInvocationHelper.invokeMethodConsideringTimeout(MethodInvocationHelper.java:59)
	at org.testng.internal.Invoker.invokeConfigurationMethod(Invoker.java:458)
	at org.testng.internal.Invoker.invokeConfigurations(Invoker.java:222)
	at org.testng.internal.Invoker.invokeConfigurations(Invoker.java:142)
	at org.testng.internal.TestMethodWorker.invokeBeforeClassMethods(TestMethodWorker.java:168)
	at org.testng.internal.TestMethodWorker.run(TestMethodWorker.java:105)
	at org.testng.TestRunner.privateRun(TestRunner.java:648)
	at org.testng.TestRunner.run(TestRunner.java:505)
	at org.testng.SuiteRunner.runTest(SuiteRunner.java:455)
	at org.testng.SuiteRunner.runSequentially(SuiteRunner.java:450)
	at org.testng.SuiteRunner.privateRun(SuiteRunner.java:415)
	at org.testng.SuiteRunner.run(SuiteRunner.java:364)
	at org.testng.SuiteRunnerWorker.runSuite(SuiteRunnerWorker.java:52)
	at org.testng.SuiteRunnerWorker.run(SuiteRunnerWorker.java:84)
	at org.testng.TestNG.runSuitesSequentially(TestNG.java:1208)
	at org.testng.TestNG.runSuitesSequentially(TestNG.java:1204)
	at org.testng.TestNG.runSuitesLocally(TestNG.java:1137)
	at org.testng.TestNG.runSuites(TestNG.java:1049)
	at org.testng.TestNG.run(TestNG.java:1017)
	at org.apache.maven.surefire.testng.TestNGExecutor.run(TestNGExecutor.java:283)
	at org.apache.maven.surefire.testng.TestNGXmlTestSuite.execute(TestNGXmlTestSuite.java:75)
	at org.apache.maven.surefire.testng.TestNGProvider.invoke(TestNGProvider.java:120)
	at org.apache.maven.surefire.booter.ForkedBooter.invokeProviderInSameClassLoader(ForkedBooter.java:384)
	at org.apache.maven.surefire.booter.ForkedBooter.runSuitesInProcess(ForkedBooter.java:345)
	at org.apache.maven.surefire.booter.ForkedBooter.execute(ForkedBooter.java:126)
	at org.apache.maven.surefire.booter.ForkedBooter.main(ForkedBooter.java:418)
]]></system-err>
  </testcase>
  <testcase name="beforeMethod" classname="com.sh.stt.testcase.yh.GSYHTest" time="0">
    <skipped/>
  </testcase>
  <testcase name="yhContentListTest" classname="com.sh.stt.testcase.yh.GSYHTest" time="0">
    <skipped/>
    <system-out><![CDATA[2020-07-07 15:32:02.053 [main-68] INFO  com.sh.stt.listener.LogListener.onTestSkipped - ========com.sh.stt.testcase.yh.GSYHTest.yhContentListTest跳过测试========
]]></system-out>
  </testcase>
  <testcase name="afterClass" classname="com.sh.stt.testcase.yh.GSYHTest" time="24.159">
    <failure type="java.lang.NullPointerException">java.lang.NullPointerException
</failure>
    <system-out><![CDATA[2020-07-07 15:32:02.056 [main-68] INFO  com.sh.stt.listener.LogListener.onTestSkipped - ========com.sh.stt.testcase.yh.GSYHTest.yhContentListTest跳过测试========
]]></system-out>
  </testcase>
  <testcase name="beforeClass" classname="com.sh.stt.testcase.yh.GZYHTest" time="24.328">
    <failure type="java.lang.NullPointerException">java.lang.NullPointerException
</failure>
    <system-out><![CDATA[2020-07-07 15:32:02.074 [main-133] ERROR com.sh.stt.base.BaseDriver.startBrowser - chrome浏览器启动失败！
]]></system-out>
    <system-err><![CDATA[java.lang.IllegalStateException: The driver executable does not exist: D:\IDEA\wap-selenium\target\test-classes\driver\driver\chromedriver.exe
	at com.google.common.base.Preconditions.checkState(Preconditions.java:585)
	at org.openqa.selenium.remote.service.DriverService.checkExecutable(DriverService.java:146)
	at org.openqa.selenium.remote.service.DriverService.findExecutable(DriverService.java:141)
	at org.openqa.selenium.chrome.ChromeDriverService.access$000(ChromeDriverService.java:35)
	at org.openqa.selenium.chrome.ChromeDriverService$Builder.findDefaultExecutable(ChromeDriverService.java:159)
	at org.openqa.selenium.remote.service.DriverService$Builder.build(DriverService.java:355)
	at org.openqa.selenium.chrome.ChromeDriverService.createDefaultService(ChromeDriverService.java:94)
	at org.openqa.selenium.chrome.ChromeDriver.<init>(ChromeDriver.java:157)
	at com.sh.stt.base.BaseDriver.startBrowser(BaseDriver.java:130)
	at com.sh.stt.base.BaseTest.beforeClass(BaseTest.java:60)
	at sun.reflect.GeneratedMethodAccessor33.invoke(Unknown Source)
	at sun.reflect.DelegatingMethodAccessorImpl.invoke(DelegatingMethodAccessorImpl.java:43)
	at java.lang.reflect.Method.invoke(Method.java:498)
	at org.testng.internal.MethodInvocationHelper.invokeMethod(MethodInvocationHelper.java:124)
	at org.testng.internal.MethodInvocationHelper.invokeMethodConsideringTimeout(MethodInvocationHelper.java:59)
	at org.testng.internal.Invoker.invokeConfigurationMethod(Invoker.java:458)
	at org.testng.internal.Invoker.invokeConfigurations(Invoker.java:222)
	at org.testng.internal.Invoker.invokeConfigurations(Invoker.java:142)
	at org.testng.internal.TestMethodWorker.invokeBeforeClassMethods(TestMethodWorker.java:168)
	at org.testng.internal.TestMethodWorker.run(TestMethodWorker.java:105)
	at org.testng.TestRunner.privateRun(TestRunner.java:648)
	at org.testng.TestRunner.run(TestRunner.java:505)
	at org.testng.SuiteRunner.runTest(SuiteRunner.java:455)
	at org.testng.SuiteRunner.runSequentially(SuiteRunner.java:450)
	at org.testng.SuiteRunner.privateRun(SuiteRunner.java:415)
	at org.testng.SuiteRunner.run(SuiteRunner.java:364)
	at org.testng.SuiteRunnerWorker.runSuite(SuiteRunnerWorker.java:52)
	at org.testng.SuiteRunnerWorker.run(SuiteRunnerWorker.java:84)
	at org.testng.TestNG.runSuitesSequentially(TestNG.java:1208)
	at org.testng.TestNG.runSuitesSequentially(TestNG.java:1204)
	at org.testng.TestNG.runSuitesLocally(TestNG.java:1137)
	at org.testng.TestNG.runSuites(TestNG.java:1049)
	at org.testng.TestNG.run(TestNG.java:1017)
	at org.apache.maven.surefire.testng.TestNGExecutor.run(TestNGExecutor.java:283)
	at org.apache.maven.surefire.testng.TestNGXmlTestSuite.execute(TestNGXmlTestSuite.java:75)
	at org.apache.maven.surefire.testng.TestNGProvider.invoke(TestNGProvider.java:120)
	at org.apache.maven.surefire.booter.ForkedBooter.invokeProviderInSameClassLoader(ForkedBooter.java:384)
	at org.apache.maven.surefire.booter.ForkedBooter.runSuitesInProcess(ForkedBooter.java:345)
	at org.apache.maven.surefire.booter.ForkedBooter.execute(ForkedBooter.java:126)
	at org.apache.maven.surefire.booter.ForkedBooter.main(ForkedBooter.java:418)
]]></system-err>
  </testcase>
  <testcase name="beforeMethod" classname="com.sh.stt.testcase.yh.GZYHTest" time="0">
    <skipped/>
  </testcase>
  <testcase name="yhContentListTest" classname="com.sh.stt.testcase.yh.GZYHTest" time="0">
    <skipped/>
    <system-out><![CDATA[2020-07-07 15:32:02.078 [main-68] INFO  com.sh.stt.listener.LogListener.onTestSkipped - ========com.sh.stt.testcase.yh.GZYHTest.yhContentListTest跳过测试========
]]></system-out>
  </testcase>
  <testcase name="afterClass" classname="com.sh.stt.testcase.yh.GZYHTest" time="24.352">
    <failure type="java.lang.NullPointerException">java.lang.NullPointerException
</failure>
    <system-out><![CDATA[2020-07-07 15:32:02.082 [main-68] INFO  com.sh.stt.listener.LogListener.onTestSkipped - ========com.sh.stt.testcase.yh.GZYHTest.yhContentListTest跳过测试========
]]></system-out>
  </testcase>
  <testcase name="beforeClass" classname="com.sh.stt.testcase.yh.HEYHTest" time="24.55">
    <failure type="java.lang.NullPointerException">java.lang.NullPointerException
</failure>
    <system-out><![CDATA[2020-07-07 15:32:02.101 [main-133] ERROR com.sh.stt.base.BaseDriver.startBrowser - chrome浏览器启动失败！
]]></system-out>
    <system-err><![CDATA[java.lang.IllegalStateException: The driver executable does not exist: D:\IDEA\wap-selenium\target\test-classes\driver\driver\chromedriver.exe
	at com.google.common.base.Preconditions.checkState(Preconditions.java:585)
	at org.openqa.selenium.remote.service.DriverService.checkExecutable(DriverService.java:146)
	at org.openqa.selenium.remote.service.DriverService.findExecutable(DriverService.java:141)
	at org.openqa.selenium.chrome.ChromeDriverService.access$000(ChromeDriverService.java:35)
	at org.openqa.selenium.chrome.ChromeDriverService$Builder.findDefaultExecutable(ChromeDriverService.java:159)
	at org.openqa.selenium.remote.service.DriverService$Builder.build(DriverService.java:355)
	at org.openqa.selenium.chrome.ChromeDriverService.createDefaultService(ChromeDriverService.java:94)
	at org.openqa.selenium.chrome.ChromeDriver.<init>(ChromeDriver.java:157)
	at com.sh.stt.base.BaseDriver.startBrowser(BaseDriver.java:130)
	at com.sh.stt.base.BaseTest.beforeClass(BaseTest.java:60)
	at sun.reflect.GeneratedMethodAccessor33.invoke(Unknown Source)
	at sun.reflect.DelegatingMethodAccessorImpl.invoke(DelegatingMethodAccessorImpl.java:43)
	at java.lang.reflect.Method.invoke(Method.java:498)
	at org.testng.internal.MethodInvocationHelper.invokeMethod(MethodInvocationHelper.java:124)
	at org.testng.internal.MethodInvocationHelper.invokeMethodConsideringTimeout(MethodInvocationHelper.java:59)
	at org.testng.internal.Invoker.invokeConfigurationMethod(Invoker.java:458)
	at org.testng.internal.Invoker.invokeConfigurations(Invoker.java:222)
	at org.testng.internal.Invoker.invokeConfigurations(Invoker.java:142)
	at org.testng.internal.TestMethodWorker.invokeBeforeClassMethods(TestMethodWorker.java:168)
	at org.testng.internal.TestMethodWorker.run(TestMethodWorker.java:105)
	at org.testng.TestRunner.privateRun(TestRunner.java:648)
	at org.testng.TestRunner.run(TestRunner.java:505)
	at org.testng.SuiteRunner.runTest(SuiteRunner.java:455)
	at org.testng.SuiteRunner.runSequentially(SuiteRunner.java:450)
	at org.testng.SuiteRunner.privateRun(SuiteRunner.java:415)
	at org.testng.SuiteRunner.run(SuiteRunner.java:364)
	at org.testng.SuiteRunnerWorker.runSuite(SuiteRunnerWorker.java:52)
	at org.testng.SuiteRunnerWorker.run(SuiteRunnerWorker.java:84)
	at org.testng.TestNG.runSuitesSequentially(TestNG.java:1208)
	at org.testng.TestNG.runSuitesSequentially(TestNG.java:1204)
	at org.testng.TestNG.runSuitesLocally(TestNG.java:1137)
	at org.testng.TestNG.runSuites(TestNG.java:1049)
	at org.testng.TestNG.run(TestNG.java:1017)
	at org.apache.maven.surefire.testng.TestNGExecutor.run(TestNGExecutor.java:283)
	at org.apache.maven.surefire.testng.TestNGXmlTestSuite.execute(TestNGXmlTestSuite.java:75)
	at org.apache.maven.surefire.testng.TestNGProvider.invoke(TestNGProvider.java:120)
	at org.apache.maven.surefire.booter.ForkedBooter.invokeProviderInSameClassLoader(ForkedBooter.java:384)
	at org.apache.maven.surefire.booter.ForkedBooter.runSuitesInProcess(ForkedBooter.java:345)
	at org.apache.maven.surefire.booter.ForkedBooter.execute(ForkedBooter.java:126)
	at org.apache.maven.surefire.booter.ForkedBooter.main(ForkedBooter.java:418)
]]></system-err>
  </testcase>
  <testcase name="beforeMethod" classname="com.sh.stt.testcase.yh.HEYHTest" time="0">
    <skipped/>
  </testcase>
  <testcase name="yhContentListTest" classname="com.sh.stt.testcase.yh.HEYHTest" time="0">
    <skipped/>
    <system-out><![CDATA[2020-07-07 15:32:02.105 [main-68] INFO  com.sh.stt.listener.LogListener.onTestSkipped - ========com.sh.stt.testcase.yh.HEYHTest.yhContentListTest跳过测试========
]]></system-out>
  </testcase>
  <testcase name="afterClass" classname="com.sh.stt.testcase.yh.HEYHTest" time="24.571">
    <failure type="java.lang.NullPointerException">java.lang.NullPointerException
</failure>
    <system-out><![CDATA[2020-07-07 15:32:02.108 [main-68] INFO  com.sh.stt.listener.LogListener.onTestSkipped - ========com.sh.stt.testcase.yh.HEYHTest.yhContentListTest跳过测试========
]]></system-out>
  </testcase>
  <testcase name="beforeClass" classname="com.sh.stt.testcase.yh.HAYHTest" time="24.758">
    <failure type="java.lang.NullPointerException">java.lang.NullPointerException
</failure>
    <system-out><![CDATA[2020-07-07 15:32:02.127 [main-133] ERROR com.sh.stt.base.BaseDriver.startBrowser - chrome浏览器启动失败！
]]></system-out>
    <system-err><![CDATA[java.lang.IllegalStateException: The driver executable does not exist: D:\IDEA\wap-selenium\target\test-classes\driver\driver\chromedriver.exe
	at com.google.common.base.Preconditions.checkState(Preconditions.java:585)
	at org.openqa.selenium.remote.service.DriverService.checkExecutable(DriverService.java:146)
	at org.openqa.selenium.remote.service.DriverService.findExecutable(DriverService.java:141)
	at org.openqa.selenium.chrome.ChromeDriverService.access$000(ChromeDriverService.java:35)
	at org.openqa.selenium.chrome.ChromeDriverService$Builder.findDefaultExecutable(ChromeDriverService.java:159)
	at org.openqa.selenium.remote.service.DriverService$Builder.build(DriverService.java:355)
	at org.openqa.selenium.chrome.ChromeDriverService.createDefaultService(ChromeDriverService.java:94)
	at org.openqa.selenium.chrome.ChromeDriver.<init>(ChromeDriver.java:157)
	at com.sh.stt.base.BaseDriver.startBrowser(BaseDriver.java:130)
	at com.sh.stt.base.BaseTest.beforeClass(BaseTest.java:60)
	at sun.reflect.GeneratedMethodAccessor33.invoke(Unknown Source)
	at sun.reflect.DelegatingMethodAccessorImpl.invoke(DelegatingMethodAccessorImpl.java:43)
	at java.lang.reflect.Method.invoke(Method.java:498)
	at org.testng.internal.MethodInvocationHelper.invokeMethod(MethodInvocationHelper.java:124)
	at org.testng.internal.MethodInvocationHelper.invokeMethodConsideringTimeout(MethodInvocationHelper.java:59)
	at org.testng.internal.Invoker.invokeConfigurationMethod(Invoker.java:458)
	at org.testng.internal.Invoker.invokeConfigurations(Invoker.java:222)
	at org.testng.internal.Invoker.invokeConfigurations(Invoker.java:142)
	at org.testng.internal.TestMethodWorker.invokeBeforeClassMethods(TestMethodWorker.java:168)
	at org.testng.internal.TestMethodWorker.run(TestMethodWorker.java:105)
	at org.testng.TestRunner.privateRun(TestRunner.java:648)
	at org.testng.TestRunner.run(TestRunner.java:505)
	at org.testng.SuiteRunner.runTest(SuiteRunner.java:455)
	at org.testng.SuiteRunner.runSequentially(SuiteRunner.java:450)
	at org.testng.SuiteRunner.privateRun(SuiteRunner.java:415)
	at org.testng.SuiteRunner.run(SuiteRunner.java:364)
	at org.testng.SuiteRunnerWorker.runSuite(SuiteRunnerWorker.java:52)
	at org.testng.SuiteRunnerWorker.run(SuiteRunnerWorker.java:84)
	at org.testng.TestNG.runSuitesSequentially(TestNG.java:1208)
	at org.testng.TestNG.runSuitesSequentially(TestNG.java:1204)
	at org.testng.TestNG.runSuitesLocally(TestNG.java:1137)
	at org.testng.TestNG.runSuites(TestNG.java:1049)
	at org.testng.TestNG.run(TestNG.java:1017)
	at org.apache.maven.surefire.testng.TestNGExecutor.run(TestNGExecutor.java:283)
	at org.apache.maven.surefire.testng.TestNGXmlTestSuite.execute(TestNGXmlTestSuite.java:75)
	at org.apache.maven.surefire.testng.TestNGProvider.invoke(TestNGProvider.java:120)
	at org.apache.maven.surefire.booter.ForkedBooter.invokeProviderInSameClassLoader(ForkedBooter.java:384)
	at org.apache.maven.surefire.booter.ForkedBooter.runSuitesInProcess(ForkedBooter.java:345)
	at org.apache.maven.surefire.booter.ForkedBooter.execute(ForkedBooter.java:126)
	at org.apache.maven.surefire.booter.ForkedBooter.main(ForkedBooter.java:418)
]]></system-err>
  </testcase>
  <testcase name="beforeMethod" classname="com.sh.stt.testcase.yh.HAYHTest" time="0">
    <skipped/>
  </testcase>
  <testcase name="yhContentListTest" classname="com.sh.stt.testcase.yh.HAYHTest" time="0">
    <skipped/>
    <system-out><![CDATA[2020-07-07 15:32:02.130 [main-68] INFO  com.sh.stt.listener.LogListener.onTestSkipped - ========com.sh.stt.testcase.yh.HAYHTest.yhContentListTest跳过测试========
]]></system-out>
  </testcase>
  <testcase name="afterClass" classname="com.sh.stt.testcase.yh.HAYHTest" time="24.775">
    <failure type="java.lang.NullPointerException">java.lang.NullPointerException
</failure>
    <system-out><![CDATA[2020-07-07 15:32:02.134 [main-68] INFO  com.sh.stt.listener.LogListener.onTestSkipped - ========com.sh.stt.testcase.yh.HAYHTest.yhContentListTest跳过测试========
]]></system-out>
  </testcase>
  <testcase name="beforeClass" classname="com.sh.stt.testcase.yh.HIYHTest" time="24.949">
    <failure type="java.lang.NullPointerException">java.lang.NullPointerException
</failure>
    <system-out><![CDATA[2020-07-07 15:32:02.154 [main-133] ERROR com.sh.stt.base.BaseDriver.startBrowser - chrome浏览器启动失败！
]]></system-out>
    <system-err><![CDATA[java.lang.IllegalStateException: The driver executable does not exist: D:\IDEA\wap-selenium\target\test-classes\driver\driver\chromedriver.exe
	at com.google.common.base.Preconditions.checkState(Preconditions.java:585)
	at org.openqa.selenium.remote.service.DriverService.checkExecutable(DriverService.java:146)
	at org.openqa.selenium.remote.service.DriverService.findExecutable(DriverService.java:141)
	at org.openqa.selenium.chrome.ChromeDriverService.access$000(ChromeDriverService.java:35)
	at org.openqa.selenium.chrome.ChromeDriverService$Builder.findDefaultExecutable(ChromeDriverService.java:159)
	at org.openqa.selenium.remote.service.DriverService$Builder.build(DriverService.java:355)
	at org.openqa.selenium.chrome.ChromeDriverService.createDefaultService(ChromeDriverService.java:94)
	at org.openqa.selenium.chrome.ChromeDriver.<init>(ChromeDriver.java:157)
	at com.sh.stt.base.BaseDriver.startBrowser(BaseDriver.java:130)
	at com.sh.stt.base.BaseTest.beforeClass(BaseTest.java:60)
	at sun.reflect.GeneratedMethodAccessor33.invoke(Unknown Source)
	at sun.reflect.DelegatingMethodAccessorImpl.invoke(DelegatingMethodAccessorImpl.java:43)
	at java.lang.reflect.Method.invoke(Method.java:498)
	at org.testng.internal.MethodInvocationHelper.invokeMethod(MethodInvocationHelper.java:124)
	at org.testng.internal.MethodInvocationHelper.invokeMethodConsideringTimeout(MethodInvocationHelper.java:59)
	at org.testng.internal.Invoker.invokeConfigurationMethod(Invoker.java:458)
	at org.testng.internal.Invoker.invokeConfigurations(Invoker.java:222)
	at org.testng.internal.Invoker.invokeConfigurations(Invoker.java:142)
	at org.testng.internal.TestMethodWorker.invokeBeforeClassMethods(TestMethodWorker.java:168)
	at org.testng.internal.TestMethodWorker.run(TestMethodWorker.java:105)
	at org.testng.TestRunner.privateRun(TestRunner.java:648)
	at org.testng.TestRunner.run(TestRunner.java:505)
	at org.testng.SuiteRunner.runTest(SuiteRunner.java:455)
	at org.testng.SuiteRunner.runSequentially(SuiteRunner.java:450)
	at org.testng.SuiteRunner.privateRun(SuiteRunner.java:415)
	at org.testng.SuiteRunner.run(SuiteRunner.java:364)
	at org.testng.SuiteRunnerWorker.runSuite(SuiteRunnerWorker.java:52)
	at org.testng.SuiteRunnerWorker.run(SuiteRunnerWorker.java:84)
	at org.testng.TestNG.runSuitesSequentially(TestNG.java:1208)
	at org.testng.TestNG.runSuitesSequentially(TestNG.java:1204)
	at org.testng.TestNG.runSuitesLocally(TestNG.java:1137)
	at org.testng.TestNG.runSuites(TestNG.java:1049)
	at org.testng.TestNG.run(TestNG.java:1017)
	at org.apache.maven.surefire.testng.TestNGExecutor.run(TestNGExecutor.java:283)
	at org.apache.maven.surefire.testng.TestNGXmlTestSuite.execute(TestNGXmlTestSuite.java:75)
	at org.apache.maven.surefire.testng.TestNGProvider.invoke(TestNGProvider.java:120)
	at org.apache.maven.surefire.booter.ForkedBooter.invokeProviderInSameClassLoader(ForkedBooter.java:384)
	at org.apache.maven.surefire.booter.ForkedBooter.runSuitesInProcess(ForkedBooter.java:345)
	at org.apache.maven.surefire.booter.ForkedBooter.execute(ForkedBooter.java:126)
	at org.apache.maven.surefire.booter.ForkedBooter.main(ForkedBooter.java:418)
]]></system-err>
  </testcase>
  <testcase name="beforeMethod" classname="com.sh.stt.testcase.yh.HIYHTest" time="0">
    <skipped/>
  </testcase>
  <testcase name="yhContentListTest" classname="com.sh.stt.testcase.yh.HIYHTest" time="0">
    <skipped/>
    <system-out><![CDATA[2020-07-07 15:32:02.157 [main-68] INFO  com.sh.stt.listener.LogListener.onTestSkipped - ========com.sh.stt.testcase.yh.HIYHTest.yhContentListTest跳过测试========
]]></system-out>
  </testcase>
  <testcase name="afterClass" classname="com.sh.stt.testcase.yh.HIYHTest" time="24.966">
    <failure type="java.lang.NullPointerException">java.lang.NullPointerException
</failure>
    <system-out><![CDATA[2020-07-07 15:32:02.160 [main-68] INFO  com.sh.stt.listener.LogListener.onTestSkipped - ========com.sh.stt.testcase.yh.HIYHTest.yhContentListTest跳过测试========
]]></system-out>
  </testcase>
  <testcase name="beforeClass" classname="com.sh.stt.testcase.yh.HBYHTest" time="25.139">
    <failure type="java.lang.NullPointerException">java.lang.NullPointerException
</failure>
    <system-out><![CDATA[2020-07-07 15:32:02.179 [main-133] ERROR com.sh.stt.base.BaseDriver.startBrowser - chrome浏览器启动失败！
]]></system-out>
    <system-err><![CDATA[java.lang.IllegalStateException: The driver executable does not exist: D:\IDEA\wap-selenium\target\test-classes\driver\driver\chromedriver.exe
	at com.google.common.base.Preconditions.checkState(Preconditions.java:585)
	at org.openqa.selenium.remote.service.DriverService.checkExecutable(DriverService.java:146)
	at org.openqa.selenium.remote.service.DriverService.findExecutable(DriverService.java:141)
	at org.openqa.selenium.chrome.ChromeDriverService.access$000(ChromeDriverService.java:35)
	at org.openqa.selenium.chrome.ChromeDriverService$Builder.findDefaultExecutable(ChromeDriverService.java:159)
	at org.openqa.selenium.remote.service.DriverService$Builder.build(DriverService.java:355)
	at org.openqa.selenium.chrome.ChromeDriverService.createDefaultService(ChromeDriverService.java:94)
	at org.openqa.selenium.chrome.ChromeDriver.<init>(ChromeDriver.java:157)
	at com.sh.stt.base.BaseDriver.startBrowser(BaseDriver.java:130)
	at com.sh.stt.base.BaseTest.beforeClass(BaseTest.java:60)
	at sun.reflect.GeneratedMethodAccessor33.invoke(Unknown Source)
	at sun.reflect.DelegatingMethodAccessorImpl.invoke(DelegatingMethodAccessorImpl.java:43)
	at java.lang.reflect.Method.invoke(Method.java:498)
	at org.testng.internal.MethodInvocationHelper.invokeMethod(MethodInvocationHelper.java:124)
	at org.testng.internal.MethodInvocationHelper.invokeMethodConsideringTimeout(MethodInvocationHelper.java:59)
	at org.testng.internal.Invoker.invokeConfigurationMethod(Invoker.java:458)
	at org.testng.internal.Invoker.invokeConfigurations(Invoker.java:222)
	at org.testng.internal.Invoker.invokeConfigurations(Invoker.java:142)
	at org.testng.internal.TestMethodWorker.invokeBeforeClassMethods(TestMethodWorker.java:168)
	at org.testng.internal.TestMethodWorker.run(TestMethodWorker.java:105)
	at org.testng.TestRunner.privateRun(TestRunner.java:648)
	at org.testng.TestRunner.run(TestRunner.java:505)
	at org.testng.SuiteRunner.runTest(SuiteRunner.java:455)
	at org.testng.SuiteRunner.runSequentially(SuiteRunner.java:450)
	at org.testng.SuiteRunner.privateRun(SuiteRunner.java:415)
	at org.testng.SuiteRunner.run(SuiteRunner.java:364)
	at org.testng.SuiteRunnerWorker.runSuite(SuiteRunnerWorker.java:52)
	at org.testng.SuiteRunnerWorker.run(SuiteRunnerWorker.java:84)
	at org.testng.TestNG.runSuitesSequentially(TestNG.java:1208)
	at org.testng.TestNG.runSuitesSequentially(TestNG.java:1204)
	at org.testng.TestNG.runSuitesLocally(TestNG.java:1137)
	at org.testng.TestNG.runSuites(TestNG.java:1049)
	at org.testng.TestNG.run(TestNG.java:1017)
	at org.apache.maven.surefire.testng.TestNGExecutor.run(TestNGExecutor.java:283)
	at org.apache.maven.surefire.testng.TestNGXmlTestSuite.execute(TestNGXmlTestSuite.java:75)
	at org.apache.maven.surefire.testng.TestNGProvider.invoke(TestNGProvider.java:120)
	at org.apache.maven.surefire.booter.ForkedBooter.invokeProviderInSameClassLoader(ForkedBooter.java:384)
	at org.apache.maven.surefire.booter.ForkedBooter.runSuitesInProcess(ForkedBooter.java:345)
	at org.apache.maven.surefire.booter.ForkedBooter.execute(ForkedBooter.java:126)
	at org.apache.maven.surefire.booter.ForkedBooter.main(ForkedBooter.java:418)
]]></system-err>
  </testcase>
  <testcase name="beforeMethod" classname="com.sh.stt.testcase.yh.HBYHTest" time="0">
    <skipped/>
  </testcase>
  <testcase name="yhContentListTest" classname="com.sh.stt.testcase.yh.HBYHTest" time="0">
    <skipped/>
    <system-out><![CDATA[2020-07-07 15:32:02.183 [main-68] INFO  com.sh.stt.listener.LogListener.onTestSkipped - ========com.sh.stt.testcase.yh.HBYHTest.yhContentListTest跳过测试========
]]></system-out>
  </testcase>
  <testcase name="afterClass" classname="com.sh.stt.testcase.yh.HBYHTest" time="25.158">
    <failure type="java.lang.NullPointerException">java.lang.NullPointerException
</failure>
    <system-out><![CDATA[2020-07-07 15:32:02.186 [main-68] INFO  com.sh.stt.listener.LogListener.onTestSkipped - ========com.sh.stt.testcase.yh.HBYHTest.yhContentListTest跳过测试========
]]></system-out>
  </testcase>
  <testcase name="beforeClass" classname="com.sh.stt.testcase.yh.HNYHTest" time="25.328">
    <failure type="java.lang.NullPointerException">java.lang.NullPointerException
</failure>
    <system-out><![CDATA[2020-07-07 15:32:02.205 [main-133] ERROR com.sh.stt.base.BaseDriver.startBrowser - chrome浏览器启动失败！
]]></system-out>
    <system-err><![CDATA[java.lang.IllegalStateException: The driver executable does not exist: D:\IDEA\wap-selenium\target\test-classes\driver\driver\chromedriver.exe
	at com.google.common.base.Preconditions.checkState(Preconditions.java:585)
	at org.openqa.selenium.remote.service.DriverService.checkExecutable(DriverService.java:146)
	at org.openqa.selenium.remote.service.DriverService.findExecutable(DriverService.java:141)
	at org.openqa.selenium.chrome.ChromeDriverService.access$000(ChromeDriverService.java:35)
	at org.openqa.selenium.chrome.ChromeDriverService$Builder.findDefaultExecutable(ChromeDriverService.java:159)
	at org.openqa.selenium.remote.service.DriverService$Builder.build(DriverService.java:355)
	at org.openqa.selenium.chrome.ChromeDriverService.createDefaultService(ChromeDriverService.java:94)
	at org.openqa.selenium.chrome.ChromeDriver.<init>(ChromeDriver.java:157)
	at com.sh.stt.base.BaseDriver.startBrowser(BaseDriver.java:130)
	at com.sh.stt.base.BaseTest.beforeClass(BaseTest.java:60)
	at sun.reflect.GeneratedMethodAccessor33.invoke(Unknown Source)
	at sun.reflect.DelegatingMethodAccessorImpl.invoke(DelegatingMethodAccessorImpl.java:43)
	at java.lang.reflect.Method.invoke(Method.java:498)
	at org.testng.internal.MethodInvocationHelper.invokeMethod(MethodInvocationHelper.java:124)
	at org.testng.internal.MethodInvocationHelper.invokeMethodConsideringTimeout(MethodInvocationHelper.java:59)
	at org.testng.internal.Invoker.invokeConfigurationMethod(Invoker.java:458)
	at org.testng.internal.Invoker.invokeConfigurations(Invoker.java:222)
	at org.testng.internal.Invoker.invokeConfigurations(Invoker.java:142)
	at org.testng.internal.TestMethodWorker.invokeBeforeClassMethods(TestMethodWorker.java:168)
	at org.testng.internal.TestMethodWorker.run(TestMethodWorker.java:105)
	at org.testng.TestRunner.privateRun(TestRunner.java:648)
	at org.testng.TestRunner.run(TestRunner.java:505)
	at org.testng.SuiteRunner.runTest(SuiteRunner.java:455)
	at org.testng.SuiteRunner.runSequentially(SuiteRunner.java:450)
	at org.testng.SuiteRunner.privateRun(SuiteRunner.java:415)
	at org.testng.SuiteRunner.run(SuiteRunner.java:364)
	at org.testng.SuiteRunnerWorker.runSuite(SuiteRunnerWorker.java:52)
	at org.testng.SuiteRunnerWorker.run(SuiteRunnerWorker.java:84)
	at org.testng.TestNG.runSuitesSequentially(TestNG.java:1208)
	at org.testng.TestNG.runSuitesSequentially(TestNG.java:1204)
	at org.testng.TestNG.runSuitesLocally(TestNG.java:1137)
	at org.testng.TestNG.runSuites(TestNG.java:1049)
	at org.testng.TestNG.run(TestNG.java:1017)
	at org.apache.maven.surefire.testng.TestNGExecutor.run(TestNGExecutor.java:283)
	at org.apache.maven.surefire.testng.TestNGXmlTestSuite.execute(TestNGXmlTestSuite.java:75)
	at org.apache.maven.surefire.testng.TestNGProvider.invoke(TestNGProvider.java:120)
	at org.apache.maven.surefire.booter.ForkedBooter.invokeProviderInSameClassLoader(ForkedBooter.java:384)
	at org.apache.maven.surefire.booter.ForkedBooter.runSuitesInProcess(ForkedBooter.java:345)
	at org.apache.maven.surefire.booter.ForkedBooter.execute(ForkedBooter.java:126)
	at org.apache.maven.surefire.booter.ForkedBooter.main(ForkedBooter.java:418)
]]></system-err>
  </testcase>
  <testcase name="beforeMethod" classname="com.sh.stt.testcase.yh.HNYHTest" time="0">
    <skipped/>
  </testcase>
  <testcase name="yhContentListTest" classname="com.sh.stt.testcase.yh.HNYHTest" time="0">
    <skipped/>
    <system-out><![CDATA[2020-07-07 15:32:02.209 [main-68] INFO  com.sh.stt.listener.LogListener.onTestSkipped - ========com.sh.stt.testcase.yh.HNYHTest.yhContentListTest跳过测试========
]]></system-out>
  </testcase>
  <testcase name="afterClass" classname="com.sh.stt.testcase.yh.HNYHTest" time="25.345">
    <failure type="java.lang.NullPointerException">java.lang.NullPointerException
</failure>
    <system-out><![CDATA[2020-07-07 15:32:02.212 [main-68] INFO  com.sh.stt.listener.LogListener.onTestSkipped - ========com.sh.stt.testcase.yh.HNYHTest.yhContentListTest跳过测试========
]]></system-out>
  </testcase>
  <testcase name="beforeClass" classname="com.sh.stt.testcase.yh.HLYHTest" time="25.51">
    <failure type="java.lang.NullPointerException">java.lang.NullPointerException
</failure>
    <system-out><![CDATA[2020-07-07 15:32:02.232 [main-133] ERROR com.sh.stt.base.BaseDriver.startBrowser - chrome浏览器启动失败！
]]></system-out>
    <system-err><![CDATA[java.lang.IllegalStateException: The driver executable does not exist: D:\IDEA\wap-selenium\target\test-classes\driver\driver\chromedriver.exe
	at com.google.common.base.Preconditions.checkState(Preconditions.java:585)
	at org.openqa.selenium.remote.service.DriverService.checkExecutable(DriverService.java:146)
	at org.openqa.selenium.remote.service.DriverService.findExecutable(DriverService.java:141)
	at org.openqa.selenium.chrome.ChromeDriverService.access$000(ChromeDriverService.java:35)
	at org.openqa.selenium.chrome.ChromeDriverService$Builder.findDefaultExecutable(ChromeDriverService.java:159)
	at org.openqa.selenium.remote.service.DriverService$Builder.build(DriverService.java:355)
	at org.openqa.selenium.chrome.ChromeDriverService.createDefaultService(ChromeDriverService.java:94)
	at org.openqa.selenium.chrome.ChromeDriver.<init>(ChromeDriver.java:157)
	at com.sh.stt.base.BaseDriver.startBrowser(BaseDriver.java:130)
	at com.sh.stt.base.BaseTest.beforeClass(BaseTest.java:60)
	at sun.reflect.GeneratedMethodAccessor33.invoke(Unknown Source)
	at sun.reflect.DelegatingMethodAccessorImpl.invoke(DelegatingMethodAccessorImpl.java:43)
	at java.lang.reflect.Method.invoke(Method.java:498)
	at org.testng.internal.MethodInvocationHelper.invokeMethod(MethodInvocationHelper.java:124)
	at org.testng.internal.MethodInvocationHelper.invokeMethodConsideringTimeout(MethodInvocationHelper.java:59)
	at org.testng.internal.Invoker.invokeConfigurationMethod(Invoker.java:458)
	at org.testng.internal.Invoker.invokeConfigurations(Invoker.java:222)
	at org.testng.internal.Invoker.invokeConfigurations(Invoker.java:142)
	at org.testng.internal.TestMethodWorker.invokeBeforeClassMethods(TestMethodWorker.java:168)
	at org.testng.internal.TestMethodWorker.run(TestMethodWorker.java:105)
	at org.testng.TestRunner.privateRun(TestRunner.java:648)
	at org.testng.TestRunner.run(TestRunner.java:505)
	at org.testng.SuiteRunner.runTest(SuiteRunner.java:455)
	at org.testng.SuiteRunner.runSequentially(SuiteRunner.java:450)
	at org.testng.SuiteRunner.privateRun(SuiteRunner.java:415)
	at org.testng.SuiteRunner.run(SuiteRunner.java:364)
	at org.testng.SuiteRunnerWorker.runSuite(SuiteRunnerWorker.java:52)
	at org.testng.SuiteRunnerWorker.run(SuiteRunnerWorker.java:84)
	at org.testng.TestNG.runSuitesSequentially(TestNG.java:1208)
	at org.testng.TestNG.runSuitesSequentially(TestNG.java:1204)
	at org.testng.TestNG.runSuitesLocally(TestNG.java:1137)
	at org.testng.TestNG.runSuites(TestNG.java:1049)
	at org.testng.TestNG.run(TestNG.java:1017)
	at org.apache.maven.surefire.testng.TestNGExecutor.run(TestNGExecutor.java:283)
	at org.apache.maven.surefire.testng.TestNGXmlTestSuite.execute(TestNGXmlTestSuite.java:75)
	at org.apache.maven.surefire.testng.TestNGProvider.invoke(TestNGProvider.java:120)
	at org.apache.maven.surefire.booter.ForkedBooter.invokeProviderInSameClassLoader(ForkedBooter.java:384)
	at org.apache.maven.surefire.booter.ForkedBooter.runSuitesInProcess(ForkedBooter.java:345)
	at org.apache.maven.surefire.booter.ForkedBooter.execute(ForkedBooter.java:126)
	at org.apache.maven.surefire.booter.ForkedBooter.main(ForkedBooter.java:418)
]]></system-err>
  </testcase>
  <testcase name="beforeMethod" classname="com.sh.stt.testcase.yh.HLYHTest" time="0">
    <skipped/>
  </testcase>
  <testcase name="yhContentListTest" classname="com.sh.stt.testcase.yh.HLYHTest" time="0">
    <skipped/>
    <system-out><![CDATA[2020-07-07 15:32:02.236 [main-68] INFO  com.sh.stt.listener.LogListener.onTestSkipped - ========com.sh.stt.testcase.yh.HLYHTest.yhContentListTest跳过测试========
]]></system-out>
  </testcase>
  <testcase name="afterClass" classname="com.sh.stt.testcase.yh.HLYHTest" time="25.528">
    <failure type="java.lang.NullPointerException">java.lang.NullPointerException
</failure>
    <system-out><![CDATA[2020-07-07 15:32:02.239 [main-68] INFO  com.sh.stt.listener.LogListener.onTestSkipped - ========com.sh.stt.testcase.yh.HLYHTest.yhContentListTest跳过测试========
]]></system-out>
  </testcase>
  <testcase name="beforeClass" classname="com.sh.stt.testcase.yh.JLYHTest" time="25.696">
    <failure type="java.lang.NullPointerException">java.lang.NullPointerException
</failure>
    <system-out><![CDATA[2020-07-07 15:32:02.258 [main-133] ERROR com.sh.stt.base.BaseDriver.startBrowser - chrome浏览器启动失败！
]]></system-out>
    <system-err><![CDATA[java.lang.IllegalStateException: The driver executable does not exist: D:\IDEA\wap-selenium\target\test-classes\driver\driver\chromedriver.exe
	at com.google.common.base.Preconditions.checkState(Preconditions.java:585)
	at org.openqa.selenium.remote.service.DriverService.checkExecutable(DriverService.java:146)
	at org.openqa.selenium.remote.service.DriverService.findExecutable(DriverService.java:141)
	at org.openqa.selenium.chrome.ChromeDriverService.access$000(ChromeDriverService.java:35)
	at org.openqa.selenium.chrome.ChromeDriverService$Builder.findDefaultExecutable(ChromeDriverService.java:159)
	at org.openqa.selenium.remote.service.DriverService$Builder.build(DriverService.java:355)
	at org.openqa.selenium.chrome.ChromeDriverService.createDefaultService(ChromeDriverService.java:94)
	at org.openqa.selenium.chrome.ChromeDriver.<init>(ChromeDriver.java:157)
	at com.sh.stt.base.BaseDriver.startBrowser(BaseDriver.java:130)
	at com.sh.stt.base.BaseTest.beforeClass(BaseTest.java:60)
	at sun.reflect.GeneratedMethodAccessor33.invoke(Unknown Source)
	at sun.reflect.DelegatingMethodAccessorImpl.invoke(DelegatingMethodAccessorImpl.java:43)
	at java.lang.reflect.Method.invoke(Method.java:498)
	at org.testng.internal.MethodInvocationHelper.invokeMethod(MethodInvocationHelper.java:124)
	at org.testng.internal.MethodInvocationHelper.invokeMethodConsideringTimeout(MethodInvocationHelper.java:59)
	at org.testng.internal.Invoker.invokeConfigurationMethod(Invoker.java:458)
	at org.testng.internal.Invoker.invokeConfigurations(Invoker.java:222)
	at org.testng.internal.Invoker.invokeConfigurations(Invoker.java:142)
	at org.testng.internal.TestMethodWorker.invokeBeforeClassMethods(TestMethodWorker.java:168)
	at org.testng.internal.TestMethodWorker.run(TestMethodWorker.java:105)
	at org.testng.TestRunner.privateRun(TestRunner.java:648)
	at org.testng.TestRunner.run(TestRunner.java:505)
	at org.testng.SuiteRunner.runTest(SuiteRunner.java:455)
	at org.testng.SuiteRunner.runSequentially(SuiteRunner.java:450)
	at org.testng.SuiteRunner.privateRun(SuiteRunner.java:415)
	at org.testng.SuiteRunner.run(SuiteRunner.java:364)
	at org.testng.SuiteRunnerWorker.runSuite(SuiteRunnerWorker.java:52)
	at org.testng.SuiteRunnerWorker.run(SuiteRunnerWorker.java:84)
	at org.testng.TestNG.runSuitesSequentially(TestNG.java:1208)
	at org.testng.TestNG.runSuitesSequentially(TestNG.java:1204)
	at org.testng.TestNG.runSuitesLocally(TestNG.java:1137)
	at org.testng.TestNG.runSuites(TestNG.java:1049)
	at org.testng.TestNG.run(TestNG.java:1017)
	at org.apache.maven.surefire.testng.TestNGExecutor.run(TestNGExecutor.java:283)
	at org.apache.maven.surefire.testng.TestNGXmlTestSuite.execute(TestNGXmlTestSuite.java:75)
	at org.apache.maven.surefire.testng.TestNGProvider.invoke(TestNGProvider.java:120)
	at org.apache.maven.surefire.booter.ForkedBooter.invokeProviderInSameClassLoader(ForkedBooter.java:384)
	at org.apache.maven.surefire.booter.ForkedBooter.runSuitesInProcess(ForkedBooter.java:345)
	at org.apache.maven.surefire.booter.ForkedBooter.execute(ForkedBooter.java:126)
	at org.apache.maven.surefire.booter.ForkedBooter.main(ForkedBooter.java:418)
]]></system-err>
  </testcase>
  <testcase name="beforeMethod" classname="com.sh.stt.testcase.yh.JLYHTest" time="0">
    <skipped/>
  </testcase>
  <testcase name="yhContentListTest" classname="com.sh.stt.testcase.yh.JLYHTest" time="0">
    <skipped/>
    <system-out><![CDATA[2020-07-07 15:32:02.262 [main-68] INFO  com.sh.stt.listener.LogListener.onTestSkipped - ========com.sh.stt.testcase.yh.JLYHTest.yhContentListTest跳过测试========
]]></system-out>
  </testcase>
  <testcase name="afterClass" classname="com.sh.stt.testcase.yh.JLYHTest" time="25.713">
    <failure type="java.lang.NullPointerException">java.lang.NullPointerException
</failure>
    <system-out><![CDATA[2020-07-07 15:32:02.265 [main-68] INFO  com.sh.stt.listener.LogListener.onTestSkipped - ========com.sh.stt.testcase.yh.JLYHTest.yhContentListTest跳过测试========
]]></system-out>
  </testcase>
  <testcase name="beforeClass" classname="com.sh.stt.testcase.yh.JSYHTest" time="25.921">
    <failure type="java.lang.NullPointerException">java.lang.NullPointerException
</failure>
    <system-out><![CDATA[2020-07-07 15:32:02.287 [main-133] ERROR com.sh.stt.base.BaseDriver.startBrowser - chrome浏览器启动失败！
]]></system-out>
    <system-err><![CDATA[java.lang.IllegalStateException: The driver executable does not exist: D:\IDEA\wap-selenium\target\test-classes\driver\driver\chromedriver.exe
	at com.google.common.base.Preconditions.checkState(Preconditions.java:585)
	at org.openqa.selenium.remote.service.DriverService.checkExecutable(DriverService.java:146)
	at org.openqa.selenium.remote.service.DriverService.findExecutable(DriverService.java:141)
	at org.openqa.selenium.chrome.ChromeDriverService.access$000(ChromeDriverService.java:35)
	at org.openqa.selenium.chrome.ChromeDriverService$Builder.findDefaultExecutable(ChromeDriverService.java:159)
	at org.openqa.selenium.remote.service.DriverService$Builder.build(DriverService.java:355)
	at org.openqa.selenium.chrome.ChromeDriverService.createDefaultService(ChromeDriverService.java:94)
	at org.openqa.selenium.chrome.ChromeDriver.<init>(ChromeDriver.java:157)
	at com.sh.stt.base.BaseDriver.startBrowser(BaseDriver.java:130)
	at com.sh.stt.base.BaseTest.beforeClass(BaseTest.java:60)
	at sun.reflect.GeneratedMethodAccessor33.invoke(Unknown Source)
	at sun.reflect.DelegatingMethodAccessorImpl.invoke(DelegatingMethodAccessorImpl.java:43)
	at java.lang.reflect.Method.invoke(Method.java:498)
	at org.testng.internal.MethodInvocationHelper.invokeMethod(MethodInvocationHelper.java:124)
	at org.testng.internal.MethodInvocationHelper.invokeMethodConsideringTimeout(MethodInvocationHelper.java:59)
	at org.testng.internal.Invoker.invokeConfigurationMethod(Invoker.java:458)
	at org.testng.internal.Invoker.invokeConfigurations(Invoker.java:222)
	at org.testng.internal.Invoker.invokeConfigurations(Invoker.java:142)
	at org.testng.internal.TestMethodWorker.invokeBeforeClassMethods(TestMethodWorker.java:168)
	at org.testng.internal.TestMethodWorker.run(TestMethodWorker.java:105)
	at org.testng.TestRunner.privateRun(TestRunner.java:648)
	at org.testng.TestRunner.run(TestRunner.java:505)
	at org.testng.SuiteRunner.runTest(SuiteRunner.java:455)
	at org.testng.SuiteRunner.runSequentially(SuiteRunner.java:450)
	at org.testng.SuiteRunner.privateRun(SuiteRunner.java:415)
	at org.testng.SuiteRunner.run(SuiteRunner.java:364)
	at org.testng.SuiteRunnerWorker.runSuite(SuiteRunnerWorker.java:52)
	at org.testng.SuiteRunnerWorker.run(SuiteRunnerWorker.java:84)
	at org.testng.TestNG.runSuitesSequentially(TestNG.java:1208)
	at org.testng.TestNG.runSuitesSequentially(TestNG.java:1204)
	at org.testng.TestNG.runSuitesLocally(TestNG.java:1137)
	at org.testng.TestNG.runSuites(TestNG.java:1049)
	at org.testng.TestNG.run(TestNG.java:1017)
	at org.apache.maven.surefire.testng.TestNGExecutor.run(TestNGExecutor.java:283)
	at org.apache.maven.surefire.testng.TestNGXmlTestSuite.execute(TestNGXmlTestSuite.java:75)
	at org.apache.maven.surefire.testng.TestNGProvider.invoke(TestNGProvider.java:120)
	at org.apache.maven.surefire.booter.ForkedBooter.invokeProviderInSameClassLoader(ForkedBooter.java:384)
	at org.apache.maven.surefire.booter.ForkedBooter.runSuitesInProcess(ForkedBooter.java:345)
	at org.apache.maven.surefire.booter.ForkedBooter.execute(ForkedBooter.java:126)
	at org.apache.maven.surefire.booter.ForkedBooter.main(ForkedBooter.java:418)
]]></system-err>
  </testcase>
  <testcase name="beforeMethod" classname="com.sh.stt.testcase.yh.JSYHTest" time="0">
    <skipped/>
  </testcase>
  <testcase name="yhContentListTest" classname="com.sh.stt.testcase.yh.JSYHTest" time="0">
    <skipped/>
    <system-out><![CDATA[2020-07-07 15:32:02.290 [main-68] INFO  com.sh.stt.listener.LogListener.onTestSkipped - ========com.sh.stt.testcase.yh.JSYHTest.yhContentListTest跳过测试========
]]></system-out>
  </testcase>
  <testcase name="afterClass" classname="com.sh.stt.testcase.yh.JSYHTest" time="25.942">
    <failure type="java.lang.NullPointerException">java.lang.NullPointerException
</failure>
    <system-out><![CDATA[2020-07-07 15:32:02.293 [main-68] INFO  com.sh.stt.listener.LogListener.onTestSkipped - ========com.sh.stt.testcase.yh.JSYHTest.yhContentListTest跳过测试========
]]></system-out>
  </testcase>
  <testcase name="beforeClass" classname="com.sh.stt.testcase.yh.JXYHTest" time="26.122">
    <failure type="java.lang.NullPointerException">java.lang.NullPointerException
</failure>
    <system-out><![CDATA[2020-07-07 15:32:02.314 [main-133] ERROR com.sh.stt.base.BaseDriver.startBrowser - chrome浏览器启动失败！
]]></system-out>
    <system-err><![CDATA[java.lang.IllegalStateException: The driver executable does not exist: D:\IDEA\wap-selenium\target\test-classes\driver\driver\chromedriver.exe
	at com.google.common.base.Preconditions.checkState(Preconditions.java:585)
	at org.openqa.selenium.remote.service.DriverService.checkExecutable(DriverService.java:146)
	at org.openqa.selenium.remote.service.DriverService.findExecutable(DriverService.java:141)
	at org.openqa.selenium.chrome.ChromeDriverService.access$000(ChromeDriverService.java:35)
	at org.openqa.selenium.chrome.ChromeDriverService$Builder.findDefaultExecutable(ChromeDriverService.java:159)
	at org.openqa.selenium.remote.service.DriverService$Builder.build(DriverService.java:355)
	at org.openqa.selenium.chrome.ChromeDriverService.createDefaultService(ChromeDriverService.java:94)
	at org.openqa.selenium.chrome.ChromeDriver.<init>(ChromeDriver.java:157)
	at com.sh.stt.base.BaseDriver.startBrowser(BaseDriver.java:130)
	at com.sh.stt.base.BaseTest.beforeClass(BaseTest.java:60)
	at sun.reflect.GeneratedMethodAccessor33.invoke(Unknown Source)
	at sun.reflect.DelegatingMethodAccessorImpl.invoke(DelegatingMethodAccessorImpl.java:43)
	at java.lang.reflect.Method.invoke(Method.java:498)
	at org.testng.internal.MethodInvocationHelper.invokeMethod(MethodInvocationHelper.java:124)
	at org.testng.internal.MethodInvocationHelper.invokeMethodConsideringTimeout(MethodInvocationHelper.java:59)
	at org.testng.internal.Invoker.invokeConfigurationMethod(Invoker.java:458)
	at org.testng.internal.Invoker.invokeConfigurations(Invoker.java:222)
	at org.testng.internal.Invoker.invokeConfigurations(Invoker.java:142)
	at org.testng.internal.TestMethodWorker.invokeBeforeClassMethods(TestMethodWorker.java:168)
	at org.testng.internal.TestMethodWorker.run(TestMethodWorker.java:105)
	at org.testng.TestRunner.privateRun(TestRunner.java:648)
	at org.testng.TestRunner.run(TestRunner.java:505)
	at org.testng.SuiteRunner.runTest(SuiteRunner.java:455)
	at org.testng.SuiteRunner.runSequentially(SuiteRunner.java:450)
	at org.testng.SuiteRunner.privateRun(SuiteRunner.java:415)
	at org.testng.SuiteRunner.run(SuiteRunner.java:364)
	at org.testng.SuiteRunnerWorker.runSuite(SuiteRunnerWorker.java:52)
	at org.testng.SuiteRunnerWorker.run(SuiteRunnerWorker.java:84)
	at org.testng.TestNG.runSuitesSequentially(TestNG.java:1208)
	at org.testng.TestNG.runSuitesSequentially(TestNG.java:1204)
	at org.testng.TestNG.runSuitesLocally(TestNG.java:1137)
	at org.testng.TestNG.runSuites(TestNG.java:1049)
	at org.testng.TestNG.run(TestNG.java:1017)
	at org.apache.maven.surefire.testng.TestNGExecutor.run(TestNGExecutor.java:283)
	at org.apache.maven.surefire.testng.TestNGXmlTestSuite.execute(TestNGXmlTestSuite.java:75)
	at org.apache.maven.surefire.testng.TestNGProvider.invoke(TestNGProvider.java:120)
	at org.apache.maven.surefire.booter.ForkedBooter.invokeProviderInSameClassLoader(ForkedBooter.java:384)
	at org.apache.maven.surefire.booter.ForkedBooter.runSuitesInProcess(ForkedBooter.java:345)
	at org.apache.maven.surefire.booter.ForkedBooter.execute(ForkedBooter.java:126)
	at org.apache.maven.surefire.booter.ForkedBooter.main(ForkedBooter.java:418)
]]></system-err>
  </testcase>
  <testcase name="beforeMethod" classname="com.sh.stt.testcase.yh.JXYHTest" time="0">
    <skipped/>
  </testcase>
  <testcase name="yhContentListTest" classname="com.sh.stt.testcase.yh.JXYHTest" time="0">
    <skipped/>
    <system-out><![CDATA[2020-07-07 15:32:02.319 [main-68] INFO  com.sh.stt.listener.LogListener.onTestSkipped - ========com.sh.stt.testcase.yh.JXYHTest.yhContentListTest跳过测试========
]]></system-out>
  </testcase>
  <testcase name="afterClass" classname="com.sh.stt.testcase.yh.JXYHTest" time="26.134">
    <failure type="java.lang.NullPointerException">java.lang.NullPointerException
</failure>
    <system-out><![CDATA[2020-07-07 15:32:02.323 [main-68] INFO  com.sh.stt.listener.LogListener.onTestSkipped - ========com.sh.stt.testcase.yh.JXYHTest.yhContentListTest跳过测试========
]]></system-out>
  </testcase>
  <testcase name="beforeClass" classname="com.sh.stt.testcase.yh.LNYHTest" time="26.289">
    <failure type="java.lang.NullPointerException">java.lang.NullPointerException
</failure>
    <system-out><![CDATA[2020-07-07 15:32:02.344 [main-133] ERROR com.sh.stt.base.BaseDriver.startBrowser - chrome浏览器启动失败！
]]></system-out>
    <system-err><![CDATA[java.lang.IllegalStateException: The driver executable does not exist: D:\IDEA\wap-selenium\target\test-classes\driver\driver\chromedriver.exe
	at com.google.common.base.Preconditions.checkState(Preconditions.java:585)
	at org.openqa.selenium.remote.service.DriverService.checkExecutable(DriverService.java:146)
	at org.openqa.selenium.remote.service.DriverService.findExecutable(DriverService.java:141)
	at org.openqa.selenium.chrome.ChromeDriverService.access$000(ChromeDriverService.java:35)
	at org.openqa.selenium.chrome.ChromeDriverService$Builder.findDefaultExecutable(ChromeDriverService.java:159)
	at org.openqa.selenium.remote.service.DriverService$Builder.build(DriverService.java:355)
	at org.openqa.selenium.chrome.ChromeDriverService.createDefaultService(ChromeDriverService.java:94)
	at org.openqa.selenium.chrome.ChromeDriver.<init>(ChromeDriver.java:157)
	at com.sh.stt.base.BaseDriver.startBrowser(BaseDriver.java:130)
	at com.sh.stt.base.BaseTest.beforeClass(BaseTest.java:60)
	at sun.reflect.GeneratedMethodAccessor33.invoke(Unknown Source)
	at sun.reflect.DelegatingMethodAccessorImpl.invoke(DelegatingMethodAccessorImpl.java:43)
	at java.lang.reflect.Method.invoke(Method.java:498)
	at org.testng.internal.MethodInvocationHelper.invokeMethod(MethodInvocationHelper.java:124)
	at org.testng.internal.MethodInvocationHelper.invokeMethodConsideringTimeout(MethodInvocationHelper.java:59)
	at org.testng.internal.Invoker.invokeConfigurationMethod(Invoker.java:458)
	at org.testng.internal.Invoker.invokeConfigurations(Invoker.java:222)
	at org.testng.internal.Invoker.invokeConfigurations(Invoker.java:142)
	at org.testng.internal.TestMethodWorker.invokeBeforeClassMethods(TestMethodWorker.java:168)
	at org.testng.internal.TestMethodWorker.run(TestMethodWorker.java:105)
	at org.testng.TestRunner.privateRun(TestRunner.java:648)
	at org.testng.TestRunner.run(TestRunner.java:505)
	at org.testng.SuiteRunner.runTest(SuiteRunner.java:455)
	at org.testng.SuiteRunner.runSequentially(SuiteRunner.java:450)
	at org.testng.SuiteRunner.privateRun(SuiteRunner.java:415)
	at org.testng.SuiteRunner.run(SuiteRunner.java:364)
	at org.testng.SuiteRunnerWorker.runSuite(SuiteRunnerWorker.java:52)
	at org.testng.SuiteRunnerWorker.run(SuiteRunnerWorker.java:84)
	at org.testng.TestNG.runSuitesSequentially(TestNG.java:1208)
	at org.testng.TestNG.runSuitesSequentially(TestNG.java:1204)
	at org.testng.TestNG.runSuitesLocally(TestNG.java:1137)
	at org.testng.TestNG.runSuites(TestNG.java:1049)
	at org.testng.TestNG.run(TestNG.java:1017)
	at org.apache.maven.surefire.testng.TestNGExecutor.run(TestNGExecutor.java:283)
	at org.apache.maven.surefire.testng.TestNGXmlTestSuite.execute(TestNGXmlTestSuite.java:75)
	at org.apache.maven.surefire.testng.TestNGProvider.invoke(TestNGProvider.java:120)
	at org.apache.maven.surefire.booter.ForkedBooter.invokeProviderInSameClassLoader(ForkedBooter.java:384)
	at org.apache.maven.surefire.booter.ForkedBooter.runSuitesInProcess(ForkedBooter.java:345)
	at org.apache.maven.surefire.booter.ForkedBooter.execute(ForkedBooter.java:126)
	at org.apache.maven.surefire.booter.ForkedBooter.main(ForkedBooter.java:418)
]]></system-err>
  </testcase>
  <testcase name="beforeMethod" classname="com.sh.stt.testcase.yh.LNYHTest" time="0">
    <skipped/>
  </testcase>
  <testcase name="yhContentListTest" classname="com.sh.stt.testcase.yh.LNYHTest" time="0">
    <skipped/>
    <system-out><![CDATA[2020-07-07 15:32:02.363 [main-68] INFO  com.sh.stt.listener.LogListener.onTestSkipped - ========com.sh.stt.testcase.yh.LNYHTest.yhContentListTest跳过测试========
]]></system-out>
  </testcase>
  <testcase name="afterClass" classname="com.sh.stt.testcase.yh.LNYHTest" time="26.301">
    <failure type="java.lang.NullPointerException">java.lang.NullPointerException
</failure>
    <system-out><![CDATA[2020-07-07 15:32:02.367 [main-68] INFO  com.sh.stt.listener.LogListener.onTestSkipped - ========com.sh.stt.testcase.yh.LNYHTest.yhContentListTest跳过测试========
]]></system-out>
  </testcase>
  <testcase name="beforeClass" classname="com.sh.stt.testcase.yh.NMYHTest" time="26.465">
    <failure type="java.lang.NullPointerException">java.lang.NullPointerException
</failure>
    <system-out><![CDATA[2020-07-07 15:32:02.387 [main-133] ERROR com.sh.stt.base.BaseDriver.startBrowser - chrome浏览器启动失败！
]]></system-out>
    <system-err><![CDATA[java.lang.IllegalStateException: The driver executable does not exist: D:\IDEA\wap-selenium\target\test-classes\driver\driver\chromedriver.exe
	at com.google.common.base.Preconditions.checkState(Preconditions.java:585)
	at org.openqa.selenium.remote.service.DriverService.checkExecutable(DriverService.java:146)
	at org.openqa.selenium.remote.service.DriverService.findExecutable(DriverService.java:141)
	at org.openqa.selenium.chrome.ChromeDriverService.access$000(ChromeDriverService.java:35)
	at org.openqa.selenium.chrome.ChromeDriverService$Builder.findDefaultExecutable(ChromeDriverService.java:159)
	at org.openqa.selenium.remote.service.DriverService$Builder.build(DriverService.java:355)
	at org.openqa.selenium.chrome.ChromeDriverService.createDefaultService(ChromeDriverService.java:94)
	at org.openqa.selenium.chrome.ChromeDriver.<init>(ChromeDriver.java:157)
	at com.sh.stt.base.BaseDriver.startBrowser(BaseDriver.java:130)
	at com.sh.stt.base.BaseTest.beforeClass(BaseTest.java:60)
	at sun.reflect.GeneratedMethodAccessor33.invoke(Unknown Source)
	at sun.reflect.DelegatingMethodAccessorImpl.invoke(DelegatingMethodAccessorImpl.java:43)
	at java.lang.reflect.Method.invoke(Method.java:498)
	at org.testng.internal.MethodInvocationHelper.invokeMethod(MethodInvocationHelper.java:124)
	at org.testng.internal.MethodInvocationHelper.invokeMethodConsideringTimeout(MethodInvocationHelper.java:59)
	at org.testng.internal.Invoker.invokeConfigurationMethod(Invoker.java:458)
	at org.testng.internal.Invoker.invokeConfigurations(Invoker.java:222)
	at org.testng.internal.Invoker.invokeConfigurations(Invoker.java:142)
	at org.testng.internal.TestMethodWorker.invokeBeforeClassMethods(TestMethodWorker.java:168)
	at org.testng.internal.TestMethodWorker.run(TestMethodWorker.java:105)
	at org.testng.TestRunner.privateRun(TestRunner.java:648)
	at org.testng.TestRunner.run(TestRunner.java:505)
	at org.testng.SuiteRunner.runTest(SuiteRunner.java:455)
	at org.testng.SuiteRunner.runSequentially(SuiteRunner.java:450)
	at org.testng.SuiteRunner.privateRun(SuiteRunner.java:415)
	at org.testng.SuiteRunner.run(SuiteRunner.java:364)
	at org.testng.SuiteRunnerWorker.runSuite(SuiteRunnerWorker.java:52)
	at org.testng.SuiteRunnerWorker.run(SuiteRunnerWorker.java:84)
	at org.testng.TestNG.runSuitesSequentially(TestNG.java:1208)
	at org.testng.TestNG.runSuitesSequentially(TestNG.java:1204)
	at org.testng.TestNG.runSuitesLocally(TestNG.java:1137)
	at org.testng.TestNG.runSuites(TestNG.java:1049)
	at org.testng.TestNG.run(TestNG.java:1017)
	at org.apache.maven.surefire.testng.TestNGExecutor.run(TestNGExecutor.java:283)
	at org.apache.maven.surefire.testng.TestNGXmlTestSuite.execute(TestNGXmlTestSuite.java:75)
	at org.apache.maven.surefire.testng.TestNGProvider.invoke(TestNGProvider.java:120)
	at org.apache.maven.surefire.booter.ForkedBooter.invokeProviderInSameClassLoader(ForkedBooter.java:384)
	at org.apache.maven.surefire.booter.ForkedBooter.runSuitesInProcess(ForkedBooter.java:345)
	at org.apache.maven.surefire.booter.ForkedBooter.execute(ForkedBooter.java:126)
	at org.apache.maven.surefire.booter.ForkedBooter.main(ForkedBooter.java:418)
]]></system-err>
  </testcase>
  <testcase name="beforeMethod" classname="com.sh.stt.testcase.yh.NMYHTest" time="0">
    <skipped/>
  </testcase>
  <testcase name="yhContentListTest" classname="com.sh.stt.testcase.yh.NMYHTest" time="0">
    <skipped/>
    <system-out><![CDATA[2020-07-07 15:32:02.390 [main-68] INFO  com.sh.stt.listener.LogListener.onTestSkipped - ========com.sh.stt.testcase.yh.NMYHTest.yhContentListTest跳过测试========
]]></system-out>
  </testcase>
  <testcase name="afterClass" classname="com.sh.stt.testcase.yh.NMYHTest" time="26.482">
    <failure type="java.lang.NullPointerException">java.lang.NullPointerException
</failure>
    <system-out><![CDATA[2020-07-07 15:32:02.393 [main-68] INFO  com.sh.stt.listener.LogListener.onTestSkipped - ========com.sh.stt.testcase.yh.NMYHTest.yhContentListTest跳过测试========
]]></system-out>
  </testcase>
  <testcase name="beforeClass" classname="com.sh.stt.testcase.yh.NXYHTest" time="26.649">
    <failure type="java.lang.NullPointerException">java.lang.NullPointerException
</failure>
    <system-out><![CDATA[2020-07-07 15:32:02.414 [main-133] ERROR com.sh.stt.base.BaseDriver.startBrowser - chrome浏览器启动失败！
]]></system-out>
    <system-err><![CDATA[java.lang.IllegalStateException: The driver executable does not exist: D:\IDEA\wap-selenium\target\test-classes\driver\driver\chromedriver.exe
	at com.google.common.base.Preconditions.checkState(Preconditions.java:585)
	at org.openqa.selenium.remote.service.DriverService.checkExecutable(DriverService.java:146)
	at org.openqa.selenium.remote.service.DriverService.findExecutable(DriverService.java:141)
	at org.openqa.selenium.chrome.ChromeDriverService.access$000(ChromeDriverService.java:35)
	at org.openqa.selenium.chrome.ChromeDriverService$Builder.findDefaultExecutable(ChromeDriverService.java:159)
	at org.openqa.selenium.remote.service.DriverService$Builder.build(DriverService.java:355)
	at org.openqa.selenium.chrome.ChromeDriverService.createDefaultService(ChromeDriverService.java:94)
	at org.openqa.selenium.chrome.ChromeDriver.<init>(ChromeDriver.java:157)
	at com.sh.stt.base.BaseDriver.startBrowser(BaseDriver.java:130)
	at com.sh.stt.base.BaseTest.beforeClass(BaseTest.java:60)
	at sun.reflect.GeneratedMethodAccessor33.invoke(Unknown Source)
	at sun.reflect.DelegatingMethodAccessorImpl.invoke(DelegatingMethodAccessorImpl.java:43)
	at java.lang.reflect.Method.invoke(Method.java:498)
	at org.testng.internal.MethodInvocationHelper.invokeMethod(MethodInvocationHelper.java:124)
	at org.testng.internal.MethodInvocationHelper.invokeMethodConsideringTimeout(MethodInvocationHelper.java:59)
	at org.testng.internal.Invoker.invokeConfigurationMethod(Invoker.java:458)
	at org.testng.internal.Invoker.invokeConfigurations(Invoker.java:222)
	at org.testng.internal.Invoker.invokeConfigurations(Invoker.java:142)
	at org.testng.internal.TestMethodWorker.invokeBeforeClassMethods(TestMethodWorker.java:168)
	at org.testng.internal.TestMethodWorker.run(TestMethodWorker.java:105)
	at org.testng.TestRunner.privateRun(TestRunner.java:648)
	at org.testng.TestRunner.run(TestRunner.java:505)
	at org.testng.SuiteRunner.runTest(SuiteRunner.java:455)
	at org.testng.SuiteRunner.runSequentially(SuiteRunner.java:450)
	at org.testng.SuiteRunner.privateRun(SuiteRunner.java:415)
	at org.testng.SuiteRunner.run(SuiteRunner.java:364)
	at org.testng.SuiteRunnerWorker.runSuite(SuiteRunnerWorker.java:52)
	at org.testng.SuiteRunnerWorker.run(SuiteRunnerWorker.java:84)
	at org.testng.TestNG.runSuitesSequentially(TestNG.java:1208)
	at org.testng.TestNG.runSuitesSequentially(TestNG.java:1204)
	at org.testng.TestNG.runSuitesLocally(TestNG.java:1137)
	at org.testng.TestNG.runSuites(TestNG.java:1049)
	at org.testng.TestNG.run(TestNG.java:1017)
	at org.apache.maven.surefire.testng.TestNGExecutor.run(TestNGExecutor.java:283)
	at org.apache.maven.surefire.testng.TestNGXmlTestSuite.execute(TestNGXmlTestSuite.java:75)
	at org.apache.maven.surefire.testng.TestNGProvider.invoke(TestNGProvider.java:120)
	at org.apache.maven.surefire.booter.ForkedBooter.invokeProviderInSameClassLoader(ForkedBooter.java:384)
	at org.apache.maven.surefire.booter.ForkedBooter.runSuitesInProcess(ForkedBooter.java:345)
	at org.apache.maven.surefire.booter.ForkedBooter.execute(ForkedBooter.java:126)
	at org.apache.maven.surefire.booter.ForkedBooter.main(ForkedBooter.java:418)
]]></system-err>
  </testcase>
  <testcase name="beforeMethod" classname="com.sh.stt.testcase.yh.NXYHTest" time="0">
    <skipped/>
  </testcase>
  <testcase name="yhContentListTest" classname="com.sh.stt.testcase.yh.NXYHTest" time="0">
    <skipped/>
    <system-out><![CDATA[2020-07-07 15:32:02.419 [main-68] INFO  com.sh.stt.listener.LogListener.onTestSkipped - ========com.sh.stt.testcase.yh.NXYHTest.yhContentListTest跳过测试========
]]></system-out>
  </testcase>
  <testcase name="afterClass" classname="com.sh.stt.testcase.yh.NXYHTest" time="26.664">
    <failure type="java.lang.NullPointerException">java.lang.NullPointerException
</failure>
    <system-out><![CDATA[2020-07-07 15:32:02.422 [main-68] INFO  com.sh.stt.listener.LogListener.onTestSkipped - ========com.sh.stt.testcase.yh.NXYHTest.yhContentListTest跳过测试========
]]></system-out>
  </testcase>
  <testcase name="beforeClass" classname="com.sh.stt.testcase.yh.QHYHTest" time="26.846">
    <failure type="java.lang.NullPointerException">java.lang.NullPointerException
</failure>
    <system-out><![CDATA[2020-07-07 15:32:02.443 [main-133] ERROR com.sh.stt.base.BaseDriver.startBrowser - chrome浏览器启动失败！
]]></system-out>
    <system-err><![CDATA[java.lang.IllegalStateException: The driver executable does not exist: D:\IDEA\wap-selenium\target\test-classes\driver\driver\chromedriver.exe
	at com.google.common.base.Preconditions.checkState(Preconditions.java:585)
	at org.openqa.selenium.remote.service.DriverService.checkExecutable(DriverService.java:146)
	at org.openqa.selenium.remote.service.DriverService.findExecutable(DriverService.java:141)
	at org.openqa.selenium.chrome.ChromeDriverService.access$000(ChromeDriverService.java:35)
	at org.openqa.selenium.chrome.ChromeDriverService$Builder.findDefaultExecutable(ChromeDriverService.java:159)
	at org.openqa.selenium.remote.service.DriverService$Builder.build(DriverService.java:355)
	at org.openqa.selenium.chrome.ChromeDriverService.createDefaultService(ChromeDriverService.java:94)
	at org.openqa.selenium.chrome.ChromeDriver.<init>(ChromeDriver.java:157)
	at com.sh.stt.base.BaseDriver.startBrowser(BaseDriver.java:130)
	at com.sh.stt.base.BaseTest.beforeClass(BaseTest.java:60)
	at sun.reflect.GeneratedMethodAccessor33.invoke(Unknown Source)
	at sun.reflect.DelegatingMethodAccessorImpl.invoke(DelegatingMethodAccessorImpl.java:43)
	at java.lang.reflect.Method.invoke(Method.java:498)
	at org.testng.internal.MethodInvocationHelper.invokeMethod(MethodInvocationHelper.java:124)
	at org.testng.internal.MethodInvocationHelper.invokeMethodConsideringTimeout(MethodInvocationHelper.java:59)
	at org.testng.internal.Invoker.invokeConfigurationMethod(Invoker.java:458)
	at org.testng.internal.Invoker.invokeConfigurations(Invoker.java:222)
	at org.testng.internal.Invoker.invokeConfigurations(Invoker.java:142)
	at org.testng.internal.TestMethodWorker.invokeBeforeClassMethods(TestMethodWorker.java:168)
	at org.testng.internal.TestMethodWorker.run(TestMethodWorker.java:105)
	at org.testng.TestRunner.privateRun(TestRunner.java:648)
	at org.testng.TestRunner.run(TestRunner.java:505)
	at org.testng.SuiteRunner.runTest(SuiteRunner.java:455)
	at org.testng.SuiteRunner.runSequentially(SuiteRunner.java:450)
	at org.testng.SuiteRunner.privateRun(SuiteRunner.java:415)
	at org.testng.SuiteRunner.run(SuiteRunner.java:364)
	at org.testng.SuiteRunnerWorker.runSuite(SuiteRunnerWorker.java:52)
	at org.testng.SuiteRunnerWorker.run(SuiteRunnerWorker.java:84)
	at org.testng.TestNG.runSuitesSequentially(TestNG.java:1208)
	at org.testng.TestNG.runSuitesSequentially(TestNG.java:1204)
	at org.testng.TestNG.runSuitesLocally(TestNG.java:1137)
	at org.testng.TestNG.runSuites(TestNG.java:1049)
	at org.testng.TestNG.run(TestNG.java:1017)
	at org.apache.maven.surefire.testng.TestNGExecutor.run(TestNGExecutor.java:283)
	at org.apache.maven.surefire.testng.TestNGXmlTestSuite.execute(TestNGXmlTestSuite.java:75)
	at org.apache.maven.surefire.testng.TestNGProvider.invoke(TestNGProvider.java:120)
	at org.apache.maven.surefire.booter.ForkedBooter.invokeProviderInSameClassLoader(ForkedBooter.java:384)
	at org.apache.maven.surefire.booter.ForkedBooter.runSuitesInProcess(ForkedBooter.java:345)
	at org.apache.maven.surefire.booter.ForkedBooter.execute(ForkedBooter.java:126)
	at org.apache.maven.surefire.booter.ForkedBooter.main(ForkedBooter.java:418)
]]></system-err>
  </testcase>
  <testcase name="beforeMethod" classname="com.sh.stt.testcase.yh.QHYHTest" time="0">
    <skipped/>
  </testcase>
  <testcase name="yhContentListTest" classname="com.sh.stt.testcase.yh.QHYHTest" time="0">
    <skipped/>
    <system-out><![CDATA[2020-07-07 15:32:02.449 [main-68] INFO  com.sh.stt.listener.LogListener.onTestSkipped - ========com.sh.stt.testcase.yh.QHYHTest.yhContentListTest跳过测试========
]]></system-out>
  </testcase>
  <testcase name="afterClass" classname="com.sh.stt.testcase.yh.QHYHTest" time="26.864">
    <failure type="java.lang.NullPointerException">java.lang.NullPointerException
</failure>
    <system-out><![CDATA[2020-07-07 15:32:02.457 [main-68] INFO  com.sh.stt.listener.LogListener.onTestSkipped - ========com.sh.stt.testcase.yh.QHYHTest.yhContentListTest跳过测试========
]]></system-out>
  </testcase>
  <testcase name="beforeClass" classname="com.sh.stt.testcase.yh.SHYHTest" time="27.028">
    <failure type="java.lang.NullPointerException">java.lang.NullPointerException
</failure>
    <system-out><![CDATA[2020-07-07 15:32:02.480 [main-133] ERROR com.sh.stt.base.BaseDriver.startBrowser - chrome浏览器启动失败！
]]></system-out>
    <system-err><![CDATA[java.lang.IllegalStateException: The driver executable does not exist: D:\IDEA\wap-selenium\target\test-classes\driver\driver\chromedriver.exe
	at com.google.common.base.Preconditions.checkState(Preconditions.java:585)
	at org.openqa.selenium.remote.service.DriverService.checkExecutable(DriverService.java:146)
	at org.openqa.selenium.remote.service.DriverService.findExecutable(DriverService.java:141)
	at org.openqa.selenium.chrome.ChromeDriverService.access$000(ChromeDriverService.java:35)
	at org.openqa.selenium.chrome.ChromeDriverService$Builder.findDefaultExecutable(ChromeDriverService.java:159)
	at org.openqa.selenium.remote.service.DriverService$Builder.build(DriverService.java:355)
	at org.openqa.selenium.chrome.ChromeDriverService.createDefaultService(ChromeDriverService.java:94)
	at org.openqa.selenium.chrome.ChromeDriver.<init>(ChromeDriver.java:157)
	at com.sh.stt.base.BaseDriver.startBrowser(BaseDriver.java:130)
	at com.sh.stt.base.BaseTest.beforeClass(BaseTest.java:60)
	at sun.reflect.GeneratedMethodAccessor33.invoke(Unknown Source)
	at sun.reflect.DelegatingMethodAccessorImpl.invoke(DelegatingMethodAccessorImpl.java:43)
	at java.lang.reflect.Method.invoke(Method.java:498)
	at org.testng.internal.MethodInvocationHelper.invokeMethod(MethodInvocationHelper.java:124)
	at org.testng.internal.MethodInvocationHelper.invokeMethodConsideringTimeout(MethodInvocationHelper.java:59)
	at org.testng.internal.Invoker.invokeConfigurationMethod(Invoker.java:458)
	at org.testng.internal.Invoker.invokeConfigurations(Invoker.java:222)
	at org.testng.internal.Invoker.invokeConfigurations(Invoker.java:142)
	at org.testng.internal.TestMethodWorker.invokeBeforeClassMethods(TestMethodWorker.java:168)
	at org.testng.internal.TestMethodWorker.run(TestMethodWorker.java:105)
	at org.testng.TestRunner.privateRun(TestRunner.java:648)
	at org.testng.TestRunner.run(TestRunner.java:505)
	at org.testng.SuiteRunner.runTest(SuiteRunner.java:455)
	at org.testng.SuiteRunner.runSequentially(SuiteRunner.java:450)
	at org.testng.SuiteRunner.privateRun(SuiteRunner.java:415)
	at org.testng.SuiteRunner.run(SuiteRunner.java:364)
	at org.testng.SuiteRunnerWorker.runSuite(SuiteRunnerWorker.java:52)
	at org.testng.SuiteRunnerWorker.run(SuiteRunnerWorker.java:84)
	at org.testng.TestNG.runSuitesSequentially(TestNG.java:1208)
	at org.testng.TestNG.runSuitesSequentially(TestNG.java:1204)
	at org.testng.TestNG.runSuitesLocally(TestNG.java:1137)
	at org.testng.TestNG.runSuites(TestNG.java:1049)
	at org.testng.TestNG.run(TestNG.java:1017)
	at org.apache.maven.surefire.testng.TestNGExecutor.run(TestNGExecutor.java:283)
	at org.apache.maven.surefire.testng.TestNGXmlTestSuite.execute(TestNGXmlTestSuite.java:75)
	at org.apache.maven.surefire.testng.TestNGProvider.invoke(TestNGProvider.java:120)
	at org.apache.maven.surefire.booter.ForkedBooter.invokeProviderInSameClassLoader(ForkedBooter.java:384)
	at org.apache.maven.surefire.booter.ForkedBooter.runSuitesInProcess(ForkedBooter.java:345)
	at org.apache.maven.surefire.booter.ForkedBooter.execute(ForkedBooter.java:126)
	at org.apache.maven.surefire.booter.ForkedBooter.main(ForkedBooter.java:418)
]]></system-err>
  </testcase>
  <testcase name="beforeMethod" classname="com.sh.stt.testcase.yh.SHYHTest" time="0">
    <skipped/>
  </testcase>
  <testcase name="yhContentListTest" classname="com.sh.stt.testcase.yh.SHYHTest" time="0">
    <skipped/>
    <system-out><![CDATA[2020-07-07 15:32:02.484 [main-68] INFO  com.sh.stt.listener.LogListener.onTestSkipped - ========com.sh.stt.testcase.yh.SHYHTest.yhContentListTest跳过测试========
]]></system-out>
  </testcase>
  <testcase name="afterClass" classname="com.sh.stt.testcase.yh.SHYHTest" time="27.04">
    <failure type="java.lang.NullPointerException">java.lang.NullPointerException
</failure>
    <system-out><![CDATA[2020-07-07 15:32:02.487 [main-68] INFO  com.sh.stt.listener.LogListener.onTestSkipped - ========com.sh.stt.testcase.yh.SHYHTest.yhContentListTest跳过测试========
]]></system-out>
  </testcase>
  <testcase name="beforeClass" classname="com.sh.stt.testcase.yh.SCYHTest" time="27.248">
    <failure type="java.lang.NullPointerException">java.lang.NullPointerException
</failure>
    <system-out><![CDATA[2020-07-07 15:32:02.514 [main-133] ERROR com.sh.stt.base.BaseDriver.startBrowser - chrome浏览器启动失败！
]]></system-out>
    <system-err><![CDATA[java.lang.IllegalStateException: The driver executable does not exist: D:\IDEA\wap-selenium\target\test-classes\driver\driver\chromedriver.exe
	at com.google.common.base.Preconditions.checkState(Preconditions.java:585)
	at org.openqa.selenium.remote.service.DriverService.checkExecutable(DriverService.java:146)
	at org.openqa.selenium.remote.service.DriverService.findExecutable(DriverService.java:141)
	at org.openqa.selenium.chrome.ChromeDriverService.access$000(ChromeDriverService.java:35)
	at org.openqa.selenium.chrome.ChromeDriverService$Builder.findDefaultExecutable(ChromeDriverService.java:159)
	at org.openqa.selenium.remote.service.DriverService$Builder.build(DriverService.java:355)
	at org.openqa.selenium.chrome.ChromeDriverService.createDefaultService(ChromeDriverService.java:94)
	at org.openqa.selenium.chrome.ChromeDriver.<init>(ChromeDriver.java:157)
	at com.sh.stt.base.BaseDriver.startBrowser(BaseDriver.java:130)
	at com.sh.stt.base.BaseTest.beforeClass(BaseTest.java:60)
	at sun.reflect.GeneratedMethodAccessor33.invoke(Unknown Source)
	at sun.reflect.DelegatingMethodAccessorImpl.invoke(DelegatingMethodAccessorImpl.java:43)
	at java.lang.reflect.Method.invoke(Method.java:498)
	at org.testng.internal.MethodInvocationHelper.invokeMethod(MethodInvocationHelper.java:124)
	at org.testng.internal.MethodInvocationHelper.invokeMethodConsideringTimeout(MethodInvocationHelper.java:59)
	at org.testng.internal.Invoker.invokeConfigurationMethod(Invoker.java:458)
	at org.testng.internal.Invoker.invokeConfigurations(Invoker.java:222)
	at org.testng.internal.Invoker.invokeConfigurations(Invoker.java:142)
	at org.testng.internal.TestMethodWorker.invokeBeforeClassMethods(TestMethodWorker.java:168)
	at org.testng.internal.TestMethodWorker.run(TestMethodWorker.java:105)
	at org.testng.TestRunner.privateRun(TestRunner.java:648)
	at org.testng.TestRunner.run(TestRunner.java:505)
	at org.testng.SuiteRunner.runTest(SuiteRunner.java:455)
	at org.testng.SuiteRunner.runSequentially(SuiteRunner.java:450)
	at org.testng.SuiteRunner.privateRun(SuiteRunner.java:415)
	at org.testng.SuiteRunner.run(SuiteRunner.java:364)
	at org.testng.SuiteRunnerWorker.runSuite(SuiteRunnerWorker.java:52)
	at org.testng.SuiteRunnerWorker.run(SuiteRunnerWorker.java:84)
	at org.testng.TestNG.runSuitesSequentially(TestNG.java:1208)
	at org.testng.TestNG.runSuitesSequentially(TestNG.java:1204)
	at org.testng.TestNG.runSuitesLocally(TestNG.java:1137)
	at org.testng.TestNG.runSuites(TestNG.java:1049)
	at org.testng.TestNG.run(TestNG.java:1017)
	at org.apache.maven.surefire.testng.TestNGExecutor.run(TestNGExecutor.java:283)
	at org.apache.maven.surefire.testng.TestNGXmlTestSuite.execute(TestNGXmlTestSuite.java:75)
	at org.apache.maven.surefire.testng.TestNGProvider.invoke(TestNGProvider.java:120)
	at org.apache.maven.surefire.booter.ForkedBooter.invokeProviderInSameClassLoader(ForkedBooter.java:384)
	at org.apache.maven.surefire.booter.ForkedBooter.runSuitesInProcess(ForkedBooter.java:345)
	at org.apache.maven.surefire.booter.ForkedBooter.execute(ForkedBooter.java:126)
	at org.apache.maven.surefire.booter.ForkedBooter.main(ForkedBooter.java:418)
]]></system-err>
  </testcase>
  <testcase name="beforeMethod" classname="com.sh.stt.testcase.yh.SCYHTest" time="0">
    <skipped/>
  </testcase>
  <testcase name="yhContentListTest" classname="com.sh.stt.testcase.yh.SCYHTest" time="0">
    <skipped/>
    <system-out><![CDATA[2020-07-07 15:32:02.520 [main-68] INFO  com.sh.stt.listener.LogListener.onTestSkipped - ========com.sh.stt.testcase.yh.SCYHTest.yhContentListTest跳过测试========
]]></system-out>
  </testcase>
  <testcase name="afterClass" classname="com.sh.stt.testcase.yh.SCYHTest" time="27.268">
    <failure type="java.lang.NullPointerException">java.lang.NullPointerException
</failure>
    <system-out><![CDATA[2020-07-07 15:32:02.523 [main-68] INFO  com.sh.stt.listener.LogListener.onTestSkipped - ========com.sh.stt.testcase.yh.SCYHTest.yhContentListTest跳过测试========
]]></system-out>
  </testcase>
  <testcase name="beforeClass" classname="com.sh.stt.testcase.yh.SDYHTest" time="27.469">
    <failure type="java.lang.NullPointerException">java.lang.NullPointerException
</failure>
    <system-out><![CDATA[2020-07-07 15:32:02.541 [main-133] ERROR com.sh.stt.base.BaseDriver.startBrowser - chrome浏览器启动失败！
]]></system-out>
    <system-err><![CDATA[java.lang.IllegalStateException: The driver executable does not exist: D:\IDEA\wap-selenium\target\test-classes\driver\driver\chromedriver.exe
	at com.google.common.base.Preconditions.checkState(Preconditions.java:585)
	at org.openqa.selenium.remote.service.DriverService.checkExecutable(DriverService.java:146)
	at org.openqa.selenium.remote.service.DriverService.findExecutable(DriverService.java:141)
	at org.openqa.selenium.chrome.ChromeDriverService.access$000(ChromeDriverService.java:35)
	at org.openqa.selenium.chrome.ChromeDriverService$Builder.findDefaultExecutable(ChromeDriverService.java:159)
	at org.openqa.selenium.remote.service.DriverService$Builder.build(DriverService.java:355)
	at org.openqa.selenium.chrome.ChromeDriverService.createDefaultService(ChromeDriverService.java:94)
	at org.openqa.selenium.chrome.ChromeDriver.<init>(ChromeDriver.java:157)
	at com.sh.stt.base.BaseDriver.startBrowser(BaseDriver.java:130)
	at com.sh.stt.base.BaseTest.beforeClass(BaseTest.java:60)
	at sun.reflect.GeneratedMethodAccessor33.invoke(Unknown Source)
	at sun.reflect.DelegatingMethodAccessorImpl.invoke(DelegatingMethodAccessorImpl.java:43)
	at java.lang.reflect.Method.invoke(Method.java:498)
	at org.testng.internal.MethodInvocationHelper.invokeMethod(MethodInvocationHelper.java:124)
	at org.testng.internal.MethodInvocationHelper.invokeMethodConsideringTimeout(MethodInvocationHelper.java:59)
	at org.testng.internal.Invoker.invokeConfigurationMethod(Invoker.java:458)
	at org.testng.internal.Invoker.invokeConfigurations(Invoker.java:222)
	at org.testng.internal.Invoker.invokeConfigurations(Invoker.java:142)
	at org.testng.internal.TestMethodWorker.invokeBeforeClassMethods(TestMethodWorker.java:168)
	at org.testng.internal.TestMethodWorker.run(TestMethodWorker.java:105)
	at org.testng.TestRunner.privateRun(TestRunner.java:648)
	at org.testng.TestRunner.run(TestRunner.java:505)
	at org.testng.SuiteRunner.runTest(SuiteRunner.java:455)
	at org.testng.SuiteRunner.runSequentially(SuiteRunner.java:450)
	at org.testng.SuiteRunner.privateRun(SuiteRunner.java:415)
	at org.testng.SuiteRunner.run(SuiteRunner.java:364)
	at org.testng.SuiteRunnerWorker.runSuite(SuiteRunnerWorker.java:52)
	at org.testng.SuiteRunnerWorker.run(SuiteRunnerWorker.java:84)
	at org.testng.TestNG.runSuitesSequentially(TestNG.java:1208)
	at org.testng.TestNG.runSuitesSequentially(TestNG.java:1204)
	at org.testng.TestNG.runSuitesLocally(TestNG.java:1137)
	at org.testng.TestNG.runSuites(TestNG.java:1049)
	at org.testng.TestNG.run(TestNG.java:1017)
	at org.apache.maven.surefire.testng.TestNGExecutor.run(TestNGExecutor.java:283)
	at org.apache.maven.surefire.testng.TestNGXmlTestSuite.execute(TestNGXmlTestSuite.java:75)
	at org.apache.maven.surefire.testng.TestNGProvider.invoke(TestNGProvider.java:120)
	at org.apache.maven.surefire.booter.ForkedBooter.invokeProviderInSameClassLoader(ForkedBooter.java:384)
	at org.apache.maven.surefire.booter.ForkedBooter.runSuitesInProcess(ForkedBooter.java:345)
	at org.apache.maven.surefire.booter.ForkedBooter.execute(ForkedBooter.java:126)
	at org.apache.maven.surefire.booter.ForkedBooter.main(ForkedBooter.java:418)
]]></system-err>
  </testcase>
  <testcase name="beforeMethod" classname="com.sh.stt.testcase.yh.SDYHTest" time="0">
    <skipped/>
  </testcase>
  <testcase name="yhContentListTest" classname="com.sh.stt.testcase.yh.SDYHTest" time="0">
    <skipped/>
    <system-out><![CDATA[2020-07-07 15:32:02.545 [main-68] INFO  com.sh.stt.listener.LogListener.onTestSkipped - ========com.sh.stt.testcase.yh.SDYHTest.yhContentListTest跳过测试========
]]></system-out>
  </testcase>
  <testcase name="afterClass" classname="com.sh.stt.testcase.yh.SDYHTest" time="27.489">
    <failure type="java.lang.NullPointerException">java.lang.NullPointerException
</failure>
    <system-out><![CDATA[2020-07-07 15:32:02.547 [main-68] INFO  com.sh.stt.listener.LogListener.onTestSkipped - ========com.sh.stt.testcase.yh.SDYHTest.yhContentListTest跳过测试========
]]></system-out>
  </testcase>
  <testcase name="beforeClass" classname="com.sh.stt.testcase.yh.SXYHTest" time="27.678">
    <failure type="java.lang.NullPointerException">java.lang.NullPointerException
</failure>
    <system-out><![CDATA[2020-07-07 15:32:02.565 [main-133] ERROR com.sh.stt.base.BaseDriver.startBrowser - chrome浏览器启动失败！
]]></system-out>
    <system-err><![CDATA[java.lang.IllegalStateException: The driver executable does not exist: D:\IDEA\wap-selenium\target\test-classes\driver\driver\chromedriver.exe
	at com.google.common.base.Preconditions.checkState(Preconditions.java:585)
	at org.openqa.selenium.remote.service.DriverService.checkExecutable(DriverService.java:146)
	at org.openqa.selenium.remote.service.DriverService.findExecutable(DriverService.java:141)
	at org.openqa.selenium.chrome.ChromeDriverService.access$000(ChromeDriverService.java:35)
	at org.openqa.selenium.chrome.ChromeDriverService$Builder.findDefaultExecutable(ChromeDriverService.java:159)
	at org.openqa.selenium.remote.service.DriverService$Builder.build(DriverService.java:355)
	at org.openqa.selenium.chrome.ChromeDriverService.createDefaultService(ChromeDriverService.java:94)
	at org.openqa.selenium.chrome.ChromeDriver.<init>(ChromeDriver.java:157)
	at com.sh.stt.base.BaseDriver.startBrowser(BaseDriver.java:130)
	at com.sh.stt.base.BaseTest.beforeClass(BaseTest.java:60)
	at sun.reflect.GeneratedMethodAccessor33.invoke(Unknown Source)
	at sun.reflect.DelegatingMethodAccessorImpl.invoke(DelegatingMethodAccessorImpl.java:43)
	at java.lang.reflect.Method.invoke(Method.java:498)
	at org.testng.internal.MethodInvocationHelper.invokeMethod(MethodInvocationHelper.java:124)
	at org.testng.internal.MethodInvocationHelper.invokeMethodConsideringTimeout(MethodInvocationHelper.java:59)
	at org.testng.internal.Invoker.invokeConfigurationMethod(Invoker.java:458)
	at org.testng.internal.Invoker.invokeConfigurations(Invoker.java:222)
	at org.testng.internal.Invoker.invokeConfigurations(Invoker.java:142)
	at org.testng.internal.TestMethodWorker.invokeBeforeClassMethods(TestMethodWorker.java:168)
	at org.testng.internal.TestMethodWorker.run(TestMethodWorker.java:105)
	at org.testng.TestRunner.privateRun(TestRunner.java:648)
	at org.testng.TestRunner.run(TestRunner.java:505)
	at org.testng.SuiteRunner.runTest(SuiteRunner.java:455)
	at org.testng.SuiteRunner.runSequentially(SuiteRunner.java:450)
	at org.testng.SuiteRunner.privateRun(SuiteRunner.java:415)
	at org.testng.SuiteRunner.run(SuiteRunner.java:364)
	at org.testng.SuiteRunnerWorker.runSuite(SuiteRunnerWorker.java:52)
	at org.testng.SuiteRunnerWorker.run(SuiteRunnerWorker.java:84)
	at org.testng.TestNG.runSuitesSequentially(TestNG.java:1208)
	at org.testng.TestNG.runSuitesSequentially(TestNG.java:1204)
	at org.testng.TestNG.runSuitesLocally(TestNG.java:1137)
	at org.testng.TestNG.runSuites(TestNG.java:1049)
	at org.testng.TestNG.run(TestNG.java:1017)
	at org.apache.maven.surefire.testng.TestNGExecutor.run(TestNGExecutor.java:283)
	at org.apache.maven.surefire.testng.TestNGXmlTestSuite.execute(TestNGXmlTestSuite.java:75)
	at org.apache.maven.surefire.testng.TestNGProvider.invoke(TestNGProvider.java:120)
	at org.apache.maven.surefire.booter.ForkedBooter.invokeProviderInSameClassLoader(ForkedBooter.java:384)
	at org.apache.maven.surefire.booter.ForkedBooter.runSuitesInProcess(ForkedBooter.java:345)
	at org.apache.maven.surefire.booter.ForkedBooter.execute(ForkedBooter.java:126)
	at org.apache.maven.surefire.booter.ForkedBooter.main(ForkedBooter.java:418)
]]></system-err>
  </testcase>
  <testcase name="beforeMethod" classname="com.sh.stt.testcase.yh.SXYHTest" time="0">
    <skipped/>
  </testcase>
  <testcase name="yhContentListTest" classname="com.sh.stt.testcase.yh.SXYHTest" time="0">
    <skipped/>
    <system-out><![CDATA[2020-07-07 15:32:02.568 [main-68] INFO  com.sh.stt.listener.LogListener.onTestSkipped - ========com.sh.stt.testcase.yh.SXYHTest.yhContentListTest跳过测试========
]]></system-out>
  </testcase>
  <testcase name="afterClass" classname="com.sh.stt.testcase.yh.SXYHTest" time="27.696">
    <failure type="java.lang.NullPointerException">java.lang.NullPointerException
</failure>
    <system-out><![CDATA[2020-07-07 15:32:02.571 [main-68] INFO  com.sh.stt.listener.LogListener.onTestSkipped - ========com.sh.stt.testcase.yh.SXYHTest.yhContentListTest跳过测试========
]]></system-out>
  </testcase>
  <testcase name="beforeClass" classname="com.sh.stt.testcase.yh.SNYHTest" time="27.88">
    <failure type="java.lang.NullPointerException">java.lang.NullPointerException
</failure>
    <system-out><![CDATA[2020-07-07 15:32:02.593 [main-133] ERROR com.sh.stt.base.BaseDriver.startBrowser - chrome浏览器启动失败！
]]></system-out>
    <system-err><![CDATA[java.lang.IllegalStateException: The driver executable does not exist: D:\IDEA\wap-selenium\target\test-classes\driver\driver\chromedriver.exe
	at com.google.common.base.Preconditions.checkState(Preconditions.java:585)
	at org.openqa.selenium.remote.service.DriverService.checkExecutable(DriverService.java:146)
	at org.openqa.selenium.remote.service.DriverService.findExecutable(DriverService.java:141)
	at org.openqa.selenium.chrome.ChromeDriverService.access$000(ChromeDriverService.java:35)
	at org.openqa.selenium.chrome.ChromeDriverService$Builder.findDefaultExecutable(ChromeDriverService.java:159)
	at org.openqa.selenium.remote.service.DriverService$Builder.build(DriverService.java:355)
	at org.openqa.selenium.chrome.ChromeDriverService.createDefaultService(ChromeDriverService.java:94)
	at org.openqa.selenium.chrome.ChromeDriver.<init>(ChromeDriver.java:157)
	at com.sh.stt.base.BaseDriver.startBrowser(BaseDriver.java:130)
	at com.sh.stt.base.BaseTest.beforeClass(BaseTest.java:60)
	at sun.reflect.GeneratedMethodAccessor33.invoke(Unknown Source)
	at sun.reflect.DelegatingMethodAccessorImpl.invoke(DelegatingMethodAccessorImpl.java:43)
	at java.lang.reflect.Method.invoke(Method.java:498)
	at org.testng.internal.MethodInvocationHelper.invokeMethod(MethodInvocationHelper.java:124)
	at org.testng.internal.MethodInvocationHelper.invokeMethodConsideringTimeout(MethodInvocationHelper.java:59)
	at org.testng.internal.Invoker.invokeConfigurationMethod(Invoker.java:458)
	at org.testng.internal.Invoker.invokeConfigurations(Invoker.java:222)
	at org.testng.internal.Invoker.invokeConfigurations(Invoker.java:142)
	at org.testng.internal.TestMethodWorker.invokeBeforeClassMethods(TestMethodWorker.java:168)
	at org.testng.internal.TestMethodWorker.run(TestMethodWorker.java:105)
	at org.testng.TestRunner.privateRun(TestRunner.java:648)
	at org.testng.TestRunner.run(TestRunner.java:505)
	at org.testng.SuiteRunner.runTest(SuiteRunner.java:455)
	at org.testng.SuiteRunner.runSequentially(SuiteRunner.java:450)
	at org.testng.SuiteRunner.privateRun(SuiteRunner.java:415)
	at org.testng.SuiteRunner.run(SuiteRunner.java:364)
	at org.testng.SuiteRunnerWorker.runSuite(SuiteRunnerWorker.java:52)
	at org.testng.SuiteRunnerWorker.run(SuiteRunnerWorker.java:84)
	at org.testng.TestNG.runSuitesSequentially(TestNG.java:1208)
	at org.testng.TestNG.runSuitesSequentially(TestNG.java:1204)
	at org.testng.TestNG.runSuitesLocally(TestNG.java:1137)
	at org.testng.TestNG.runSuites(TestNG.java:1049)
	at org.testng.TestNG.run(TestNG.java:1017)
	at org.apache.maven.surefire.testng.TestNGExecutor.run(TestNGExecutor.java:283)
	at org.apache.maven.surefire.testng.TestNGXmlTestSuite.execute(TestNGXmlTestSuite.java:75)
	at org.apache.maven.surefire.testng.TestNGProvider.invoke(TestNGProvider.java:120)
	at org.apache.maven.surefire.booter.ForkedBooter.invokeProviderInSameClassLoader(ForkedBooter.java:384)
	at org.apache.maven.surefire.booter.ForkedBooter.runSuitesInProcess(ForkedBooter.java:345)
	at org.apache.maven.surefire.booter.ForkedBooter.execute(ForkedBooter.java:126)
	at org.apache.maven.surefire.booter.ForkedBooter.main(ForkedBooter.java:418)
]]></system-err>
  </testcase>
  <testcase name="beforeMethod" classname="com.sh.stt.testcase.yh.SNYHTest" time="0">
    <skipped/>
  </testcase>
  <testcase name="yhContentListTest" classname="com.sh.stt.testcase.yh.SNYHTest" time="0">
    <skipped/>
    <system-out><![CDATA[2020-07-07 15:32:02.596 [main-68] INFO  com.sh.stt.listener.LogListener.onTestSkipped - ========com.sh.stt.testcase.yh.SNYHTest.yhContentListTest跳过测试========
]]></system-out>
  </testcase>
  <testcase name="afterClass" classname="com.sh.stt.testcase.yh.SNYHTest" time="27.895">
    <failure type="java.lang.NullPointerException">java.lang.NullPointerException
</failure>
    <system-out><![CDATA[2020-07-07 15:32:02.601 [main-68] INFO  com.sh.stt.listener.LogListener.onTestSkipped - ========com.sh.stt.testcase.yh.SNYHTest.yhContentListTest跳过测试========
]]></system-out>
  </testcase>
  <testcase name="beforeClass" classname="com.sh.stt.testcase.yh.TJYHTest" time="28.046">
    <failure type="java.lang.NullPointerException">java.lang.NullPointerException
</failure>
    <system-out><![CDATA[2020-07-07 15:32:02.626 [main-133] ERROR com.sh.stt.base.BaseDriver.startBrowser - chrome浏览器启动失败！
]]></system-out>
    <system-err><![CDATA[java.lang.IllegalStateException: The driver executable does not exist: D:\IDEA\wap-selenium\target\test-classes\driver\driver\chromedriver.exe
	at com.google.common.base.Preconditions.checkState(Preconditions.java:585)
	at org.openqa.selenium.remote.service.DriverService.checkExecutable(DriverService.java:146)
	at org.openqa.selenium.remote.service.DriverService.findExecutable(DriverService.java:141)
	at org.openqa.selenium.chrome.ChromeDriverService.access$000(ChromeDriverService.java:35)
	at org.openqa.selenium.chrome.ChromeDriverService$Builder.findDefaultExecutable(ChromeDriverService.java:159)
	at org.openqa.selenium.remote.service.DriverService$Builder.build(DriverService.java:355)
	at org.openqa.selenium.chrome.ChromeDriverService.createDefaultService(ChromeDriverService.java:94)
	at org.openqa.selenium.chrome.ChromeDriver.<init>(ChromeDriver.java:157)
	at com.sh.stt.base.BaseDriver.startBrowser(BaseDriver.java:130)
	at com.sh.stt.base.BaseTest.beforeClass(BaseTest.java:60)
	at sun.reflect.GeneratedMethodAccessor33.invoke(Unknown Source)
	at sun.reflect.DelegatingMethodAccessorImpl.invoke(DelegatingMethodAccessorImpl.java:43)
	at java.lang.reflect.Method.invoke(Method.java:498)
	at org.testng.internal.MethodInvocationHelper.invokeMethod(MethodInvocationHelper.java:124)
	at org.testng.internal.MethodInvocationHelper.invokeMethodConsideringTimeout(MethodInvocationHelper.java:59)
	at org.testng.internal.Invoker.invokeConfigurationMethod(Invoker.java:458)
	at org.testng.internal.Invoker.invokeConfigurations(Invoker.java:222)
	at org.testng.internal.Invoker.invokeConfigurations(Invoker.java:142)
	at org.testng.internal.TestMethodWorker.invokeBeforeClassMethods(TestMethodWorker.java:168)
	at org.testng.internal.TestMethodWorker.run(TestMethodWorker.java:105)
	at org.testng.TestRunner.privateRun(TestRunner.java:648)
	at org.testng.TestRunner.run(TestRunner.java:505)
	at org.testng.SuiteRunner.runTest(SuiteRunner.java:455)
	at org.testng.SuiteRunner.runSequentially(SuiteRunner.java:450)
	at org.testng.SuiteRunner.privateRun(SuiteRunner.java:415)
	at org.testng.SuiteRunner.run(SuiteRunner.java:364)
	at org.testng.SuiteRunnerWorker.runSuite(SuiteRunnerWorker.java:52)
	at org.testng.SuiteRunnerWorker.run(SuiteRunnerWorker.java:84)
	at org.testng.TestNG.runSuitesSequentially(TestNG.java:1208)
	at org.testng.TestNG.runSuitesSequentially(TestNG.java:1204)
	at org.testng.TestNG.runSuitesLocally(TestNG.java:1137)
	at org.testng.TestNG.runSuites(TestNG.java:1049)
	at org.testng.TestNG.run(TestNG.java:1017)
	at org.apache.maven.surefire.testng.TestNGExecutor.run(TestNGExecutor.java:283)
	at org.apache.maven.surefire.testng.TestNGXmlTestSuite.execute(TestNGXmlTestSuite.java:75)
	at org.apache.maven.surefire.testng.TestNGProvider.invoke(TestNGProvider.java:120)
	at org.apache.maven.surefire.booter.ForkedBooter.invokeProviderInSameClassLoader(ForkedBooter.java:384)
	at org.apache.maven.surefire.booter.ForkedBooter.runSuitesInProcess(ForkedBooter.java:345)
	at org.apache.maven.surefire.booter.ForkedBooter.execute(ForkedBooter.java:126)
	at org.apache.maven.surefire.booter.ForkedBooter.main(ForkedBooter.java:418)
]]></system-err>
  </testcase>
  <testcase name="beforeMethod" classname="com.sh.stt.testcase.yh.TJYHTest" time="0">
    <skipped/>
  </testcase>
  <testcase name="yhContentListTest" classname="com.sh.stt.testcase.yh.TJYHTest" time="0">
    <skipped/>
    <system-out><![CDATA[2020-07-07 15:32:02.631 [main-68] INFO  com.sh.stt.listener.LogListener.onTestSkipped - ========com.sh.stt.testcase.yh.TJYHTest.yhContentListTest跳过测试========
]]></system-out>
  </testcase>
  <testcase name="afterClass" classname="com.sh.stt.testcase.yh.TJYHTest" time="28.059">
    <failure type="java.lang.NullPointerException">java.lang.NullPointerException
</failure>
    <system-out><![CDATA[2020-07-07 15:32:02.635 [main-68] INFO  com.sh.stt.listener.LogListener.onTestSkipped - ========com.sh.stt.testcase.yh.TJYHTest.yhContentListTest跳过测试========
]]></system-out>
  </testcase>
  <testcase name="beforeClass" classname="com.sh.stt.testcase.yh.XJYHTest" time="28.213">
    <failure type="java.lang.NullPointerException">java.lang.NullPointerException
</failure>
    <system-out><![CDATA[2020-07-07 15:32:02.654 [main-133] ERROR com.sh.stt.base.BaseDriver.startBrowser - chrome浏览器启动失败！
]]></system-out>
    <system-err><![CDATA[java.lang.IllegalStateException: The driver executable does not exist: D:\IDEA\wap-selenium\target\test-classes\driver\driver\chromedriver.exe
	at com.google.common.base.Preconditions.checkState(Preconditions.java:585)
	at org.openqa.selenium.remote.service.DriverService.checkExecutable(DriverService.java:146)
	at org.openqa.selenium.remote.service.DriverService.findExecutable(DriverService.java:141)
	at org.openqa.selenium.chrome.ChromeDriverService.access$000(ChromeDriverService.java:35)
	at org.openqa.selenium.chrome.ChromeDriverService$Builder.findDefaultExecutable(ChromeDriverService.java:159)
	at org.openqa.selenium.remote.service.DriverService$Builder.build(DriverService.java:355)
	at org.openqa.selenium.chrome.ChromeDriverService.createDefaultService(ChromeDriverService.java:94)
	at org.openqa.selenium.chrome.ChromeDriver.<init>(ChromeDriver.java:157)
	at com.sh.stt.base.BaseDriver.startBrowser(BaseDriver.java:130)
	at com.sh.stt.base.BaseTest.beforeClass(BaseTest.java:60)
	at sun.reflect.GeneratedMethodAccessor33.invoke(Unknown Source)
	at sun.reflect.DelegatingMethodAccessorImpl.invoke(DelegatingMethodAccessorImpl.java:43)
	at java.lang.reflect.Method.invoke(Method.java:498)
	at org.testng.internal.MethodInvocationHelper.invokeMethod(MethodInvocationHelper.java:124)
	at org.testng.internal.MethodInvocationHelper.invokeMethodConsideringTimeout(MethodInvocationHelper.java:59)
	at org.testng.internal.Invoker.invokeConfigurationMethod(Invoker.java:458)
	at org.testng.internal.Invoker.invokeConfigurations(Invoker.java:222)
	at org.testng.internal.Invoker.invokeConfigurations(Invoker.java:142)
	at org.testng.internal.TestMethodWorker.invokeBeforeClassMethods(TestMethodWorker.java:168)
	at org.testng.internal.TestMethodWorker.run(TestMethodWorker.java:105)
	at org.testng.TestRunner.privateRun(TestRunner.java:648)
	at org.testng.TestRunner.run(TestRunner.java:505)
	at org.testng.SuiteRunner.runTest(SuiteRunner.java:455)
	at org.testng.SuiteRunner.runSequentially(SuiteRunner.java:450)
	at org.testng.SuiteRunner.privateRun(SuiteRunner.java:415)
	at org.testng.SuiteRunner.run(SuiteRunner.java:364)
	at org.testng.SuiteRunnerWorker.runSuite(SuiteRunnerWorker.java:52)
	at org.testng.SuiteRunnerWorker.run(SuiteRunnerWorker.java:84)
	at org.testng.TestNG.runSuitesSequentially(TestNG.java:1208)
	at org.testng.TestNG.runSuitesSequentially(TestNG.java:1204)
	at org.testng.TestNG.runSuitesLocally(TestNG.java:1137)
	at org.testng.TestNG.runSuites(TestNG.java:1049)
	at org.testng.TestNG.run(TestNG.java:1017)
	at org.apache.maven.surefire.testng.TestNGExecutor.run(TestNGExecutor.java:283)
	at org.apache.maven.surefire.testng.TestNGXmlTestSuite.execute(TestNGXmlTestSuite.java:75)
	at org.apache.maven.surefire.testng.TestNGProvider.invoke(TestNGProvider.java:120)
	at org.apache.maven.surefire.booter.ForkedBooter.invokeProviderInSameClassLoader(ForkedBooter.java:384)
	at org.apache.maven.surefire.booter.ForkedBooter.runSuitesInProcess(ForkedBooter.java:345)
	at org.apache.maven.surefire.booter.ForkedBooter.execute(ForkedBooter.java:126)
	at org.apache.maven.surefire.booter.ForkedBooter.main(ForkedBooter.java:418)
]]></system-err>
  </testcase>
  <testcase name="beforeMethod" classname="com.sh.stt.testcase.yh.XJYHTest" time="0">
    <skipped/>
  </testcase>
  <testcase name="yhContentListTest" classname="com.sh.stt.testcase.yh.XJYHTest" time="0">
    <skipped/>
    <system-out><![CDATA[2020-07-07 15:32:02.656 [main-68] INFO  com.sh.stt.listener.LogListener.onTestSkipped - ========com.sh.stt.testcase.yh.XJYHTest.yhContentListTest跳过测试========
]]></system-out>
  </testcase>
  <testcase name="afterClass" classname="com.sh.stt.testcase.yh.XJYHTest" time="28.243">
    <failure type="java.lang.NullPointerException">java.lang.NullPointerException
</failure>
    <system-out><![CDATA[2020-07-07 15:32:02.660 [main-68] INFO  com.sh.stt.listener.LogListener.onTestSkipped - ========com.sh.stt.testcase.yh.XJYHTest.yhContentListTest跳过测试========
]]></system-out>
  </testcase>
  <testcase name="beforeClass" classname="com.sh.stt.testcase.yh.XZYHTest" time="28.398">
    <failure type="java.lang.NullPointerException">java.lang.NullPointerException
</failure>
    <system-out><![CDATA[2020-07-07 15:32:02.678 [main-133] ERROR com.sh.stt.base.BaseDriver.startBrowser - chrome浏览器启动失败！
]]></system-out>
    <system-err><![CDATA[java.lang.IllegalStateException: The driver executable does not exist: D:\IDEA\wap-selenium\target\test-classes\driver\driver\chromedriver.exe
	at com.google.common.base.Preconditions.checkState(Preconditions.java:585)
	at org.openqa.selenium.remote.service.DriverService.checkExecutable(DriverService.java:146)
	at org.openqa.selenium.remote.service.DriverService.findExecutable(DriverService.java:141)
	at org.openqa.selenium.chrome.ChromeDriverService.access$000(ChromeDriverService.java:35)
	at org.openqa.selenium.chrome.ChromeDriverService$Builder.findDefaultExecutable(ChromeDriverService.java:159)
	at org.openqa.selenium.remote.service.DriverService$Builder.build(DriverService.java:355)
	at org.openqa.selenium.chrome.ChromeDriverService.createDefaultService(ChromeDriverService.java:94)
	at org.openqa.selenium.chrome.ChromeDriver.<init>(ChromeDriver.java:157)
	at com.sh.stt.base.BaseDriver.startBrowser(BaseDriver.java:130)
	at com.sh.stt.base.BaseTest.beforeClass(BaseTest.java:60)
	at sun.reflect.GeneratedMethodAccessor33.invoke(Unknown Source)
	at sun.reflect.DelegatingMethodAccessorImpl.invoke(DelegatingMethodAccessorImpl.java:43)
	at java.lang.reflect.Method.invoke(Method.java:498)
	at org.testng.internal.MethodInvocationHelper.invokeMethod(MethodInvocationHelper.java:124)
	at org.testng.internal.MethodInvocationHelper.invokeMethodConsideringTimeout(MethodInvocationHelper.java:59)
	at org.testng.internal.Invoker.invokeConfigurationMethod(Invoker.java:458)
	at org.testng.internal.Invoker.invokeConfigurations(Invoker.java:222)
	at org.testng.internal.Invoker.invokeConfigurations(Invoker.java:142)
	at org.testng.internal.TestMethodWorker.invokeBeforeClassMethods(TestMethodWorker.java:168)
	at org.testng.internal.TestMethodWorker.run(TestMethodWorker.java:105)
	at org.testng.TestRunner.privateRun(TestRunner.java:648)
	at org.testng.TestRunner.run(TestRunner.java:505)
	at org.testng.SuiteRunner.runTest(SuiteRunner.java:455)
	at org.testng.SuiteRunner.runSequentially(SuiteRunner.java:450)
	at org.testng.SuiteRunner.privateRun(SuiteRunner.java:415)
	at org.testng.SuiteRunner.run(SuiteRunner.java:364)
	at org.testng.SuiteRunnerWorker.runSuite(SuiteRunnerWorker.java:52)
	at org.testng.SuiteRunnerWorker.run(SuiteRunnerWorker.java:84)
	at org.testng.TestNG.runSuitesSequentially(TestNG.java:1208)
	at org.testng.TestNG.runSuitesSequentially(TestNG.java:1204)
	at org.testng.TestNG.runSuitesLocally(TestNG.java:1137)
	at org.testng.TestNG.runSuites(TestNG.java:1049)
	at org.testng.TestNG.run(TestNG.java:1017)
	at org.apache.maven.surefire.testng.TestNGExecutor.run(TestNGExecutor.java:283)
	at org.apache.maven.surefire.testng.TestNGXmlTestSuite.execute(TestNGXmlTestSuite.java:75)
	at org.apache.maven.surefire.testng.TestNGProvider.invoke(TestNGProvider.java:120)
	at org.apache.maven.surefire.booter.ForkedBooter.invokeProviderInSameClassLoader(ForkedBooter.java:384)
	at org.apache.maven.surefire.booter.ForkedBooter.runSuitesInProcess(ForkedBooter.java:345)
	at org.apache.maven.surefire.booter.ForkedBooter.execute(ForkedBooter.java:126)
	at org.apache.maven.surefire.booter.ForkedBooter.main(ForkedBooter.java:418)
]]></system-err>
  </testcase>
  <testcase name="beforeMethod" classname="com.sh.stt.testcase.yh.XZYHTest" time="0">
    <skipped/>
  </testcase>
  <testcase name="yhContentListTest" classname="com.sh.stt.testcase.yh.XZYHTest" time="0">
    <skipped/>
    <system-out><![CDATA[2020-07-07 15:32:02.682 [main-68] INFO  com.sh.stt.listener.LogListener.onTestSkipped - ========com.sh.stt.testcase.yh.XZYHTest.yhContentListTest跳过测试========
]]></system-out>
  </testcase>
  <testcase name="afterClass" classname="com.sh.stt.testcase.yh.XZYHTest" time="28.411">
    <failure type="java.lang.NullPointerException">java.lang.NullPointerException
</failure>
    <system-out><![CDATA[2020-07-07 15:32:02.685 [main-68] INFO  com.sh.stt.listener.LogListener.onTestSkipped - ========com.sh.stt.testcase.yh.XZYHTest.yhContentListTest跳过测试========
]]></system-out>
  </testcase>
  <testcase name="beforeClass" classname="com.sh.stt.testcase.yh.YNYHTest" time="28.588">
    <failure type="java.lang.NullPointerException">java.lang.NullPointerException
</failure>
    <system-out><![CDATA[2020-07-07 15:32:02.704 [main-133] ERROR com.sh.stt.base.BaseDriver.startBrowser - chrome浏览器启动失败！
]]></system-out>
    <system-err><![CDATA[java.lang.IllegalStateException: The driver executable does not exist: D:\IDEA\wap-selenium\target\test-classes\driver\driver\chromedriver.exe
	at com.google.common.base.Preconditions.checkState(Preconditions.java:585)
	at org.openqa.selenium.remote.service.DriverService.checkExecutable(DriverService.java:146)
	at org.openqa.selenium.remote.service.DriverService.findExecutable(DriverService.java:141)
	at org.openqa.selenium.chrome.ChromeDriverService.access$000(ChromeDriverService.java:35)
	at org.openqa.selenium.chrome.ChromeDriverService$Builder.findDefaultExecutable(ChromeDriverService.java:159)
	at org.openqa.selenium.remote.service.DriverService$Builder.build(DriverService.java:355)
	at org.openqa.selenium.chrome.ChromeDriverService.createDefaultService(ChromeDriverService.java:94)
	at org.openqa.selenium.chrome.ChromeDriver.<init>(ChromeDriver.java:157)
	at com.sh.stt.base.BaseDriver.startBrowser(BaseDriver.java:130)
	at com.sh.stt.base.BaseTest.beforeClass(BaseTest.java:60)
	at sun.reflect.GeneratedMethodAccessor33.invoke(Unknown Source)
	at sun.reflect.DelegatingMethodAccessorImpl.invoke(DelegatingMethodAccessorImpl.java:43)
	at java.lang.reflect.Method.invoke(Method.java:498)
	at org.testng.internal.MethodInvocationHelper.invokeMethod(MethodInvocationHelper.java:124)
	at org.testng.internal.MethodInvocationHelper.invokeMethodConsideringTimeout(MethodInvocationHelper.java:59)
	at org.testng.internal.Invoker.invokeConfigurationMethod(Invoker.java:458)
	at org.testng.internal.Invoker.invokeConfigurations(Invoker.java:222)
	at org.testng.internal.Invoker.invokeConfigurations(Invoker.java:142)
	at org.testng.internal.TestMethodWorker.invokeBeforeClassMethods(TestMethodWorker.java:168)
	at org.testng.internal.TestMethodWorker.run(TestMethodWorker.java:105)
	at org.testng.TestRunner.privateRun(TestRunner.java:648)
	at org.testng.TestRunner.run(TestRunner.java:505)
	at org.testng.SuiteRunner.runTest(SuiteRunner.java:455)
	at org.testng.SuiteRunner.runSequentially(SuiteRunner.java:450)
	at org.testng.SuiteRunner.privateRun(SuiteRunner.java:415)
	at org.testng.SuiteRunner.run(SuiteRunner.java:364)
	at org.testng.SuiteRunnerWorker.runSuite(SuiteRunnerWorker.java:52)
	at org.testng.SuiteRunnerWorker.run(SuiteRunnerWorker.java:84)
	at org.testng.TestNG.runSuitesSequentially(TestNG.java:1208)
	at org.testng.TestNG.runSuitesSequentially(TestNG.java:1204)
	at org.testng.TestNG.runSuitesLocally(TestNG.java:1137)
	at org.testng.TestNG.runSuites(TestNG.java:1049)
	at org.testng.TestNG.run(TestNG.java:1017)
	at org.apache.maven.surefire.testng.TestNGExecutor.run(TestNGExecutor.java:283)
	at org.apache.maven.surefire.testng.TestNGXmlTestSuite.execute(TestNGXmlTestSuite.java:75)
	at org.apache.maven.surefire.testng.TestNGProvider.invoke(TestNGProvider.java:120)
	at org.apache.maven.surefire.booter.ForkedBooter.invokeProviderInSameClassLoader(ForkedBooter.java:384)
	at org.apache.maven.surefire.booter.ForkedBooter.runSuitesInProcess(ForkedBooter.java:345)
	at org.apache.maven.surefire.booter.ForkedBooter.execute(ForkedBooter.java:126)
	at org.apache.maven.surefire.booter.ForkedBooter.main(ForkedBooter.java:418)
]]></system-err>
  </testcase>
  <testcase name="beforeMethod" classname="com.sh.stt.testcase.yh.YNYHTest" time="0">
    <skipped/>
  </testcase>
  <testcase name="yhContentListTest" classname="com.sh.stt.testcase.yh.YNYHTest" time="0">
    <skipped/>
    <system-out><![CDATA[2020-07-07 15:32:02.707 [main-68] INFO  com.sh.stt.listener.LogListener.onTestSkipped - ========com.sh.stt.testcase.yh.YNYHTest.yhContentListTest跳过测试========
]]></system-out>
  </testcase>
  <testcase name="afterClass" classname="com.sh.stt.testcase.yh.YNYHTest" time="28.606">
    <failure type="java.lang.NullPointerException">java.lang.NullPointerException
</failure>
    <system-out><![CDATA[2020-07-07 15:32:02.710 [main-68] INFO  com.sh.stt.listener.LogListener.onTestSkipped - ========com.sh.stt.testcase.yh.YNYHTest.yhContentListTest跳过测试========
]]></system-out>
  </testcase>
  <testcase name="beforeClass" classname="com.sh.stt.testcase.yh.ZJYHTest" time="28.79">
    <failure type="java.lang.NullPointerException">java.lang.NullPointerException
</failure>
    <system-out><![CDATA[2020-07-07 15:32:02.730 [main-133] ERROR com.sh.stt.base.BaseDriver.startBrowser - chrome浏览器启动失败！
]]></system-out>
    <system-err><![CDATA[java.lang.IllegalStateException: The driver executable does not exist: D:\IDEA\wap-selenium\target\test-classes\driver\driver\chromedriver.exe
	at com.google.common.base.Preconditions.checkState(Preconditions.java:585)
	at org.openqa.selenium.remote.service.DriverService.checkExecutable(DriverService.java:146)
	at org.openqa.selenium.remote.service.DriverService.findExecutable(DriverService.java:141)
	at org.openqa.selenium.chrome.ChromeDriverService.access$000(ChromeDriverService.java:35)
	at org.openqa.selenium.chrome.ChromeDriverService$Builder.findDefaultExecutable(ChromeDriverService.java:159)
	at org.openqa.selenium.remote.service.DriverService$Builder.build(DriverService.java:355)
	at org.openqa.selenium.chrome.ChromeDriverService.createDefaultService(ChromeDriverService.java:94)
	at org.openqa.selenium.chrome.ChromeDriver.<init>(ChromeDriver.java:157)
	at com.sh.stt.base.BaseDriver.startBrowser(BaseDriver.java:130)
	at com.sh.stt.base.BaseTest.beforeClass(BaseTest.java:60)
	at sun.reflect.GeneratedMethodAccessor33.invoke(Unknown Source)
	at sun.reflect.DelegatingMethodAccessorImpl.invoke(DelegatingMethodAccessorImpl.java:43)
	at java.lang.reflect.Method.invoke(Method.java:498)
	at org.testng.internal.MethodInvocationHelper.invokeMethod(MethodInvocationHelper.java:124)
	at org.testng.internal.MethodInvocationHelper.invokeMethodConsideringTimeout(MethodInvocationHelper.java:59)
	at org.testng.internal.Invoker.invokeConfigurationMethod(Invoker.java:458)
	at org.testng.internal.Invoker.invokeConfigurations(Invoker.java:222)
	at org.testng.internal.Invoker.invokeConfigurations(Invoker.java:142)
	at org.testng.internal.TestMethodWorker.invokeBeforeClassMethods(TestMethodWorker.java:168)
	at org.testng.internal.TestMethodWorker.run(TestMethodWorker.java:105)
	at org.testng.TestRunner.privateRun(TestRunner.java:648)
	at org.testng.TestRunner.run(TestRunner.java:505)
	at org.testng.SuiteRunner.runTest(SuiteRunner.java:455)
	at org.testng.SuiteRunner.runSequentially(SuiteRunner.java:450)
	at org.testng.SuiteRunner.privateRun(SuiteRunner.java:415)
	at org.testng.SuiteRunner.run(SuiteRunner.java:364)
	at org.testng.SuiteRunnerWorker.runSuite(SuiteRunnerWorker.java:52)
	at org.testng.SuiteRunnerWorker.run(SuiteRunnerWorker.java:84)
	at org.testng.TestNG.runSuitesSequentially(TestNG.java:1208)
	at org.testng.TestNG.runSuitesSequentially(TestNG.java:1204)
	at org.testng.TestNG.runSuitesLocally(TestNG.java:1137)
	at org.testng.TestNG.runSuites(TestNG.java:1049)
	at org.testng.TestNG.run(TestNG.java:1017)
	at org.apache.maven.surefire.testng.TestNGExecutor.run(TestNGExecutor.java:283)
	at org.apache.maven.surefire.testng.TestNGXmlTestSuite.execute(TestNGXmlTestSuite.java:75)
	at org.apache.maven.surefire.testng.TestNGProvider.invoke(TestNGProvider.java:120)
	at org.apache.maven.surefire.booter.ForkedBooter.invokeProviderInSameClassLoader(ForkedBooter.java:384)
	at org.apache.maven.surefire.booter.ForkedBooter.runSuitesInProcess(ForkedBooter.java:345)
	at org.apache.maven.surefire.booter.ForkedBooter.execute(ForkedBooter.java:126)
	at org.apache.maven.surefire.booter.ForkedBooter.main(ForkedBooter.java:418)
]]></system-err>
  </testcase>
  <testcase name="beforeMethod" classname="com.sh.stt.testcase.yh.ZJYHTest" time="0">
    <skipped/>
  </testcase>
  <testcase name="yhContentListTest" classname="com.sh.stt.testcase.yh.ZJYHTest" time="0">
    <skipped/>
    <system-out><![CDATA[2020-07-07 15:32:02.734 [main-68] INFO  com.sh.stt.listener.LogListener.onTestSkipped - ========com.sh.stt.testcase.yh.ZJYHTest.yhContentListTest跳过测试========
]]></system-out>
  </testcase>
  <testcase name="afterClass" classname="com.sh.stt.testcase.yh.ZJYHTest" time="28.806">
    <failure type="java.lang.NullPointerException">java.lang.NullPointerException
</failure>
    <system-out><![CDATA[2020-07-07 15:32:02.736 [main-68] INFO  com.sh.stt.listener.LogListener.onTestSkipped - ========com.sh.stt.testcase.yh.ZJYHTest.yhContentListTest跳过测试========
]]></system-out>
  </testcase>
</testsuite>