<?xml version="1.0" encoding="UTF-8"?>
<!-- Generated by org.testng.reporters.JUnitReportReporter -->
<testsuite skipped="0" hostname="WIN-A7IIGHBBGE6" name="com.sh.stt.testcase.yw.BJYWTest" tests="1" failures="0" timestamp="12 六月 2020 07:33:56 GMT" time="2.087" errors="0">
  <testcase name="ywContentListTest" time="2.087" classname="com.sh.stt.testcase.yw.BJYWTest"/>
</testsuite> <!-- com.sh.stt.testcase.yw.BJYWTest -->
